<?xml version="1.0" encoding="UTF-8"?>
<testsuites name="PERA Hub Test Suite" time="2392" tests="45" failures="7" errors="1">
   <testsuite name="PERA Hub Test Suite" tests="45" failures="7" errors="1" time="2392" timestamp="2018-11-15 19:03:43" hostname="buenaanda - 192.168.254.121" id="Test Suites/iOS/PERA Hub Test Suite">
      <properties>
         <property name="deviceName" value="iPhone 5s"/>
         <property name="devicePlatform" value=""/>
         <property name="logFolder" value="/Users/buenaanda/Documents/mobile-automation-katalon/Reports/iOS/PERA Hub Test Suite/20181115_190340"/>
         <property name="logFiles" value="/Users/buenaanda/Documents/mobile-automation-katalon/Reports/iOS/PERA Hub Test Suite/20181115_190340/execution0.log, /Users/buenaanda/Documents/mobile-automation-katalon/Reports/iOS/PERA Hub Test Suite/20181115_190340/appium.log, /Users/buenaanda/Documents/mobile-automation-katalon/Reports/iOS/PERA Hub Test Suite/20181115_190340/appium-proxy-server.log"/>
         <property name="attachments" value="/Users/buenaanda/Documents/mobile-automation-katalon/Reports/iOS/PERA Hub Test Suite/20181115_190340/1542280098701.png, /Users/buenaanda/Documents/mobile-automation-katalon/Reports/iOS/PERA Hub Test Suite/20181115_190340/1542280104417.png, /Users/buenaanda/Documents/mobile-automation-katalon/Reports/iOS/PERA Hub Test Suite/20181115_190340/1542280104598.png, /Users/buenaanda/Documents/mobile-automation-katalon/Reports/iOS/PERA Hub Test Suite/20181115_190340/1542280170080.png, /Users/buenaanda/Documents/mobile-automation-katalon/Reports/iOS/PERA Hub Test Suite/20181115_190340/1542280170216.png, /Users/buenaanda/Documents/mobile-automation-katalon/Reports/iOS/PERA Hub Test Suite/20181115_190340/1542281988934.png, /Users/buenaanda/Documents/mobile-automation-katalon/Reports/iOS/PERA Hub Test Suite/20181115_190340/1542281989070.png, /Users/buenaanda/Documents/mobile-automation-katalon/Reports/iOS/PERA Hub Test Suite/20181115_190340/1542281989179.png, /Users/buenaanda/Documents/mobile-automation-katalon/Reports/iOS/PERA Hub Test Suite/20181115_190340/1542282003011.png, /Users/buenaanda/Documents/mobile-automation-katalon/Reports/iOS/PERA Hub Test Suite/20181115_190340/1542282003104.png, /Users/buenaanda/Documents/mobile-automation-katalon/Reports/iOS/PERA Hub Test Suite/20181115_190340/1542282079256.png, /Users/buenaanda/Documents/mobile-automation-katalon/Reports/iOS/PERA Hub Test Suite/20181115_190340/1542282079354.png, /Users/buenaanda/Documents/mobile-automation-katalon/Reports/iOS/PERA Hub Test Suite/20181115_190340/1542282150674.png, /Users/buenaanda/Documents/mobile-automation-katalon/Reports/iOS/PERA Hub Test Suite/20181115_190340/1542282156549.png, /Users/buenaanda/Documents/mobile-automation-katalon/Reports/iOS/PERA Hub Test Suite/20181115_190340/1542282162468.png, /Users/buenaanda/Documents/mobile-automation-katalon/Reports/iOS/PERA Hub Test Suite/20181115_190340/1542282188061.png, /Users/buenaanda/Documents/mobile-automation-katalon/Reports/iOS/PERA Hub Test Suite/20181115_190340/1542282188179.png, /Users/buenaanda/Documents/mobile-automation-katalon/Reports/iOS/PERA Hub Test Suite/20181115_190340/1542282193508.png, /Users/buenaanda/Documents/mobile-automation-katalon/Reports/iOS/PERA Hub Test Suite/20181115_190340/1542282193649.png, /Users/buenaanda/Documents/mobile-automation-katalon/Reports/iOS/PERA Hub Test Suite/20181115_190340/1542282198951.png, /Users/buenaanda/Documents/mobile-automation-katalon/Reports/iOS/PERA Hub Test Suite/20181115_190340/1542282199089.png, /Users/buenaanda/Documents/mobile-automation-katalon/Reports/iOS/PERA Hub Test Suite/20181115_190340/1542282204381.png, /Users/buenaanda/Documents/mobile-automation-katalon/Reports/iOS/PERA Hub Test Suite/20181115_190340/1542282209683.png, /Users/buenaanda/Documents/mobile-automation-katalon/Reports/iOS/PERA Hub Test Suite/20181115_190340/1542282214963.png, /Users/buenaanda/Documents/mobile-automation-katalon/Reports/iOS/PERA Hub Test Suite/20181115_190340/1542282215088.png"/>
         <property name="hostName" value="buenaanda - 192.168.254.121"/>
         <property name="os" value="Mac OS X 64bit"/>
         <property name="katalonVersion" value="4.1.0.2"/>
         <property name="deviceOS" value="iOS"/>
         <property name="appiumVersion" value="1.8.1"/>
         <property name="deviceModel" value="Not available for Simulator"/>
         <property name="hostAddress" value="192.168.254.121"/>
         <property name="deviceManufacturer" value="Apple"/>
         <property name="deviceId" value="null"/>
         <property name="deviceName" value="iPhone 5s"/>
         <property name="deviceOSVersion" value="11.4"/>
      </properties>
      <testcase name="Test Cases/iOS/Login/LOG_01" classname="Test Cases/iOS/Login/LOG_01" status="PASSED">
         <system-out><![CDATA[2018-11-15 19:03:43 - [TEST_CASE][PASSED] - Test Cases/iOS/Login/LOG_01: Test Cases/iOS/Login/LOG_01

2018-11-15 19:03:43 - [TEST_STEP][PASSED] - startApplication: Started app at: '/Users/buenaanda/Documents/mobile-automation-katalon/Data Files/PeraHub_v3.2.0-Dev.app'

2018-11-15 19:04:36 - [MESSAGE][PASSED] - Started app at: '/Users/buenaanda/Documents/mobile-automation-katalon/Data Files/PeraHub_v3.2.0-Dev.app'

2018-11-15 19:04:36 - [TEST_STEP][PASSED] - iOS.initial_screen.tapLogin: iOS.initial_screen.tapLogin is PASSED

2018-11-15 19:04:38 - [MESSAGE][PASSED] - Tapped on element 'Object Repository/iOS/Initial screen/Login button'

2018-11-15 19:04:38 - [MESSAGE][PASSED] - iOS.initial_screen.tapLogin is PASSED

2018-11-15 19:04:38 - [TEST_STEP][PASSED] - global.verify_element.exist: global.verify_element.exist is PASSED

2018-11-15 19:04:41 - [MESSAGE][PASSED] - Element 'Object Repository/iOS/Login screen/Username field' is exist

2018-11-15 19:04:41 - [MESSAGE][PASSED] - global.verify_element.exist is PASSED

2018-11-15 19:04:41 - [TEST_STEP][PASSED] - global.verify_element.exist: global.verify_element.exist is PASSED

2018-11-15 19:04:43 - [MESSAGE][PASSED] - Element 'Object Repository/iOS/Login screen/Password field' is exist

2018-11-15 19:04:43 - [MESSAGE][PASSED] - global.verify_element.exist is PASSED

2018-11-15 19:04:43 - [TEST_STEP][PASSED] - global.verify_element.exist: global.verify_element.exist is PASSED

2018-11-15 19:04:46 - [MESSAGE][PASSED] - Element 'Object Repository/iOS/Login screen/Login button' is exist

2018-11-15 19:04:46 - [MESSAGE][PASSED] - global.verify_element.exist is PASSED

2018-11-15 19:04:46 - [TEST_STEP][PASSED] - global.verify_element.exist: global.verify_element.exist is PASSED

2018-11-15 19:04:48 - [MESSAGE][PASSED] - Element 'Object Repository/iOS/Login screen/Register now button' is exist

2018-11-15 19:04:48 - [MESSAGE][PASSED] - global.verify_element.exist is PASSED]]></system-out>
         <system-err><![CDATA[]]></system-err>
      </testcase>
      <testcase name="Test Cases/iOS/Login/LOG_02" classname="Test Cases/iOS/Login/LOG_02" status="PASSED">
         <system-out><![CDATA[2018-11-15 19:04:48 - [TEST_CASE][PASSED] - Test Cases/iOS/Login/LOG_02: Test Cases/iOS/Login/LOG_02

2018-11-15 19:04:48 - [TEST_STEP][PASSED] - iOS.login_screen.enterUsername: iOS.login_screen.enterUsername is PASSED

2018-11-15 19:04:52 - [MESSAGE][PASSED] - Text 'allen_15' has been set to element 'Object Repository/iOS/Login screen/Username field'

2018-11-15 19:04:52 - [MESSAGE][PASSED] - iOS.login_screen.enterUsername is PASSED

2018-11-15 19:04:52 - [TEST_STEP][PASSED] - global.verify_element.text: global.verify_element.text is PASSED

2018-11-15 19:04:55 - [MESSAGE][PASSED] - Actual text and expected text of test object 'Object Repository/iOS/Login screen/Username field' are matched.

2018-11-15 19:04:55 - [MESSAGE][PASSED] - global.verify_element.text is PASSED

2018-11-15 19:04:55 - [TEST_STEP][PASSED] - global.verify_element.disabled: global.verify_element.disabled is PASSED

2018-11-15 19:04:59 - [MESSAGE][PASSED] - Element 'Object Repository/iOS/Login screen/Login button' has attribute 'enabled' is 'false'

2018-11-15 19:04:59 - [MESSAGE][PASSED] - Actual object 'false' and expected object 'false' are equal

2018-11-15 19:04:59 - [MESSAGE][PASSED] - global.verify_element.disabled is PASSED]]></system-out>
         <system-err><![CDATA[]]></system-err>
      </testcase>
      <testcase name="Test Cases/iOS/Login/LOG_03" classname="Test Cases/iOS/Login/LOG_03" status="PASSED">
         <system-out><![CDATA[2018-11-15 19:04:59 - [TEST_CASE][PASSED] - Test Cases/iOS/Login/LOG_03: Test Cases/iOS/Login/LOG_03

2018-11-15 19:04:59 - [TEST_STEP][PASSED] - iOS.login_screen.enterPassword: iOS.login_screen.enterPassword is PASSED

2018-11-15 19:05:03 - [MESSAGE][PASSED] - Text 'Hello!23' has been set to element 'Object Repository/iOS/Login screen/Password field'

2018-11-15 19:05:04 - [MESSAGE][PASSED] - Keyboard is hidden

2018-11-15 19:05:04 - [MESSAGE][PASSED] - iOS.login_screen.enterPassword is PASSED

2018-11-15 19:05:04 - [TEST_STEP][PASSED] - global.verify_element.text: global.verify_element.text is PASSED

2018-11-15 19:05:07 - [MESSAGE][PASSED] - Actual text and expected text of test object 'Object Repository/iOS/Login screen/Password field' are matched.

2018-11-15 19:05:07 - [MESSAGE][PASSED] - global.verify_element.text is PASSED

2018-11-15 19:05:07 - [TEST_STEP][PASSED] - global.verify_element.enabled: global.verify_element.enabled is PASSED

2018-11-15 19:05:09 - [MESSAGE][PASSED] - Element 'Object Repository/iOS/Login screen/Login button' has attribute 'enabled' is 'true'

2018-11-15 19:05:09 - [MESSAGE][PASSED] - Actual object 'true' and expected object 'true' are equal

2018-11-15 19:05:09 - [MESSAGE][PASSED] - global.verify_element.enabled is PASSED]]></system-out>
         <system-err><![CDATA[]]></system-err>
      </testcase>
      <testcase name="Test Cases/iOS/Login/LOG_04" classname="Test Cases/iOS/Login/LOG_04" status="PASSED">
         <system-out><![CDATA[2018-11-15 19:05:09 - [TEST_CASE][PASSED] - Test Cases/iOS/Login/LOG_04: Test Cases/iOS/Login/LOG_04

2018-11-15 19:05:09 - [TEST_STEP][PASSED] - iOS.login_screen.tapLogin: iOS.login_screen.tapLogin is PASSED

2018-11-15 19:05:11 - [MESSAGE][PASSED] - Tapped on element 'Object Repository/iOS/Login screen/Login button'

2018-11-15 19:05:14 - [MESSAGE][PASSED] - Delayed 3 second(s)

2018-11-15 19:05:14 - [MESSAGE][PASSED] - iOS.login_screen.tapLogin is PASSED

2018-11-15 19:05:14 - [TEST_STEP][PASSED] - global.wait_for_element.visible: global.wait_for_element.visible is PASSED

2018-11-15 19:05:16 - [MESSAGE][PASSED] - Element 'Object Repository/iOS/OTP Verification screen/OTP Verification screen' is present

2018-11-15 19:05:16 - [MESSAGE][PASSED] - global.wait_for_element.visible is PASSED

2018-11-15 19:05:16 - [TEST_STEP][PASSED] - global.verify_element.exist: global.verify_element.exist is PASSED

2018-11-15 19:05:19 - [MESSAGE][PASSED] - Element 'Object Repository/iOS/OTP Verification screen/OTP Verification screen' is exist

2018-11-15 19:05:19 - [MESSAGE][PASSED] - global.verify_element.exist is PASSED

2018-11-15 19:05:19 - [TEST_STEP][PASSED] - global.verify_element.disabled: global.verify_element.disabled is PASSED

2018-11-15 19:05:21 - [MESSAGE][PASSED] - Element 'Object Repository/iOS/OTP Verification screen/Resend button' has attribute 'enabled' is 'false'

2018-11-15 19:05:21 - [MESSAGE][PASSED] - Actual object 'false' and expected object 'false' are equal

2018-11-15 19:05:21 - [MESSAGE][PASSED] - global.verify_element.disabled is PASSED

2018-11-15 19:05:21 - [TEST_STEP][PASSED] - global.verify_element.exist: global.verify_element.exist is PASSED

2018-11-15 19:05:23 - [MESSAGE][PASSED] - Element 'Object Repository/iOS/OTP Verification screen/Close button' is exist

2018-11-15 19:05:23 - [MESSAGE][PASSED] - global.verify_element.exist is PASSED

2018-11-15 19:05:23 - [TEST_STEP][PASSED] - delay: Delayed 50 second(s)

2018-11-15 19:06:13 - [MESSAGE][PASSED] - Delayed 50 second(s)

2018-11-15 19:06:13 - [TEST_STEP][PASSED] - global.verify_element.enabled: global.verify_element.enabled is PASSED

2018-11-15 19:06:16 - [MESSAGE][PASSED] - Element 'Object Repository/iOS/OTP Verification screen/Resend button' has attribute 'enabled' is 'true'

2018-11-15 19:06:16 - [MESSAGE][PASSED] - Actual object 'true' and expected object 'true' are equal

2018-11-15 19:06:16 - [MESSAGE][PASSED] - global.verify_element.enabled is PASSED]]></system-out>
         <system-err><![CDATA[]]></system-err>
      </testcase>
      <testcase name="Test Cases/iOS/Login/LOG_05" classname="Test Cases/iOS/Login/LOG_05" status="PASSED">
         <system-out><![CDATA[2018-11-15 19:06:16 - [TEST_CASE][PASSED] - Test Cases/iOS/Login/LOG_05: Test Cases/iOS/Login/LOG_05

2018-11-15 19:06:16 - [TEST_STEP][PASSED] - iOS.otp_verification_screen.enterOTP: iOS.otp_verification_screen.enterOTP is PASSED

2018-11-15 19:06:18 - [MESSAGE][PASSED] - Element 'Object Repository/iOS/OTP Verification screen/OTP Verification screen' is present

2018-11-15 19:06:18 - [MESSAGE][PASSED] - iOS.otp_verification_screen.enterOTP is PASSED

2018-11-15 19:06:18 - [TEST_STEP][PASSED] - global.verify_element.text: global.verify_element.text is PASSED

2018-11-15 19:06:25 - [MESSAGE][PASSED] - Actual text and expected text of test object 'Object Repository/iOS/My Account screen/Account Name' are matched.

2018-11-15 19:06:25 - [MESSAGE][PASSED] - global.verify_element.text is PASSED

2018-11-15 19:06:25 - [TEST_STEP][PASSED] - closeApplication: Close app successfully

2018-11-15 19:06:25 - [MESSAGE][PASSED] - Close app successfully]]></system-out>
         <system-err><![CDATA[]]></system-err>
      </testcase>
      <testcase name="Test Cases/iOS/Login/LOG_06" classname="Test Cases/iOS/Login/LOG_06" status="PASSED">
         <system-out><![CDATA[2018-11-15 19:06:25 - [TEST_CASE][PASSED] - Test Cases/iOS/Login/LOG_06: Test Cases/iOS/Login/LOG_06

2018-11-15 19:06:25 - [TEST_STEP][PASSED] - startApplication: Started app at: '/Users/buenaanda/Documents/mobile-automation-katalon/Data Files/PeraHub_v3.2.0-Dev.app'

2018-11-15 19:06:39 - [MESSAGE][PASSED] - Started app at: '/Users/buenaanda/Documents/mobile-automation-katalon/Data Files/PeraHub_v3.2.0-Dev.app'

2018-11-15 19:06:39 - [TEST_STEP][PASSED] - iOS.login_screen.tapLogout: iOS.login_screen.tapLogout is PASSED

2018-11-15 19:06:42 - [MESSAGE][PASSED] - Tapped on element 'Object Repository/iOS/Login screen/Logout button'

2018-11-15 19:06:42 - [MESSAGE][PASSED] - iOS.login_screen.tapLogout is PASSED

2018-11-15 19:06:42 - [TEST_STEP][PASSED] - iOS.initial_screen.tapLogin: iOS.initial_screen.tapLogin is PASSED

2018-11-15 19:06:48 - [MESSAGE][PASSED] - Tapped on element 'Object Repository/iOS/Initial screen/Login button'

2018-11-15 19:06:48 - [MESSAGE][PASSED] - iOS.initial_screen.tapLogin is PASSED

2018-11-15 19:06:48 - [TEST_STEP][PASSED] - iOS.login_screen.enterUsername: iOS.login_screen.enterUsername is PASSED

2018-11-15 19:06:51 - [MESSAGE][PASSED] - Text '1nvalid' has been set to element 'Object Repository/iOS/Login screen/Username field'

2018-11-15 19:06:51 - [MESSAGE][PASSED] - iOS.login_screen.enterUsername is PASSED

2018-11-15 19:06:51 - [TEST_STEP][PASSED] - iOS.login_screen.enterPassword: iOS.login_screen.enterPassword is PASSED

2018-11-15 19:06:55 - [MESSAGE][PASSED] - Text 'Hello!23' has been set to element 'Object Repository/iOS/Login screen/Password field'

2018-11-15 19:06:56 - [MESSAGE][PASSED] - Keyboard is hidden

2018-11-15 19:06:56 - [MESSAGE][PASSED] - iOS.login_screen.enterPassword is PASSED

2018-11-15 19:06:56 - [TEST_STEP][PASSED] - iOS.login_screen.tapLogin: iOS.login_screen.tapLogin is PASSED

2018-11-15 19:06:59 - [MESSAGE][PASSED] - Tapped on element 'Object Repository/iOS/Login screen/Login button'

2018-11-15 19:07:02 - [MESSAGE][PASSED] - Delayed 3 second(s)

2018-11-15 19:07:02 - [MESSAGE][PASSED] - iOS.login_screen.tapLogin is PASSED

2018-11-15 19:07:02 - [TEST_STEP][PASSED] - global.verify_element.text: global.verify_element.text is PASSED

2018-11-15 19:07:05 - [MESSAGE][PASSED] - Actual text and expected text of test object 'Object Repository/iOS/Login screen/Error username and password' are matched.

2018-11-15 19:07:05 - [MESSAGE][PASSED] - global.verify_element.text is PASSED

2018-11-15 19:07:05 - [TEST_STEP][PASSED] - iOS.login_screen.tapOK: iOS.login_screen.tapOK is PASSED

2018-11-15 19:07:08 - [MESSAGE][PASSED] - Tapped on element 'Object Repository/iOS/Login screen/OK button'

2018-11-15 19:07:08 - [MESSAGE][PASSED] - iOS.login_screen.tapOK is PASSED]]></system-out>
         <system-err><![CDATA[]]></system-err>
      </testcase>
      <testcase name="Test Cases/iOS/Login/LOG_07" classname="Test Cases/iOS/Login/LOG_07" status="PASSED">
         <system-out><![CDATA[2018-11-15 19:07:08 - [TEST_CASE][PASSED] - Test Cases/iOS/Login/LOG_07: Test Cases/iOS/Login/LOG_07

2018-11-15 19:07:08 - [TEST_STEP][PASSED] - iOS.login_screen.enterUsername: iOS.login_screen.enterUsername is PASSED

2018-11-15 19:07:12 - [MESSAGE][PASSED] - Text '' has been set to element 'Object Repository/iOS/Login screen/Username field'

2018-11-15 19:07:12 - [MESSAGE][PASSED] - iOS.login_screen.enterUsername is PASSED

2018-11-15 19:07:12 - [TEST_STEP][PASSED] - global.verify_element.disabled: global.verify_element.disabled is PASSED

2018-11-15 19:07:16 - [MESSAGE][PASSED] - Element 'Object Repository/iOS/Login screen/Login button' has attribute 'enabled' is 'false'

2018-11-15 19:07:16 - [MESSAGE][PASSED] - Actual object 'false' and expected object 'false' are equal

2018-11-15 19:07:16 - [MESSAGE][PASSED] - global.verify_element.disabled is PASSED]]></system-out>
         <system-err><![CDATA[]]></system-err>
      </testcase>
      <testcase name="Test Cases/iOS/Login/LOG_08" classname="Test Cases/iOS/Login/LOG_08" status="PASSED">
         <system-out><![CDATA[2018-11-15 19:07:16 - [TEST_CASE][PASSED] - Test Cases/iOS/Login/LOG_08: Test Cases/iOS/Login/LOG_08

2018-11-15 19:07:16 - [TEST_STEP][PASSED] - iOS.login_screen.enterUsername: iOS.login_screen.enterUsername is PASSED

2018-11-15 19:07:19 - [MESSAGE][PASSED] - Text 'allen_15' has been set to element 'Object Repository/iOS/Login screen/Username field'

2018-11-15 19:07:19 - [MESSAGE][PASSED] - iOS.login_screen.enterUsername is PASSED

2018-11-15 19:07:19 - [TEST_STEP][PASSED] - iOS.login_screen.enterPassword: iOS.login_screen.enterPassword is PASSED

2018-11-15 19:07:24 - [MESSAGE][PASSED] - Text '1ncorrect' has been set to element 'Object Repository/iOS/Login screen/Password field'

2018-11-15 19:07:25 - [MESSAGE][PASSED] - Keyboard is hidden

2018-11-15 19:07:25 - [MESSAGE][PASSED] - iOS.login_screen.enterPassword is PASSED

2018-11-15 19:07:25 - [TEST_STEP][PASSED] - iOS.login_screen.tapLogin: iOS.login_screen.tapLogin is PASSED

2018-11-15 19:07:27 - [MESSAGE][PASSED] - Tapped on element 'Object Repository/iOS/Login screen/Login button'

2018-11-15 19:07:30 - [MESSAGE][PASSED] - Delayed 3 second(s)

2018-11-15 19:07:30 - [MESSAGE][PASSED] - iOS.login_screen.tapLogin is PASSED

2018-11-15 19:07:30 - [TEST_STEP][PASSED] - global.verify_element.text: global.verify_element.text is PASSED

2018-11-15 19:07:34 - [MESSAGE][PASSED] - Actual text and expected text of test object 'Object Repository/iOS/Login screen/Error username and password' are matched.

2018-11-15 19:07:34 - [MESSAGE][PASSED] - global.verify_element.text is PASSED

2018-11-15 19:07:34 - [TEST_STEP][PASSED] - iOS.login_screen.tapOK: iOS.login_screen.tapOK is PASSED

2018-11-15 19:07:37 - [MESSAGE][PASSED] - Tapped on element 'Object Repository/iOS/Login screen/OK button'

2018-11-15 19:07:37 - [MESSAGE][PASSED] - iOS.login_screen.tapOK is PASSED]]></system-out>
         <system-err><![CDATA[]]></system-err>
      </testcase>
      <testcase name="Test Cases/iOS/Login/LOG_09" classname="Test Cases/iOS/Login/LOG_09" status="PASSED">
         <system-out><![CDATA[2018-11-15 19:07:37 - [TEST_CASE][PASSED] - Test Cases/iOS/Login/LOG_09: Test Cases/iOS/Login/LOG_09

2018-11-15 19:07:37 - [TEST_STEP][PASSED] - iOS.login_screen.enterPassword: iOS.login_screen.enterPassword is PASSED

2018-11-15 19:07:41 - [MESSAGE][PASSED] - Text '' has been set to element 'Object Repository/iOS/Login screen/Password field'

2018-11-15 19:07:42 - [MESSAGE][PASSED] - Keyboard is hidden

2018-11-15 19:07:42 - [MESSAGE][PASSED] - iOS.login_screen.enterPassword is PASSED

2018-11-15 19:07:42 - [TEST_STEP][PASSED] - global.verify_element.disabled: global.verify_element.disabled is PASSED

2018-11-15 19:07:45 - [MESSAGE][PASSED] - Element 'Object Repository/iOS/Login screen/Login button' has attribute 'enabled' is 'false'

2018-11-15 19:07:45 - [MESSAGE][PASSED] - Actual object 'false' and expected object 'false' are equal

2018-11-15 19:07:45 - [MESSAGE][PASSED] - global.verify_element.disabled is PASSED]]></system-out>
         <system-err><![CDATA[]]></system-err>
      </testcase>
      <testcase name="Test Cases/iOS/Login/LOG_10" classname="Test Cases/iOS/Login/LOG_10" status="FAILED">
         <failure type="FAILED" message="(Stack trace: com.kms.katalon.core.exception.StepFailedException: Element 'Object Repository/iOS/OTP Verification screen/Error otp code' not found
	at com.kms.katalon.core.keyword.internal.KeywordMain.stepFailed(KeywordMain.groovy:32)
	at com.kms.katalon.core.mobile.keyword.internal.MobileKeywordMain.stepFailed(MobileKeywordMain.groovy:40)
	at com.kms.katalon.core.mobile.keyword.builtin.VerifyElementTextKeyword$_verifyElementText_closure1.doCall(VerifyElementTextKeyword.groovy:49)
	at com.kms.katalon.core.mobile.keyword.builtin.VerifyElementTextKeyword$_verifyElementText_closure1.call(VerifyElementTextKeyword.groovy)
	at com.kms.katalon.core.mobile.keyword.internal.MobileKeywordMain.runKeyword(MobileKeywordMain.groovy:21)
	at com.kms.katalon.core.mobile.keyword.builtin.VerifyElementTextKeyword.verifyElementText(VerifyElementTextKeyword.groovy:62)
	at com.kms.katalon.core.mobile.keyword.builtin.VerifyElementTextKeyword.execute(VerifyElementTextKeyword.groovy:39)
	at com.kms.katalon.core.keyword.internal.KeywordExecutor.executeKeywordForPlatform(KeywordExecutor.groovy:53)
	at com.kms.katalon.core.mobile.keyword.MobileBuiltInKeywords.verifyElementText(MobileBuiltInKeywords.groovy:1751)
	at com.kms.katalon.core.mobile.keyword.MobileBuiltInKeywords$verifyElementText$3.call(Unknown Source)
	at global.verify_element.text(verify_element.groovy:28)
	at sun.reflect.NativeMethodAccessorImpl.invoke0(Native Method)
	at sun.reflect.NativeMethodAccessorImpl.invoke(NativeMethodAccessorImpl.java:62)
	at sun.reflect.DelegatingMethodAccessorImpl.invoke(DelegatingMethodAccessorImpl.java:43)
	at java.lang.reflect.Method.invoke(Method.java:498)
	at org.codehaus.groovy.reflection.CachedMethod.invoke(CachedMethod.java:93)
	at groovy.lang.MetaMethod.doMethodInvoke(MetaMethod.java:325)
	at groovy.lang.MetaClassImpl.invokeMethod(MetaClassImpl.java:1215)
	at groovy.lang.MetaClassImpl.invokeMethod(MetaClassImpl.java:1024)
	at groovy.lang.MetaClassImpl.invokeMethod(MetaClassImpl.java:812)
	at groovy.lang.DelegatingMetaClass.invokeMethod(DelegatingMetaClass.java:144)
	at global.verify_element.invokeMethod(verify_element.groovy)
	at com.kms.katalon.core.main.CustomKeywordDelegatingMetaClass.invokeStaticMethod(CustomKeywordDelegatingMetaClass.java:46)
	at org.codehaus.groovy.runtime.callsite.StaticMetaClassSite.call(StaticMetaClassSite.java:53)
	at org.codehaus.groovy.runtime.callsite.CallSiteArray.defaultCall(CallSiteArray.java:48)
	at org.codehaus.groovy.runtime.callsite.AbstractCallSite.call(AbstractCallSite.java:113)
	at org.codehaus.groovy.runtime.callsite.AbstractCallSite.call(AbstractCallSite.java:133)
	at Script1539834651692.run(Script1539834651692.groovy:17)
	at com.kms.katalon.core.main.ScriptEngine.run(ScriptEngine.java:183)
	at com.kms.katalon.core.main.ScriptEngine.runScriptAsRawText(ScriptEngine.java:108)
	at com.kms.katalon.core.main.TestCaseExecutor.runScript(TestCaseExecutor.java:294)
	at com.kms.katalon.core.main.TestCaseExecutor.doExecute(TestCaseExecutor.java:285)
	at com.kms.katalon.core.main.TestCaseExecutor.processExecutionPhase(TestCaseExecutor.java:264)
	at com.kms.katalon.core.main.TestCaseExecutor.accessMainPhase(TestCaseExecutor.java:256)
	at com.kms.katalon.core.main.TestCaseExecutor.execute(TestCaseExecutor.java:200)
	at com.kms.katalon.core.main.TestSuiteExecutor.accessTestCaseMainPhase(TestSuiteExecutor.java:129)
	at com.kms.katalon.core.main.TestSuiteExecutor.accessTestSuiteMainPhase(TestSuiteExecutor.java:112)
	at com.kms.katalon.core.main.TestSuiteExecutor.execute(TestSuiteExecutor.java:81)
	at com.kms.katalon.core.main.TestCaseMain.startTestSuite(TestCaseMain.java:142)
	at com.kms.katalon.core.main.TestCaseMain$startTestSuite$0.call(Unknown Source)
	at org.codehaus.groovy.runtime.callsite.CallSiteArray.defaultCall(CallSiteArray.java:48)
	at org.codehaus.groovy.runtime.callsite.AbstractCallSite.call(AbstractCallSite.java:113)
	at org.codehaus.groovy.runtime.callsite.AbstractCallSite.call(AbstractCallSite.java:141)
	at TempTestSuite1542279820794.run(TempTestSuite1542279820794.groovy:36)
	at groovy.lang.GroovyShell.runScriptOrMainOrTestOrRunnable(GroovyShell.java:263)
	at groovy.lang.GroovyShell.run(GroovyShell.java:518)
	at groovy.lang.GroovyShell.run(GroovyShell.java:507)
	at groovy.ui.GroovyMain.processOnce(GroovyMain.java:653)
	at groovy.ui.GroovyMain.run(GroovyMain.java:384)
	at groovy.ui.GroovyMain.process(GroovyMain.java:370)
	at groovy.ui.GroovyMain.processArgs(GroovyMain.java:129)
	at groovy.ui.GroovyMain.main(GroovyMain.java:109)
	at sun.reflect.NativeMethodAccessorImpl.invoke0(Native Method)
	at sun.reflect.NativeMethodAccessorImpl.invoke(NativeMethodAccessorImpl.java:62)
	at sun.reflect.DelegatingMethodAccessorImpl.invoke(DelegatingMethodAccessorImpl.java:43)
	at java.lang.reflect.Method.invoke(Method.java:498)
	at org.codehaus.groovy.tools.GroovyStarter.rootLoader(GroovyStarter.java:109)
	at org.codehaus.groovy.tools.GroovyStarter.main(GroovyStarter.java:131)
)"/>
         <system-out><![CDATA[2018-11-15 19:07:45 - [TEST_CASE][FAILED] - Test Cases/iOS/Login/LOG_10: Test Cases/iOS/Login/LOG_10 FAILED because (of) (Stack trace: com.kms.katalon.core.exception.StepFailedException: Element 'Object Repository/iOS/OTP Verification screen/Error otp code' not found
	at com.kms.katalon.core.keyword.internal.KeywordMain.stepFailed(KeywordMain.groovy:32)
	at com.kms.katalon.core.mobile.keyword.internal.MobileKeywordMain.stepFailed(MobileKeywordMain.groovy:40)
	at com.kms.katalon.core.mobile.keyword.builtin.VerifyElementTextKeyword$_verifyElementText_closure1.doCall(VerifyElementTextKeyword.groovy:49)
	at com.kms.katalon.core.mobile.keyword.builtin.VerifyElementTextKeyword$_verifyElementText_closure1.call(VerifyElementTextKeyword.groovy)
	at com.kms.katalon.core.mobile.keyword.internal.MobileKeywordMain.runKeyword(MobileKeywordMain.groovy:21)
	at com.kms.katalon.core.mobile.keyword.builtin.VerifyElementTextKeyword.verifyElementText(VerifyElementTextKeyword.groovy:62)
	at com.kms.katalon.core.mobile.keyword.builtin.VerifyElementTextKeyword.execute(VerifyElementTextKeyword.groovy:39)
	at com.kms.katalon.core.keyword.internal.KeywordExecutor.executeKeywordForPlatform(KeywordExecutor.groovy:53)
	at com.kms.katalon.core.mobile.keyword.MobileBuiltInKeywords.verifyElementText(MobileBuiltInKeywords.groovy:1751)
	at com.kms.katalon.core.mobile.keyword.MobileBuiltInKeywords$verifyElementText$3.call(Unknown Source)
	at global.verify_element.text(verify_element.groovy:28)
	at sun.reflect.NativeMethodAccessorImpl.invoke0(Native Method)
	at sun.reflect.NativeMethodAccessorImpl.invoke(NativeMethodAccessorImpl.java:62)
	at sun.reflect.DelegatingMethodAccessorImpl.invoke(DelegatingMethodAccessorImpl.java:43)
	at java.lang.reflect.Method.invoke(Method.java:498)
	at org.codehaus.groovy.reflection.CachedMethod.invoke(CachedMethod.java:93)
	at groovy.lang.MetaMethod.doMethodInvoke(MetaMethod.java:325)
	at groovy.lang.MetaClassImpl.invokeMethod(MetaClassImpl.java:1215)
	at groovy.lang.MetaClassImpl.invokeMethod(MetaClassImpl.java:1024)
	at groovy.lang.MetaClassImpl.invokeMethod(MetaClassImpl.java:812)
	at groovy.lang.DelegatingMetaClass.invokeMethod(DelegatingMetaClass.java:144)
	at global.verify_element.invokeMethod(verify_element.groovy)
	at com.kms.katalon.core.main.CustomKeywordDelegatingMetaClass.invokeStaticMethod(CustomKeywordDelegatingMetaClass.java:46)
	at org.codehaus.groovy.runtime.callsite.StaticMetaClassSite.call(StaticMetaClassSite.java:53)
	at org.codehaus.groovy.runtime.callsite.CallSiteArray.defaultCall(CallSiteArray.java:48)
	at org.codehaus.groovy.runtime.callsite.AbstractCallSite.call(AbstractCallSite.java:113)
	at org.codehaus.groovy.runtime.callsite.AbstractCallSite.call(AbstractCallSite.java:133)
	at Script1539834651692.run(Script1539834651692.groovy:17)
	at com.kms.katalon.core.main.ScriptEngine.run(ScriptEngine.java:183)
	at com.kms.katalon.core.main.ScriptEngine.runScriptAsRawText(ScriptEngine.java:108)
	at com.kms.katalon.core.main.TestCaseExecutor.runScript(TestCaseExecutor.java:294)
	at com.kms.katalon.core.main.TestCaseExecutor.doExecute(TestCaseExecutor.java:285)
	at com.kms.katalon.core.main.TestCaseExecutor.processExecutionPhase(TestCaseExecutor.java:264)
	at com.kms.katalon.core.main.TestCaseExecutor.accessMainPhase(TestCaseExecutor.java:256)
	at com.kms.katalon.core.main.TestCaseExecutor.execute(TestCaseExecutor.java:200)
	at com.kms.katalon.core.main.TestSuiteExecutor.accessTestCaseMainPhase(TestSuiteExecutor.java:129)
	at com.kms.katalon.core.main.TestSuiteExecutor.accessTestSuiteMainPhase(TestSuiteExecutor.java:112)
	at com.kms.katalon.core.main.TestSuiteExecutor.execute(TestSuiteExecutor.java:81)
	at com.kms.katalon.core.main.TestCaseMain.startTestSuite(TestCaseMain.java:142)
	at com.kms.katalon.core.main.TestCaseMain$startTestSuite$0.call(Unknown Source)
	at org.codehaus.groovy.runtime.callsite.CallSiteArray.defaultCall(CallSiteArray.java:48)
	at org.codehaus.groovy.runtime.callsite.AbstractCallSite.call(AbstractCallSite.java:113)
	at org.codehaus.groovy.runtime.callsite.AbstractCallSite.call(AbstractCallSite.java:141)
	at TempTestSuite1542279820794.run(TempTestSuite1542279820794.groovy:36)
	at groovy.lang.GroovyShell.runScriptOrMainOrTestOrRunnable(GroovyShell.java:263)
	at groovy.lang.GroovyShell.run(GroovyShell.java:518)
	at groovy.lang.GroovyShell.run(GroovyShell.java:507)
	at groovy.ui.GroovyMain.processOnce(GroovyMain.java:653)
	at groovy.ui.GroovyMain.run(GroovyMain.java:384)
	at groovy.ui.GroovyMain.process(GroovyMain.java:370)
	at groovy.ui.GroovyMain.processArgs(GroovyMain.java:129)
	at groovy.ui.GroovyMain.main(GroovyMain.java:109)
	at sun.reflect.NativeMethodAccessorImpl.invoke0(Native Method)
	at sun.reflect.NativeMethodAccessorImpl.invoke(NativeMethodAccessorImpl.java:62)
	at sun.reflect.DelegatingMethodAccessorImpl.invoke(DelegatingMethodAccessorImpl.java:43)
	at java.lang.reflect.Method.invoke(Method.java:498)
	at org.codehaus.groovy.tools.GroovyStarter.rootLoader(GroovyStarter.java:109)
	at org.codehaus.groovy.tools.GroovyStarter.main(GroovyStarter.java:131)
)

2018-11-15 19:07:45 - [TEST_STEP][PASSED] - iOS.login_screen.enterUsername: iOS.login_screen.enterUsername is PASSED

2018-11-15 19:07:49 - [MESSAGE][PASSED] - Text 'allen_15' has been set to element 'Object Repository/iOS/Login screen/Username field'

2018-11-15 19:07:49 - [MESSAGE][PASSED] - iOS.login_screen.enterUsername is PASSED

2018-11-15 19:07:49 - [TEST_STEP][PASSED] - iOS.login_screen.enterPassword: iOS.login_screen.enterPassword is PASSED

2018-11-15 19:07:53 - [MESSAGE][PASSED] - Text 'Hello!23' has been set to element 'Object Repository/iOS/Login screen/Password field'

2018-11-15 19:07:54 - [MESSAGE][PASSED] - Keyboard is hidden

2018-11-15 19:07:54 - [MESSAGE][PASSED] - iOS.login_screen.enterPassword is PASSED

2018-11-15 19:07:54 - [TEST_STEP][PASSED] - iOS.login_screen.tapLogin: iOS.login_screen.tapLogin is PASSED

2018-11-15 19:07:57 - [MESSAGE][PASSED] - Tapped on element 'Object Repository/iOS/Login screen/Login button'

2018-11-15 19:08:00 - [MESSAGE][PASSED] - Delayed 3 second(s)

2018-11-15 19:08:00 - [MESSAGE][PASSED] - iOS.login_screen.tapLogin is PASSED

2018-11-15 19:08:00 - [TEST_STEP][PASSED] - iOS.otp_verification_screen.enterOTP: iOS.otp_verification_screen.enterOTP is PASSED

2018-11-15 19:08:02 - [MESSAGE][PASSED] - Element 'Object Repository/iOS/OTP Verification screen/OTP Verification screen' is present

2018-11-15 19:08:02 - [MESSAGE][PASSED] - iOS.otp_verification_screen.enterOTP is PASSED

2018-11-15 19:08:02 - [TEST_STEP][FAILED] - global.verify_element.text: Element 'Object Repository/iOS/OTP Verification screen/Error otp code' not found

2018-11-15 19:08:18 - [MESSAGE][FAILED] - Element 'Object Repository/iOS/OTP Verification screen/Error otp code' not found
[[ATTACHMENT|/Users/buenaanda/Documents/mobile-automation-katalon/Reports/iOS/PERA Hub Test Suite/20181115_190340/1542280098701.png]]

2018-11-15 19:08:18 - [MESSAGE][FAILED] - Element 'Object Repository/iOS/OTP Verification screen/Error otp code' not found

2018-11-15 19:08:18 - [TEST_STEP][FAILED] - iOS.login_screen.tapOK: Failed to tap on element 'Object Repository/iOS/Login screen/OK button' (Root cause: Object Object Repository/iOS/Login screen/OK button not found)

2018-11-15 19:08:24 - [MESSAGE][FAILED] - Object Object Repository/iOS/Login screen/OK button not found
[[ATTACHMENT|/Users/buenaanda/Documents/mobile-automation-katalon/Reports/iOS/PERA Hub Test Suite/20181115_190340/1542280104417.png]]

2018-11-15 19:08:24 - [MESSAGE][FAILED] - Failed to tap on element 'Object Repository/iOS/Login screen/OK button' (Root cause: Object Object Repository/iOS/Login screen/OK button not found)
[[ATTACHMENT|/Users/buenaanda/Documents/mobile-automation-katalon/Reports/iOS/PERA Hub Test Suite/20181115_190340/1542280104598.png]]

2018-11-15 19:08:24 - [MESSAGE][FAILED] - Failed to tap on element 'Object Repository/iOS/Login screen/OK button' (Root cause: Object Object Repository/iOS/Login screen/OK button not found)]]></system-out>
         <system-err><![CDATA[2018-11-15 19:07:45 - [TEST_CASE][FAILED] - Test Cases/iOS/Login/LOG_10: Test Cases/iOS/Login/LOG_10 FAILED because (of) (Stack trace: com.kms.katalon.core.exception.StepFailedException: Element 'Object Repository/iOS/OTP Verification screen/Error otp code' not found
	at com.kms.katalon.core.keyword.internal.KeywordMain.stepFailed(KeywordMain.groovy:32)
	at com.kms.katalon.core.mobile.keyword.internal.MobileKeywordMain.stepFailed(MobileKeywordMain.groovy:40)
	at com.kms.katalon.core.mobile.keyword.builtin.VerifyElementTextKeyword$_verifyElementText_closure1.doCall(VerifyElementTextKeyword.groovy:49)
	at com.kms.katalon.core.mobile.keyword.builtin.VerifyElementTextKeyword$_verifyElementText_closure1.call(VerifyElementTextKeyword.groovy)
	at com.kms.katalon.core.mobile.keyword.internal.MobileKeywordMain.runKeyword(MobileKeywordMain.groovy:21)
	at com.kms.katalon.core.mobile.keyword.builtin.VerifyElementTextKeyword.verifyElementText(VerifyElementTextKeyword.groovy:62)
	at com.kms.katalon.core.mobile.keyword.builtin.VerifyElementTextKeyword.execute(VerifyElementTextKeyword.groovy:39)
	at com.kms.katalon.core.keyword.internal.KeywordExecutor.executeKeywordForPlatform(KeywordExecutor.groovy:53)
	at com.kms.katalon.core.mobile.keyword.MobileBuiltInKeywords.verifyElementText(MobileBuiltInKeywords.groovy:1751)
	at com.kms.katalon.core.mobile.keyword.MobileBuiltInKeywords$verifyElementText$3.call(Unknown Source)
	at global.verify_element.text(verify_element.groovy:28)
	at sun.reflect.NativeMethodAccessorImpl.invoke0(Native Method)
	at sun.reflect.NativeMethodAccessorImpl.invoke(NativeMethodAccessorImpl.java:62)
	at sun.reflect.DelegatingMethodAccessorImpl.invoke(DelegatingMethodAccessorImpl.java:43)
	at java.lang.reflect.Method.invoke(Method.java:498)
	at org.codehaus.groovy.reflection.CachedMethod.invoke(CachedMethod.java:93)
	at groovy.lang.MetaMethod.doMethodInvoke(MetaMethod.java:325)
	at groovy.lang.MetaClassImpl.invokeMethod(MetaClassImpl.java:1215)
	at groovy.lang.MetaClassImpl.invokeMethod(MetaClassImpl.java:1024)
	at groovy.lang.MetaClassImpl.invokeMethod(MetaClassImpl.java:812)
	at groovy.lang.DelegatingMetaClass.invokeMethod(DelegatingMetaClass.java:144)
	at global.verify_element.invokeMethod(verify_element.groovy)
	at com.kms.katalon.core.main.CustomKeywordDelegatingMetaClass.invokeStaticMethod(CustomKeywordDelegatingMetaClass.java:46)
	at org.codehaus.groovy.runtime.callsite.StaticMetaClassSite.call(StaticMetaClassSite.java:53)
	at org.codehaus.groovy.runtime.callsite.CallSiteArray.defaultCall(CallSiteArray.java:48)
	at org.codehaus.groovy.runtime.callsite.AbstractCallSite.call(AbstractCallSite.java:113)
	at org.codehaus.groovy.runtime.callsite.AbstractCallSite.call(AbstractCallSite.java:133)
	at Script1539834651692.run(Script1539834651692.groovy:17)
	at com.kms.katalon.core.main.ScriptEngine.run(ScriptEngine.java:183)
	at com.kms.katalon.core.main.ScriptEngine.runScriptAsRawText(ScriptEngine.java:108)
	at com.kms.katalon.core.main.TestCaseExecutor.runScript(TestCaseExecutor.java:294)
	at com.kms.katalon.core.main.TestCaseExecutor.doExecute(TestCaseExecutor.java:285)
	at com.kms.katalon.core.main.TestCaseExecutor.processExecutionPhase(TestCaseExecutor.java:264)
	at com.kms.katalon.core.main.TestCaseExecutor.accessMainPhase(TestCaseExecutor.java:256)
	at com.kms.katalon.core.main.TestCaseExecutor.execute(TestCaseExecutor.java:200)
	at com.kms.katalon.core.main.TestSuiteExecutor.accessTestCaseMainPhase(TestSuiteExecutor.java:129)
	at com.kms.katalon.core.main.TestSuiteExecutor.accessTestSuiteMainPhase(TestSuiteExecutor.java:112)
	at com.kms.katalon.core.main.TestSuiteExecutor.execute(TestSuiteExecutor.java:81)
	at com.kms.katalon.core.main.TestCaseMain.startTestSuite(TestCaseMain.java:142)
	at com.kms.katalon.core.main.TestCaseMain$startTestSuite$0.call(Unknown Source)
	at org.codehaus.groovy.runtime.callsite.CallSiteArray.defaultCall(CallSiteArray.java:48)
	at org.codehaus.groovy.runtime.callsite.AbstractCallSite.call(AbstractCallSite.java:113)
	at org.codehaus.groovy.runtime.callsite.AbstractCallSite.call(AbstractCallSite.java:141)
	at TempTestSuite1542279820794.run(TempTestSuite1542279820794.groovy:36)
	at groovy.lang.GroovyShell.runScriptOrMainOrTestOrRunnable(GroovyShell.java:263)
	at groovy.lang.GroovyShell.run(GroovyShell.java:518)
	at groovy.lang.GroovyShell.run(GroovyShell.java:507)
	at groovy.ui.GroovyMain.processOnce(GroovyMain.java:653)
	at groovy.ui.GroovyMain.run(GroovyMain.java:384)
	at groovy.ui.GroovyMain.process(GroovyMain.java:370)
	at groovy.ui.GroovyMain.processArgs(GroovyMain.java:129)
	at groovy.ui.GroovyMain.main(GroovyMain.java:109)
	at sun.reflect.NativeMethodAccessorImpl.invoke0(Native Method)
	at sun.reflect.NativeMethodAccessorImpl.invoke(NativeMethodAccessorImpl.java:62)
	at sun.reflect.DelegatingMethodAccessorImpl.invoke(DelegatingMethodAccessorImpl.java:43)
	at java.lang.reflect.Method.invoke(Method.java:498)
	at org.codehaus.groovy.tools.GroovyStarter.rootLoader(GroovyStarter.java:109)
	at org.codehaus.groovy.tools.GroovyStarter.main(GroovyStarter.java:131)
)]]></system-err>
      </testcase>
      <testcase name="Test Cases/iOS/Login/LOG_11" classname="Test Cases/iOS/Login/LOG_11" status="FAILED">
         <failure type="FAILED" message="(Stack trace: com.kms.katalon.core.exception.StepFailedException: Failed to tap on element 'Object Repository/iOS/OTP Verification screen/Resend button' (Root cause: Object Object Repository/iOS/OTP Verification screen/Resend button not found)
	at com.kms.katalon.core.keyword.internal.KeywordMain.stepFailed(KeywordMain.groovy:36)
	at com.kms.katalon.core.mobile.keyword.internal.MobileKeywordMain.stepFailed(MobileKeywordMain.groovy:40)
	at com.kms.katalon.core.mobile.keyword.internal.MobileKeywordMain.runKeyword(MobileKeywordMain.groovy:23)
	at com.kms.katalon.core.mobile.keyword.builtin.TapKeyword.tap(TapKeyword.groovy:83)
	at com.kms.katalon.core.mobile.keyword.builtin.TapKeyword.execute(TapKeyword.groovy:66)
	at com.kms.katalon.core.keyword.internal.KeywordExecutor.executeKeywordForPlatform(KeywordExecutor.groovy:53)
	at com.kms.katalon.core.mobile.keyword.MobileBuiltInKeywords.tap(MobileBuiltInKeywords.groovy:471)
	at com.kms.katalon.core.mobile.keyword.MobileBuiltInKeywords$tap$0.call(Unknown Source)
	at org.codehaus.groovy.runtime.callsite.CallSiteArray.defaultCall(CallSiteArray.java:48)
	at org.codehaus.groovy.runtime.callsite.AbstractCallSite.call(AbstractCallSite.java:113)
	at org.codehaus.groovy.runtime.callsite.AbstractCallSite.call(AbstractCallSite.java:141)
	at iOS.otp_verification_screen.tapResend(otp_verification_screen.groovy:27)
	at sun.reflect.NativeMethodAccessorImpl.invoke0(Native Method)
	at sun.reflect.NativeMethodAccessorImpl.invoke(NativeMethodAccessorImpl.java:62)
	at sun.reflect.DelegatingMethodAccessorImpl.invoke(DelegatingMethodAccessorImpl.java:43)
	at java.lang.reflect.Method.invoke(Method.java:498)
	at org.codehaus.groovy.reflection.CachedMethod.invoke(CachedMethod.java:93)
	at groovy.lang.MetaMethod.doMethodInvoke(MetaMethod.java:325)
	at groovy.lang.MetaClassImpl.invokeMethod(MetaClassImpl.java:1215)
	at groovy.lang.MetaClassImpl.invokeMethod(MetaClassImpl.java:1024)
	at groovy.lang.MetaClassImpl.invokeMethod(MetaClassImpl.java:812)
	at groovy.lang.DelegatingMetaClass.invokeMethod(DelegatingMetaClass.java:144)
	at iOS.otp_verification_screen.invokeMethod(otp_verification_screen.groovy)
	at com.kms.katalon.core.main.CustomKeywordDelegatingMetaClass.invokeStaticMethod(CustomKeywordDelegatingMetaClass.java:46)
	at org.codehaus.groovy.runtime.callsite.StaticMetaClassSite.call(StaticMetaClassSite.java:53)
	at org.codehaus.groovy.runtime.callsite.CallSiteArray.defaultCall(CallSiteArray.java:48)
	at org.codehaus.groovy.runtime.callsite.AbstractCallSite.call(AbstractCallSite.java:113)
	at org.codehaus.groovy.runtime.callsite.AbstractCallSite.call(AbstractCallSite.java:117)
	at Script1539834709354.run(Script1539834709354.groovy:9)
	at com.kms.katalon.core.main.ScriptEngine.run(ScriptEngine.java:183)
	at com.kms.katalon.core.main.ScriptEngine.runScriptAsRawText(ScriptEngine.java:108)
	at com.kms.katalon.core.main.TestCaseExecutor.runScript(TestCaseExecutor.java:294)
	at com.kms.katalon.core.main.TestCaseExecutor.doExecute(TestCaseExecutor.java:285)
	at com.kms.katalon.core.main.TestCaseExecutor.processExecutionPhase(TestCaseExecutor.java:264)
	at com.kms.katalon.core.main.TestCaseExecutor.accessMainPhase(TestCaseExecutor.java:256)
	at com.kms.katalon.core.main.TestCaseExecutor.execute(TestCaseExecutor.java:200)
	at com.kms.katalon.core.main.TestSuiteExecutor.accessTestCaseMainPhase(TestSuiteExecutor.java:129)
	at com.kms.katalon.core.main.TestSuiteExecutor.accessTestSuiteMainPhase(TestSuiteExecutor.java:112)
	at com.kms.katalon.core.main.TestSuiteExecutor.execute(TestSuiteExecutor.java:81)
	at com.kms.katalon.core.main.TestCaseMain.startTestSuite(TestCaseMain.java:142)
	at com.kms.katalon.core.main.TestCaseMain$startTestSuite$0.call(Unknown Source)
	at org.codehaus.groovy.runtime.callsite.CallSiteArray.defaultCall(CallSiteArray.java:48)
	at org.codehaus.groovy.runtime.callsite.AbstractCallSite.call(AbstractCallSite.java:113)
	at org.codehaus.groovy.runtime.callsite.AbstractCallSite.call(AbstractCallSite.java:141)
	at TempTestSuite1542279820794.run(TempTestSuite1542279820794.groovy:36)
	at groovy.lang.GroovyShell.runScriptOrMainOrTestOrRunnable(GroovyShell.java:263)
	at groovy.lang.GroovyShell.run(GroovyShell.java:518)
	at groovy.lang.GroovyShell.run(GroovyShell.java:507)
	at groovy.ui.GroovyMain.processOnce(GroovyMain.java:653)
	at groovy.ui.GroovyMain.run(GroovyMain.java:384)
	at groovy.ui.GroovyMain.process(GroovyMain.java:370)
	at groovy.ui.GroovyMain.processArgs(GroovyMain.java:129)
	at groovy.ui.GroovyMain.main(GroovyMain.java:109)
	at sun.reflect.NativeMethodAccessorImpl.invoke0(Native Method)
	at sun.reflect.NativeMethodAccessorImpl.invoke(NativeMethodAccessorImpl.java:62)
	at sun.reflect.DelegatingMethodAccessorImpl.invoke(DelegatingMethodAccessorImpl.java:43)
	at java.lang.reflect.Method.invoke(Method.java:498)
	at org.codehaus.groovy.tools.GroovyStarter.rootLoader(GroovyStarter.java:109)
	at org.codehaus.groovy.tools.GroovyStarter.main(GroovyStarter.java:131)
)"/>
         <system-out><![CDATA[2018-11-15 19:08:24 - [TEST_CASE][FAILED] - Test Cases/iOS/Login/LOG_11: Test Cases/iOS/Login/LOG_11 FAILED because (of) (Stack trace: com.kms.katalon.core.exception.StepFailedException: Failed to tap on element 'Object Repository/iOS/OTP Verification screen/Resend button' (Root cause: Object Object Repository/iOS/OTP Verification screen/Resend button not found)
	at com.kms.katalon.core.keyword.internal.KeywordMain.stepFailed(KeywordMain.groovy:36)
	at com.kms.katalon.core.mobile.keyword.internal.MobileKeywordMain.stepFailed(MobileKeywordMain.groovy:40)
	at com.kms.katalon.core.mobile.keyword.internal.MobileKeywordMain.runKeyword(MobileKeywordMain.groovy:23)
	at com.kms.katalon.core.mobile.keyword.builtin.TapKeyword.tap(TapKeyword.groovy:83)
	at com.kms.katalon.core.mobile.keyword.builtin.TapKeyword.execute(TapKeyword.groovy:66)
	at com.kms.katalon.core.keyword.internal.KeywordExecutor.executeKeywordForPlatform(KeywordExecutor.groovy:53)
	at com.kms.katalon.core.mobile.keyword.MobileBuiltInKeywords.tap(MobileBuiltInKeywords.groovy:471)
	at com.kms.katalon.core.mobile.keyword.MobileBuiltInKeywords$tap$0.call(Unknown Source)
	at org.codehaus.groovy.runtime.callsite.CallSiteArray.defaultCall(CallSiteArray.java:48)
	at org.codehaus.groovy.runtime.callsite.AbstractCallSite.call(AbstractCallSite.java:113)
	at org.codehaus.groovy.runtime.callsite.AbstractCallSite.call(AbstractCallSite.java:141)
	at iOS.otp_verification_screen.tapResend(otp_verification_screen.groovy:27)
	at sun.reflect.NativeMethodAccessorImpl.invoke0(Native Method)
	at sun.reflect.NativeMethodAccessorImpl.invoke(NativeMethodAccessorImpl.java:62)
	at sun.reflect.DelegatingMethodAccessorImpl.invoke(DelegatingMethodAccessorImpl.java:43)
	at java.lang.reflect.Method.invoke(Method.java:498)
	at org.codehaus.groovy.reflection.CachedMethod.invoke(CachedMethod.java:93)
	at groovy.lang.MetaMethod.doMethodInvoke(MetaMethod.java:325)
	at groovy.lang.MetaClassImpl.invokeMethod(MetaClassImpl.java:1215)
	at groovy.lang.MetaClassImpl.invokeMethod(MetaClassImpl.java:1024)
	at groovy.lang.MetaClassImpl.invokeMethod(MetaClassImpl.java:812)
	at groovy.lang.DelegatingMetaClass.invokeMethod(DelegatingMetaClass.java:144)
	at iOS.otp_verification_screen.invokeMethod(otp_verification_screen.groovy)
	at com.kms.katalon.core.main.CustomKeywordDelegatingMetaClass.invokeStaticMethod(CustomKeywordDelegatingMetaClass.java:46)
	at org.codehaus.groovy.runtime.callsite.StaticMetaClassSite.call(StaticMetaClassSite.java:53)
	at org.codehaus.groovy.runtime.callsite.CallSiteArray.defaultCall(CallSiteArray.java:48)
	at org.codehaus.groovy.runtime.callsite.AbstractCallSite.call(AbstractCallSite.java:113)
	at org.codehaus.groovy.runtime.callsite.AbstractCallSite.call(AbstractCallSite.java:117)
	at Script1539834709354.run(Script1539834709354.groovy:9)
	at com.kms.katalon.core.main.ScriptEngine.run(ScriptEngine.java:183)
	at com.kms.katalon.core.main.ScriptEngine.runScriptAsRawText(ScriptEngine.java:108)
	at com.kms.katalon.core.main.TestCaseExecutor.runScript(TestCaseExecutor.java:294)
	at com.kms.katalon.core.main.TestCaseExecutor.doExecute(TestCaseExecutor.java:285)
	at com.kms.katalon.core.main.TestCaseExecutor.processExecutionPhase(TestCaseExecutor.java:264)
	at com.kms.katalon.core.main.TestCaseExecutor.accessMainPhase(TestCaseExecutor.java:256)
	at com.kms.katalon.core.main.TestCaseExecutor.execute(TestCaseExecutor.java:200)
	at com.kms.katalon.core.main.TestSuiteExecutor.accessTestCaseMainPhase(TestSuiteExecutor.java:129)
	at com.kms.katalon.core.main.TestSuiteExecutor.accessTestSuiteMainPhase(TestSuiteExecutor.java:112)
	at com.kms.katalon.core.main.TestSuiteExecutor.execute(TestSuiteExecutor.java:81)
	at com.kms.katalon.core.main.TestCaseMain.startTestSuite(TestCaseMain.java:142)
	at com.kms.katalon.core.main.TestCaseMain$startTestSuite$0.call(Unknown Source)
	at org.codehaus.groovy.runtime.callsite.CallSiteArray.defaultCall(CallSiteArray.java:48)
	at org.codehaus.groovy.runtime.callsite.AbstractCallSite.call(AbstractCallSite.java:113)
	at org.codehaus.groovy.runtime.callsite.AbstractCallSite.call(AbstractCallSite.java:141)
	at TempTestSuite1542279820794.run(TempTestSuite1542279820794.groovy:36)
	at groovy.lang.GroovyShell.runScriptOrMainOrTestOrRunnable(GroovyShell.java:263)
	at groovy.lang.GroovyShell.run(GroovyShell.java:518)
	at groovy.lang.GroovyShell.run(GroovyShell.java:507)
	at groovy.ui.GroovyMain.processOnce(GroovyMain.java:653)
	at groovy.ui.GroovyMain.run(GroovyMain.java:384)
	at groovy.ui.GroovyMain.process(GroovyMain.java:370)
	at groovy.ui.GroovyMain.processArgs(GroovyMain.java:129)
	at groovy.ui.GroovyMain.main(GroovyMain.java:109)
	at sun.reflect.NativeMethodAccessorImpl.invoke0(Native Method)
	at sun.reflect.NativeMethodAccessorImpl.invoke(NativeMethodAccessorImpl.java:62)
	at sun.reflect.DelegatingMethodAccessorImpl.invoke(DelegatingMethodAccessorImpl.java:43)
	at java.lang.reflect.Method.invoke(Method.java:498)
	at org.codehaus.groovy.tools.GroovyStarter.rootLoader(GroovyStarter.java:109)
	at org.codehaus.groovy.tools.GroovyStarter.main(GroovyStarter.java:131)
)

2018-11-15 19:08:24 - [TEST_STEP][PASSED] - delay: Delayed 50 second(s)

2018-11-15 19:09:14 - [MESSAGE][PASSED] - Delayed 50 second(s)

2018-11-15 19:09:14 - [TEST_STEP][FAILED] - iOS.otp_verification_screen.tapResend: Failed to tap on element 'Object Repository/iOS/OTP Verification screen/Resend button' (Root cause: Object Object Repository/iOS/OTP Verification screen/Resend button not found)

2018-11-15 19:09:14 - [MESSAGE][WARNING] - Timeout '0' is invalid. Using default page load timeout: '15'

2018-11-15 19:09:30 - [MESSAGE][FAILED] - Object Object Repository/iOS/OTP Verification screen/Resend button not found
[[ATTACHMENT|/Users/buenaanda/Documents/mobile-automation-katalon/Reports/iOS/PERA Hub Test Suite/20181115_190340/1542280170080.png]]

2018-11-15 19:09:30 - [MESSAGE][FAILED] - Failed to tap on element 'Object Repository/iOS/OTP Verification screen/Resend button' (Root cause: Object Object Repository/iOS/OTP Verification screen/Resend button not found)
[[ATTACHMENT|/Users/buenaanda/Documents/mobile-automation-katalon/Reports/iOS/PERA Hub Test Suite/20181115_190340/1542280170216.png]]

2018-11-15 19:09:30 - [MESSAGE][FAILED] - Failed to tap on element 'Object Repository/iOS/OTP Verification screen/Resend button' (Root cause: Object Object Repository/iOS/OTP Verification screen/Resend button not found)]]></system-out>
         <system-err><![CDATA[2018-11-15 19:08:24 - [TEST_CASE][FAILED] - Test Cases/iOS/Login/LOG_11: Test Cases/iOS/Login/LOG_11 FAILED because (of) (Stack trace: com.kms.katalon.core.exception.StepFailedException: Failed to tap on element 'Object Repository/iOS/OTP Verification screen/Resend button' (Root cause: Object Object Repository/iOS/OTP Verification screen/Resend button not found)
	at com.kms.katalon.core.keyword.internal.KeywordMain.stepFailed(KeywordMain.groovy:36)
	at com.kms.katalon.core.mobile.keyword.internal.MobileKeywordMain.stepFailed(MobileKeywordMain.groovy:40)
	at com.kms.katalon.core.mobile.keyword.internal.MobileKeywordMain.runKeyword(MobileKeywordMain.groovy:23)
	at com.kms.katalon.core.mobile.keyword.builtin.TapKeyword.tap(TapKeyword.groovy:83)
	at com.kms.katalon.core.mobile.keyword.builtin.TapKeyword.execute(TapKeyword.groovy:66)
	at com.kms.katalon.core.keyword.internal.KeywordExecutor.executeKeywordForPlatform(KeywordExecutor.groovy:53)
	at com.kms.katalon.core.mobile.keyword.MobileBuiltInKeywords.tap(MobileBuiltInKeywords.groovy:471)
	at com.kms.katalon.core.mobile.keyword.MobileBuiltInKeywords$tap$0.call(Unknown Source)
	at org.codehaus.groovy.runtime.callsite.CallSiteArray.defaultCall(CallSiteArray.java:48)
	at org.codehaus.groovy.runtime.callsite.AbstractCallSite.call(AbstractCallSite.java:113)
	at org.codehaus.groovy.runtime.callsite.AbstractCallSite.call(AbstractCallSite.java:141)
	at iOS.otp_verification_screen.tapResend(otp_verification_screen.groovy:27)
	at sun.reflect.NativeMethodAccessorImpl.invoke0(Native Method)
	at sun.reflect.NativeMethodAccessorImpl.invoke(NativeMethodAccessorImpl.java:62)
	at sun.reflect.DelegatingMethodAccessorImpl.invoke(DelegatingMethodAccessorImpl.java:43)
	at java.lang.reflect.Method.invoke(Method.java:498)
	at org.codehaus.groovy.reflection.CachedMethod.invoke(CachedMethod.java:93)
	at groovy.lang.MetaMethod.doMethodInvoke(MetaMethod.java:325)
	at groovy.lang.MetaClassImpl.invokeMethod(MetaClassImpl.java:1215)
	at groovy.lang.MetaClassImpl.invokeMethod(MetaClassImpl.java:1024)
	at groovy.lang.MetaClassImpl.invokeMethod(MetaClassImpl.java:812)
	at groovy.lang.DelegatingMetaClass.invokeMethod(DelegatingMetaClass.java:144)
	at iOS.otp_verification_screen.invokeMethod(otp_verification_screen.groovy)
	at com.kms.katalon.core.main.CustomKeywordDelegatingMetaClass.invokeStaticMethod(CustomKeywordDelegatingMetaClass.java:46)
	at org.codehaus.groovy.runtime.callsite.StaticMetaClassSite.call(StaticMetaClassSite.java:53)
	at org.codehaus.groovy.runtime.callsite.CallSiteArray.defaultCall(CallSiteArray.java:48)
	at org.codehaus.groovy.runtime.callsite.AbstractCallSite.call(AbstractCallSite.java:113)
	at org.codehaus.groovy.runtime.callsite.AbstractCallSite.call(AbstractCallSite.java:117)
	at Script1539834709354.run(Script1539834709354.groovy:9)
	at com.kms.katalon.core.main.ScriptEngine.run(ScriptEngine.java:183)
	at com.kms.katalon.core.main.ScriptEngine.runScriptAsRawText(ScriptEngine.java:108)
	at com.kms.katalon.core.main.TestCaseExecutor.runScript(TestCaseExecutor.java:294)
	at com.kms.katalon.core.main.TestCaseExecutor.doExecute(TestCaseExecutor.java:285)
	at com.kms.katalon.core.main.TestCaseExecutor.processExecutionPhase(TestCaseExecutor.java:264)
	at com.kms.katalon.core.main.TestCaseExecutor.accessMainPhase(TestCaseExecutor.java:256)
	at com.kms.katalon.core.main.TestCaseExecutor.execute(TestCaseExecutor.java:200)
	at com.kms.katalon.core.main.TestSuiteExecutor.accessTestCaseMainPhase(TestSuiteExecutor.java:129)
	at com.kms.katalon.core.main.TestSuiteExecutor.accessTestSuiteMainPhase(TestSuiteExecutor.java:112)
	at com.kms.katalon.core.main.TestSuiteExecutor.execute(TestSuiteExecutor.java:81)
	at com.kms.katalon.core.main.TestCaseMain.startTestSuite(TestCaseMain.java:142)
	at com.kms.katalon.core.main.TestCaseMain$startTestSuite$0.call(Unknown Source)
	at org.codehaus.groovy.runtime.callsite.CallSiteArray.defaultCall(CallSiteArray.java:48)
	at org.codehaus.groovy.runtime.callsite.AbstractCallSite.call(AbstractCallSite.java:113)
	at org.codehaus.groovy.runtime.callsite.AbstractCallSite.call(AbstractCallSite.java:141)
	at TempTestSuite1542279820794.run(TempTestSuite1542279820794.groovy:36)
	at groovy.lang.GroovyShell.runScriptOrMainOrTestOrRunnable(GroovyShell.java:263)
	at groovy.lang.GroovyShell.run(GroovyShell.java:518)
	at groovy.lang.GroovyShell.run(GroovyShell.java:507)
	at groovy.ui.GroovyMain.processOnce(GroovyMain.java:653)
	at groovy.ui.GroovyMain.run(GroovyMain.java:384)
	at groovy.ui.GroovyMain.process(GroovyMain.java:370)
	at groovy.ui.GroovyMain.processArgs(GroovyMain.java:129)
	at groovy.ui.GroovyMain.main(GroovyMain.java:109)
	at sun.reflect.NativeMethodAccessorImpl.invoke0(Native Method)
	at sun.reflect.NativeMethodAccessorImpl.invoke(NativeMethodAccessorImpl.java:62)
	at sun.reflect.DelegatingMethodAccessorImpl.invoke(DelegatingMethodAccessorImpl.java:43)
	at java.lang.reflect.Method.invoke(Method.java:498)
	at org.codehaus.groovy.tools.GroovyStarter.rootLoader(GroovyStarter.java:109)
	at org.codehaus.groovy.tools.GroovyStarter.main(GroovyStarter.java:131)
)]]></system-err>
      </testcase>
      <testcase name="Test Cases/iOS/Login/LOG_12" classname="Test Cases/iOS/Login/LOG_12" status="PASSED">
         <system-out><![CDATA[2018-11-15 19:09:30 - [TEST_CASE][PASSED] - Test Cases/iOS/Login/LOG_12: Test Cases/iOS/Login/LOG_12

2018-11-15 19:09:30 - [TEST_STEP][PASSED] - iOS.otp_verification_screen.enterOTP: iOS.otp_verification_screen.enterOTP is PASSED

2018-11-15 19:10:00 - [MESSAGE][WARNING] - Object Object Repository/iOS/OTP Verification screen/OTP Verification screen not found

2018-11-15 19:10:01 - [MESSAGE][PASSED] - iOS.otp_verification_screen.enterOTP is PASSED

2018-11-15 19:10:01 - [TEST_STEP][PASSED] - global.wait_for_element.visible: global.wait_for_element.visible is PASSED

2018-11-15 19:10:04 - [MESSAGE][PASSED] - Element 'Object Repository/iOS/Navigation menu/My Account menu' is present

2018-11-15 19:10:04 - [MESSAGE][PASSED] - global.wait_for_element.visible is PASSED

2018-11-15 19:10:04 - [TEST_STEP][PASSED] - closeApplication: Close app successfully

2018-11-15 19:10:04 - [MESSAGE][PASSED] - Close app successfully

2018-11-15 19:10:04 - [TEST_STEP][PASSED] - startApplication: Started app at: '/Users/buenaanda/Documents/mobile-automation-katalon/Data Files/PeraHub_v3.2.0-Dev.app'

2018-11-15 19:10:20 - [MESSAGE][PASSED] - Started app at: '/Users/buenaanda/Documents/mobile-automation-katalon/Data Files/PeraHub_v3.2.0-Dev.app'

2018-11-15 19:10:20 - [TEST_STEP][PASSED] - global.verify_element.text: global.verify_element.text is PASSED

2018-11-15 19:10:23 - [MESSAGE][PASSED] - Actual text and expected text of test object 'Object Repository/iOS/Login screen/Account Name' are matched.

2018-11-15 19:10:23 - [MESSAGE][PASSED] - global.verify_element.text is PASSED

2018-11-15 19:10:23 - [TEST_STEP][PASSED] - global.verify_element.exist: global.verify_element.exist is PASSED

2018-11-15 19:10:26 - [MESSAGE][PASSED] - Element 'Object Repository/iOS/Login screen/Password field' is exist

2018-11-15 19:10:26 - [MESSAGE][PASSED] - global.verify_element.exist is PASSED]]></system-out>
         <system-err><![CDATA[]]></system-err>
      </testcase>
      <testcase name="Test Cases/iOS/Login/LOG_13" classname="Test Cases/iOS/Login/LOG_13" status="PASSED">
         <system-out><![CDATA[2018-11-15 19:10:26 - [TEST_CASE][PASSED] - Test Cases/iOS/Login/LOG_13: Test Cases/iOS/Login/LOG_13

2018-11-15 19:10:26 - [TEST_STEP][PASSED] - iOS.login_screen.enterPassword: iOS.login_screen.enterPassword is PASSED

2018-11-15 19:10:29 - [MESSAGE][PASSED] - Text 'Hello!23' has been set to element 'Object Repository/iOS/Login screen/Password field'

2018-11-15 19:10:30 - [MESSAGE][PASSED] - Keyboard is hidden

2018-11-15 19:10:30 - [MESSAGE][PASSED] - iOS.login_screen.enterPassword is PASSED

2018-11-15 19:10:30 - [TEST_STEP][PASSED] - iOS.login_screen.tapSignIn: iOS.login_screen.tapSignIn is PASSED

2018-11-15 19:10:33 - [MESSAGE][PASSED] - Tapped on element 'Object Repository/iOS/Login screen/Sign in button'

2018-11-15 19:10:36 - [MESSAGE][PASSED] - Delayed 3 second(s)

2018-11-15 19:10:36 - [MESSAGE][PASSED] - iOS.login_screen.tapSignIn is PASSED

2018-11-15 19:10:36 - [TEST_STEP][PASSED] - iOS.otp_verification_screen.enterOTP: iOS.otp_verification_screen.enterOTP is PASSED

2018-11-15 19:10:38 - [MESSAGE][PASSED] - Element 'Object Repository/iOS/OTP Verification screen/OTP Verification screen' is present

2018-11-15 19:10:39 - [MESSAGE][PASSED] - iOS.otp_verification_screen.enterOTP is PASSED

2018-11-15 19:10:39 - [TEST_STEP][PASSED] - global.verify_element.text: global.verify_element.text is PASSED

2018-11-15 19:10:47 - [MESSAGE][PASSED] - Actual text and expected text of test object 'Object Repository/iOS/My Account screen/Account Name' are matched.

2018-11-15 19:10:47 - [MESSAGE][PASSED] - global.verify_element.text is PASSED

2018-11-15 19:10:47 - [TEST_STEP][PASSED] - closeApplication: Close app successfully

2018-11-15 19:10:47 - [MESSAGE][PASSED] - Close app successfully]]></system-out>
         <system-err><![CDATA[]]></system-err>
      </testcase>
      <testcase name="Test Cases/iOS/Login/LOG_14" classname="Test Cases/iOS/Login/LOG_14" status="PASSED">
         <system-out><![CDATA[2018-11-15 19:10:47 - [TEST_CASE][PASSED] - Test Cases/iOS/Login/LOG_14: Test Cases/iOS/Login/LOG_14

2018-11-15 19:10:47 - [TEST_STEP][PASSED] - startApplication: Started app at: '/Users/buenaanda/Documents/mobile-automation-katalon/Data Files/PeraHub_v3.2.0-Dev.app'

2018-11-15 19:11:00 - [MESSAGE][PASSED] - Started app at: '/Users/buenaanda/Documents/mobile-automation-katalon/Data Files/PeraHub_v3.2.0-Dev.app'

2018-11-15 19:11:00 - [TEST_STEP][PASSED] - iOS.login_screen.enterPassword: iOS.login_screen.enterPassword is PASSED

2018-11-15 19:11:04 - [MESSAGE][PASSED] - Text '1nvalid' has been set to element 'Object Repository/iOS/Login screen/Password field'

2018-11-15 19:11:05 - [MESSAGE][PASSED] - Keyboard is hidden

2018-11-15 19:11:05 - [MESSAGE][PASSED] - iOS.login_screen.enterPassword is PASSED

2018-11-15 19:11:05 - [TEST_STEP][PASSED] - iOS.login_screen.tapSignIn: iOS.login_screen.tapSignIn is PASSED

2018-11-15 19:11:08 - [MESSAGE][PASSED] - Tapped on element 'Object Repository/iOS/Login screen/Sign in button'

2018-11-15 19:11:11 - [MESSAGE][PASSED] - Delayed 3 second(s)

2018-11-15 19:11:11 - [MESSAGE][PASSED] - iOS.login_screen.tapSignIn is PASSED

2018-11-15 19:11:11 - [TEST_STEP][PASSED] - global.verify_element.text: global.verify_element.text is PASSED

2018-11-15 19:11:13 - [MESSAGE][PASSED] - Actual text and expected text of test object 'Object Repository/iOS/Login screen/Error username and password' are matched.

2018-11-15 19:11:13 - [MESSAGE][PASSED] - global.verify_element.text is PASSED

2018-11-15 19:11:13 - [TEST_STEP][PASSED] - iOS.login_screen.tapOK: iOS.login_screen.tapOK is PASSED

2018-11-15 19:11:16 - [MESSAGE][PASSED] - Tapped on element 'Object Repository/iOS/Login screen/OK button'

2018-11-15 19:11:16 - [MESSAGE][PASSED] - iOS.login_screen.tapOK is PASSED

2018-11-15 19:11:16 - [TEST_STEP][PASSED] - iOS.login_screen.tapLogout: iOS.login_screen.tapLogout is PASSED

2018-11-15 19:11:19 - [MESSAGE][PASSED] - Tapped on element 'Object Repository/iOS/Login screen/Logout button'

2018-11-15 19:11:19 - [MESSAGE][PASSED] - iOS.login_screen.tapLogout is PASSED

2018-11-15 19:11:19 - [TEST_STEP][PASSED] - closeApplication: Close app successfully

2018-11-15 19:11:19 - [MESSAGE][PASSED] - Close app successfully]]></system-out>
         <system-err><![CDATA[]]></system-err>
      </testcase>
      <testcase name="Test Cases/iOS/Login/LOG_20" classname="Test Cases/iOS/Login/LOG_20" status="PASSED">
         <system-out><![CDATA[2018-11-15 19:11:19 - [TEST_CASE][PASSED] - Test Cases/iOS/Login/LOG_20: Test Cases/iOS/Login/LOG_20

2018-11-15 19:11:19 - [TEST_STEP][PASSED] - startApplication: Started app at: '/Users/buenaanda/Documents/mobile-automation-katalon/Data Files/PeraHub_v3.2.0-Dev.app'

2018-11-15 19:11:31 - [MESSAGE][PASSED] - Started app at: '/Users/buenaanda/Documents/mobile-automation-katalon/Data Files/PeraHub_v3.2.0-Dev.app'

2018-11-15 19:11:31 - [TEST_STEP][PASSED] - iOS.initial_screen.tapLogin: iOS.initial_screen.tapLogin is PASSED

2018-11-15 19:11:33 - [MESSAGE][PASSED] - Tapped on element 'Object Repository/iOS/Initial screen/Login button'

2018-11-15 19:11:33 - [MESSAGE][PASSED] - iOS.initial_screen.tapLogin is PASSED

2018-11-15 19:11:33 - [TEST_STEP][PASSED] - iOS.login_screen.enterUsername: iOS.login_screen.enterUsername is PASSED

2018-11-15 19:11:37 - [MESSAGE][PASSED] - Text 'allen_15' has been set to element 'Object Repository/iOS/Login screen/Username field'

2018-11-15 19:11:37 - [MESSAGE][PASSED] - iOS.login_screen.enterUsername is PASSED

2018-11-15 19:11:37 - [TEST_STEP][PASSED] - iOS.login_screen.enterPassword: iOS.login_screen.enterPassword is PASSED

2018-11-15 19:11:41 - [MESSAGE][PASSED] - Text 'Hello!23' has been set to element 'Object Repository/iOS/Login screen/Password field'

2018-11-15 19:11:43 - [MESSAGE][PASSED] - Keyboard is hidden

2018-11-15 19:11:43 - [MESSAGE][PASSED] - iOS.login_screen.enterPassword is PASSED

2018-11-15 19:11:43 - [TEST_STEP][PASSED] - iOS.login_screen.tapLogin: iOS.login_screen.tapLogin is PASSED

2018-11-15 19:11:45 - [MESSAGE][PASSED] - Tapped on element 'Object Repository/iOS/Login screen/Login button'

2018-11-15 19:11:48 - [MESSAGE][PASSED] - Delayed 3 second(s)

2018-11-15 19:11:48 - [MESSAGE][PASSED] - iOS.login_screen.tapLogin is PASSED

2018-11-15 19:11:48 - [TEST_STEP][PASSED] - iOS.otp_verification_screen.enterOTP: iOS.otp_verification_screen.enterOTP is PASSED

2018-11-15 19:11:51 - [MESSAGE][PASSED] - Element 'Object Repository/iOS/OTP Verification screen/OTP Verification screen' is present

2018-11-15 19:11:51 - [MESSAGE][PASSED] - iOS.otp_verification_screen.enterOTP is PASSED

2018-11-15 19:11:51 - [TEST_STEP][PASSED] - delay: Delayed 400 second(s)

2018-11-15 19:18:31 - [MESSAGE][PASSED] - Delayed 400 second(s)

2018-11-15 19:18:31 - [TEST_STEP][PASSED] - iOS.navigation_menu.tapTransferMoney: iOS.navigation_menu.tapTransferMoney is PASSED

2018-11-15 19:18:31 - [MESSAGE][WARNING] - Timeout '0' is invalid. Using default page load timeout: '15'

2018-11-15 19:18:35 - [MESSAGE][PASSED] - Tapped on element 'Object Repository/iOS/Navigation menu/Transfer Money menu'

2018-11-15 19:18:35 - [MESSAGE][PASSED] - iOS.navigation_menu.tapTransferMoney is PASSED

2018-11-15 19:18:35 - [TEST_STEP][PASSED] - iOS.transfer_money_screen.tapSendMoney: iOS.transfer_money_screen.tapSendMoney is PASSED

2018-11-15 19:18:35 - [MESSAGE][WARNING] - Timeout '0' is invalid. Using default page load timeout: '15'

2018-11-15 19:18:38 - [MESSAGE][PASSED] - Tapped on element 'Object Repository/iOS/Transfer Money screen/Send Money button'

2018-11-15 19:18:38 - [MESSAGE][PASSED] - iOS.transfer_money_screen.tapSendMoney is PASSED

2018-11-15 19:18:38 - [TEST_STEP][PASSED] - global.verify_element.text: global.verify_element.text is PASSED

2018-11-15 19:18:43 - [MESSAGE][PASSED] - Actual text and expected text of test object 'Object Repository/iOS/Transfer Money screen/Error inactive' are matched.

2018-11-15 19:18:43 - [MESSAGE][PASSED] - global.verify_element.text is PASSED

2018-11-15 19:18:43 - [TEST_STEP][PASSED] - iOS.transfer_money_screen.tapOK: iOS.transfer_money_screen.tapOK is PASSED

2018-11-15 19:18:43 - [MESSAGE][WARNING] - Timeout '0' is invalid. Using default page load timeout: '15'

2018-11-15 19:18:47 - [MESSAGE][PASSED] - Tapped on element 'Object Repository/iOS/Transfer Money screen/OK button'

2018-11-15 19:18:47 - [MESSAGE][WARNING] - Timeout '0' is invalid. Using default page load timeout: '15'

2018-11-15 19:18:52 - [MESSAGE][PASSED] - Element 'Object Repository/iOS/Login screen/Password field' is present

2018-11-15 19:18:52 - [MESSAGE][PASSED] - iOS.transfer_money_screen.tapOK is PASSED

2018-11-15 19:18:52 - [TEST_STEP][PASSED] - global.verify_element.exist: global.verify_element.exist is PASSED

2018-11-15 19:18:55 - [MESSAGE][PASSED] - Element 'Object Repository/iOS/Login screen/Password field' is exist

2018-11-15 19:18:55 - [MESSAGE][PASSED] - global.verify_element.exist is PASSED

2018-11-15 19:18:55 - [TEST_STEP][PASSED] - iOS.login_screen.tapLogout: iOS.login_screen.tapLogout is PASSED

2018-11-15 19:18:58 - [MESSAGE][PASSED] - Tapped on element 'Object Repository/iOS/Login screen/Logout button'

2018-11-15 19:18:58 - [MESSAGE][PASSED] - iOS.login_screen.tapLogout is PASSED

2018-11-15 19:18:58 - [TEST_STEP][PASSED] - closeApplication: Close app successfully

2018-11-15 19:18:58 - [MESSAGE][PASSED] - Close app successfully]]></system-out>
         <system-err><![CDATA[]]></system-err>
      </testcase>
      <testcase name="Test Cases/iOS/Send Money Branch/SMB_01" classname="Test Cases/iOS/Send Money Branch/SMB_01" status="PASSED">
         <system-out><![CDATA[2018-11-15 19:18:58 - [TEST_CASE][PASSED] - Test Cases/iOS/Send Money Branch/SMB_01: Test Cases/iOS/Send Money Branch/SMB_01

2018-11-15 19:18:58 - [TEST_STEP][PASSED] - startApplication: Started app at: '/Users/buenaanda/Documents/mobile-automation-katalon/Data Files/PeraHub_v3.2.0-Dev.app'

2018-11-15 19:19:13 - [MESSAGE][PASSED] - Started app at: '/Users/buenaanda/Documents/mobile-automation-katalon/Data Files/PeraHub_v3.2.0-Dev.app'

2018-11-15 19:19:13 - [TEST_STEP][PASSED] - iOS.initial_screen.tapLogin: iOS.initial_screen.tapLogin is PASSED

2018-11-15 19:19:15 - [MESSAGE][PASSED] - Tapped on element 'Object Repository/iOS/Initial screen/Login button'

2018-11-15 19:19:15 - [MESSAGE][PASSED] - iOS.initial_screen.tapLogin is PASSED

2018-11-15 19:19:15 - [TEST_STEP][PASSED] - iOS.login_screen.enterUsername: iOS.login_screen.enterUsername is PASSED

2018-11-15 19:19:19 - [MESSAGE][PASSED] - Text 'allen_15' has been set to element 'Object Repository/iOS/Login screen/Username field'

2018-11-15 19:19:19 - [MESSAGE][PASSED] - iOS.login_screen.enterUsername is PASSED

2018-11-15 19:19:19 - [TEST_STEP][PASSED] - iOS.login_screen.enterPassword: iOS.login_screen.enterPassword is PASSED

2018-11-15 19:19:23 - [MESSAGE][PASSED] - Text 'Hello!23' has been set to element 'Object Repository/iOS/Login screen/Password field'

2018-11-15 19:19:24 - [MESSAGE][PASSED] - Keyboard is hidden

2018-11-15 19:19:24 - [MESSAGE][PASSED] - iOS.login_screen.enterPassword is PASSED

2018-11-15 19:19:24 - [TEST_STEP][PASSED] - iOS.login_screen.tapLogin: iOS.login_screen.tapLogin is PASSED

2018-11-15 19:19:27 - [MESSAGE][PASSED] - Tapped on element 'Object Repository/iOS/Login screen/Login button'

2018-11-15 19:19:30 - [MESSAGE][PASSED] - Delayed 3 second(s)

2018-11-15 19:19:30 - [MESSAGE][PASSED] - iOS.login_screen.tapLogin is PASSED

2018-11-15 19:19:30 - [TEST_STEP][PASSED] - iOS.otp_verification_screen.enterOTP: iOS.otp_verification_screen.enterOTP is PASSED

2018-11-15 19:19:32 - [MESSAGE][PASSED] - Element 'Object Repository/iOS/OTP Verification screen/OTP Verification screen' is present

2018-11-15 19:19:32 - [MESSAGE][PASSED] - iOS.otp_verification_screen.enterOTP is PASSED

2018-11-15 19:19:32 - [TEST_STEP][PASSED] - iOS.navigation_menu.tapTransferMoney: iOS.navigation_menu.tapTransferMoney is PASSED

2018-11-15 19:19:32 - [MESSAGE][WARNING] - Timeout '0' is invalid. Using default page load timeout: '15'

2018-11-15 19:19:39 - [MESSAGE][PASSED] - Tapped on element 'Object Repository/iOS/Navigation menu/Transfer Money menu'

2018-11-15 19:19:39 - [MESSAGE][PASSED] - iOS.navigation_menu.tapTransferMoney is PASSED

2018-11-15 19:19:39 - [TEST_STEP][PASSED] - iOS.transfer_money_screen.tapSendMoney: iOS.transfer_money_screen.tapSendMoney is PASSED

2018-11-15 19:19:39 - [MESSAGE][WARNING] - Timeout '0' is invalid. Using default page load timeout: '15'

2018-11-15 19:19:42 - [MESSAGE][PASSED] - Tapped on element 'Object Repository/iOS/Transfer Money screen/Send Money button'

2018-11-15 19:19:42 - [MESSAGE][PASSED] - iOS.transfer_money_screen.tapSendMoney is PASSED

2018-11-15 19:19:42 - [TEST_STEP][PASSED] - iOS.transfer_money_screen.tapBranchTransaction: iOS.transfer_money_screen.tapBranchTransaction is PASSED

2018-11-15 19:19:48 - [MESSAGE][PASSED] - Tapped on element 'Object Repository/iOS/Transfer Money screen/Branch Transaction button'

2018-11-15 19:19:48 - [MESSAGE][PASSED] - iOS.transfer_money_screen.tapBranchTransaction is PASSED

2018-11-15 19:19:48 - [TEST_STEP][PASSED] - global.verify_element.exist: global.verify_element.exist is PASSED

2018-11-15 19:19:52 - [MESSAGE][PASSED] - Element 'Object Repository/iOS/Send Money screen/Send Via Branch screen' is exist

2018-11-15 19:19:52 - [MESSAGE][PASSED] - global.verify_element.exist is PASSED]]></system-out>
         <system-err><![CDATA[]]></system-err>
      </testcase>
      <testcase name="Test Cases/iOS/Send Money Branch/SMB_07" classname="Test Cases/iOS/Send Money Branch/SMB_07" status="PASSED">
         <system-out><![CDATA[2018-11-15 19:19:52 - [TEST_CASE][PASSED] - Test Cases/iOS/Send Money Branch/SMB_07: Test Cases/iOS/Send Money Branch/SMB_07

2018-11-15 19:19:52 - [TEST_STEP][PASSED] - Statement - Receiver_label = com.kms.katalon.core.testobject.ObjectRepository.findTestObject(iOS/Send Money screen/Generic text, [label:Receiver:]): Finding Test Object with id 'Object Repository/iOS/Send Money screen/Generic text'

2018-11-15 19:19:52 - [TEST_STEP][PASSED] - Statement - Contact_label = com.kms.katalon.core.testobject.ObjectRepository.findTestObject(iOS/Send Money screen/Generic text, [label:Contact:]): Finding Test Object with id 'Object Repository/iOS/Send Money screen/Generic text'

2018-11-15 19:19:52 - [TEST_STEP][PASSED] - iOS.send_money_screen.tapPersonalInformation: iOS.send_money_screen.tapPersonalInformation is PASSED

2018-11-15 19:19:55 - [MESSAGE][PASSED] - Tapped on element 'Object Repository/iOS/Send Money screen/Personal Information button'

2018-11-15 19:19:55 - [MESSAGE][PASSED] - iOS.send_money_screen.tapPersonalInformation is PASSED

2018-11-15 19:19:55 - [TEST_STEP][PASSED] - iOS.send_money_screen.tapClose: iOS.send_money_screen.tapClose is PASSED

2018-11-15 19:19:58 - [MESSAGE][PASSED] - Tapped on element 'Object Repository/iOS/Send Money screen/Close button'

2018-11-15 19:19:58 - [MESSAGE][PASSED] - iOS.send_money_screen.tapClose is PASSED

2018-11-15 19:19:58 - [TEST_STEP][PASSED] - global.verify_element.notExist: global.verify_element.notExist is PASSED

2018-11-15 19:20:04 - [MESSAGE][PASSED] - Element 'Object Repository/iOS/Send Money screen/Generic text' not found

2018-11-15 19:20:04 - [MESSAGE][PASSED] - global.verify_element.notExist is PASSED

2018-11-15 19:20:04 - [TEST_STEP][PASSED] - global.verify_element.notExist: global.verify_element.notExist is PASSED

2018-11-15 19:20:09 - [MESSAGE][PASSED] - Element 'Object Repository/iOS/Send Money screen/Generic text' not found

2018-11-15 19:20:09 - [MESSAGE][PASSED] - global.verify_element.notExist is PASSED]]></system-out>
         <system-err><![CDATA[]]></system-err>
      </testcase>
      <testcase name="Test Cases/iOS/Send Money Branch/SMB_02" classname="Test Cases/iOS/Send Money Branch/SMB_02" status="PASSED">
         <system-out><![CDATA[2018-11-15 19:20:09 - [TEST_CASE][PASSED] - Test Cases/iOS/Send Money Branch/SMB_02: Test Cases/iOS/Send Money Branch/SMB_02

2018-11-15 19:20:09 - [TEST_STEP][PASSED] - iOS.send_money_screen.tapPersonalInformation: iOS.send_money_screen.tapPersonalInformation is PASSED

2018-11-15 19:20:12 - [MESSAGE][PASSED] - Tapped on element 'Object Repository/iOS/Send Money screen/Personal Information button'

2018-11-15 19:20:12 - [MESSAGE][PASSED] - iOS.send_money_screen.tapPersonalInformation is PASSED

2018-11-15 19:20:12 - [TEST_STEP][PASSED] - global.verify_element.exist: global.verify_element.exist is PASSED

2018-11-15 19:20:14 - [MESSAGE][PASSED] - Element 'Object Repository/iOS/Send Money screen/First Name field' is exist

2018-11-15 19:20:14 - [MESSAGE][PASSED] - global.verify_element.exist is PASSED

2018-11-15 19:20:14 - [TEST_STEP][PASSED] - global.verify_element.exist: global.verify_element.exist is PASSED

2018-11-15 19:20:17 - [MESSAGE][PASSED] - Element 'Object Repository/iOS/Send Money screen/Middle Name field' is exist

2018-11-15 19:20:17 - [MESSAGE][PASSED] - global.verify_element.exist is PASSED

2018-11-15 19:20:17 - [TEST_STEP][PASSED] - global.verify_element.exist: global.verify_element.exist is PASSED

2018-11-15 19:20:19 - [MESSAGE][PASSED] - Element 'Object Repository/iOS/Send Money screen/Last Name field' is exist

2018-11-15 19:20:19 - [MESSAGE][PASSED] - global.verify_element.exist is PASSED

2018-11-15 19:20:19 - [TEST_STEP][PASSED] - global.verify_element.exist: global.verify_element.exist is PASSED

2018-11-15 19:20:21 - [MESSAGE][PASSED] - Element 'Object Repository/iOS/Send Money screen/Mobile Number field' is exist

2018-11-15 19:20:21 - [MESSAGE][PASSED] - global.verify_element.exist is PASSED

2018-11-15 19:20:21 - [TEST_STEP][PASSED] - global.verify_element.exist: global.verify_element.exist is PASSED

2018-11-15 19:20:23 - [MESSAGE][PASSED] - Element 'Object Repository/iOS/Send Money screen/Phone Number field' is exist

2018-11-15 19:20:23 - [MESSAGE][PASSED] - global.verify_element.exist is PASSED

2018-11-15 19:20:23 - [TEST_STEP][PASSED] - global.verify_element.exist: global.verify_element.exist is PASSED

2018-11-15 19:20:25 - [MESSAGE][PASSED] - Element 'Object Repository/iOS/Send Money screen/Save button' is exist

2018-11-15 19:20:25 - [MESSAGE][PASSED] - global.verify_element.exist is PASSED

2018-11-15 19:20:25 - [TEST_STEP][PASSED] - global.verify_element.exist: global.verify_element.exist is PASSED

2018-11-15 19:20:27 - [MESSAGE][PASSED] - Element 'Object Repository/iOS/Send Money screen/Close button' is exist

2018-11-15 19:20:27 - [MESSAGE][PASSED] - global.verify_element.exist is PASSED]]></system-out>
         <system-err><![CDATA[]]></system-err>
      </testcase>
      <testcase name="Test Cases/iOS/Send Money Branch/SMB_03" classname="Test Cases/iOS/Send Money Branch/SMB_03" status="PASSED">
         <system-out><![CDATA[2018-11-15 19:20:27 - [TEST_CASE][PASSED] - Test Cases/iOS/Send Money Branch/SMB_03: Test Cases/iOS/Send Money Branch/SMB_03

2018-11-15 19:20:27 - [TEST_STEP][PASSED] - Statement - randomFirstName = new global.random_data().firstName(): null

2018-11-15 19:20:28 - [TEST_STEP][PASSED] - Statement - randomLastName = new global.random_data().lastName(): null

2018-11-15 19:20:28 - [TEST_STEP][PASSED] - Statement - randomMobileNumber = new global.random_data().mobileNumber(): null

2018-11-15 19:20:28 - [TEST_STEP][PASSED] - Statement - firstName = randomFirstName: null

2018-11-15 19:20:28 - [TEST_STEP][PASSED] - Statement - lastName = randomLastName: null

2018-11-15 19:20:28 - [TEST_STEP][PASSED] - Statement - mobileNumber = randomMobileNumber: null

2018-11-15 19:20:28 - [TEST_STEP][PASSED] - Statement - receiverName = firstName + "  " + lastName: null

2018-11-15 19:20:28 - [TEST_STEP][PASSED] - Statement - Receiver_Name = com.kms.katalon.core.testobject.ObjectRepository.findTestObject(iOS/Send Money screen/Generic text, [label:receiverName]): Finding Test Object with id 'Object Repository/iOS/Send Money screen/Generic text'

2018-11-15 19:20:28 - [TEST_STEP][PASSED] - Statement - Receiver_Contact = com.kms.katalon.core.testobject.ObjectRepository.findTestObject(iOS/Send Money screen/Generic text, [label:mobileNumber]): Finding Test Object with id 'Object Repository/iOS/Send Money screen/Generic text'

2018-11-15 19:20:28 - [TEST_STEP][PASSED] - iOS.send_money_screen.enterFirstName: iOS.send_money_screen.enterFirstName is PASSED

2018-11-15 19:20:31 - [MESSAGE][PASSED] - Text 'Karl' has been set to element 'Object Repository/iOS/Send Money screen/First Name field'

2018-11-15 19:20:31 - [MESSAGE][PASSED] - iOS.send_money_screen.enterFirstName is PASSED

2018-11-15 19:20:31 - [TEST_STEP][PASSED] - iOS.send_money_screen.enterLastName: iOS.send_money_screen.enterLastName is PASSED

2018-11-15 19:20:36 - [MESSAGE][PASSED] - Text 'Kuhn' has been set to element 'Object Repository/iOS/Send Money screen/Last Name field'

2018-11-15 19:20:36 - [MESSAGE][PASSED] - iOS.send_money_screen.enterLastName is PASSED

2018-11-15 19:20:36 - [TEST_STEP][PASSED] - iOS.send_money_screen.enterMobileNumber: iOS.send_money_screen.enterMobileNumber is PASSED

2018-11-15 19:20:40 - [MESSAGE][PASSED] - Text '88672628564' has been set to element 'Object Repository/iOS/Send Money screen/Mobile Number field'

2018-11-15 19:20:44 - [MESSAGE][PASSED] - Tapped on element 'Object Repository/iOS/Global/Toolbar Done Button'

2018-11-15 19:20:44 - [MESSAGE][PASSED] - iOS.send_money_screen.enterMobileNumber is PASSED

2018-11-15 19:20:44 - [TEST_STEP][PASSED] - iOS.send_money_screen.tapSave: iOS.send_money_screen.tapSave is PASSED

2018-11-15 19:20:46 - [MESSAGE][PASSED] - Tapped on element 'Object Repository/iOS/Send Money screen/Save button'

2018-11-15 19:20:49 - [MESSAGE][PASSED] - Delayed 3 second(s)

2018-11-15 19:20:49 - [MESSAGE][PASSED] - iOS.send_money_screen.tapSave is PASSED

2018-11-15 19:20:49 - [TEST_STEP][PASSED] - global.verify_element.exist: global.verify_element.exist is PASSED

2018-11-15 19:20:53 - [MESSAGE][PASSED] - Element 'Object Repository/iOS/Send Money screen/Generic text' is exist

2018-11-15 19:20:53 - [MESSAGE][PASSED] - global.verify_element.exist is PASSED

2018-11-15 19:20:53 - [TEST_STEP][PASSED] - global.verify_element.exist: global.verify_element.exist is PASSED

2018-11-15 19:20:56 - [MESSAGE][PASSED] - Element 'Object Repository/iOS/Send Money screen/Generic text' is exist

2018-11-15 19:20:56 - [MESSAGE][PASSED] - global.verify_element.exist is PASSED]]></system-out>
         <system-err><![CDATA[]]></system-err>
      </testcase>
      <testcase name="Test Cases/iOS/Send Money Branch/SMB_04" classname="Test Cases/iOS/Send Money Branch/SMB_04" status="PASSED">
         <system-out><![CDATA[2018-11-15 19:20:56 - [TEST_CASE][PASSED] - Test Cases/iOS/Send Money Branch/SMB_04: Test Cases/iOS/Send Money Branch/SMB_04

2018-11-15 19:20:56 - [TEST_STEP][PASSED] - Statement - First_name_field = com.kms.katalon.core.testobject.ObjectRepository.findTestObject(iOS/Send Money screen/Generic field, [value:internal.GlobalVariable.randomFirstName]): Finding Test Object with id 'Object Repository/iOS/Send Money screen/Generic field'

2018-11-15 19:20:56 - [TEST_STEP][PASSED] - Statement - Last_name_field = com.kms.katalon.core.testobject.ObjectRepository.findTestObject(iOS/Send Money screen/Generic field, [value:internal.GlobalVariable.randomLastName]): Finding Test Object with id 'Object Repository/iOS/Send Money screen/Generic field'

2018-11-15 19:20:56 - [TEST_STEP][PASSED] - Statement - Mobile_number_field = com.kms.katalon.core.testobject.ObjectRepository.findTestObject(iOS/Send Money screen/Generic field, [value:internal.GlobalVariable.randomMobileNumber]): Finding Test Object with id 'Object Repository/iOS/Send Money screen/Generic field'

2018-11-15 19:20:56 - [TEST_STEP][PASSED] - Statement - Firstname_is_required_error = com.kms.katalon.core.testobject.ObjectRepository.findTestObject(iOS/Send Money screen/Generic text, [label:Firstname is required]): Finding Test Object with id 'Object Repository/iOS/Send Money screen/Generic text'

2018-11-15 19:20:56 - [TEST_STEP][PASSED] - Statement - Lastname_is_required_error = com.kms.katalon.core.testobject.ObjectRepository.findTestObject(iOS/Send Money screen/Generic text, [label:Lastname is required]): Finding Test Object with id 'Object Repository/iOS/Send Money screen/Generic text'

2018-11-15 19:20:56 - [TEST_STEP][PASSED] - Statement - Mobile_number_is_required_error = com.kms.katalon.core.testobject.ObjectRepository.findTestObject(iOS/Send Money screen/Generic text, [label:Mobile number is required]): Finding Test Object with id 'Object Repository/iOS/Send Money screen/Generic text'

2018-11-15 19:20:56 - [TEST_STEP][PASSED] - iOS.send_money_screen.tapPersonalInformation: iOS.send_money_screen.tapPersonalInformation is PASSED

2018-11-15 19:20:59 - [MESSAGE][PASSED] - Tapped on element 'Object Repository/iOS/Send Money screen/Personal Information button'

2018-11-15 19:20:59 - [MESSAGE][PASSED] - iOS.send_money_screen.tapPersonalInformation is PASSED

2018-11-15 19:20:59 - [TEST_STEP][PASSED] - iOS.send_money_screen.enterField: iOS.send_money_screen.enterField is PASSED

2018-11-15 19:21:04 - [MESSAGE][PASSED] - Text '' has been set to element 'Object Repository/iOS/Send Money screen/Generic field'

2018-11-15 19:21:08 - [MESSAGE][PASSED] - Tapped on element 'Object Repository/iOS/Send Money screen/Toolbar Done button'

2018-11-15 19:21:08 - [MESSAGE][PASSED] - iOS.send_money_screen.enterField is PASSED

2018-11-15 19:21:08 - [TEST_STEP][PASSED] - iOS.send_money_screen.enterField: iOS.send_money_screen.enterField is PASSED

2018-11-15 19:21:12 - [MESSAGE][PASSED] - Text '' has been set to element 'Object Repository/iOS/Send Money screen/Generic field'

2018-11-15 19:21:16 - [MESSAGE][PASSED] - Tapped on element 'Object Repository/iOS/Send Money screen/Toolbar Done button'

2018-11-15 19:21:16 - [MESSAGE][PASSED] - iOS.send_money_screen.enterField is PASSED

2018-11-15 19:21:16 - [TEST_STEP][PASSED] - iOS.send_money_screen.enterField: iOS.send_money_screen.enterField is PASSED

2018-11-15 19:21:21 - [MESSAGE][PASSED] - Text '' has been set to element 'Object Repository/iOS/Send Money screen/Generic field'

2018-11-15 19:21:24 - [MESSAGE][PASSED] - Tapped on element 'Object Repository/iOS/Send Money screen/Toolbar Done button'

2018-11-15 19:21:24 - [MESSAGE][PASSED] - iOS.send_money_screen.enterField is PASSED

2018-11-15 19:21:24 - [TEST_STEP][PASSED] - iOS.send_money_screen.tapSave: iOS.send_money_screen.tapSave is PASSED

2018-11-15 19:21:27 - [MESSAGE][PASSED] - Tapped on element 'Object Repository/iOS/Send Money screen/Save button'

2018-11-15 19:21:30 - [MESSAGE][PASSED] - Delayed 3 second(s)

2018-11-15 19:21:30 - [MESSAGE][PASSED] - iOS.send_money_screen.tapSave is PASSED

2018-11-15 19:21:30 - [TEST_STEP][PASSED] - global.verify_element.exist: global.verify_element.exist is PASSED

2018-11-15 19:21:32 - [MESSAGE][PASSED] - Element 'Object Repository/iOS/Send Money screen/Generic text' is exist

2018-11-15 19:21:32 - [MESSAGE][PASSED] - global.verify_element.exist is PASSED

2018-11-15 19:21:32 - [TEST_STEP][PASSED] - global.verify_element.exist: global.verify_element.exist is PASSED

2018-11-15 19:21:35 - [MESSAGE][PASSED] - Element 'Object Repository/iOS/Send Money screen/Generic text' is exist

2018-11-15 19:21:35 - [MESSAGE][PASSED] - global.verify_element.exist is PASSED

2018-11-15 19:21:35 - [TEST_STEP][PASSED] - global.verify_element.exist: global.verify_element.exist is PASSED

2018-11-15 19:21:37 - [MESSAGE][PASSED] - Element 'Object Repository/iOS/Send Money screen/Generic text' is exist

2018-11-15 19:21:37 - [MESSAGE][PASSED] - global.verify_element.exist is PASSED]]></system-out>
         <system-err><![CDATA[]]></system-err>
      </testcase>
      <testcase name="Test Cases/iOS/Send Money Branch/SMB_05" classname="Test Cases/iOS/Send Money Branch/SMB_05" status="PASSED">
         <system-out><![CDATA[2018-11-15 19:21:37 - [TEST_CASE][PASSED] - Test Cases/iOS/Send Money Branch/SMB_05: Test Cases/iOS/Send Money Branch/SMB_05

2018-11-15 19:21:37 - [TEST_STEP][PASSED] - Statement - randomMiddleName = new global.random_data().middleName(): null

2018-11-15 19:21:37 - [TEST_STEP][PASSED] - Statement - randomPhoneNumber = new global.random_data().phoneNumber(): null

2018-11-15 19:21:37 - [TEST_STEP][PASSED] - Statement - firstName = randomFirstName: null

2018-11-15 19:21:37 - [TEST_STEP][PASSED] - Statement - middleName = randomMiddleName: null

2018-11-15 19:21:37 - [TEST_STEP][PASSED] - Statement - lastName = randomLastName: null

2018-11-15 19:21:37 - [TEST_STEP][PASSED] - Statement - mobileNumber = randomMobileNumber: null

2018-11-15 19:21:37 - [TEST_STEP][PASSED] - Statement - phoneNumber = randomPhoneNumber: null

2018-11-15 19:21:37 - [TEST_STEP][PASSED] - Statement - fullName = firstName + " " + middleName + " " + lastName: null

2018-11-15 19:21:37 - [TEST_STEP][PASSED] - Statement - contact = mobileNumber + " " + phoneNumber: null

2018-11-15 19:21:37 - [TEST_STEP][PASSED] - Statement - firstNameLastName = firstName + "  " + lastName: null

2018-11-15 19:21:37 - [TEST_STEP][PASSED] - Statement - Receiver_Name = com.kms.katalon.core.testobject.ObjectRepository.findTestObject(iOS/Send Money screen/Generic text, [label:fullName]): Finding Test Object with id 'Object Repository/iOS/Send Money screen/Generic text'

2018-11-15 19:21:37 - [TEST_STEP][PASSED] - Statement - Receiver_Contact = com.kms.katalon.core.testobject.ObjectRepository.findTestObject(iOS/Send Money screen/Generic text, [label:contact]): Finding Test Object with id 'Object Repository/iOS/Send Money screen/Generic text'

2018-11-15 19:21:37 - [TEST_STEP][PASSED] - iOS.send_money_screen.enterFirstName: iOS.send_money_screen.enterFirstName is PASSED

2018-11-15 19:21:41 - [MESSAGE][PASSED] - Text 'Karl' has been set to element 'Object Repository/iOS/Send Money screen/First Name field'

2018-11-15 19:21:41 - [MESSAGE][PASSED] - iOS.send_money_screen.enterFirstName is PASSED

2018-11-15 19:21:41 - [TEST_STEP][PASSED] - iOS.send_money_screen.enterMiddleName: iOS.send_money_screen.enterMiddleName is PASSED

2018-11-15 19:21:45 - [MESSAGE][PASSED] - Text 'Monahan' has been set to element 'Object Repository/iOS/Send Money screen/Middle Name field'

2018-11-15 19:21:45 - [MESSAGE][PASSED] - iOS.send_money_screen.enterMiddleName is PASSED

2018-11-15 19:21:45 - [TEST_STEP][PASSED] - iOS.send_money_screen.enterLastName: iOS.send_money_screen.enterLastName is PASSED

2018-11-15 19:21:50 - [MESSAGE][PASSED] - Text 'Kuhn' has been set to element 'Object Repository/iOS/Send Money screen/Last Name field'

2018-11-15 19:21:50 - [MESSAGE][PASSED] - iOS.send_money_screen.enterLastName is PASSED

2018-11-15 19:21:50 - [TEST_STEP][PASSED] - iOS.send_money_screen.enterMobileNumber: iOS.send_money_screen.enterMobileNumber is PASSED

2018-11-15 19:21:54 - [MESSAGE][PASSED] - Text '88672628564' has been set to element 'Object Repository/iOS/Send Money screen/Mobile Number field'

2018-11-15 19:21:58 - [MESSAGE][PASSED] - Tapped on element 'Object Repository/iOS/Global/Toolbar Done Button'

2018-11-15 19:21:58 - [MESSAGE][PASSED] - iOS.send_money_screen.enterMobileNumber is PASSED

2018-11-15 19:21:58 - [TEST_STEP][PASSED] - iOS.send_money_screen.enterPhoneNumber: iOS.send_money_screen.enterPhoneNumber is PASSED

2018-11-15 19:22:02 - [MESSAGE][PASSED] - Text '80111434' has been set to element 'Object Repository/iOS/Send Money screen/Phone Number field'

2018-11-15 19:22:02 - [MESSAGE][PASSED] - iOS.send_money_screen.enterPhoneNumber is PASSED

2018-11-15 19:22:02 - [TEST_STEP][PASSED] - iOS.send_money_screen.tapSave: iOS.send_money_screen.tapSave is PASSED

2018-11-15 19:22:05 - [MESSAGE][PASSED] - Tapped on element 'Object Repository/iOS/Send Money screen/Save button'

2018-11-15 19:22:08 - [MESSAGE][PASSED] - Delayed 3 second(s)

2018-11-15 19:22:08 - [MESSAGE][PASSED] - iOS.send_money_screen.tapSave is PASSED

2018-11-15 19:22:08 - [TEST_STEP][PASSED] - global.verify_element.exist: global.verify_element.exist is PASSED

2018-11-15 19:22:11 - [MESSAGE][PASSED] - Element 'Object Repository/iOS/Send Money screen/Generic text' is exist

2018-11-15 19:22:11 - [MESSAGE][PASSED] - global.verify_element.exist is PASSED

2018-11-15 19:22:11 - [TEST_STEP][PASSED] - global.verify_element.exist: global.verify_element.exist is PASSED

2018-11-15 19:22:14 - [MESSAGE][PASSED] - Element 'Object Repository/iOS/Send Money screen/Generic text' is exist

2018-11-15 19:22:14 - [MESSAGE][PASSED] - global.verify_element.exist is PASSED]]></system-out>
         <system-err><![CDATA[]]></system-err>
      </testcase>
      <testcase name="Test Cases/iOS/Send Money Branch/SMB_06" classname="Test Cases/iOS/Send Money Branch/SMB_06" status="PASSED">
         <system-out><![CDATA[2018-11-15 19:22:14 - [TEST_CASE][PASSED] - Test Cases/iOS/Send Money Branch/SMB_06: Test Cases/iOS/Send Money Branch/SMB_06

2018-11-15 19:22:14 - [TEST_STEP][PASSED] - Statement - firstName = randomFirstName: null

2018-11-15 19:22:14 - [TEST_STEP][PASSED] - Statement - middleName = randomMiddleName: null

2018-11-15 19:22:14 - [TEST_STEP][PASSED] - Statement - lastName = randomLastName: null

2018-11-15 19:22:14 - [TEST_STEP][PASSED] - Statement - mobileNumber = randomMobileNumber + " ": null

2018-11-15 19:22:14 - [TEST_STEP][PASSED] - Statement - phoneNumber = randomPhoneNumber: null

2018-11-15 19:22:14 - [TEST_STEP][PASSED] - Statement - firstNameLastName = firstName + "  " + lastName: null

2018-11-15 19:22:14 - [TEST_STEP][PASSED] - Statement - Middle_name_field = com.kms.katalon.core.testobject.ObjectRepository.findTestObject(iOS/Send Money screen/Generic field, [value:middleName]): Finding Test Object with id 'Object Repository/iOS/Send Money screen/Generic field'

2018-11-15 19:22:14 - [TEST_STEP][PASSED] - Statement - Phone_number_field = com.kms.katalon.core.testobject.ObjectRepository.findTestObject(iOS/Send Money screen/Generic field, [value:phoneNumber]): Finding Test Object with id 'Object Repository/iOS/Send Money screen/Generic field'

2018-11-15 19:22:14 - [TEST_STEP][PASSED] - Statement - Receiver_Name = com.kms.katalon.core.testobject.ObjectRepository.findTestObject(iOS/Send Money screen/Generic text, [label:firstNameLastName]): Finding Test Object with id 'Object Repository/iOS/Send Money screen/Generic text'

2018-11-15 19:22:14 - [TEST_STEP][PASSED] - Statement - Receiver_Contact = com.kms.katalon.core.testobject.ObjectRepository.findTestObject(iOS/Send Money screen/Generic text, [label:mobileNumber]): Finding Test Object with id 'Object Repository/iOS/Send Money screen/Generic text'

2018-11-15 19:22:14 - [TEST_STEP][PASSED] - iOS.send_money_screen.tapPersonalInformation: iOS.send_money_screen.tapPersonalInformation is PASSED

2018-11-15 19:22:17 - [MESSAGE][PASSED] - Tapped on element 'Object Repository/iOS/Send Money screen/Personal Information button'

2018-11-15 19:22:17 - [MESSAGE][PASSED] - iOS.send_money_screen.tapPersonalInformation is PASSED

2018-11-15 19:22:17 - [TEST_STEP][PASSED] - iOS.send_money_screen.enterField: iOS.send_money_screen.enterField is PASSED

2018-11-15 19:22:22 - [MESSAGE][PASSED] - Text '' has been set to element 'Object Repository/iOS/Send Money screen/Generic field'

2018-11-15 19:22:26 - [MESSAGE][PASSED] - Tapped on element 'Object Repository/iOS/Send Money screen/Toolbar Done button'

2018-11-15 19:22:26 - [MESSAGE][PASSED] - iOS.send_money_screen.enterField is PASSED

2018-11-15 19:22:26 - [TEST_STEP][PASSED] - iOS.send_money_screen.enterField: iOS.send_money_screen.enterField is PASSED

2018-11-15 19:22:31 - [MESSAGE][PASSED] - Text '' has been set to element 'Object Repository/iOS/Send Money screen/Generic field'

2018-11-15 19:22:34 - [MESSAGE][PASSED] - Tapped on element 'Object Repository/iOS/Send Money screen/Toolbar Done button'

2018-11-15 19:22:34 - [MESSAGE][PASSED] - iOS.send_money_screen.enterField is PASSED

2018-11-15 19:22:34 - [TEST_STEP][PASSED] - iOS.send_money_screen.tapSave: iOS.send_money_screen.tapSave is PASSED

2018-11-15 19:22:37 - [MESSAGE][PASSED] - Tapped on element 'Object Repository/iOS/Send Money screen/Save button'

2018-11-15 19:22:40 - [MESSAGE][PASSED] - Delayed 3 second(s)

2018-11-15 19:22:40 - [MESSAGE][PASSED] - iOS.send_money_screen.tapSave is PASSED

2018-11-15 19:22:40 - [TEST_STEP][PASSED] - global.verify_element.exist: global.verify_element.exist is PASSED

2018-11-15 19:22:43 - [MESSAGE][PASSED] - Element 'Object Repository/iOS/Send Money screen/Generic text' is exist

2018-11-15 19:22:43 - [MESSAGE][PASSED] - global.verify_element.exist is PASSED

2018-11-15 19:22:43 - [TEST_STEP][PASSED] - global.verify_element.exist: global.verify_element.exist is PASSED

2018-11-15 19:22:46 - [MESSAGE][PASSED] - Element 'Object Repository/iOS/Send Money screen/Generic text' is exist

2018-11-15 19:22:46 - [MESSAGE][PASSED] - global.verify_element.exist is PASSED]]></system-out>
         <system-err><![CDATA[]]></system-err>
      </testcase>
      <testcase name="Test Cases/iOS/Send Money Branch/SMB_08" classname="Test Cases/iOS/Send Money Branch/SMB_08" status="PASSED">
         <system-out><![CDATA[2018-11-15 19:22:46 - [TEST_CASE][PASSED] - Test Cases/iOS/Send Money Branch/SMB_08: Test Cases/iOS/Send Money Branch/SMB_08

2018-11-15 19:22:46 - [TEST_STEP][PASSED] - Statement - firstName = randomFirstName: null

2018-11-15 19:22:46 - [TEST_STEP][PASSED] - Statement - lastName = randomLastName: null

2018-11-15 19:22:46 - [TEST_STEP][PASSED] - Statement - mobileNumber = randomMobileNumber + " ": null

2018-11-15 19:22:46 - [TEST_STEP][PASSED] - Statement - randomFirstName = new global.random_data().firstName(): null

2018-11-15 19:22:46 - [TEST_STEP][PASSED] - Statement - randomLastName = new global.random_data().lastName(): null

2018-11-15 19:22:46 - [TEST_STEP][PASSED] - Statement - newFirstName = randomFirstName: null

2018-11-15 19:22:46 - [TEST_STEP][PASSED] - Statement - newLastName = randomLastName: null

2018-11-15 19:22:46 - [TEST_STEP][PASSED] - Statement - newFirstNameLastName = newFirstName + "  " + newLastName: null

2018-11-15 19:22:46 - [TEST_STEP][PASSED] - Statement - First_name_field = com.kms.katalon.core.testobject.ObjectRepository.findTestObject(iOS/Send Money screen/Generic field, [value:firstName]): Finding Test Object with id 'Object Repository/iOS/Send Money screen/Generic field'

2018-11-15 19:22:46 - [TEST_STEP][PASSED] - Statement - Last_name_field = com.kms.katalon.core.testobject.ObjectRepository.findTestObject(iOS/Send Money screen/Generic field, [value:lastName]): Finding Test Object with id 'Object Repository/iOS/Send Money screen/Generic field'

2018-11-15 19:22:46 - [TEST_STEP][PASSED] - Statement - Receiver_Name = com.kms.katalon.core.testobject.ObjectRepository.findTestObject(iOS/Send Money screen/Generic text, [label:newFirstNameLastName]): Finding Test Object with id 'Object Repository/iOS/Send Money screen/Generic text'

2018-11-15 19:22:46 - [TEST_STEP][PASSED] - Statement - Receiver_Contact = com.kms.katalon.core.testobject.ObjectRepository.findTestObject(iOS/Send Money screen/Generic text, [label:mobileNumber]): Finding Test Object with id 'Object Repository/iOS/Send Money screen/Generic text'

2018-11-15 19:22:46 - [TEST_STEP][PASSED] - iOS.send_money_screen.tapPersonalInformation: iOS.send_money_screen.tapPersonalInformation is PASSED

2018-11-15 19:22:50 - [MESSAGE][PASSED] - Tapped on element 'Object Repository/iOS/Send Money screen/Personal Information button'

2018-11-15 19:22:50 - [MESSAGE][PASSED] - iOS.send_money_screen.tapPersonalInformation is PASSED

2018-11-15 19:22:50 - [TEST_STEP][PASSED] - iOS.send_money_screen.enterField: iOS.send_money_screen.enterField is PASSED

2018-11-15 19:22:55 - [MESSAGE][PASSED] - Text 'Kenya' has been set to element 'Object Repository/iOS/Send Money screen/Generic field'

2018-11-15 19:22:58 - [MESSAGE][PASSED] - Tapped on element 'Object Repository/iOS/Send Money screen/Toolbar Done button'

2018-11-15 19:22:58 - [MESSAGE][PASSED] - iOS.send_money_screen.enterField is PASSED

2018-11-15 19:22:58 - [TEST_STEP][PASSED] - iOS.send_money_screen.enterField: iOS.send_money_screen.enterField is PASSED

2018-11-15 19:23:03 - [MESSAGE][PASSED] - Text 'Erdman' has been set to element 'Object Repository/iOS/Send Money screen/Generic field'

2018-11-15 19:23:07 - [MESSAGE][PASSED] - Tapped on element 'Object Repository/iOS/Send Money screen/Toolbar Done button'

2018-11-15 19:23:07 - [MESSAGE][PASSED] - iOS.send_money_screen.enterField is PASSED

2018-11-15 19:23:07 - [TEST_STEP][PASSED] - iOS.send_money_screen.tapSave: iOS.send_money_screen.tapSave is PASSED

2018-11-15 19:23:10 - [MESSAGE][PASSED] - Tapped on element 'Object Repository/iOS/Send Money screen/Save button'

2018-11-15 19:23:13 - [MESSAGE][PASSED] - Delayed 3 second(s)

2018-11-15 19:23:13 - [MESSAGE][PASSED] - iOS.send_money_screen.tapSave is PASSED

2018-11-15 19:23:13 - [TEST_STEP][PASSED] - global.verify_element.exist: global.verify_element.exist is PASSED

2018-11-15 19:23:16 - [MESSAGE][PASSED] - Element 'Object Repository/iOS/Send Money screen/Generic text' is exist

2018-11-15 19:23:16 - [MESSAGE][PASSED] - global.verify_element.exist is PASSED

2018-11-15 19:23:16 - [TEST_STEP][PASSED] - global.verify_element.exist: global.verify_element.exist is PASSED

2018-11-15 19:23:19 - [MESSAGE][PASSED] - Element 'Object Repository/iOS/Send Money screen/Generic text' is exist

2018-11-15 19:23:19 - [MESSAGE][PASSED] - global.verify_element.exist is PASSED]]></system-out>
         <system-err><![CDATA[]]></system-err>
      </testcase>
      <testcase name="Test Cases/iOS/Send Money Branch/SMB_09" classname="Test Cases/iOS/Send Money Branch/SMB_09" status="PASSED">
         <system-out><![CDATA[2018-11-15 19:23:19 - [TEST_CASE][PASSED] - Test Cases/iOS/Send Money Branch/SMB_09: Test Cases/iOS/Send Money Branch/SMB_09

2018-11-15 19:23:19 - [TEST_STEP][PASSED] - iOS.send_money_screen.tapCurrentAddress: iOS.send_money_screen.tapCurrentAddress is PASSED

2018-11-15 19:23:22 - [MESSAGE][PASSED] - Element 'Object Repository/iOS/Send Money screen/Current Address button' is present

2018-11-15 19:23:25 - [MESSAGE][PASSED] - Tapped on element 'Object Repository/iOS/Send Money screen/Current Address button'

2018-11-15 19:23:25 - [MESSAGE][PASSED] - iOS.send_money_screen.tapCurrentAddress is PASSED

2018-11-15 19:23:25 - [TEST_STEP][PASSED] - global.verify_element.exist: global.verify_element.exist is PASSED

2018-11-15 19:23:31 - [MESSAGE][PASSED] - Element 'Object Repository/iOS/Send Money screen/Country field' is exist

2018-11-15 19:23:31 - [MESSAGE][PASSED] - global.verify_element.exist is PASSED

2018-11-15 19:23:31 - [TEST_STEP][PASSED] - global.verify_element.exist: global.verify_element.exist is PASSED

2018-11-15 19:23:34 - [MESSAGE][PASSED] - Element 'Object Repository/iOS/Send Money screen/ProvinceState field' is exist

2018-11-15 19:23:34 - [MESSAGE][PASSED] - global.verify_element.exist is PASSED

2018-11-15 19:23:34 - [TEST_STEP][PASSED] - global.verify_element.exist: global.verify_element.exist is PASSED

2018-11-15 19:23:37 - [MESSAGE][PASSED] - Element 'Object Repository/iOS/Send Money screen/DistrictCity field' is exist

2018-11-15 19:23:37 - [MESSAGE][PASSED] - global.verify_element.exist is PASSED

2018-11-15 19:23:37 - [TEST_STEP][PASSED] - global.verify_element.exist: global.verify_element.exist is PASSED

2018-11-15 19:23:41 - [MESSAGE][PASSED] - Element 'Object Repository/iOS/Send Money screen/Postal field' is exist

2018-11-15 19:23:41 - [MESSAGE][PASSED] - global.verify_element.exist is PASSED

2018-11-15 19:23:41 - [TEST_STEP][PASSED] - global.verify_element.exist: global.verify_element.exist is PASSED

2018-11-15 19:23:44 - [MESSAGE][PASSED] - Element 'Object Repository/iOS/Send Money screen/UnitHouse NumberBuildingStreet field' is exist

2018-11-15 19:23:44 - [MESSAGE][PASSED] - global.verify_element.exist is PASSED

2018-11-15 19:23:44 - [TEST_STEP][PASSED] - global.verify_element.exist: global.verify_element.exist is PASSED

2018-11-15 19:23:49 - [MESSAGE][PASSED] - Element 'Object Repository/iOS/Send Money screen/Destination Country field' is exist

2018-11-15 19:23:49 - [MESSAGE][PASSED] - global.verify_element.exist is PASSED]]></system-out>
         <system-err><![CDATA[]]></system-err>
      </testcase>
      <testcase name="Test Cases/iOS/Send Money Branch/SMB_17" classname="Test Cases/iOS/Send Money Branch/SMB_17" status="PASSED">
         <system-out><![CDATA[2018-11-15 19:23:49 - [TEST_CASE][PASSED] - Test Cases/iOS/Send Money Branch/SMB_17: Test Cases/iOS/Send Money Branch/SMB_17

2018-11-15 19:23:49 - [TEST_STEP][PASSED] - Statement - Country_is_required_error = com.kms.katalon.core.testobject.ObjectRepository.findTestObject(iOS/Send Money screen/Generic text, [label:Country is required]): Finding Test Object with id 'Object Repository/iOS/Send Money screen/Generic text'

2018-11-15 19:23:49 - [TEST_STEP][PASSED] - Statement - Postal_is_required_error = com.kms.katalon.core.testobject.ObjectRepository.findTestObject(iOS/Send Money screen/Generic text, [label:Postal is required]): Finding Test Object with id 'Object Repository/iOS/Send Money screen/Generic text'

2018-11-15 19:23:49 - [TEST_STEP][PASSED] - Statement - Present_address_is_required_error = com.kms.katalon.core.testobject.ObjectRepository.findTestObject(iOS/Send Money screen/Generic text, [label:Present address is required]): Finding Test Object with id 'Object Repository/iOS/Send Money screen/Generic text'

2018-11-15 19:23:49 - [TEST_STEP][PASSED] - Statement - Destination_country_is_required_error = com.kms.katalon.core.testobject.ObjectRepository.findTestObject(iOS/Send Money screen/Generic text, [label:Destination country is required]): Finding Test Object with id 'Object Repository/iOS/Send Money screen/Generic text'

2018-11-15 19:23:49 - [TEST_STEP][PASSED] - iOS.send_money_screen.tapSave: iOS.send_money_screen.tapSave is PASSED

2018-11-15 19:23:53 - [MESSAGE][PASSED] - Tapped on element 'Object Repository/iOS/Send Money screen/Save button'

2018-11-15 19:23:56 - [MESSAGE][PASSED] - Delayed 3 second(s)

2018-11-15 19:23:56 - [MESSAGE][PASSED] - iOS.send_money_screen.tapSave is PASSED

2018-11-15 19:23:56 - [TEST_STEP][PASSED] - global.verify_element.exist: global.verify_element.exist is PASSED

2018-11-15 19:23:59 - [MESSAGE][PASSED] - Element 'Object Repository/iOS/Send Money screen/Generic text' is exist

2018-11-15 19:23:59 - [MESSAGE][PASSED] - global.verify_element.exist is PASSED

2018-11-15 19:23:59 - [TEST_STEP][PASSED] - global.verify_element.exist: global.verify_element.exist is PASSED

2018-11-15 19:24:03 - [MESSAGE][PASSED] - Element 'Object Repository/iOS/Send Money screen/Generic text' is exist

2018-11-15 19:24:03 - [MESSAGE][PASSED] - global.verify_element.exist is PASSED

2018-11-15 19:24:03 - [TEST_STEP][PASSED] - global.verify_element.exist: global.verify_element.exist is PASSED

2018-11-15 19:24:06 - [MESSAGE][PASSED] - Element 'Object Repository/iOS/Send Money screen/Generic text' is exist

2018-11-15 19:24:06 - [MESSAGE][PASSED] - global.verify_element.exist is PASSED

2018-11-15 19:24:06 - [TEST_STEP][PASSED] - global.verify_element.exist: global.verify_element.exist is PASSED

2018-11-15 19:24:09 - [MESSAGE][PASSED] - Element 'Object Repository/iOS/Send Money screen/Generic text' is exist

2018-11-15 19:24:09 - [MESSAGE][PASSED] - global.verify_element.exist is PASSED]]></system-out>
         <system-err><![CDATA[]]></system-err>
      </testcase>
      <testcase name="Test Cases/iOS/Send Money Branch/SMB_18" classname="Test Cases/iOS/Send Money Branch/SMB_18" status="PASSED">
         <system-out><![CDATA[2018-11-15 19:24:09 - [TEST_CASE][PASSED] - Test Cases/iOS/Send Money Branch/SMB_18: Test Cases/iOS/Send Money Branch/SMB_18

2018-11-15 19:24:09 - [TEST_STEP][PASSED] - Statement - Receiver_Current_Address = com.kms.katalon.core.testobject.ObjectRepository.findTestObject(iOS/Send Money screen/Generic text, [label:503 Tindalo, 1442, Cambodia]): Finding Test Object with id 'Object Repository/iOS/Send Money screen/Generic text'

2018-11-15 19:24:09 - [TEST_STEP][PASSED] - Statement - Destination_Country = com.kms.katalon.core.testobject.ObjectRepository.findTestObject(iOS/Send Money screen/Generic text, [label:Cambodia]): Finding Test Object with id 'Object Repository/iOS/Send Money screen/Generic text'

2018-11-15 19:24:09 - [TEST_STEP][PASSED] - iOS.send_money_screen.selectCountry: iOS.send_money_screen.selectCountry is PASSED

2018-11-15 19:24:15 - [MESSAGE][PASSED] - Tapped on element 'Object Repository/iOS/Send Money screen/Country field'

2018-11-15 19:24:34 - [MESSAGE][PASSED] - iOS.send_money_screen.selectCountry is PASSED

2018-11-15 19:24:34 - [TEST_STEP][PASSED] - iOS.send_money_screen.enterPostal: iOS.send_money_screen.enterPostal is PASSED

2018-11-15 19:24:39 - [MESSAGE][PASSED] - Text '1442' has been set to element 'Object Repository/iOS/Send Money screen/Postal field'

2018-11-15 19:24:44 - [MESSAGE][PASSED] - Tapped on element 'Object Repository/iOS/Global/Toolbar Done Button'

2018-11-15 19:24:44 - [MESSAGE][PASSED] - iOS.send_money_screen.enterPostal is PASSED

2018-11-15 19:24:44 - [TEST_STEP][PASSED] - iOS.send_money_screen.enterUnitHouseNumberBuildingStreet: iOS.send_money_screen.enterUnitHouseNumberBuildingStreet is PASSED

2018-11-15 19:24:48 - [MESSAGE][PASSED] - Text '503 Tindalo' has been set to element 'Object Repository/iOS/Send Money screen/UnitHouse NumberBuildingStreet field'

2018-11-15 19:24:53 - [MESSAGE][PASSED] - Tapped on element 'Object Repository/iOS/Send Money screen/Toolbar Done button'

2018-11-15 19:24:53 - [MESSAGE][PASSED] - iOS.send_money_screen.enterUnitHouseNumberBuildingStreet is PASSED

2018-11-15 19:24:53 - [TEST_STEP][PASSED] - iOS.send_money_screen.selectDestinationCountry: iOS.send_money_screen.selectDestinationCountry is PASSED

2018-11-15 19:24:57 - [MESSAGE][PASSED] - Tapped on element 'Object Repository/iOS/Send Money screen/Destination Country field'

2018-11-15 19:25:28 - [MESSAGE][PASSED] - iOS.send_money_screen.selectDestinationCountry is PASSED

2018-11-15 19:25:28 - [TEST_STEP][PASSED] - iOS.send_money_screen.tapSave: iOS.send_money_screen.tapSave is PASSED

2018-11-15 19:25:32 - [MESSAGE][PASSED] - Tapped on element 'Object Repository/iOS/Send Money screen/Save button'

2018-11-15 19:25:35 - [MESSAGE][PASSED] - Delayed 3 second(s)

2018-11-15 19:25:35 - [MESSAGE][PASSED] - iOS.send_money_screen.tapSave is PASSED

2018-11-15 19:25:35 - [TEST_STEP][PASSED] - global.verify_element.exist: global.verify_element.exist is PASSED

2018-11-15 19:25:38 - [MESSAGE][PASSED] - Element 'Object Repository/iOS/Send Money screen/Generic text' is exist

2018-11-15 19:25:38 - [MESSAGE][PASSED] - global.verify_element.exist is PASSED

2018-11-15 19:25:38 - [TEST_STEP][PASSED] - global.verify_element.exist: global.verify_element.exist is PASSED

2018-11-15 19:25:41 - [MESSAGE][PASSED] - Element 'Object Repository/iOS/Send Money screen/Generic text' is exist

2018-11-15 19:25:41 - [MESSAGE][PASSED] - global.verify_element.exist is PASSED]]></system-out>
         <system-err><![CDATA[]]></system-err>
      </testcase>
      <testcase name="Test Cases/iOS/Send Money Branch/SMB_19" classname="Test Cases/iOS/Send Money Branch/SMB_19" status="PASSED">
         <system-out><![CDATA[2018-11-15 19:25:41 - [TEST_CASE][PASSED] - Test Cases/iOS/Send Money Branch/SMB_19: Test Cases/iOS/Send Money Branch/SMB_19

2018-11-15 19:25:42 - [TEST_STEP][PASSED] - Statement - Receiver_Current_Address = com.kms.katalon.core.testobject.ObjectRepository.findTestObject(iOS/Send Money Screen/Generic text, [label:086 Bgy Loob, 3117, Vietnam]): Finding Test Object with id 'Object Repository/iOS/Send Money Screen/Generic text'

2018-11-15 19:25:42 - [TEST_STEP][PASSED] - Statement - Destination_Country = com.kms.katalon.core.testobject.ObjectRepository.findTestObject(iOS/Send Money Screen/Generic text, [label:Vietnam]): Finding Test Object with id 'Object Repository/iOS/Send Money Screen/Generic text'

2018-11-15 19:25:42 - [TEST_STEP][PASSED] - iOS.send_money_screen.tapCurrentAddress: iOS.send_money_screen.tapCurrentAddress is PASSED

2018-11-15 19:25:45 - [MESSAGE][PASSED] - Element 'Object Repository/iOS/Send Money screen/Current Address button' is present

2018-11-15 19:25:48 - [MESSAGE][PASSED] - Tapped on element 'Object Repository/iOS/Send Money screen/Current Address button'

2018-11-15 19:25:48 - [MESSAGE][PASSED] - iOS.send_money_screen.tapCurrentAddress is PASSED

2018-11-15 19:25:48 - [TEST_STEP][PASSED] - Statement - Country_field = com.kms.katalon.core.testobject.ObjectRepository.findTestObject(iOS/Send Money screen/Generic field, [value:Cambodia]): Finding Test Object with id 'Object Repository/iOS/Send Money screen/Generic field'

2018-11-15 19:25:48 - [TEST_STEP][PASSED] - iOS.send_money_screen.selectDropdown: iOS.send_money_screen.selectDropdown is PASSED

2018-11-15 19:25:54 - [MESSAGE][PASSED] - Tapped on element 'Object Repository/iOS/Send Money screen/Generic field'

2018-11-15 19:26:25 - [MESSAGE][PASSED] - iOS.send_money_screen.selectDropdown is PASSED

2018-11-15 19:26:25 - [TEST_STEP][PASSED] - Statement - Postal_field = com.kms.katalon.core.testobject.ObjectRepository.findTestObject(iOS/Send Money screen/Generic field, [value:1442]): Finding Test Object with id 'Object Repository/iOS/Send Money screen/Generic field'

2018-11-15 19:26:25 - [TEST_STEP][PASSED] - iOS.send_money_screen.enterField: iOS.send_money_screen.enterField is PASSED

2018-11-15 19:26:31 - [MESSAGE][PASSED] - Text '3117' has been set to element 'Object Repository/iOS/Send Money screen/Generic field'

2018-11-15 19:26:35 - [MESSAGE][PASSED] - Tapped on element 'Object Repository/iOS/Send Money screen/Toolbar Done button'

2018-11-15 19:26:35 - [MESSAGE][PASSED] - iOS.send_money_screen.enterField is PASSED

2018-11-15 19:26:35 - [TEST_STEP][PASSED] - Statement - UnitHouse_NumberBuildingStreet_field = com.kms.katalon.core.testobject.ObjectRepository.findTestObject(iOS/Send Money screen/Generic field, [value:503 Tindalo]): Finding Test Object with id 'Object Repository/iOS/Send Money screen/Generic field'

2018-11-15 19:26:35 - [TEST_STEP][PASSED] - iOS.send_money_screen.enterField: iOS.send_money_screen.enterField is PASSED

2018-11-15 19:26:41 - [MESSAGE][PASSED] - Text '086 Bgy Loob' has been set to element 'Object Repository/iOS/Send Money screen/Generic field'

2018-11-15 19:26:45 - [MESSAGE][PASSED] - Tapped on element 'Object Repository/iOS/Send Money screen/Toolbar Done button'

2018-11-15 19:26:45 - [MESSAGE][PASSED] - iOS.send_money_screen.enterField is PASSED

2018-11-15 19:26:45 - [TEST_STEP][PASSED] - Statement - Destination_Country_field = com.kms.katalon.core.testobject.ObjectRepository.findTestObject(iOS/Send Money screen/Generic field, [value:Cambodia]): Finding Test Object with id 'Object Repository/iOS/Send Money screen/Generic field'

2018-11-15 19:26:45 - [TEST_STEP][PASSED] - iOS.send_money_screen.selectDropdown: iOS.send_money_screen.selectDropdown is PASSED

2018-11-15 19:26:49 - [MESSAGE][PASSED] - Tapped on element 'Object Repository/iOS/Send Money screen/Generic field'

2018-11-15 19:27:20 - [MESSAGE][PASSED] - iOS.send_money_screen.selectDropdown is PASSED

2018-11-15 19:27:20 - [TEST_STEP][PASSED] - iOS.send_money_screen.tapSave: iOS.send_money_screen.tapSave is PASSED

2018-11-15 19:27:24 - [MESSAGE][PASSED] - Tapped on element 'Object Repository/iOS/Send Money screen/Save button'

2018-11-15 19:27:27 - [MESSAGE][PASSED] - Delayed 3 second(s)

2018-11-15 19:27:27 - [MESSAGE][PASSED] - iOS.send_money_screen.tapSave is PASSED

2018-11-15 19:27:27 - [TEST_STEP][PASSED] - global.verify_element.exist: global.verify_element.exist is PASSED

2018-11-15 19:27:30 - [MESSAGE][PASSED] - Element 'Object Repository/iOS/Send Money Screen/Generic text' is exist

2018-11-15 19:27:30 - [MESSAGE][PASSED] - global.verify_element.exist is PASSED

2018-11-15 19:27:30 - [TEST_STEP][PASSED] - global.verify_element.exist: global.verify_element.exist is PASSED

2018-11-15 19:27:34 - [MESSAGE][PASSED] - Element 'Object Repository/iOS/Send Money Screen/Generic text' is exist

2018-11-15 19:27:34 - [MESSAGE][PASSED] - global.verify_element.exist is PASSED]]></system-out>
         <system-err><![CDATA[]]></system-err>
      </testcase>
      <testcase name="Test Cases/iOS/Send Money Branch/SMB_10" classname="Test Cases/iOS/Send Money Branch/SMB_10" status="PASSED">
         <system-out><![CDATA[2018-11-15 19:27:34 - [TEST_CASE][PASSED] - Test Cases/iOS/Send Money Branch/SMB_10: Test Cases/iOS/Send Money Branch/SMB_10

2018-11-15 19:27:34 - [TEST_STEP][PASSED] - Statement - Country_dropdown = com.kms.katalon.core.testobject.ObjectRepository.findTestObject(iOS/Send Money screen/Generic field, [value:Vietnam]): Finding Test Object with id 'Object Repository/iOS/Send Money screen/Generic field'

2018-11-15 19:27:34 - [TEST_STEP][PASSED] - iOS.send_money_screen.tapCurrentAddress: iOS.send_money_screen.tapCurrentAddress is PASSED

2018-11-15 19:27:37 - [MESSAGE][PASSED] - Element 'Object Repository/iOS/Send Money screen/Current Address button' is present

2018-11-15 19:27:41 - [MESSAGE][PASSED] - Tapped on element 'Object Repository/iOS/Send Money screen/Current Address button'

2018-11-15 19:27:41 - [MESSAGE][PASSED] - iOS.send_money_screen.tapCurrentAddress is PASSED

2018-11-15 19:27:41 - [TEST_STEP][PASSED] - global.verify_element.text: global.verify_element.text is PASSED

2018-11-15 19:27:47 - [MESSAGE][PASSED] - Actual text and expected text of test object 'Object Repository/iOS/Send Money screen/Generic field' are matched.

2018-11-15 19:27:47 - [MESSAGE][PASSED] - global.verify_element.text is PASSED]]></system-out>
         <system-err><![CDATA[]]></system-err>
      </testcase>
      <testcase name="Test Cases/iOS/Send Money Branch/SMB_11" classname="Test Cases/iOS/Send Money Branch/SMB_11" status="PASSED">
         <system-out><![CDATA[2018-11-15 19:27:47 - [TEST_CASE][PASSED] - Test Cases/iOS/Send Money Branch/SMB_11: Test Cases/iOS/Send Money Branch/SMB_11

2018-11-15 19:27:47 - [TEST_STEP][PASSED] - global.verify_element.exist: global.verify_element.exist is PASSED

2018-11-15 19:27:50 - [MESSAGE][PASSED] - Element 'Object Repository/iOS/Send Money screen/ProvinceState field' is exist

2018-11-15 19:27:50 - [MESSAGE][PASSED] - global.verify_element.exist is PASSED

2018-11-15 19:27:50 - [TEST_STEP][PASSED] - global.verify_element.exist: global.verify_element.exist is PASSED

2018-11-15 19:27:53 - [MESSAGE][PASSED] - Element 'Object Repository/iOS/Send Money screen/DistrictCity field' is exist

2018-11-15 19:27:53 - [MESSAGE][PASSED] - global.verify_element.exist is PASSED

2018-11-15 19:27:53 - [TEST_STEP][PASSED] - Statement - Country_dropdown = com.kms.katalon.core.testobject.ObjectRepository.findTestObject(iOS/Send Money screen/Generic field, [value:Vietnam]): Finding Test Object with id 'Object Repository/iOS/Send Money screen/Generic field'

2018-11-15 19:27:53 - [TEST_STEP][PASSED] - iOS.send_money_screen.selectDropdown: iOS.send_money_screen.selectDropdown is PASSED

2018-11-15 19:27:57 - [MESSAGE][PASSED] - Tapped on element 'Object Repository/iOS/Send Money screen/Generic field'

2018-11-15 19:28:29 - [MESSAGE][PASSED] - iOS.send_money_screen.selectDropdown is PASSED

2018-11-15 19:28:29 - [TEST_STEP][PASSED] - global.verify_element.notExist: global.verify_element.notExist is PASSED

2018-11-15 19:28:34 - [MESSAGE][PASSED] - Element 'Object Repository/iOS/Send Money screen/ProvinceState field' not found

2018-11-15 19:28:34 - [MESSAGE][PASSED] - global.verify_element.notExist is PASSED

2018-11-15 19:28:34 - [TEST_STEP][PASSED] - global.verify_element.notExist: global.verify_element.notExist is PASSED

2018-11-15 19:28:41 - [MESSAGE][PASSED] - Element 'Object Repository/iOS/Send Money screen/DistrictCity field' not found

2018-11-15 19:28:41 - [MESSAGE][PASSED] - global.verify_element.notExist is PASSED

2018-11-15 19:28:41 - [TEST_STEP][PASSED] - global.verify_element.exist: global.verify_element.exist is PASSED

2018-11-15 19:28:44 - [MESSAGE][PASSED] - Element 'Object Repository/iOS/Send Money screen/ProvinceState required field' is exist

2018-11-15 19:28:44 - [MESSAGE][PASSED] - global.verify_element.exist is PASSED

2018-11-15 19:28:44 - [TEST_STEP][PASSED] - global.verify_element.exist: global.verify_element.exist is PASSED

2018-11-15 19:28:47 - [MESSAGE][PASSED] - Element 'Object Repository/iOS/Send Money screen/DistrictCity required field' is exist

2018-11-15 19:28:47 - [MESSAGE][PASSED] - global.verify_element.exist is PASSED]]></system-out>
         <system-err><![CDATA[]]></system-err>
      </testcase>
      <testcase name="Test Cases/iOS/Send Money Branch/SMB_12" classname="Test Cases/iOS/Send Money Branch/SMB_12" status="PASSED">
         <system-out><![CDATA[2018-11-15 19:28:47 - [TEST_CASE][PASSED] - Test Cases/iOS/Send Money Branch/SMB_12: Test Cases/iOS/Send Money Branch/SMB_12

2018-11-15 19:28:47 - [TEST_STEP][PASSED] - Statement - Country_dropdown = <not implemented yet for class: org.codehaus.groovy.ast.expr.EmptyExpression>: null

2018-11-15 19:28:47 - [TEST_STEP][PASSED] - Statement - Country_dropdown = com.kms.katalon.core.testobject.ObjectRepository.findTestObject(iOS/Send Money screen/Generic field, [value:Mexico]): Finding Test Object with id 'Object Repository/iOS/Send Money screen/Generic field'

2018-11-15 19:28:47 - [TEST_STEP][PASSED] - iOS.send_money_screen.selectDropdown: iOS.send_money_screen.selectDropdown is PASSED

2018-11-15 19:28:51 - [MESSAGE][PASSED] - Tapped on element 'Object Repository/iOS/Send Money screen/Generic field'

2018-11-15 19:29:23 - [MESSAGE][PASSED] - iOS.send_money_screen.selectDropdown is PASSED

2018-11-15 19:29:23 - [TEST_STEP][PASSED] - global.verify_element.notExist: global.verify_element.notExist is PASSED

2018-11-15 19:29:29 - [MESSAGE][PASSED] - Element 'Object Repository/iOS/Send Money screen/ProvinceState field' not found

2018-11-15 19:29:29 - [MESSAGE][PASSED] - global.verify_element.notExist is PASSED

2018-11-15 19:29:29 - [TEST_STEP][PASSED] - global.verify_element.notExist: global.verify_element.notExist is PASSED

2018-11-15 19:29:34 - [MESSAGE][PASSED] - Element 'Object Repository/iOS/Send Money screen/DistrictCity field' not found

2018-11-15 19:29:34 - [MESSAGE][PASSED] - global.verify_element.notExist is PASSED

2018-11-15 19:29:34 - [TEST_STEP][PASSED] - global.verify_element.exist: global.verify_element.exist is PASSED

2018-11-15 19:29:38 - [MESSAGE][PASSED] - Element 'Object Repository/iOS/Send Money screen/ProvinceState required field' is exist

2018-11-15 19:29:38 - [MESSAGE][PASSED] - global.verify_element.exist is PASSED

2018-11-15 19:29:38 - [TEST_STEP][PASSED] - global.verify_element.exist: global.verify_element.exist is PASSED

2018-11-15 19:29:41 - [MESSAGE][PASSED] - Element 'Object Repository/iOS/Send Money screen/DistrictCity required field' is exist

2018-11-15 19:29:41 - [MESSAGE][PASSED] - global.verify_element.exist is PASSED

2018-11-15 19:29:41 - [TEST_STEP][PASSED] - Statement - Country_dropdown = com.kms.katalon.core.testobject.ObjectRepository.findTestObject(iOS/Send Money screen/Generic field, [value:United States]): Finding Test Object with id 'Object Repository/iOS/Send Money screen/Generic field'

2018-11-15 19:29:41 - [TEST_STEP][PASSED] - iOS.send_money_screen.selectDropdown: iOS.send_money_screen.selectDropdown is PASSED

2018-11-15 19:29:44 - [MESSAGE][PASSED] - Tapped on element 'Object Repository/iOS/Send Money screen/Generic field'

2018-11-15 19:30:15 - [MESSAGE][PASSED] - iOS.send_money_screen.selectDropdown is PASSED

2018-11-15 19:30:15 - [TEST_STEP][PASSED] - global.verify_element.notExist: global.verify_element.notExist is PASSED

2018-11-15 19:30:21 - [MESSAGE][PASSED] - Element 'Object Repository/iOS/Send Money screen/ProvinceState field' not found

2018-11-15 19:30:21 - [MESSAGE][PASSED] - global.verify_element.notExist is PASSED

2018-11-15 19:30:21 - [TEST_STEP][PASSED] - global.verify_element.notExist: global.verify_element.notExist is PASSED

2018-11-15 19:30:27 - [MESSAGE][PASSED] - Element 'Object Repository/iOS/Send Money screen/DistrictCity field' not found

2018-11-15 19:30:27 - [MESSAGE][PASSED] - global.verify_element.notExist is PASSED

2018-11-15 19:30:27 - [TEST_STEP][PASSED] - global.verify_element.exist: global.verify_element.exist is PASSED

2018-11-15 19:30:31 - [MESSAGE][PASSED] - Element 'Object Repository/iOS/Send Money screen/ProvinceState required field' is exist

2018-11-15 19:30:31 - [MESSAGE][PASSED] - global.verify_element.exist is PASSED

2018-11-15 19:30:31 - [TEST_STEP][PASSED] - global.verify_element.exist: global.verify_element.exist is PASSED

2018-11-15 19:30:34 - [MESSAGE][PASSED] - Element 'Object Repository/iOS/Send Money screen/DistrictCity required field' is exist

2018-11-15 19:30:34 - [MESSAGE][PASSED] - global.verify_element.exist is PASSED]]></system-out>
         <system-err><![CDATA[]]></system-err>
      </testcase>
      <testcase name="Test Cases/iOS/Send Money Branch/SMB_13" classname="Test Cases/iOS/Send Money Branch/SMB_13" status="PASSED">
         <system-out><![CDATA[2018-11-15 19:30:34 - [TEST_CASE][PASSED] - Test Cases/iOS/Send Money Branch/SMB_13: Test Cases/iOS/Send Money Branch/SMB_13

2018-11-15 19:30:34 - [TEST_STEP][PASSED] - Statement - Postal_field = com.kms.katalon.core.testobject.ObjectRepository.findTestObject(iOS/Send Money screen/Generic field, [value:3117]): Finding Test Object with id 'Object Repository/iOS/Send Money screen/Generic field'

2018-11-15 19:30:34 - [TEST_STEP][PASSED] - iOS.send_money_screen.enterField: iOS.send_money_screen.enterField is PASSED

2018-11-15 19:30:40 - [MESSAGE][PASSED] - Text '1234567890' has been set to element 'Object Repository/iOS/Send Money screen/Generic field'

2018-11-15 19:30:44 - [MESSAGE][PASSED] - Tapped on element 'Object Repository/iOS/Send Money screen/Toolbar Done button'

2018-11-15 19:30:44 - [MESSAGE][PASSED] - iOS.send_money_screen.enterField is PASSED

2018-11-15 19:30:44 - [TEST_STEP][PASSED] - Statement - Postal_Field = com.kms.katalon.core.testobject.ObjectRepository.findTestObject(iOS/Send Money screen/Generic field, [value:123456789]): Finding Test Object with id 'Object Repository/iOS/Send Money screen/Generic field'

2018-11-15 19:30:44 - [TEST_STEP][PASSED] - global.verify_element.text: global.verify_element.text is PASSED

2018-11-15 19:30:48 - [MESSAGE][PASSED] - Actual text and expected text of test object 'Object Repository/iOS/Send Money screen/Generic field' are matched.

2018-11-15 19:30:48 - [MESSAGE][PASSED] - global.verify_element.text is PASSED]]></system-out>
         <system-err><![CDATA[]]></system-err>
      </testcase>
      <testcase name="Test Cases/iOS/Send Money Branch/SMB_14" classname="Test Cases/iOS/Send Money Branch/SMB_14" status="PASSED">
         <system-out><![CDATA[2018-11-15 19:30:48 - [TEST_CASE][PASSED] - Test Cases/iOS/Send Money Branch/SMB_14: Test Cases/iOS/Send Money Branch/SMB_14

2018-11-15 19:30:48 - [TEST_STEP][PASSED] - Statement - UnitHouse_NumberBuildingStreet_field = <not implemented yet for class: org.codehaus.groovy.ast.expr.EmptyExpression>: null

2018-11-15 19:30:48 - [TEST_STEP][PASSED] - Statement - UnitHouse_NumberBuildingStreet_field = com.kms.katalon.core.testobject.ObjectRepository.findTestObject(iOS/Send Money screen/Generic field, [value:086 Bgy Loob]): Finding Test Object with id 'Object Repository/iOS/Send Money screen/Generic field'

2018-11-15 19:30:48 - [TEST_STEP][PASSED] - iOS.send_money_screen.enterField: iOS.send_money_screen.enterField is PASSED

2018-11-15 19:30:55 - [MESSAGE][PASSED] - Text '123qwertyuiopasdfghjklzxcvbnmqwertyuirtrt' has been set to element 'Object Repository/iOS/Send Money screen/Generic field'

2018-11-15 19:31:00 - [MESSAGE][PASSED] - Tapped on element 'Object Repository/iOS/Send Money screen/Toolbar Done button'

2018-11-15 19:31:00 - [MESSAGE][PASSED] - iOS.send_money_screen.enterField is PASSED

2018-11-15 19:31:00 - [TEST_STEP][PASSED] - Statement - UnitHouse_NumberBuildingStreet_field = com.kms.katalon.core.testobject.ObjectRepository.findTestObject(iOS/Send Money screen/Generic field, [value:123qwertyuiopasdfghjklzxcvbnmqwertyuirtr]): Finding Test Object with id 'Object Repository/iOS/Send Money screen/Generic field'

2018-11-15 19:31:00 - [TEST_STEP][PASSED] - global.verify_element.text: global.verify_element.text is PASSED

2018-11-15 19:31:04 - [MESSAGE][PASSED] - Actual text and expected text of test object 'Object Repository/iOS/Send Money screen/Generic field' are matched.

2018-11-15 19:31:04 - [MESSAGE][PASSED] - global.verify_element.text is PASSED]]></system-out>
         <system-err><![CDATA[]]></system-err>
      </testcase>
      <testcase name="Test Cases/iOS/Send Money Branch/SMB_15" classname="Test Cases/iOS/Send Money Branch/SMB_15" status="PASSED">
         <system-out><![CDATA[2018-11-15 19:31:04 - [TEST_CASE][PASSED] - Test Cases/iOS/Send Money Branch/SMB_15: Test Cases/iOS/Send Money Branch/SMB_15

2018-11-15 19:31:04 - [TEST_STEP][PASSED] - Statement - Destination_Country_field = <not implemented yet for class: org.codehaus.groovy.ast.expr.EmptyExpression>: null

2018-11-15 19:31:04 - [TEST_STEP][PASSED] - Statement - Destination_Country_field = com.kms.katalon.core.testobject.ObjectRepository.findTestObject(iOS/Send Money screen/Generic field, [value:Vietnam]): Finding Test Object with id 'Object Repository/iOS/Send Money screen/Generic field'

2018-11-15 19:31:04 - [TEST_STEP][PASSED] - iOS.send_money_screen.selectDropdown: iOS.send_money_screen.selectDropdown is PASSED

2018-11-15 19:31:07 - [MESSAGE][PASSED] - Tapped on element 'Object Repository/iOS/Send Money screen/Generic field'

2018-11-15 19:31:40 - [MESSAGE][PASSED] - iOS.send_money_screen.selectDropdown is PASSED

2018-11-15 19:31:40 - [TEST_STEP][PASSED] - Statement - Destination_Country_field = com.kms.katalon.core.testobject.ObjectRepository.findTestObject(iOS/Send Money screen/Generic field, [value:Mexico]): Finding Test Object with id 'Object Repository/iOS/Send Money screen/Generic field'

2018-11-15 19:31:40 - [TEST_STEP][PASSED] - global.verify_element.text: global.verify_element.text is PASSED

2018-11-15 19:31:44 - [MESSAGE][PASSED] - Actual text and expected text of test object 'Object Repository/iOS/Send Money screen/Generic field' are matched.

2018-11-15 19:31:44 - [MESSAGE][PASSED] - global.verify_element.text is PASSED]]></system-out>
         <system-err><![CDATA[]]></system-err>
      </testcase>
      <testcase name="Test Cases/iOS/Send Money Branch/SMB_16" classname="Test Cases/iOS/Send Money Branch/SMB_16" status="PASSED">
         <system-out><![CDATA[2018-11-15 19:31:44 - [TEST_CASE][PASSED] - Test Cases/iOS/Send Money Branch/SMB_16: Test Cases/iOS/Send Money Branch/SMB_16

2018-11-15 19:31:45 - [TEST_STEP][PASSED] - global.verify_element.exist: global.verify_element.exist is PASSED

2018-11-15 19:31:51 - [MESSAGE][PASSED] - Element 'Object Repository/iOS/Send Money screen/Destination ProvinceState required field' is exist

2018-11-15 19:31:51 - [MESSAGE][PASSED] - global.verify_element.exist is PASSED

2018-11-15 19:31:51 - [TEST_STEP][PASSED] - global.verify_element.exist: global.verify_element.exist is PASSED

2018-11-15 19:31:57 - [MESSAGE][PASSED] - Element 'Object Repository/iOS/Send Money screen/Destination DistrictCity required field' is exist

2018-11-15 19:31:57 - [MESSAGE][PASSED] - global.verify_element.exist is PASSED]]></system-out>
         <system-err><![CDATA[]]></system-err>
      </testcase>
      <testcase name="Test Cases/iOS/Send Money Branch/SMB_20" classname="Test Cases/iOS/Send Money Branch/SMB_20" status="PASSED">
         <system-out><![CDATA[2018-11-15 19:31:57 - [TEST_CASE][PASSED] - Test Cases/iOS/Send Money Branch/SMB_20: Test Cases/iOS/Send Money Branch/SMB_20

2018-11-15 19:31:57 - [TEST_STEP][PASSED] - iOS.send_money_screen.tapClose: iOS.send_money_screen.tapClose is PASSED

2018-11-15 19:32:01 - [MESSAGE][PASSED] - Tapped on element 'Object Repository/iOS/Send Money screen/Close button'

2018-11-15 19:32:01 - [MESSAGE][PASSED] - iOS.send_money_screen.tapClose is PASSED

2018-11-15 19:32:01 - [TEST_STEP][PASSED] - iOS.send_money_screen.tapSenderEmploymentInformation: iOS.send_money_screen.tapSenderEmploymentInformation is PASSED

2018-11-15 19:32:06 - [MESSAGE][PASSED] - Tapped on element 'Object Repository/iOS/Send Money screen/Sender Employment Information button'

2018-11-15 19:32:06 - [MESSAGE][PASSED] - iOS.send_money_screen.tapSenderEmploymentInformation is PASSED

2018-11-15 19:32:06 - [TEST_STEP][PASSED] - global.verify_element.exist: global.verify_element.exist is PASSED

2018-11-15 19:32:10 - [MESSAGE][PASSED] - Element 'Object Repository/iOS/Send Money screen/Occupation field' is exist

2018-11-15 19:32:10 - [MESSAGE][PASSED] - global.verify_element.exist is PASSED

2018-11-15 19:32:10 - [TEST_STEP][PASSED] - global.verify_element.exist: global.verify_element.exist is PASSED

2018-11-15 19:32:12 - [MESSAGE][PASSED] - Element 'Object Repository/iOS/Send Money screen/Source of Funds field' is exist

2018-11-15 19:32:12 - [MESSAGE][PASSED] - global.verify_element.exist is PASSED]]></system-out>
         <system-err><![CDATA[]]></system-err>
      </testcase>
      <testcase name="Test Cases/iOS/Send Money Branch/SMB_25" classname="Test Cases/iOS/Send Money Branch/SMB_25" status="PASSED">
         <system-out><![CDATA[2018-11-15 19:32:12 - [TEST_CASE][PASSED] - Test Cases/iOS/Send Money Branch/SMB_25: Test Cases/iOS/Send Money Branch/SMB_25

2018-11-15 19:32:12 - [TEST_STEP][PASSED] - Statement - Occupation_is_required_error = com.kms.katalon.core.testobject.ObjectRepository.findTestObject(iOS/Send Money screen/Generic text, [label:Occupation is required]): Finding Test Object with id 'Object Repository/iOS/Send Money screen/Generic text'

2018-11-15 19:32:12 - [TEST_STEP][PASSED] - Statement - Position_is_required_error = com.kms.katalon.core.testobject.ObjectRepository.findTestObject(iOS/Send Money screen/Generic text, [label:Position is required]): Finding Test Object with id 'Object Repository/iOS/Send Money screen/Generic text'

2018-11-15 19:32:12 - [TEST_STEP][PASSED] - Statement - Source_of_funds_is_required_error = com.kms.katalon.core.testobject.ObjectRepository.findTestObject(iOS/Send Money screen/Generic text, [label:Source of funds is required]): Finding Test Object with id 'Object Repository/iOS/Send Money screen/Generic text'

2018-11-15 19:32:12 - [TEST_STEP][PASSED] - Statement - Employer_is_required_error = com.kms.katalon.core.testobject.ObjectRepository.findTestObject(iOS/Send Money screen/Generic text, [label:Employer is required]): Finding Test Object with id 'Object Repository/iOS/Send Money screen/Generic text'

2018-11-15 19:32:12 - [TEST_STEP][PASSED] - iOS.send_money_screen.tapSave: iOS.send_money_screen.tapSave is PASSED

2018-11-15 19:32:15 - [MESSAGE][PASSED] - Tapped on element 'Object Repository/iOS/Send Money screen/Save button'

2018-11-15 19:32:18 - [MESSAGE][PASSED] - Delayed 3 second(s)

2018-11-15 19:32:18 - [MESSAGE][PASSED] - iOS.send_money_screen.tapSave is PASSED

2018-11-15 19:32:18 - [TEST_STEP][PASSED] - global.verify_element.exist: global.verify_element.exist is PASSED

2018-11-15 19:32:21 - [MESSAGE][PASSED] - Element 'Object Repository/iOS/Send Money screen/Generic text' is exist

2018-11-15 19:32:21 - [MESSAGE][PASSED] - global.verify_element.exist is PASSED

2018-11-15 19:32:21 - [TEST_STEP][PASSED] - global.verify_element.exist: global.verify_element.exist is PASSED

2018-11-15 19:32:24 - [MESSAGE][PASSED] - Element 'Object Repository/iOS/Send Money screen/Generic text' is exist

2018-11-15 19:32:24 - [MESSAGE][PASSED] - global.verify_element.exist is PASSED

2018-11-15 19:32:24 - [TEST_STEP][PASSED] - global.verify_element.exist: global.verify_element.exist is PASSED

2018-11-15 19:32:27 - [MESSAGE][PASSED] - Element 'Object Repository/iOS/Send Money screen/Generic text' is exist

2018-11-15 19:32:27 - [MESSAGE][PASSED] - global.verify_element.exist is PASSED

2018-11-15 19:32:27 - [TEST_STEP][PASSED] - global.verify_element.exist: global.verify_element.exist is PASSED

2018-11-15 19:32:29 - [MESSAGE][PASSED] - Element 'Object Repository/iOS/Send Money screen/Generic text' is exist

2018-11-15 19:32:29 - [MESSAGE][PASSED] - global.verify_element.exist is PASSED]]></system-out>
         <system-err><![CDATA[]]></system-err>
      </testcase>
      <testcase name="Test Cases/iOS/Send Money Branch/SMB_21" classname="Test Cases/iOS/Send Money Branch/SMB_21" status="PASSED">
         <system-out><![CDATA[2018-11-15 19:32:29 - [TEST_CASE][PASSED] - Test Cases/iOS/Send Money Branch/SMB_21: Test Cases/iOS/Send Money Branch/SMB_21

2018-11-15 19:32:29 - [TEST_STEP][PASSED] - Statement - sendMoneyScreen = sendMoneyScreen_iOS: null

2018-11-15 19:32:29 - [TEST_STEP][PASSED] - iOS.send_money_screen.selectOccupation: iOS.send_money_screen.selectOccupation is PASSED

2018-11-15 19:32:32 - [MESSAGE][PASSED] - Tapped on element 'Object Repository/iOS/Send Money screen/Occupation field'

2018-11-15 19:32:43 - [MESSAGE][PASSED] - iOS.send_money_screen.selectOccupation is PASSED

2018-11-15 19:32:43 - [TEST_STEP][PASSED] - global.verify_element.exist: global.verify_element.exist is PASSED

2018-11-15 19:32:46 - [MESSAGE][PASSED] - Element 'Object Repository/iOS/Send Money screen/Source of Funds field' is exist

2018-11-15 19:32:46 - [MESSAGE][PASSED] - global.verify_element.exist is PASSED

2018-11-15 19:32:46 - [TEST_STEP][PASSED] - global.verify_element.notExist: global.verify_element.notExist is PASSED

2018-11-15 19:32:51 - [MESSAGE][PASSED] - Element 'Object Repository/iOS/Send Money screen/Position field' not found

2018-11-15 19:32:51 - [MESSAGE][PASSED] - global.verify_element.notExist is PASSED

2018-11-15 19:32:51 - [TEST_STEP][PASSED] - global.verify_element.notExist: global.verify_element.notExist is PASSED

2018-11-15 19:32:56 - [MESSAGE][PASSED] - Element 'Object Repository/iOS/Send Money screen/Employer Name field' not found

2018-11-15 19:32:56 - [MESSAGE][PASSED] - global.verify_element.notExist is PASSED

2018-11-15 19:32:56 - [TEST_STEP][PASSED] - Statement - Occupation_field = com.kms.katalon.core.testobject.ObjectRepository.findTestObject((sendMoneyScreen + Generic field), [value:Unemployed]): Finding Test Object with id 'Object Repository/iOS/Send Money screen/Generic field'

2018-11-15 19:32:56 - [TEST_STEP][PASSED] - iOS.send_money_screen.selectDropdown: iOS.send_money_screen.selectDropdown is PASSED

2018-11-15 19:32:59 - [MESSAGE][PASSED] - Tapped on element 'Object Repository/iOS/Send Money screen/Generic field'

2018-11-15 19:33:10 - [MESSAGE][PASSED] - iOS.send_money_screen.selectDropdown is PASSED

2018-11-15 19:33:10 - [TEST_STEP][PASSED] - global.verify_element.exist: global.verify_element.exist is PASSED

2018-11-15 19:33:13 - [MESSAGE][PASSED] - Element 'Object Repository/iOS/Send Money screen/Source of Funds field' is exist

2018-11-15 19:33:13 - [MESSAGE][PASSED] - global.verify_element.exist is PASSED

2018-11-15 19:33:13 - [TEST_STEP][PASSED] - global.verify_element.notExist: global.verify_element.notExist is PASSED

2018-11-15 19:33:19 - [MESSAGE][PASSED] - Element 'Object Repository/iOS/Send Money screen/Position field' not found

2018-11-15 19:33:19 - [MESSAGE][PASSED] - global.verify_element.notExist is PASSED

2018-11-15 19:33:19 - [TEST_STEP][PASSED] - global.verify_element.exist: global.verify_element.exist is PASSED

2018-11-15 19:33:21 - [MESSAGE][PASSED] - Element 'Object Repository/iOS/Send Money screen/School Name field' is exist

2018-11-15 19:33:21 - [MESSAGE][PASSED] - global.verify_element.exist is PASSED

2018-11-15 19:33:21 - [TEST_STEP][PASSED] - Statement - Occupation_field = com.kms.katalon.core.testobject.ObjectRepository.findTestObject((sendMoneyScreen + Generic field), [value:Student]): Finding Test Object with id 'Object Repository/iOS/Send Money screen/Generic field'

2018-11-15 19:33:21 - [TEST_STEP][PASSED] - iOS.send_money_screen.selectDropdown: iOS.send_money_screen.selectDropdown is PASSED

2018-11-15 19:33:24 - [MESSAGE][PASSED] - Tapped on element 'Object Repository/iOS/Send Money screen/Generic field'

2018-11-15 19:33:35 - [MESSAGE][PASSED] - iOS.send_money_screen.selectDropdown is PASSED

2018-11-15 19:33:35 - [TEST_STEP][PASSED] - global.verify_element.exist: global.verify_element.exist is PASSED

2018-11-15 19:33:38 - [MESSAGE][PASSED] - Element 'Object Repository/iOS/Send Money screen/Source of Funds field' is exist

2018-11-15 19:33:38 - [MESSAGE][PASSED] - global.verify_element.exist is PASSED

2018-11-15 19:33:38 - [TEST_STEP][PASSED] - global.verify_element.notExist: global.verify_element.notExist is PASSED

2018-11-15 19:33:44 - [MESSAGE][PASSED] - Element 'Object Repository/iOS/Send Money screen/Position field' not found

2018-11-15 19:33:44 - [MESSAGE][PASSED] - global.verify_element.notExist is PASSED

2018-11-15 19:33:44 - [TEST_STEP][PASSED] - global.verify_element.exist: global.verify_element.exist is PASSED

2018-11-15 19:33:47 - [MESSAGE][PASSED] - Element 'Object Repository/iOS/Send Money screen/Employer Name field' is exist

2018-11-15 19:33:47 - [MESSAGE][PASSED] - global.verify_element.exist is PASSED

2018-11-15 19:33:47 - [TEST_STEP][PASSED] - Statement - Occupation_field = com.kms.katalon.core.testobject.ObjectRepository.findTestObject((sendMoneyScreen + Generic field), [value:Driver]): Finding Test Object with id 'Object Repository/iOS/Send Money screen/Generic field'

2018-11-15 19:33:47 - [TEST_STEP][PASSED] - iOS.send_money_screen.selectDropdown: iOS.send_money_screen.selectDropdown is PASSED

2018-11-15 19:33:49 - [MESSAGE][PASSED] - Tapped on element 'Object Repository/iOS/Send Money screen/Generic field'

2018-11-15 19:34:01 - [MESSAGE][PASSED] - iOS.send_money_screen.selectDropdown is PASSED

2018-11-15 19:34:01 - [TEST_STEP][PASSED] - global.verify_element.exist: global.verify_element.exist is PASSED

2018-11-15 19:34:04 - [MESSAGE][PASSED] - Element 'Object Repository/iOS/Send Money screen/Source of Funds field' is exist

2018-11-15 19:34:04 - [MESSAGE][PASSED] - global.verify_element.exist is PASSED

2018-11-15 19:34:04 - [TEST_STEP][PASSED] - global.verify_element.exist: global.verify_element.exist is PASSED

2018-11-15 19:34:07 - [MESSAGE][PASSED] - Element 'Object Repository/iOS/Send Money screen/Position field' is exist

2018-11-15 19:34:07 - [MESSAGE][PASSED] - global.verify_element.exist is PASSED

2018-11-15 19:34:07 - [TEST_STEP][PASSED] - global.verify_element.exist: global.verify_element.exist is PASSED

2018-11-15 19:34:10 - [MESSAGE][PASSED] - Element 'Object Repository/iOS/Send Money screen/Employer Name field' is exist

2018-11-15 19:34:10 - [MESSAGE][PASSED] - global.verify_element.exist is PASSED]]></system-out>
         <system-err><![CDATA[]]></system-err>
      </testcase>
      <testcase name="Test Cases/iOS/Send Money Branch/SMB_22" classname="Test Cases/iOS/Send Money Branch/SMB_22" status="PASSED">
         <system-out><![CDATA[2018-11-15 19:34:10 - [TEST_CASE][PASSED] - Test Cases/iOS/Send Money Branch/SMB_22: Test Cases/iOS/Send Money Branch/SMB_22

2018-11-15 19:34:10 - [TEST_STEP][PASSED] - Statement - Position_field = com.kms.katalon.core.testobject.ObjectRepository.findTestObject(iOS/Send Money screen/Generic field, [value:Entry Level]): Finding Test Object with id 'Object Repository/iOS/Send Money screen/Generic field'

2018-11-15 19:34:10 - [TEST_STEP][PASSED] - iOS.send_money_screen.selectPosition: iOS.send_money_screen.selectPosition is PASSED

2018-11-15 19:34:13 - [MESSAGE][PASSED] - Tapped on element 'Object Repository/iOS/Send Money screen/Position field'

2018-11-15 19:34:21 - [MESSAGE][PASSED] - iOS.send_money_screen.selectPosition is PASSED

2018-11-15 19:34:21 - [TEST_STEP][PASSED] - global.verify_element.text: global.verify_element.text is PASSED

2018-11-15 19:34:24 - [MESSAGE][PASSED] - Actual text and expected text of test object 'Object Repository/iOS/Send Money screen/Generic field' are matched.

2018-11-15 19:34:24 - [MESSAGE][PASSED] - global.verify_element.text is PASSED]]></system-out>
         <system-err><![CDATA[]]></system-err>
      </testcase>
      <testcase name="Test Cases/iOS/Send Money Branch/SMB_23" classname="Test Cases/iOS/Send Money Branch/SMB_23" status="PASSED">
         <system-out><![CDATA[2018-11-15 19:34:24 - [TEST_CASE][PASSED] - Test Cases/iOS/Send Money Branch/SMB_23: Test Cases/iOS/Send Money Branch/SMB_23

2018-11-15 19:34:25 - [TEST_STEP][PASSED] - iOS.send_money_screen.selectSourceOfFunds: iOS.send_money_screen.selectSourceOfFunds is PASSED

2018-11-15 19:34:28 - [MESSAGE][PASSED] - Tapped on element 'Object Repository/iOS/Send Money screen/Source of Funds field'

2018-11-15 19:34:35 - [MESSAGE][PASSED] - iOS.send_money_screen.selectSourceOfFunds is PASSED

2018-11-15 19:34:35 - [TEST_STEP][PASSED] - Statement - Source_of_Funds_field = com.kms.katalon.core.testobject.ObjectRepository.findTestObject(iOS/Send Money screen/Generic field, [value:Salary/Income]): Finding Test Object with id 'Object Repository/iOS/Send Money screen/Generic field'

2018-11-15 19:34:35 - [TEST_STEP][PASSED] - global.verify_element.text: global.verify_element.text is PASSED

2018-11-15 19:34:39 - [MESSAGE][PASSED] - Actual text and expected text of test object 'Object Repository/iOS/Send Money screen/Generic field' are matched.

2018-11-15 19:34:39 - [MESSAGE][PASSED] - global.verify_element.text is PASSED]]></system-out>
         <system-err><![CDATA[]]></system-err>
      </testcase>
      <testcase name="Test Cases/iOS/Send Money Branch/SMB_24" classname="Test Cases/iOS/Send Money Branch/SMB_24" status="PASSED">
         <system-out><![CDATA[2018-11-15 19:34:39 - [TEST_CASE][PASSED] - Test Cases/iOS/Send Money Branch/SMB_24: Test Cases/iOS/Send Money Branch/SMB_24

2018-11-15 19:34:39 - [TEST_STEP][PASSED] - iOS.send_money_screen.enterEmployerName: iOS.send_money_screen.enterEmployerName is PASSED

2018-11-15 19:34:43 - [MESSAGE][PASSED] - Text 'White Cloak Inc.' has been set to element 'Object Repository/iOS/Send Money screen/Employer Name field'

2018-11-15 19:34:43 - [MESSAGE][PASSED] - iOS.send_money_screen.enterEmployerName is PASSED

2018-11-15 19:34:43 - [TEST_STEP][PASSED] - Statement - Employer_Name_field = com.kms.katalon.core.testobject.ObjectRepository.findTestObject(iOS/Send Money screen/Generic field, [value:White Cloak Inc.]): Finding Test Object with id 'Object Repository/iOS/Send Money screen/Generic field'

2018-11-15 19:34:43 - [TEST_STEP][PASSED] - global.verify_element.text: global.verify_element.text is PASSED

2018-11-15 19:34:47 - [MESSAGE][PASSED] - Actual text and expected text of test object 'Object Repository/iOS/Send Money screen/Generic field' are matched.

2018-11-15 19:34:47 - [MESSAGE][PASSED] - global.verify_element.text is PASSED]]></system-out>
         <system-err><![CDATA[]]></system-err>
      </testcase>
      <testcase name="Test Cases/iOS/Send Money Branch/SMB_26" classname="Test Cases/iOS/Send Money Branch/SMB_26" status="PASSED">
         <system-out><![CDATA[2018-11-15 19:34:47 - [TEST_CASE][PASSED] - Test Cases/iOS/Send Money Branch/SMB_26: Test Cases/iOS/Send Money Branch/SMB_26

2018-11-15 19:34:47 - [TEST_STEP][PASSED] - Statement - Occupation_and_Level = com.kms.katalon.core.testobject.ObjectRepository.findTestObject(iOS/Send Money screen/Generic text, [label:IT and Tech Professional, Entry Level]): Finding Test Object with id 'Object Repository/iOS/Send Money screen/Generic text'

2018-11-15 19:34:47 - [TEST_STEP][PASSED] - Statement - Source_of_Funds = com.kms.katalon.core.testobject.ObjectRepository.findTestObject(iOS/Send Money screen/Generic text, [label:Salary/Income]): Finding Test Object with id 'Object Repository/iOS/Send Money screen/Generic text'

2018-11-15 19:34:47 - [TEST_STEP][PASSED] - Statement - Employer_Name = com.kms.katalon.core.testobject.ObjectRepository.findTestObject(iOS/Send Money screen/Generic text, [label:White Cloak Inc.]): Finding Test Object with id 'Object Repository/iOS/Send Money screen/Generic text'

2018-11-15 19:34:47 - [TEST_STEP][PASSED] - iOS.send_money_screen.tapSave: iOS.send_money_screen.tapSave is PASSED

2018-11-15 19:34:52 - [MESSAGE][PASSED] - Tapped on element 'Object Repository/iOS/Send Money screen/Save button'

2018-11-15 19:34:55 - [MESSAGE][PASSED] - Delayed 3 second(s)

2018-11-15 19:34:55 - [MESSAGE][PASSED] - iOS.send_money_screen.tapSave is PASSED

2018-11-15 19:34:55 - [TEST_STEP][PASSED] - global.verify_element.exist: global.verify_element.exist is PASSED

2018-11-15 19:35:02 - [MESSAGE][PASSED] - Element 'Object Repository/iOS/Send Money screen/Generic text' is exist

2018-11-15 19:35:02 - [MESSAGE][PASSED] - global.verify_element.exist is PASSED

2018-11-15 19:35:02 - [TEST_STEP][PASSED] - global.verify_element.exist: global.verify_element.exist is PASSED

2018-11-15 19:35:10 - [MESSAGE][PASSED] - Element 'Object Repository/iOS/Send Money screen/Generic text' is exist

2018-11-15 19:35:10 - [MESSAGE][PASSED] - global.verify_element.exist is PASSED

2018-11-15 19:35:10 - [TEST_STEP][PASSED] - global.verify_element.exist: global.verify_element.exist is PASSED

2018-11-15 19:35:17 - [MESSAGE][PASSED] - Element 'Object Repository/iOS/Send Money screen/Generic text' is exist

2018-11-15 19:35:17 - [MESSAGE][PASSED] - global.verify_element.exist is PASSED

2018-11-15 19:35:17 - [TEST_STEP][PASSED] - closeApplication: Close app successfully

2018-11-15 19:35:17 - [MESSAGE][PASSED] - Close app successfully]]></system-out>
         <system-err><![CDATA[]]></system-err>
      </testcase>
      <testcase name="Test Cases/iOS/Send Money Branch/SMB_29" classname="Test Cases/iOS/Send Money Branch/SMB_29" status="PASSED">
         <system-out><![CDATA[2018-11-15 19:35:17 - [TEST_CASE][PASSED] - Test Cases/iOS/Send Money Branch/SMB_29: Test Cases/iOS/Send Money Branch/SMB_29

2018-11-15 19:35:17 - [TEST_STEP][PASSED] - Statement - randomFirstName = new global.random_data().firstName(): null

2018-11-15 19:35:17 - [TEST_STEP][PASSED] - Statement - randomMiddleName = new global.random_data().middleName(): null

2018-11-15 19:35:17 - [TEST_STEP][PASSED] - Statement - randomLastName = new global.random_data().lastName(): null

2018-11-15 19:35:17 - [TEST_STEP][PASSED] - Statement - randomMobileNumber = new global.random_data().mobileNumber(): null

2018-11-15 19:35:17 - [TEST_STEP][PASSED] - Statement - randomPhoneNumber = new global.random_data().phoneNumber(): null

2018-11-15 19:35:17 - [TEST_STEP][PASSED] - Statement - randomSourceOfFunds = new global.random_data().sourceOfFunds(): null

2018-11-15 19:35:18 - [TEST_STEP][PASSED] - Statement - firstName = randomFirstName: null

2018-11-15 19:35:18 - [TEST_STEP][PASSED] - Statement - middleName = randomMiddleName: null

2018-11-15 19:35:18 - [TEST_STEP][PASSED] - Statement - lastName = randomLastName: null

2018-11-15 19:35:18 - [TEST_STEP][PASSED] - Statement - mobileNumber = randomMobileNumber: null

2018-11-15 19:35:18 - [TEST_STEP][PASSED] - Statement - phoneNumber = randomPhoneNumber: null

2018-11-15 19:35:18 - [TEST_STEP][PASSED] - Statement - sourceOfFunds = randomSourceOfFunds: null

2018-11-15 19:35:18 - [TEST_STEP][PASSED] - Statement - Enter_amount_first_error = com.kms.katalon.core.testobject.ObjectRepository.findTestObject(iOS/Send Money screen/Generic text, [label:Please enter amount first]): Finding Test Object with id 'Object Repository/iOS/Send Money screen/Generic text'

2018-11-15 19:35:18 - [TEST_STEP][PASSED] - startApplication: Started app at: '/Users/buenaanda/Documents/mobile-automation-katalon/Data Files/PeraHub_v3.2.0-Dev.app'

2018-11-15 19:35:34 - [MESSAGE][PASSED] - Started app at: '/Users/buenaanda/Documents/mobile-automation-katalon/Data Files/PeraHub_v3.2.0-Dev.app'

2018-11-15 19:35:34 - [TEST_STEP][PASSED] - iOS.login_screen.enterPassword: iOS.login_screen.enterPassword is PASSED

2018-11-15 19:35:37 - [MESSAGE][PASSED] - Text 'Hello!23' has been set to element 'Object Repository/iOS/Login screen/Password field'

2018-11-15 19:35:39 - [MESSAGE][PASSED] - Keyboard is hidden

2018-11-15 19:35:39 - [MESSAGE][PASSED] - iOS.login_screen.enterPassword is PASSED

2018-11-15 19:35:39 - [TEST_STEP][PASSED] - iOS.login_screen.tapSignIn: iOS.login_screen.tapSignIn is PASSED

2018-11-15 19:35:41 - [MESSAGE][PASSED] - Tapped on element 'Object Repository/iOS/Login screen/Sign in button'

2018-11-15 19:35:44 - [MESSAGE][PASSED] - Delayed 3 second(s)

2018-11-15 19:35:44 - [MESSAGE][PASSED] - iOS.login_screen.tapSignIn is PASSED

2018-11-15 19:35:44 - [TEST_STEP][PASSED] - iOS.otp_verification_screen.enterOTP: iOS.otp_verification_screen.enterOTP is PASSED

2018-11-15 19:35:46 - [MESSAGE][PASSED] - Element 'Object Repository/iOS/OTP Verification screen/OTP Verification screen' is present

2018-11-15 19:35:47 - [MESSAGE][PASSED] - iOS.otp_verification_screen.enterOTP is PASSED

2018-11-15 19:35:47 - [TEST_STEP][PASSED] - iOS.navigation_menu.tapTransferMoney: iOS.navigation_menu.tapTransferMoney is PASSED

2018-11-15 19:35:47 - [MESSAGE][WARNING] - Timeout '0' is invalid. Using default page load timeout: '15'

2018-11-15 19:35:55 - [MESSAGE][PASSED] - Tapped on element 'Object Repository/iOS/Navigation menu/Transfer Money menu'

2018-11-15 19:35:55 - [MESSAGE][PASSED] - iOS.navigation_menu.tapTransferMoney is PASSED

2018-11-15 19:35:55 - [TEST_STEP][PASSED] - iOS.transfer_money_screen.tapSendMoney: iOS.transfer_money_screen.tapSendMoney is PASSED

2018-11-15 19:35:55 - [MESSAGE][WARNING] - Timeout '0' is invalid. Using default page load timeout: '15'

2018-11-15 19:35:58 - [MESSAGE][PASSED] - Tapped on element 'Object Repository/iOS/Transfer Money screen/Send Money button'

2018-11-15 19:35:58 - [MESSAGE][PASSED] - iOS.transfer_money_screen.tapSendMoney is PASSED

2018-11-15 19:35:58 - [TEST_STEP][PASSED] - iOS.transfer_money_screen.tapBranchTransaction: iOS.transfer_money_screen.tapBranchTransaction is PASSED

2018-11-15 19:36:05 - [MESSAGE][PASSED] - Tapped on element 'Object Repository/iOS/Transfer Money screen/Branch Transaction button'

2018-11-15 19:36:05 - [MESSAGE][PASSED] - iOS.transfer_money_screen.tapBranchTransaction is PASSED

2018-11-15 19:36:05 - [TEST_STEP][PASSED] - iOS.send_money_screen.tapPersonalInformation: iOS.send_money_screen.tapPersonalInformation is PASSED

2018-11-15 19:36:10 - [MESSAGE][PASSED] - Tapped on element 'Object Repository/iOS/Send Money screen/Personal Information button'

2018-11-15 19:36:10 - [MESSAGE][PASSED] - iOS.send_money_screen.tapPersonalInformation is PASSED

2018-11-15 19:36:10 - [TEST_STEP][PASSED] - iOS.send_money_screen.enterFirstName: iOS.send_money_screen.enterFirstName is PASSED

2018-11-15 19:36:14 - [MESSAGE][PASSED] - Text 'Nola' has been set to element 'Object Repository/iOS/Send Money screen/First Name field'

2018-11-15 19:36:14 - [MESSAGE][PASSED] - iOS.send_money_screen.enterFirstName is PASSED

2018-11-15 19:36:14 - [TEST_STEP][PASSED] - iOS.send_money_screen.enterMiddleName: iOS.send_money_screen.enterMiddleName is PASSED

2018-11-15 19:36:19 - [MESSAGE][PASSED] - Text 'Hodkiewicz' has been set to element 'Object Repository/iOS/Send Money screen/Middle Name field'

2018-11-15 19:36:19 - [MESSAGE][PASSED] - iOS.send_money_screen.enterMiddleName is PASSED

2018-11-15 19:36:19 - [TEST_STEP][PASSED] - iOS.send_money_screen.enterLastName: iOS.send_money_screen.enterLastName is PASSED

2018-11-15 19:36:23 - [MESSAGE][PASSED] - Text 'Leannon' has been set to element 'Object Repository/iOS/Send Money screen/Last Name field'

2018-11-15 19:36:23 - [MESSAGE][PASSED] - iOS.send_money_screen.enterLastName is PASSED

2018-11-15 19:36:23 - [TEST_STEP][PASSED] - iOS.send_money_screen.enterMobileNumber: iOS.send_money_screen.enterMobileNumber is PASSED

2018-11-15 19:36:27 - [MESSAGE][PASSED] - Text '11607115681' has been set to element 'Object Repository/iOS/Send Money screen/Mobile Number field'

2018-11-15 19:36:31 - [MESSAGE][PASSED] - Tapped on element 'Object Repository/iOS/Global/Toolbar Done Button'

2018-11-15 19:36:31 - [MESSAGE][PASSED] - iOS.send_money_screen.enterMobileNumber is PASSED

2018-11-15 19:36:31 - [TEST_STEP][PASSED] - iOS.send_money_screen.enterPhoneNumber: iOS.send_money_screen.enterPhoneNumber is PASSED

2018-11-15 19:36:35 - [MESSAGE][PASSED] - Text '40387243' has been set to element 'Object Repository/iOS/Send Money screen/Phone Number field'

2018-11-15 19:36:35 - [MESSAGE][PASSED] - iOS.send_money_screen.enterPhoneNumber is PASSED

2018-11-15 19:36:35 - [TEST_STEP][PASSED] - iOS.send_money_screen.tapSave: iOS.send_money_screen.tapSave is PASSED

2018-11-15 19:36:38 - [MESSAGE][PASSED] - Tapped on element 'Object Repository/iOS/Send Money screen/Save button'

2018-11-15 19:36:41 - [MESSAGE][PASSED] - Delayed 3 second(s)

2018-11-15 19:36:41 - [MESSAGE][PASSED] - iOS.send_money_screen.tapSave is PASSED

2018-11-15 19:36:41 - [TEST_STEP][PASSED] - iOS.send_money_screen.tapCurrentAddress: iOS.send_money_screen.tapCurrentAddress is PASSED

2018-11-15 19:36:44 - [MESSAGE][PASSED] - Element 'Object Repository/iOS/Send Money screen/Current Address button' is present

2018-11-15 19:36:48 - [MESSAGE][PASSED] - Tapped on element 'Object Repository/iOS/Send Money screen/Current Address button'

2018-11-15 19:36:48 - [MESSAGE][PASSED] - iOS.send_money_screen.tapCurrentAddress is PASSED

2018-11-15 19:36:48 - [TEST_STEP][PASSED] - iOS.send_money_screen.selectCountry: iOS.send_money_screen.selectCountry is PASSED

2018-11-15 19:36:54 - [MESSAGE][PASSED] - Tapped on element 'Object Repository/iOS/Send Money screen/Country field'

2018-11-15 19:37:14 - [MESSAGE][PASSED] - iOS.send_money_screen.selectCountry is PASSED

2018-11-15 19:37:14 - [TEST_STEP][PASSED] - iOS.send_money_screen.enterPostal: iOS.send_money_screen.enterPostal is PASSED

2018-11-15 19:37:19 - [MESSAGE][PASSED] - Text '1442' has been set to element 'Object Repository/iOS/Send Money screen/Postal field'

2018-11-15 19:37:23 - [MESSAGE][PASSED] - Tapped on element 'Object Repository/iOS/Global/Toolbar Done Button'

2018-11-15 19:37:23 - [MESSAGE][PASSED] - iOS.send_money_screen.enterPostal is PASSED

2018-11-15 19:37:23 - [TEST_STEP][PASSED] - iOS.send_money_screen.enterUnitHouseNumberBuildingStreet: iOS.send_money_screen.enterUnitHouseNumberBuildingStreet is PASSED

2018-11-15 19:37:28 - [MESSAGE][PASSED] - Text '503 Tindalo St.' has been set to element 'Object Repository/iOS/Send Money screen/UnitHouse NumberBuildingStreet field'

2018-11-15 19:37:32 - [MESSAGE][PASSED] - Tapped on element 'Object Repository/iOS/Send Money screen/Toolbar Done button'

2018-11-15 19:37:32 - [MESSAGE][PASSED] - iOS.send_money_screen.enterUnitHouseNumberBuildingStreet is PASSED

2018-11-15 19:37:32 - [TEST_STEP][PASSED] - iOS.send_money_screen.selectDestinationCountry: iOS.send_money_screen.selectDestinationCountry is PASSED

2018-11-15 19:37:36 - [MESSAGE][PASSED] - Tapped on element 'Object Repository/iOS/Send Money screen/Destination Country field'

2018-11-15 19:38:07 - [MESSAGE][PASSED] - iOS.send_money_screen.selectDestinationCountry is PASSED

2018-11-15 19:38:07 - [TEST_STEP][PASSED] - iOS.send_money_screen.tapSave: iOS.send_money_screen.tapSave is PASSED

2018-11-15 19:38:11 - [MESSAGE][PASSED] - Tapped on element 'Object Repository/iOS/Send Money screen/Save button'

2018-11-15 19:38:14 - [MESSAGE][PASSED] - Delayed 3 second(s)

2018-11-15 19:38:14 - [MESSAGE][PASSED] - iOS.send_money_screen.tapSave is PASSED

2018-11-15 19:38:14 - [TEST_STEP][PASSED] - iOS.send_money_screen.tapSenderEmploymentInformation: iOS.send_money_screen.tapSenderEmploymentInformation is PASSED

2018-11-15 19:38:17 - [MESSAGE][PASSED] - Tapped on element 'Object Repository/iOS/Send Money screen/Sender Employment Information button'

2018-11-15 19:38:17 - [MESSAGE][PASSED] - iOS.send_money_screen.tapSenderEmploymentInformation is PASSED

2018-11-15 19:38:17 - [TEST_STEP][PASSED] - iOS.send_money_screen.selectOccupation: iOS.send_money_screen.selectOccupation is PASSED

2018-11-15 19:38:21 - [MESSAGE][PASSED] - Tapped on element 'Object Repository/iOS/Send Money screen/Occupation field'

2018-11-15 19:38:31 - [MESSAGE][PASSED] - iOS.send_money_screen.selectOccupation is PASSED

2018-11-15 19:38:31 - [TEST_STEP][PASSED] - iOS.send_money_screen.selectSourceOfFunds: iOS.send_money_screen.selectSourceOfFunds is PASSED

2018-11-15 19:38:34 - [MESSAGE][PASSED] - Tapped on element 'Object Repository/iOS/Send Money screen/Source of Funds field'

2018-11-15 19:38:42 - [MESSAGE][PASSED] - iOS.send_money_screen.selectSourceOfFunds is PASSED

2018-11-15 19:38:42 - [TEST_STEP][PASSED] - iOS.send_money_screen.tapSave: iOS.send_money_screen.tapSave is PASSED

2018-11-15 19:38:45 - [MESSAGE][PASSED] - Tapped on element 'Object Repository/iOS/Send Money screen/Save button'

2018-11-15 19:38:48 - [MESSAGE][PASSED] - Delayed 3 second(s)

2018-11-15 19:38:48 - [MESSAGE][PASSED] - iOS.send_money_screen.tapSave is PASSED

2018-11-15 19:38:48 - [TEST_STEP][PASSED] - global.scroll_to_element.down: global.scroll_to_element.down is PASSED

2018-11-15 19:38:55 - [MESSAGE][PASSED] - Element 'Object Repository/iOS/Send Money screen/Amount field' has attribute 'visible' is 'false'

2018-11-15 19:39:05 - [MESSAGE][PASSED] - Element 'Object Repository/iOS/Send Money screen/Amount field' has attribute 'visible' is 'true'

2018-11-15 19:39:05 - [MESSAGE][PASSED] - global.scroll_to_element.down is PASSED

2018-11-15 19:39:05 - [TEST_STEP][PASSED] - iOS.send_money_screen.tapCurrency: iOS.send_money_screen.tapCurrency is PASSED

2018-11-15 19:39:09 - [MESSAGE][PASSED] - Tapped on element 'Object Repository/iOS/Send Money screen/Currency button'

2018-11-15 19:39:09 - [MESSAGE][PASSED] - iOS.send_money_screen.tapCurrency is PASSED

2018-11-15 19:39:09 - [TEST_STEP][PASSED] - global.verify_element.exist: global.verify_element.exist is PASSED

2018-11-15 19:39:14 - [MESSAGE][PASSED] - Element 'Object Repository/iOS/Send Money screen/Generic text' is exist

2018-11-15 19:39:14 - [MESSAGE][PASSED] - global.verify_element.exist is PASSED

2018-11-15 19:39:14 - [TEST_STEP][PASSED] - iOS.send_money_screen.tapOK: iOS.send_money_screen.tapOK is PASSED

2018-11-15 19:39:19 - [MESSAGE][PASSED] - Tapped on element 'Object Repository/iOS/Send Money screen/OK button'

2018-11-15 19:39:19 - [MESSAGE][PASSED] - iOS.send_money_screen.tapOK is PASSED]]></system-out>
         <system-err><![CDATA[]]></system-err>
      </testcase>
      <testcase name="Test Cases/iOS/Send Money Branch/SMB_28" classname="Test Cases/iOS/Send Money Branch/SMB_28" status="PASSED">
         <system-out><![CDATA[2018-11-15 19:39:19 - [TEST_CASE][PASSED] - Test Cases/iOS/Send Money Branch/SMB_28: Test Cases/iOS/Send Money Branch/SMB_28

2018-11-15 19:39:19 - [TEST_STEP][PASSED] - Statement - randomAmount = new global.random_data().amount(): null

2018-11-15 19:39:19 - [TEST_STEP][PASSED] - Statement - amount = randomAmount: null

2018-11-15 19:39:19 - [TEST_STEP][PASSED] - iOS.send_money_screen.enterAmount: iOS.send_money_screen.enterAmount is PASSED

2018-11-15 19:39:25 - [MESSAGE][PASSED] - Element 'Object Repository/iOS/Send Money screen/Amount field' has attribute 'visible' is 'true'

2018-11-15 19:39:30 - [MESSAGE][PASSED] - Text '1916' has been set to element 'Object Repository/iOS/Send Money screen/Amount field'

2018-11-15 19:39:36 - [MESSAGE][PASSED] - Tapped on element 'Object Repository/iOS/Send Money screen/Toolbar Done button'

2018-11-15 19:39:41 - [MESSAGE][PASSED] - Element 'Object Repository/iOS/Global/Loader' has attribute 'visible' is 'true'

2018-11-15 19:39:42 - [MESSAGE][PASSED] - Delayed 1 second(s)

2018-11-15 19:39:49 - [MESSAGE][FAILED] - Object Object Repository/iOS/Global/Loader not found
[[ATTACHMENT|/Users/buenaanda/Documents/mobile-automation-katalon/Reports/iOS/PERA Hub Test Suite/20181115_190340/1542281988934.png]]

2018-11-15 19:39:49 - [MESSAGE][FAILED] - Failed to get attribute 'Object Repository/iOS/Global/Loader' on element 'visible' (Root cause: Object Object Repository/iOS/Global/Loader not found)
[[ATTACHMENT|/Users/buenaanda/Documents/mobile-automation-katalon/Reports/iOS/PERA Hub Test Suite/20181115_190340/1542281989070.png]]

2018-11-15 19:39:49 - [MESSAGE][PASSED] - iOS.send_money_screen.enterAmount is PASSED

2018-11-15 19:39:49 - [TEST_STEP][PASSED] - takeScreenshot: Screenshot is taken

2018-11-15 19:39:49 - [MESSAGE][PASSED] - Screenshot is taken
[[ATTACHMENT|/Users/buenaanda/Documents/mobile-automation-katalon/Reports/iOS/PERA Hub Test Suite/20181115_190340/1542281989179.png]]

2018-11-15 19:39:49 - [TEST_STEP][PASSED] - global.verify_element.exist: global.verify_element.exist is PASSED

2018-11-15 19:39:53 - [MESSAGE][PASSED] - Element 'Object Repository/iOS/Send Money screen/Generic text' is exist

2018-11-15 19:39:53 - [MESSAGE][PASSED] - global.verify_element.exist is PASSED]]></system-out>
         <system-err><![CDATA[]]></system-err>
      </testcase>
      <testcase name="Test Cases/iOS/Send Money Branch/SMB_33" classname="Test Cases/iOS/Send Money Branch/SMB_33" status="PASSED">
         <system-out><![CDATA[2018-11-15 19:39:53 - [TEST_CASE][PASSED] - Test Cases/iOS/Send Money Branch/SMB_33: Test Cases/iOS/Send Money Branch/SMB_33

2018-11-15 19:39:53 - [TEST_STEP][PASSED] - Statement - sendMoneyObject = sendMoneyScreen_iOS: null

2018-11-15 19:39:53 - [TEST_STEP][PASSED] - Statement - firstName = randomFirstName: null

2018-11-15 19:39:53 - [TEST_STEP][PASSED] - Statement - middleName = randomMiddleName: null

2018-11-15 19:39:53 - [TEST_STEP][PASSED] - Statement - lastName = randomLastName: null

2018-11-15 19:39:53 - [TEST_STEP][PASSED] - Statement - mobileNumber = randomMobileNumber: null

2018-11-15 19:39:53 - [TEST_STEP][PASSED] - Statement - phoneNumber = randomPhoneNumber: null

2018-11-15 19:39:53 - [TEST_STEP][PASSED] - Statement - fullName = firstName + " " + middleName + " " + lastName: null

2018-11-15 19:39:53 - [TEST_STEP][PASSED] - Statement - address = "503 Tindalo St, 1442, Thailand": null

2018-11-15 19:39:53 - [TEST_STEP][PASSED] - Statement - country = "Thailand": null

2018-11-15 19:39:53 - [TEST_STEP][PASSED] - Statement - occupation = "Unemployed": null

2018-11-15 19:39:53 - [TEST_STEP][PASSED] - Statement - sourceOfFunds = randomSourceOfFunds: null

2018-11-15 19:39:53 - [TEST_STEP][PASSED] - Statement - sendAmount = "PHP " + randomAmount + ".00": null

2018-11-15 19:39:53 - [TEST_STEP][PASSED] - Statement - serviceFee = internationalServiceFee: null

2018-11-15 19:39:53 - [TEST_STEP][PASSED] - iOS.send_money_screen.tapNext: iOS.send_money_screen.tapNext is PASSED

2018-11-15 19:39:57 - [MESSAGE][PASSED] - Tapped on element 'Object Repository/iOS/Send Money screen/Next button'

2018-11-15 19:40:03 - [MESSAGE][FAILED] - Object Object Repository/iOS/Global/Loader not found
[[ATTACHMENT|/Users/buenaanda/Documents/mobile-automation-katalon/Reports/iOS/PERA Hub Test Suite/20181115_190340/1542282003011.png]]

2018-11-15 19:40:03 - [MESSAGE][FAILED] - Failed to get attribute 'Object Repository/iOS/Global/Loader' on element 'visible' (Root cause: Object Object Repository/iOS/Global/Loader not found)
[[ATTACHMENT|/Users/buenaanda/Documents/mobile-automation-katalon/Reports/iOS/PERA Hub Test Suite/20181115_190340/1542282003104.png]]

2018-11-15 19:40:03 - [MESSAGE][PASSED] - iOS.send_money_screen.tapNext is PASSED

2018-11-15 19:40:03 - [TEST_STEP][PASSED] - global.verify_element.exist: global.verify_element.exist is PASSED

2018-11-15 19:40:06 - [MESSAGE][PASSED] - Element 'Object Repository/iOS/Send Money screen/Generic text' is exist

2018-11-15 19:40:06 - [MESSAGE][PASSED] - global.verify_element.exist is PASSED

2018-11-15 19:40:06 - [TEST_STEP][PASSED] - global.verify_element.exist: global.verify_element.exist is PASSED

2018-11-15 19:40:08 - [MESSAGE][PASSED] - Element 'Object Repository/iOS/Send Money screen/Generic text' is exist

2018-11-15 19:40:08 - [MESSAGE][PASSED] - global.verify_element.exist is PASSED

2018-11-15 19:40:08 - [TEST_STEP][PASSED] - global.verify_element.exist: global.verify_element.exist is PASSED

2018-11-15 19:40:11 - [MESSAGE][PASSED] - Element 'Object Repository/iOS/Send Money screen/Generic text' is exist

2018-11-15 19:40:11 - [MESSAGE][PASSED] - global.verify_element.exist is PASSED

2018-11-15 19:40:11 - [TEST_STEP][PASSED] - global.verify_element.exist: global.verify_element.exist is PASSED

2018-11-15 19:40:14 - [MESSAGE][PASSED] - Element 'Object Repository/iOS/Send Money screen/Generic text' is exist

2018-11-15 19:40:14 - [MESSAGE][PASSED] - global.verify_element.exist is PASSED

2018-11-15 19:40:14 - [TEST_STEP][PASSED] - global.verify_element.exist: global.verify_element.exist is PASSED

2018-11-15 19:40:17 - [MESSAGE][PASSED] - Element 'Object Repository/iOS/Send Money screen/Generic text' is exist

2018-11-15 19:40:17 - [MESSAGE][PASSED] - global.verify_element.exist is PASSED

2018-11-15 19:40:17 - [TEST_STEP][PASSED] - global.verify_element.exist: global.verify_element.exist is PASSED

2018-11-15 19:40:20 - [MESSAGE][PASSED] - Element 'Object Repository/iOS/Send Money screen/Generic text' is exist

2018-11-15 19:40:20 - [MESSAGE][PASSED] - global.verify_element.exist is PASSED

2018-11-15 19:40:20 - [TEST_STEP][PASSED] - global.verify_element.exist: global.verify_element.exist is PASSED

2018-11-15 19:40:25 - [MESSAGE][PASSED] - Element 'Object Repository/iOS/Send Money screen/Generic text' is exist

2018-11-15 19:40:25 - [MESSAGE][PASSED] - global.verify_element.exist is PASSED

2018-11-15 19:40:25 - [TEST_STEP][PASSED] - global.scroll_to_element.down: global.scroll_to_element.down is PASSED

2018-11-15 19:40:31 - [MESSAGE][PASSED] - Element 'Object Repository/iOS/Send Money screen/Terms and Agreement checkbox' has attribute 'visible' is 'false'

2018-11-15 19:40:40 - [MESSAGE][PASSED] - Element 'Object Repository/iOS/Send Money screen/Terms and Agreement checkbox' has attribute 'visible' is 'true'

2018-11-15 19:40:40 - [MESSAGE][PASSED] - global.scroll_to_element.down is PASSED

2018-11-15 19:40:40 - [TEST_STEP][PASSED] - global.verify_element.exist: global.verify_element.exist is PASSED

2018-11-15 19:40:42 - [MESSAGE][PASSED] - Element 'Object Repository/iOS/Send Money screen/Generic text' is exist

2018-11-15 19:40:42 - [MESSAGE][PASSED] - global.verify_element.exist is PASSED

2018-11-15 19:40:42 - [TEST_STEP][PASSED] - global.verify_element.exist: global.verify_element.exist is PASSED

2018-11-15 19:40:45 - [MESSAGE][PASSED] - Element 'Object Repository/iOS/Send Money screen/Generic text' is exist

2018-11-15 19:40:45 - [MESSAGE][PASSED] - global.verify_element.exist is PASSED

2018-11-15 19:40:45 - [TEST_STEP][PASSED] - global.verify_element.exist: global.verify_element.exist is PASSED

2018-11-15 19:40:48 - [MESSAGE][PASSED] - Element 'Object Repository/iOS/Send Money screen/Generic text' is exist

2018-11-15 19:40:48 - [MESSAGE][PASSED] - global.verify_element.exist is PASSED

2018-11-15 19:40:48 - [TEST_STEP][PASSED] - global.verify_element.exist: global.verify_element.exist is PASSED

2018-11-15 19:40:51 - [MESSAGE][PASSED] - Element 'Object Repository/iOS/Send Money screen/Terms and Agreement button' is exist

2018-11-15 19:40:51 - [MESSAGE][PASSED] - global.verify_element.exist is PASSED

2018-11-15 19:40:51 - [TEST_STEP][PASSED] - global.verify_element.exist: global.verify_element.exist is PASSED

2018-11-15 19:40:54 - [MESSAGE][PASSED] - Element 'Object Repository/iOS/Send Money screen/Terms and Agreement checkbox' is exist

2018-11-15 19:40:54 - [MESSAGE][PASSED] - global.verify_element.exist is PASSED

2018-11-15 19:40:54 - [TEST_STEP][PASSED] - global.verify_element.exist: global.verify_element.exist is PASSED

2018-11-15 19:40:57 - [MESSAGE][PASSED] - Element 'Object Repository/iOS/Send Money screen/Complete Branch Transaction button' is exist

2018-11-15 19:40:57 - [MESSAGE][PASSED] - global.verify_element.exist is PASSED]]></system-out>
         <system-err><![CDATA[]]></system-err>
      </testcase>
      <testcase name="Test Cases/iOS/Send Money Branch/SMB_34" classname="Test Cases/iOS/Send Money Branch/SMB_34" status="PASSED">
         <system-out><![CDATA[2018-11-15 19:40:57 - [TEST_CASE][PASSED] - Test Cases/iOS/Send Money Branch/SMB_34: Test Cases/iOS/Send Money Branch/SMB_34

2018-11-15 19:40:57 - [TEST_STEP][PASSED] - global.verify_element.disabled: global.verify_element.disabled is PASSED

2018-11-15 19:41:00 - [MESSAGE][PASSED] - Element 'Object Repository/iOS/Send Money screen/Complete Branch Transaction button' has attribute 'enabled' is 'false'

2018-11-15 19:41:00 - [MESSAGE][PASSED] - Actual object 'false' and expected object 'false' are equal

2018-11-15 19:41:00 - [MESSAGE][PASSED] - global.verify_element.disabled is PASSED]]></system-out>
         <system-err><![CDATA[]]></system-err>
      </testcase>
      <testcase name="Test Cases/iOS/Send Money Branch/SMB_38" classname="Test Cases/iOS/Send Money Branch/SMB_38" status="PASSED">
         <system-out><![CDATA[2018-11-15 19:41:00 - [TEST_CASE][PASSED] - Test Cases/iOS/Send Money Branch/SMB_38: Test Cases/iOS/Send Money Branch/SMB_38

2018-11-15 19:41:00 - [TEST_STEP][PASSED] - iOS.send_money_screen.tapBack: iOS.send_money_screen.tapBack is PASSED

2018-11-15 19:41:03 - [MESSAGE][PASSED] - Tapped on element 'Object Repository/iOS/Send Money screen/Back button'

2018-11-15 19:41:03 - [MESSAGE][PASSED] - iOS.send_money_screen.tapBack is PASSED

2018-11-15 19:41:03 - [TEST_STEP][PASSED] - global.verify_element.notExist: global.verify_element.notExist is PASSED

2018-11-15 19:41:09 - [MESSAGE][PASSED] - Element 'Object Repository/iOS/Send Money screen/Complete Branch Transaction button' not found

2018-11-15 19:41:09 - [MESSAGE][PASSED] - global.verify_element.notExist is PASSED]]></system-out>
         <system-err><![CDATA[]]></system-err>
      </testcase>
      <testcase name="Test Cases/iOS/Send Money Branch/SMB_37" classname="Test Cases/iOS/Send Money Branch/SMB_37" status="PASSED">
         <system-out><![CDATA[2018-11-15 19:41:09 - [TEST_CASE][PASSED] - Test Cases/iOS/Send Money Branch/SMB_37: Test Cases/iOS/Send Money Branch/SMB_37

2018-11-15 19:41:09 - [TEST_STEP][PASSED] - iOS.send_money_screen.tapNext: iOS.send_money_screen.tapNext is PASSED

2018-11-15 19:41:13 - [MESSAGE][PASSED] - Tapped on element 'Object Repository/iOS/Send Money screen/Next button'

2018-11-15 19:41:19 - [MESSAGE][FAILED] - Object Object Repository/iOS/Global/Loader not found
[[ATTACHMENT|/Users/buenaanda/Documents/mobile-automation-katalon/Reports/iOS/PERA Hub Test Suite/20181115_190340/1542282079256.png]]

2018-11-15 19:41:19 - [MESSAGE][FAILED] - Failed to get attribute 'Object Repository/iOS/Global/Loader' on element 'visible' (Root cause: Object Object Repository/iOS/Global/Loader not found)
[[ATTACHMENT|/Users/buenaanda/Documents/mobile-automation-katalon/Reports/iOS/PERA Hub Test Suite/20181115_190340/1542282079354.png]]

2018-11-15 19:41:19 - [MESSAGE][PASSED] - iOS.send_money_screen.tapNext is PASSED

2018-11-15 19:41:19 - [TEST_STEP][PASSED] - iOS.send_money_screen.checkTermsAndAgreement: iOS.send_money_screen.checkTermsAndAgreement is PASSED

2018-11-15 19:41:25 - [MESSAGE][PASSED] - Element 'Object Repository/iOS/Send Money screen/Terms and Agreement checkbox' has attribute 'visible' is 'false'

2018-11-15 19:41:33 - [MESSAGE][PASSED] - Element 'Object Repository/iOS/Send Money screen/Terms and Agreement checkbox' has attribute 'visible' is 'true'

2018-11-15 19:41:36 - [MESSAGE][PASSED] - Tapped on element 'Object Repository/iOS/Send Money screen/Terms and Agreement checkbox'

2018-11-15 19:41:36 - [MESSAGE][PASSED] - iOS.send_money_screen.checkTermsAndAgreement is PASSED

2018-11-15 19:41:36 - [TEST_STEP][PASSED] - iOS.send_money_screen.tapCompleteBranchTransaction: iOS.send_money_screen.tapCompleteBranchTransaction is PASSED

2018-11-15 19:41:39 - [MESSAGE][PASSED] - Tapped on element 'Object Repository/iOS/Send Money screen/Complete Branch Transaction button'

2018-11-15 19:41:43 - [MESSAGE][PASSED] - Element 'Object Repository/iOS/Global/Loader' has attribute 'visible' is 'true'

2018-11-15 19:41:44 - [MESSAGE][PASSED] - Delayed 1 second(s)

2018-11-15 19:41:48 - [MESSAGE][PASSED] - Element 'Object Repository/iOS/Global/Loader' has attribute 'visible' is 'true'

2018-11-15 19:41:49 - [MESSAGE][PASSED] - Delayed 1 second(s)

2018-11-15 19:41:53 - [MESSAGE][PASSED] - Element 'Object Repository/iOS/Global/Loader' has attribute 'visible' is 'true'

2018-11-15 19:41:54 - [MESSAGE][PASSED] - Delayed 1 second(s)

2018-11-15 19:41:57 - [MESSAGE][PASSED] - Element 'Object Repository/iOS/Global/Loader' has attribute 'visible' is 'true'

2018-11-15 19:41:58 - [MESSAGE][PASSED] - Delayed 1 second(s)

2018-11-15 19:42:06 - [MESSAGE][PASSED] - Element 'Object Repository/iOS/Global/Loader' has attribute 'visible' is 'false'

2018-11-15 19:42:06 - [MESSAGE][PASSED] - iOS.send_money_screen.tapCompleteBranchTransaction is PASSED

2018-11-15 19:42:06 - [TEST_STEP][PASSED] - Statement - Success_screen_message = com.kms.katalon.core.testobject.ObjectRepository.findTestObject(iOS/Send Money screen/Generic text, [label:You can now go to a branch to send your money!]): Finding Test Object with id 'Object Repository/iOS/Send Money screen/Generic text'

2018-11-15 19:42:06 - [TEST_STEP][PASSED] - global.verify_element.exist: global.verify_element.exist is PASSED

2018-11-15 19:42:08 - [MESSAGE][PASSED] - Element 'Object Repository/iOS/Send Money screen/Generic text' is exist

2018-11-15 19:42:08 - [MESSAGE][PASSED] - global.verify_element.exist is PASSED

2018-11-15 19:42:08 - [TEST_STEP][PASSED] - Statement - Success_screen_message = com.kms.katalon.core.testobject.ObjectRepository.findTestObject(iOS/Send Money screen/Generic text, [label:To complete your transaction, please present your mobile number along with the required documents at a PERA HUB branch]): Finding Test Object with id 'Object Repository/iOS/Send Money screen/Generic text'

2018-11-15 19:42:08 - [TEST_STEP][PASSED] - global.verify_element.exist: global.verify_element.exist is PASSED

2018-11-15 19:42:09 - [MESSAGE][PASSED] - Element 'Object Repository/iOS/Send Money screen/Generic text' is exist

2018-11-15 19:42:09 - [MESSAGE][PASSED] - global.verify_element.exist is PASSED

2018-11-15 19:42:09 - [TEST_STEP][PASSED] - Statement - Success_screen_message = com.kms.katalon.core.testobject.ObjectRepository.findTestObject(iOS/Send Money screen/Generic text, [label:Present your mobile # to Pera Hub Branch]): Finding Test Object with id 'Object Repository/iOS/Send Money screen/Generic text'

2018-11-15 19:42:09 - [TEST_STEP][PASSED] - global.verify_element.exist: global.verify_element.exist is PASSED

2018-11-15 19:42:11 - [MESSAGE][PASSED] - Element 'Object Repository/iOS/Send Money screen/Generic text' is exist

2018-11-15 19:42:11 - [MESSAGE][PASSED] - global.verify_element.exist is PASSED

2018-11-15 19:42:11 - [TEST_STEP][PASSED] - Statement - Mobile_Number = com.kms.katalon.core.testobject.ObjectRepository.findTestObject(iOS/Send Money screen/Generic text, [label:639070405298]): Finding Test Object with id 'Object Repository/iOS/Send Money screen/Generic text'

2018-11-15 19:42:11 - [TEST_STEP][PASSED] - global.verify_element.exist: global.verify_element.exist is PASSED

2018-11-15 19:42:12 - [MESSAGE][PASSED] - Element 'Object Repository/iOS/Send Money screen/Generic text' is exist

2018-11-15 19:42:12 - [MESSAGE][PASSED] - global.verify_element.exist is PASSED]]></system-out>
         <system-err><![CDATA[]]></system-err>
      </testcase>
      <testcase name="Test Cases/iOS/Send Money Branch/SMB_42" classname="Test Cases/iOS/Send Money Branch/SMB_42" status="FAILED">
         <failure type="FAILED" message="(Stack trace: com.kms.katalon.core.exception.StepFailedException: Element 'Object Repository/iOS/Send Money screen/Generic text' not found
	at com.kms.katalon.core.keyword.internal.KeywordMain.stepFailed(KeywordMain.groovy:32)
	at com.kms.katalon.core.mobile.keyword.internal.MobileKeywordMain.stepFailed(MobileKeywordMain.groovy:40)
	at com.kms.katalon.core.mobile.keyword.builtin.VerifyElementExistKeyword$_verifyElementExist_closure1.doCall(VerifyElementExistKeyword.groovy:77)
	at com.kms.katalon.core.mobile.keyword.builtin.VerifyElementExistKeyword$_verifyElementExist_closure1.call(VerifyElementExistKeyword.groovy)
	at com.kms.katalon.core.mobile.keyword.internal.MobileKeywordMain.runKeyword(MobileKeywordMain.groovy:21)
	at com.kms.katalon.core.mobile.keyword.builtin.VerifyElementExistKeyword.verifyElementExist(VerifyElementExistKeyword.groovy:80)
	at com.kms.katalon.core.mobile.keyword.builtin.VerifyElementExistKeyword.execute(VerifyElementExistKeyword.groovy:64)
	at com.kms.katalon.core.keyword.internal.KeywordExecutor.executeKeywordForPlatform(KeywordExecutor.groovy:53)
	at com.kms.katalon.core.mobile.keyword.MobileBuiltInKeywords.verifyElementExist(MobileBuiltInKeywords.groovy:605)
	at com.kms.katalon.core.mobile.keyword.MobileBuiltInKeywords$verifyElementExist$1.call(Unknown Source)
	at global.verify_element.exist(verify_element.groovy:38)
	at sun.reflect.GeneratedMethodAccessor17.invoke(Unknown Source)
	at sun.reflect.DelegatingMethodAccessorImpl.invoke(DelegatingMethodAccessorImpl.java:43)
	at java.lang.reflect.Method.invoke(Method.java:498)
	at org.codehaus.groovy.reflection.CachedMethod.invoke(CachedMethod.java:93)
	at groovy.lang.MetaMethod.doMethodInvoke(MetaMethod.java:325)
	at groovy.lang.MetaClassImpl.invokeMethod(MetaClassImpl.java:1215)
	at groovy.lang.MetaClassImpl.invokeMethod(MetaClassImpl.java:1024)
	at groovy.lang.MetaClassImpl.invokeMethod(MetaClassImpl.java:812)
	at groovy.lang.DelegatingMetaClass.invokeMethod(DelegatingMetaClass.java:144)
	at global.verify_element.invokeMethod(verify_element.groovy)
	at com.kms.katalon.core.main.CustomKeywordDelegatingMetaClass.invokeStaticMethod(CustomKeywordDelegatingMetaClass.java:46)
	at org.codehaus.groovy.runtime.callsite.StaticMetaClassSite.call(StaticMetaClassSite.java:53)
	at org.codehaus.groovy.runtime.callsite.CallSiteArray.defaultCall(CallSiteArray.java:48)
	at org.codehaus.groovy.runtime.callsite.AbstractCallSite.call(AbstractCallSite.java:113)
	at org.codehaus.groovy.runtime.callsite.AbstractCallSite.call(AbstractCallSite.java:125)
	at Script1541663263215.run(Script1541663263215.groovy:31)
	at com.kms.katalon.core.main.ScriptEngine.run(ScriptEngine.java:183)
	at com.kms.katalon.core.main.ScriptEngine.runScriptAsRawText(ScriptEngine.java:108)
	at com.kms.katalon.core.main.TestCaseExecutor.runScript(TestCaseExecutor.java:294)
	at com.kms.katalon.core.main.TestCaseExecutor.doExecute(TestCaseExecutor.java:285)
	at com.kms.katalon.core.main.TestCaseExecutor.processExecutionPhase(TestCaseExecutor.java:264)
	at com.kms.katalon.core.main.TestCaseExecutor.accessMainPhase(TestCaseExecutor.java:256)
	at com.kms.katalon.core.main.TestCaseExecutor.execute(TestCaseExecutor.java:200)
	at com.kms.katalon.core.main.TestSuiteExecutor.accessTestCaseMainPhase(TestSuiteExecutor.java:129)
	at com.kms.katalon.core.main.TestSuiteExecutor.accessTestSuiteMainPhase(TestSuiteExecutor.java:112)
	at com.kms.katalon.core.main.TestSuiteExecutor.execute(TestSuiteExecutor.java:81)
	at com.kms.katalon.core.main.TestCaseMain.startTestSuite(TestCaseMain.java:142)
	at com.kms.katalon.core.main.TestCaseMain$startTestSuite$0.call(Unknown Source)
	at org.codehaus.groovy.runtime.callsite.CallSiteArray.defaultCall(CallSiteArray.java:48)
	at org.codehaus.groovy.runtime.callsite.AbstractCallSite.call(AbstractCallSite.java:113)
	at org.codehaus.groovy.runtime.callsite.AbstractCallSite.call(AbstractCallSite.java:141)
	at TempTestSuite1542279820794.run(TempTestSuite1542279820794.groovy:36)
	at groovy.lang.GroovyShell.runScriptOrMainOrTestOrRunnable(GroovyShell.java:263)
	at groovy.lang.GroovyShell.run(GroovyShell.java:518)
	at groovy.lang.GroovyShell.run(GroovyShell.java:507)
	at groovy.ui.GroovyMain.processOnce(GroovyMain.java:653)
	at groovy.ui.GroovyMain.run(GroovyMain.java:384)
	at groovy.ui.GroovyMain.process(GroovyMain.java:370)
	at groovy.ui.GroovyMain.processArgs(GroovyMain.java:129)
	at groovy.ui.GroovyMain.main(GroovyMain.java:109)
	at sun.reflect.NativeMethodAccessorImpl.invoke0(Native Method)
	at sun.reflect.NativeMethodAccessorImpl.invoke(NativeMethodAccessorImpl.java:62)
	at sun.reflect.DelegatingMethodAccessorImpl.invoke(DelegatingMethodAccessorImpl.java:43)
	at java.lang.reflect.Method.invoke(Method.java:498)
	at org.codehaus.groovy.tools.GroovyStarter.rootLoader(GroovyStarter.java:109)
	at org.codehaus.groovy.tools.GroovyStarter.main(GroovyStarter.java:131)
)"/>
         <system-out><![CDATA[2018-11-15 19:42:12 - [TEST_CASE][FAILED] - Test Cases/iOS/Send Money Branch/SMB_42: Test Cases/iOS/Send Money Branch/SMB_42 FAILED because (of) (Stack trace: com.kms.katalon.core.exception.StepFailedException: Element 'Object Repository/iOS/Send Money screen/Generic text' not found
	at com.kms.katalon.core.keyword.internal.KeywordMain.stepFailed(KeywordMain.groovy:32)
	at com.kms.katalon.core.mobile.keyword.internal.MobileKeywordMain.stepFailed(MobileKeywordMain.groovy:40)
	at com.kms.katalon.core.mobile.keyword.builtin.VerifyElementExistKeyword$_verifyElementExist_closure1.doCall(VerifyElementExistKeyword.groovy:77)
	at com.kms.katalon.core.mobile.keyword.builtin.VerifyElementExistKeyword$_verifyElementExist_closure1.call(VerifyElementExistKeyword.groovy)
	at com.kms.katalon.core.mobile.keyword.internal.MobileKeywordMain.runKeyword(MobileKeywordMain.groovy:21)
	at com.kms.katalon.core.mobile.keyword.builtin.VerifyElementExistKeyword.verifyElementExist(VerifyElementExistKeyword.groovy:80)
	at com.kms.katalon.core.mobile.keyword.builtin.VerifyElementExistKeyword.execute(VerifyElementExistKeyword.groovy:64)
	at com.kms.katalon.core.keyword.internal.KeywordExecutor.executeKeywordForPlatform(KeywordExecutor.groovy:53)
	at com.kms.katalon.core.mobile.keyword.MobileBuiltInKeywords.verifyElementExist(MobileBuiltInKeywords.groovy:605)
	at com.kms.katalon.core.mobile.keyword.MobileBuiltInKeywords$verifyElementExist$1.call(Unknown Source)
	at global.verify_element.exist(verify_element.groovy:38)
	at sun.reflect.GeneratedMethodAccessor17.invoke(Unknown Source)
	at sun.reflect.DelegatingMethodAccessorImpl.invoke(DelegatingMethodAccessorImpl.java:43)
	at java.lang.reflect.Method.invoke(Method.java:498)
	at org.codehaus.groovy.reflection.CachedMethod.invoke(CachedMethod.java:93)
	at groovy.lang.MetaMethod.doMethodInvoke(MetaMethod.java:325)
	at groovy.lang.MetaClassImpl.invokeMethod(MetaClassImpl.java:1215)
	at groovy.lang.MetaClassImpl.invokeMethod(MetaClassImpl.java:1024)
	at groovy.lang.MetaClassImpl.invokeMethod(MetaClassImpl.java:812)
	at groovy.lang.DelegatingMetaClass.invokeMethod(DelegatingMetaClass.java:144)
	at global.verify_element.invokeMethod(verify_element.groovy)
	at com.kms.katalon.core.main.CustomKeywordDelegatingMetaClass.invokeStaticMethod(CustomKeywordDelegatingMetaClass.java:46)
	at org.codehaus.groovy.runtime.callsite.StaticMetaClassSite.call(StaticMetaClassSite.java:53)
	at org.codehaus.groovy.runtime.callsite.CallSiteArray.defaultCall(CallSiteArray.java:48)
	at org.codehaus.groovy.runtime.callsite.AbstractCallSite.call(AbstractCallSite.java:113)
	at org.codehaus.groovy.runtime.callsite.AbstractCallSite.call(AbstractCallSite.java:125)
	at Script1541663263215.run(Script1541663263215.groovy:31)
	at com.kms.katalon.core.main.ScriptEngine.run(ScriptEngine.java:183)
	at com.kms.katalon.core.main.ScriptEngine.runScriptAsRawText(ScriptEngine.java:108)
	at com.kms.katalon.core.main.TestCaseExecutor.runScript(TestCaseExecutor.java:294)
	at com.kms.katalon.core.main.TestCaseExecutor.doExecute(TestCaseExecutor.java:285)
	at com.kms.katalon.core.main.TestCaseExecutor.processExecutionPhase(TestCaseExecutor.java:264)
	at com.kms.katalon.core.main.TestCaseExecutor.accessMainPhase(TestCaseExecutor.java:256)
	at com.kms.katalon.core.main.TestCaseExecutor.execute(TestCaseExecutor.java:200)
	at com.kms.katalon.core.main.TestSuiteExecutor.accessTestCaseMainPhase(TestSuiteExecutor.java:129)
	at com.kms.katalon.core.main.TestSuiteExecutor.accessTestSuiteMainPhase(TestSuiteExecutor.java:112)
	at com.kms.katalon.core.main.TestSuiteExecutor.execute(TestSuiteExecutor.java:81)
	at com.kms.katalon.core.main.TestCaseMain.startTestSuite(TestCaseMain.java:142)
	at com.kms.katalon.core.main.TestCaseMain$startTestSuite$0.call(Unknown Source)
	at org.codehaus.groovy.runtime.callsite.CallSiteArray.defaultCall(CallSiteArray.java:48)
	at org.codehaus.groovy.runtime.callsite.AbstractCallSite.call(AbstractCallSite.java:113)
	at org.codehaus.groovy.runtime.callsite.AbstractCallSite.call(AbstractCallSite.java:141)
	at TempTestSuite1542279820794.run(TempTestSuite1542279820794.groovy:36)
	at groovy.lang.GroovyShell.runScriptOrMainOrTestOrRunnable(GroovyShell.java:263)
	at groovy.lang.GroovyShell.run(GroovyShell.java:518)
	at groovy.lang.GroovyShell.run(GroovyShell.java:507)
	at groovy.ui.GroovyMain.processOnce(GroovyMain.java:653)
	at groovy.ui.GroovyMain.run(GroovyMain.java:384)
	at groovy.ui.GroovyMain.process(GroovyMain.java:370)
	at groovy.ui.GroovyMain.processArgs(GroovyMain.java:129)
	at groovy.ui.GroovyMain.main(GroovyMain.java:109)
	at sun.reflect.NativeMethodAccessorImpl.invoke0(Native Method)
	at sun.reflect.NativeMethodAccessorImpl.invoke(NativeMethodAccessorImpl.java:62)
	at sun.reflect.DelegatingMethodAccessorImpl.invoke(DelegatingMethodAccessorImpl.java:43)
	at java.lang.reflect.Method.invoke(Method.java:498)
	at org.codehaus.groovy.tools.GroovyStarter.rootLoader(GroovyStarter.java:109)
	at org.codehaus.groovy.tools.GroovyStarter.main(GroovyStarter.java:131)
)

2018-11-15 19:42:12 - [TEST_STEP][PASSED] - Statement - senderName = "Allen Pogi Crisostomo": null

2018-11-15 19:42:12 - [TEST_STEP][PASSED] - Statement - receiverName = randomFirstName + " " + randomMiddleName + " " + randomLastName: null

2018-11-15 19:42:12 - [TEST_STEP][PASSED] - Statement - receiverMobileNumber = "66" + randomMobileNumber: null

2018-11-15 19:42:12 - [TEST_STEP][PASSED] - Statement - serviceFee = internationalServiceFee: null

2018-11-15 19:42:12 - [TEST_STEP][PASSED] - Statement - sendAmount = randomAmount: null

2018-11-15 19:42:12 - [TEST_STEP][PASSED] - Statement - Sender_Mobile_Number = com.kms.katalon.core.testobject.ObjectRepository.findTestObject(iOS/Send Money screen/Generic text, [label:639070405298]): Finding Test Object with id 'Object Repository/iOS/Send Money screen/Generic text'

2018-11-15 19:42:12 - [TEST_STEP][PASSED] - Statement - Sender_Name = com.kms.katalon.core.testobject.ObjectRepository.findTestObject(iOS/Send Money screen/Generic text, [label:senderName]): Finding Test Object with id 'Object Repository/iOS/Send Money screen/Generic text'

2018-11-15 19:42:12 - [TEST_STEP][PASSED] - Statement - Sender_Country = com.kms.katalon.core.testobject.ObjectRepository.findTestObject(iOS/Send Money screen/Generic text, [label:Philippines]): Finding Test Object with id 'Object Repository/iOS/Send Money screen/Generic text'

2018-11-15 19:42:12 - [TEST_STEP][PASSED] - Statement - Receiver_Name = com.kms.katalon.core.testobject.ObjectRepository.findTestObject(iOS/Send Money screen/Generic text, [label:receiverName]): Finding Test Object with id 'Object Repository/iOS/Send Money screen/Generic text'

2018-11-15 19:42:12 - [TEST_STEP][PASSED] - Statement - Receiver_Country = com.kms.katalon.core.testobject.ObjectRepository.findTestObject(iOS/Send Money screen/Generic text, [label:Thailand]): Finding Test Object with id 'Object Repository/iOS/Send Money screen/Generic text'

2018-11-15 19:42:12 - [TEST_STEP][PASSED] - Statement - Receiver_Mobile_Number = com.kms.katalon.core.testobject.ObjectRepository.findTestObject(iOS/Send Money screen/Generic text, [label:receiverMobileNumber]): Finding Test Object with id 'Object Repository/iOS/Send Money screen/Generic text'

2018-11-15 19:42:12 - [TEST_STEP][PASSED] - Statement - Send_Amount = com.kms.katalon.core.testobject.ObjectRepository.findTestObject(iOS/Send Money screen/Generic text, [label:sendAmount]): Finding Test Object with id 'Object Repository/iOS/Send Money screen/Generic text'

2018-11-15 19:42:12 - [TEST_STEP][PASSED] - Statement - Service_Fee = com.kms.katalon.core.testobject.ObjectRepository.findTestObject(iOS/Send Money screen/Generic text, [label:serviceFee]): Finding Test Object with id 'Object Repository/iOS/Send Money screen/Generic text'

2018-11-15 19:42:12 - [TEST_STEP][PASSED] - Statement - Message_Charge = com.kms.katalon.core.testobject.ObjectRepository.findTestObject(iOS/Send Money screen/Generic text, [label:0.00 PHP]): Finding Test Object with id 'Object Repository/iOS/Send Money screen/Generic text'

2018-11-15 19:42:12 - [TEST_STEP][PASSED] - iOS.send_money_screen.tapViewDetails: iOS.send_money_screen.tapViewDetails is PASSED

2018-11-15 19:42:14 - [MESSAGE][PASSED] - Tapped on element 'Object Repository/iOS/Send Money screen/View Details button'

2018-11-15 19:42:14 - [MESSAGE][PASSED] - iOS.send_money_screen.tapViewDetails is PASSED

2018-11-15 19:42:14 - [TEST_STEP][PASSED] - global.verify_element.exist: global.verify_element.exist is PASSED

2018-11-15 19:42:17 - [MESSAGE][PASSED] - Element 'Object Repository/iOS/Send Money screen/Generic text' is exist

2018-11-15 19:42:17 - [MESSAGE][PASSED] - global.verify_element.exist is PASSED

2018-11-15 19:42:17 - [TEST_STEP][PASSED] - global.verify_element.exist: global.verify_element.exist is PASSED

2018-11-15 19:42:20 - [MESSAGE][PASSED] - Element 'Object Repository/iOS/Send Money screen/Generic text' is exist

2018-11-15 19:42:20 - [MESSAGE][PASSED] - global.verify_element.exist is PASSED

2018-11-15 19:42:20 - [TEST_STEP][PASSED] - global.verify_element.exist: global.verify_element.exist is PASSED

2018-11-15 19:42:22 - [MESSAGE][PASSED] - Element 'Object Repository/iOS/Send Money screen/Generic text' is exist

2018-11-15 19:42:22 - [MESSAGE][PASSED] - global.verify_element.exist is PASSED

2018-11-15 19:42:22 - [TEST_STEP][PASSED] - global.verify_element.exist: global.verify_element.exist is PASSED

2018-11-15 19:42:24 - [MESSAGE][PASSED] - Element 'Object Repository/iOS/Send Money screen/Generic text' is exist

2018-11-15 19:42:24 - [MESSAGE][PASSED] - global.verify_element.exist is PASSED

2018-11-15 19:42:24 - [TEST_STEP][FAILED] - global.verify_element.exist: Element 'Object Repository/iOS/Send Money screen/Generic text' not found

2018-11-15 19:42:30 - [MESSAGE][FAILED] - Element 'Object Repository/iOS/Send Money screen/Generic text' not found
[[ATTACHMENT|/Users/buenaanda/Documents/mobile-automation-katalon/Reports/iOS/PERA Hub Test Suite/20181115_190340/1542282150674.png]]

2018-11-15 19:42:30 - [MESSAGE][FAILED] - Element 'Object Repository/iOS/Send Money screen/Generic text' not found

2018-11-15 19:42:30 - [TEST_STEP][FAILED] - global.verify_element.exist: Element 'Object Repository/iOS/Send Money screen/Generic text' not found

2018-11-15 19:42:36 - [MESSAGE][FAILED] - Element 'Object Repository/iOS/Send Money screen/Generic text' not found
[[ATTACHMENT|/Users/buenaanda/Documents/mobile-automation-katalon/Reports/iOS/PERA Hub Test Suite/20181115_190340/1542282156549.png]]

2018-11-15 19:42:36 - [MESSAGE][FAILED] - Element 'Object Repository/iOS/Send Money screen/Generic text' not found

2018-11-15 19:42:36 - [TEST_STEP][FAILED] - global.verify_element.exist: Element 'Object Repository/iOS/Send Money screen/Generic text' not found

2018-11-15 19:42:42 - [MESSAGE][FAILED] - Element 'Object Repository/iOS/Send Money screen/Generic text' not found
[[ATTACHMENT|/Users/buenaanda/Documents/mobile-automation-katalon/Reports/iOS/PERA Hub Test Suite/20181115_190340/1542282162468.png]]

2018-11-15 19:42:42 - [MESSAGE][FAILED] - Element 'Object Repository/iOS/Send Money screen/Generic text' not found

2018-11-15 19:42:42 - [TEST_STEP][PASSED] - global.verify_element.exist: global.verify_element.exist is PASSED

2018-11-15 19:42:49 - [MESSAGE][PASSED] - Element 'Object Repository/iOS/Send Money screen/Generic text' is exist

2018-11-15 19:42:49 - [MESSAGE][PASSED] - global.verify_element.exist is PASSED]]></system-out>
         <system-err><![CDATA[2018-11-15 19:42:12 - [TEST_CASE][FAILED] - Test Cases/iOS/Send Money Branch/SMB_42: Test Cases/iOS/Send Money Branch/SMB_42 FAILED because (of) (Stack trace: com.kms.katalon.core.exception.StepFailedException: Element 'Object Repository/iOS/Send Money screen/Generic text' not found
	at com.kms.katalon.core.keyword.internal.KeywordMain.stepFailed(KeywordMain.groovy:32)
	at com.kms.katalon.core.mobile.keyword.internal.MobileKeywordMain.stepFailed(MobileKeywordMain.groovy:40)
	at com.kms.katalon.core.mobile.keyword.builtin.VerifyElementExistKeyword$_verifyElementExist_closure1.doCall(VerifyElementExistKeyword.groovy:77)
	at com.kms.katalon.core.mobile.keyword.builtin.VerifyElementExistKeyword$_verifyElementExist_closure1.call(VerifyElementExistKeyword.groovy)
	at com.kms.katalon.core.mobile.keyword.internal.MobileKeywordMain.runKeyword(MobileKeywordMain.groovy:21)
	at com.kms.katalon.core.mobile.keyword.builtin.VerifyElementExistKeyword.verifyElementExist(VerifyElementExistKeyword.groovy:80)
	at com.kms.katalon.core.mobile.keyword.builtin.VerifyElementExistKeyword.execute(VerifyElementExistKeyword.groovy:64)
	at com.kms.katalon.core.keyword.internal.KeywordExecutor.executeKeywordForPlatform(KeywordExecutor.groovy:53)
	at com.kms.katalon.core.mobile.keyword.MobileBuiltInKeywords.verifyElementExist(MobileBuiltInKeywords.groovy:605)
	at com.kms.katalon.core.mobile.keyword.MobileBuiltInKeywords$verifyElementExist$1.call(Unknown Source)
	at global.verify_element.exist(verify_element.groovy:38)
	at sun.reflect.GeneratedMethodAccessor17.invoke(Unknown Source)
	at sun.reflect.DelegatingMethodAccessorImpl.invoke(DelegatingMethodAccessorImpl.java:43)
	at java.lang.reflect.Method.invoke(Method.java:498)
	at org.codehaus.groovy.reflection.CachedMethod.invoke(CachedMethod.java:93)
	at groovy.lang.MetaMethod.doMethodInvoke(MetaMethod.java:325)
	at groovy.lang.MetaClassImpl.invokeMethod(MetaClassImpl.java:1215)
	at groovy.lang.MetaClassImpl.invokeMethod(MetaClassImpl.java:1024)
	at groovy.lang.MetaClassImpl.invokeMethod(MetaClassImpl.java:812)
	at groovy.lang.DelegatingMetaClass.invokeMethod(DelegatingMetaClass.java:144)
	at global.verify_element.invokeMethod(verify_element.groovy)
	at com.kms.katalon.core.main.CustomKeywordDelegatingMetaClass.invokeStaticMethod(CustomKeywordDelegatingMetaClass.java:46)
	at org.codehaus.groovy.runtime.callsite.StaticMetaClassSite.call(StaticMetaClassSite.java:53)
	at org.codehaus.groovy.runtime.callsite.CallSiteArray.defaultCall(CallSiteArray.java:48)
	at org.codehaus.groovy.runtime.callsite.AbstractCallSite.call(AbstractCallSite.java:113)
	at org.codehaus.groovy.runtime.callsite.AbstractCallSite.call(AbstractCallSite.java:125)
	at Script1541663263215.run(Script1541663263215.groovy:31)
	at com.kms.katalon.core.main.ScriptEngine.run(ScriptEngine.java:183)
	at com.kms.katalon.core.main.ScriptEngine.runScriptAsRawText(ScriptEngine.java:108)
	at com.kms.katalon.core.main.TestCaseExecutor.runScript(TestCaseExecutor.java:294)
	at com.kms.katalon.core.main.TestCaseExecutor.doExecute(TestCaseExecutor.java:285)
	at com.kms.katalon.core.main.TestCaseExecutor.processExecutionPhase(TestCaseExecutor.java:264)
	at com.kms.katalon.core.main.TestCaseExecutor.accessMainPhase(TestCaseExecutor.java:256)
	at com.kms.katalon.core.main.TestCaseExecutor.execute(TestCaseExecutor.java:200)
	at com.kms.katalon.core.main.TestSuiteExecutor.accessTestCaseMainPhase(TestSuiteExecutor.java:129)
	at com.kms.katalon.core.main.TestSuiteExecutor.accessTestSuiteMainPhase(TestSuiteExecutor.java:112)
	at com.kms.katalon.core.main.TestSuiteExecutor.execute(TestSuiteExecutor.java:81)
	at com.kms.katalon.core.main.TestCaseMain.startTestSuite(TestCaseMain.java:142)
	at com.kms.katalon.core.main.TestCaseMain$startTestSuite$0.call(Unknown Source)
	at org.codehaus.groovy.runtime.callsite.CallSiteArray.defaultCall(CallSiteArray.java:48)
	at org.codehaus.groovy.runtime.callsite.AbstractCallSite.call(AbstractCallSite.java:113)
	at org.codehaus.groovy.runtime.callsite.AbstractCallSite.call(AbstractCallSite.java:141)
	at TempTestSuite1542279820794.run(TempTestSuite1542279820794.groovy:36)
	at groovy.lang.GroovyShell.runScriptOrMainOrTestOrRunnable(GroovyShell.java:263)
	at groovy.lang.GroovyShell.run(GroovyShell.java:518)
	at groovy.lang.GroovyShell.run(GroovyShell.java:507)
	at groovy.ui.GroovyMain.processOnce(GroovyMain.java:653)
	at groovy.ui.GroovyMain.run(GroovyMain.java:384)
	at groovy.ui.GroovyMain.process(GroovyMain.java:370)
	at groovy.ui.GroovyMain.processArgs(GroovyMain.java:129)
	at groovy.ui.GroovyMain.main(GroovyMain.java:109)
	at sun.reflect.NativeMethodAccessorImpl.invoke0(Native Method)
	at sun.reflect.NativeMethodAccessorImpl.invoke(NativeMethodAccessorImpl.java:62)
	at sun.reflect.DelegatingMethodAccessorImpl.invoke(DelegatingMethodAccessorImpl.java:43)
	at java.lang.reflect.Method.invoke(Method.java:498)
	at org.codehaus.groovy.tools.GroovyStarter.rootLoader(GroovyStarter.java:109)
	at org.codehaus.groovy.tools.GroovyStarter.main(GroovyStarter.java:131)
)]]></system-err>
      </testcase>
      <testcase name="Test Cases/iOS/Send Money Branch/SMB_43" classname="Test Cases/iOS/Send Money Branch/SMB_43" status="ERROR">
         <error type="ERROR" message="Test Cases/iOS/Send Money Branch/SMB_43 FAILED because (of) (Stack trace: java.lang.ClassNotFoundException: OS.send_money_screen
	at java.net.URLClassLoader.findClass(URLClassLoader.java:381)
	at java.lang.ClassLoader.loadClass(ClassLoader.java:424)
	at groovy.lang.GroovyClassLoader.loadClass(GroovyClassLoader.java:677)
	at groovy.lang.GroovyClassLoader.loadClass(GroovyClassLoader.java:787)
	at groovy.lang.GroovyClassLoader.loadClass(GroovyClassLoader.java:775)
	at com.kms.katalon.core.main.CustomKeywordDelegatingMetaClass.getCustomKeywordClassAndSetMetaClass(CustomKeywordDelegatingMetaClass.java:96)
	at com.kms.katalon.core.main.CustomKeywordDelegatingMetaClass.invokeStaticMethod(CustomKeywordDelegatingMetaClass.java:41)
	at org.codehaus.groovy.runtime.callsite.StaticMetaClassSite.call(StaticMetaClassSite.java:53)
	at org.codehaus.groovy.runtime.callsite.CallSiteArray.defaultCall(CallSiteArray.java:48)
	at org.codehaus.groovy.runtime.callsite.AbstractCallSite.call(AbstractCallSite.java:113)
	at org.codehaus.groovy.runtime.callsite.AbstractCallSite.call(AbstractCallSite.java:117)
	at Script1541666951527.run(Script1541666951527.groovy:6)
	at com.kms.katalon.core.main.ScriptEngine.run(ScriptEngine.java:183)
	at com.kms.katalon.core.main.ScriptEngine.runScriptAsRawText(ScriptEngine.java:108)
	at com.kms.katalon.core.main.TestCaseExecutor.runScript(TestCaseExecutor.java:294)
	at com.kms.katalon.core.main.TestCaseExecutor.doExecute(TestCaseExecutor.java:285)
	at com.kms.katalon.core.main.TestCaseExecutor.processExecutionPhase(TestCaseExecutor.java:264)
	at com.kms.katalon.core.main.TestCaseExecutor.accessMainPhase(TestCaseExecutor.java:256)
	at com.kms.katalon.core.main.TestCaseExecutor.execute(TestCaseExecutor.java:200)
	at com.kms.katalon.core.main.TestSuiteExecutor.accessTestCaseMainPhase(TestSuiteExecutor.java:129)
	at com.kms.katalon.core.main.TestSuiteExecutor.accessTestSuiteMainPhase(TestSuiteExecutor.java:112)
	at com.kms.katalon.core.main.TestSuiteExecutor.execute(TestSuiteExecutor.java:81)
	at com.kms.katalon.core.main.TestCaseMain.startTestSuite(TestCaseMain.java:142)
	at com.kms.katalon.core.main.TestCaseMain$startTestSuite$0.call(Unknown Source)
	at org.codehaus.groovy.runtime.callsite.CallSiteArray.defaultCall(CallSiteArray.java:48)
	at org.codehaus.groovy.runtime.callsite.AbstractCallSite.call(AbstractCallSite.java:113)
	at org.codehaus.groovy.runtime.callsite.AbstractCallSite.call(AbstractCallSite.java:141)
	at TempTestSuite1542279820794.run(TempTestSuite1542279820794.groovy:36)
	at groovy.lang.GroovyShell.runScriptOrMainOrTestOrRunnable(GroovyShell.java:263)
	at groovy.lang.GroovyShell.run(GroovyShell.java:518)
	at groovy.lang.GroovyShell.run(GroovyShell.java:507)
	at groovy.ui.GroovyMain.processOnce(GroovyMain.java:653)
	at groovy.ui.GroovyMain.run(GroovyMain.java:384)
	at groovy.ui.GroovyMain.process(GroovyMain.java:370)
	at groovy.ui.GroovyMain.processArgs(GroovyMain.java:129)
	at groovy.ui.GroovyMain.main(GroovyMain.java:109)
	at sun.reflect.NativeMethodAccessorImpl.invoke0(Native Method)
	at sun.reflect.NativeMethodAccessorImpl.invoke(NativeMethodAccessorImpl.java:62)
	at sun.reflect.DelegatingMethodAccessorImpl.invoke(DelegatingMethodAccessorImpl.java:43)
	at java.lang.reflect.Method.invoke(Method.java:498)
	at org.codehaus.groovy.tools.GroovyStarter.rootLoader(GroovyStarter.java:109)
	at org.codehaus.groovy.tools.GroovyStarter.main(GroovyStarter.java:131)
)"/>
         <system-out><![CDATA[2018-11-15 19:42:49 - [TEST_CASE][ERROR] - Test Cases/iOS/Send Money Branch/SMB_43: Test Cases/iOS/Send Money Branch/SMB_43 FAILED because (of) (Stack trace: java.lang.ClassNotFoundException: OS.send_money_screen
	at java.net.URLClassLoader.findClass(URLClassLoader.java:381)
	at java.lang.ClassLoader.loadClass(ClassLoader.java:424)
	at groovy.lang.GroovyClassLoader.loadClass(GroovyClassLoader.java:677)
	at groovy.lang.GroovyClassLoader.loadClass(GroovyClassLoader.java:787)
	at groovy.lang.GroovyClassLoader.loadClass(GroovyClassLoader.java:775)
	at com.kms.katalon.core.main.CustomKeywordDelegatingMetaClass.getCustomKeywordClassAndSetMetaClass(CustomKeywordDelegatingMetaClass.java:96)
	at com.kms.katalon.core.main.CustomKeywordDelegatingMetaClass.invokeStaticMethod(CustomKeywordDelegatingMetaClass.java:41)
	at org.codehaus.groovy.runtime.callsite.StaticMetaClassSite.call(StaticMetaClassSite.java:53)
	at org.codehaus.groovy.runtime.callsite.CallSiteArray.defaultCall(CallSiteArray.java:48)
	at org.codehaus.groovy.runtime.callsite.AbstractCallSite.call(AbstractCallSite.java:113)
	at org.codehaus.groovy.runtime.callsite.AbstractCallSite.call(AbstractCallSite.java:117)
	at Script1541666951527.run(Script1541666951527.groovy:6)
	at com.kms.katalon.core.main.ScriptEngine.run(ScriptEngine.java:183)
	at com.kms.katalon.core.main.ScriptEngine.runScriptAsRawText(ScriptEngine.java:108)
	at com.kms.katalon.core.main.TestCaseExecutor.runScript(TestCaseExecutor.java:294)
	at com.kms.katalon.core.main.TestCaseExecutor.doExecute(TestCaseExecutor.java:285)
	at com.kms.katalon.core.main.TestCaseExecutor.processExecutionPhase(TestCaseExecutor.java:264)
	at com.kms.katalon.core.main.TestCaseExecutor.accessMainPhase(TestCaseExecutor.java:256)
	at com.kms.katalon.core.main.TestCaseExecutor.execute(TestCaseExecutor.java:200)
	at com.kms.katalon.core.main.TestSuiteExecutor.accessTestCaseMainPhase(TestSuiteExecutor.java:129)
	at com.kms.katalon.core.main.TestSuiteExecutor.accessTestSuiteMainPhase(TestSuiteExecutor.java:112)
	at com.kms.katalon.core.main.TestSuiteExecutor.execute(TestSuiteExecutor.java:81)
	at com.kms.katalon.core.main.TestCaseMain.startTestSuite(TestCaseMain.java:142)
	at com.kms.katalon.core.main.TestCaseMain$startTestSuite$0.call(Unknown Source)
	at org.codehaus.groovy.runtime.callsite.CallSiteArray.defaultCall(CallSiteArray.java:48)
	at org.codehaus.groovy.runtime.callsite.AbstractCallSite.call(AbstractCallSite.java:113)
	at org.codehaus.groovy.runtime.callsite.AbstractCallSite.call(AbstractCallSite.java:141)
	at TempTestSuite1542279820794.run(TempTestSuite1542279820794.groovy:36)
	at groovy.lang.GroovyShell.runScriptOrMainOrTestOrRunnable(GroovyShell.java:263)
	at groovy.lang.GroovyShell.run(GroovyShell.java:518)
	at groovy.lang.GroovyShell.run(GroovyShell.java:507)
	at groovy.ui.GroovyMain.processOnce(GroovyMain.java:653)
	at groovy.ui.GroovyMain.run(GroovyMain.java:384)
	at groovy.ui.GroovyMain.process(GroovyMain.java:370)
	at groovy.ui.GroovyMain.processArgs(GroovyMain.java:129)
	at groovy.ui.GroovyMain.main(GroovyMain.java:109)
	at sun.reflect.NativeMethodAccessorImpl.invoke0(Native Method)
	at sun.reflect.NativeMethodAccessorImpl.invoke(NativeMethodAccessorImpl.java:62)
	at sun.reflect.DelegatingMethodAccessorImpl.invoke(DelegatingMethodAccessorImpl.java:43)
	at java.lang.reflect.Method.invoke(Method.java:498)
	at org.codehaus.groovy.tools.GroovyStarter.rootLoader(GroovyStarter.java:109)
	at org.codehaus.groovy.tools.GroovyStarter.main(GroovyStarter.java:131)
)

2018-11-15 19:42:49 - [TEST_STEP][PASSED] - iOS.send_money_screen.tapBack: iOS.send_money_screen.tapBack is PASSED

2018-11-15 19:42:52 - [MESSAGE][PASSED] - Tapped on element 'Object Repository/iOS/Send Money screen/Back button'

2018-11-15 19:42:52 - [MESSAGE][PASSED] - iOS.send_money_screen.tapBack is PASSED

2018-11-15 19:42:52 - [TEST_STEP][ERROR] - OS.send_money_screen.tapViewDashboard: OS.send_money_screen

2018-11-15 19:42:52 - [MESSAGE][ERROR] - OS.send_money_screen]]></system-out>
         <system-err><![CDATA[2018-11-15 19:42:49 - [TEST_CASE][ERROR] - Test Cases/iOS/Send Money Branch/SMB_43: Test Cases/iOS/Send Money Branch/SMB_43 FAILED because (of) (Stack trace: java.lang.ClassNotFoundException: OS.send_money_screen
	at java.net.URLClassLoader.findClass(URLClassLoader.java:381)
	at java.lang.ClassLoader.loadClass(ClassLoader.java:424)
	at groovy.lang.GroovyClassLoader.loadClass(GroovyClassLoader.java:677)
	at groovy.lang.GroovyClassLoader.loadClass(GroovyClassLoader.java:787)
	at groovy.lang.GroovyClassLoader.loadClass(GroovyClassLoader.java:775)
	at com.kms.katalon.core.main.CustomKeywordDelegatingMetaClass.getCustomKeywordClassAndSetMetaClass(CustomKeywordDelegatingMetaClass.java:96)
	at com.kms.katalon.core.main.CustomKeywordDelegatingMetaClass.invokeStaticMethod(CustomKeywordDelegatingMetaClass.java:41)
	at org.codehaus.groovy.runtime.callsite.StaticMetaClassSite.call(StaticMetaClassSite.java:53)
	at org.codehaus.groovy.runtime.callsite.CallSiteArray.defaultCall(CallSiteArray.java:48)
	at org.codehaus.groovy.runtime.callsite.AbstractCallSite.call(AbstractCallSite.java:113)
	at org.codehaus.groovy.runtime.callsite.AbstractCallSite.call(AbstractCallSite.java:117)
	at Script1541666951527.run(Script1541666951527.groovy:6)
	at com.kms.katalon.core.main.ScriptEngine.run(ScriptEngine.java:183)
	at com.kms.katalon.core.main.ScriptEngine.runScriptAsRawText(ScriptEngine.java:108)
	at com.kms.katalon.core.main.TestCaseExecutor.runScript(TestCaseExecutor.java:294)
	at com.kms.katalon.core.main.TestCaseExecutor.doExecute(TestCaseExecutor.java:285)
	at com.kms.katalon.core.main.TestCaseExecutor.processExecutionPhase(TestCaseExecutor.java:264)
	at com.kms.katalon.core.main.TestCaseExecutor.accessMainPhase(TestCaseExecutor.java:256)
	at com.kms.katalon.core.main.TestCaseExecutor.execute(TestCaseExecutor.java:200)
	at com.kms.katalon.core.main.TestSuiteExecutor.accessTestCaseMainPhase(TestSuiteExecutor.java:129)
	at com.kms.katalon.core.main.TestSuiteExecutor.accessTestSuiteMainPhase(TestSuiteExecutor.java:112)
	at com.kms.katalon.core.main.TestSuiteExecutor.execute(TestSuiteExecutor.java:81)
	at com.kms.katalon.core.main.TestCaseMain.startTestSuite(TestCaseMain.java:142)
	at com.kms.katalon.core.main.TestCaseMain$startTestSuite$0.call(Unknown Source)
	at org.codehaus.groovy.runtime.callsite.CallSiteArray.defaultCall(CallSiteArray.java:48)
	at org.codehaus.groovy.runtime.callsite.AbstractCallSite.call(AbstractCallSite.java:113)
	at org.codehaus.groovy.runtime.callsite.AbstractCallSite.call(AbstractCallSite.java:141)
	at TempTestSuite1542279820794.run(TempTestSuite1542279820794.groovy:36)
	at groovy.lang.GroovyShell.runScriptOrMainOrTestOrRunnable(GroovyShell.java:263)
	at groovy.lang.GroovyShell.run(GroovyShell.java:518)
	at groovy.lang.GroovyShell.run(GroovyShell.java:507)
	at groovy.ui.GroovyMain.processOnce(GroovyMain.java:653)
	at groovy.ui.GroovyMain.run(GroovyMain.java:384)
	at groovy.ui.GroovyMain.process(GroovyMain.java:370)
	at groovy.ui.GroovyMain.processArgs(GroovyMain.java:129)
	at groovy.ui.GroovyMain.main(GroovyMain.java:109)
	at sun.reflect.NativeMethodAccessorImpl.invoke0(Native Method)
	at sun.reflect.NativeMethodAccessorImpl.invoke(NativeMethodAccessorImpl.java:62)
	at sun.reflect.DelegatingMethodAccessorImpl.invoke(DelegatingMethodAccessorImpl.java:43)
	at java.lang.reflect.Method.invoke(Method.java:498)
	at org.codehaus.groovy.tools.GroovyStarter.rootLoader(GroovyStarter.java:109)
	at org.codehaus.groovy.tools.GroovyStarter.main(GroovyStarter.java:131)
)]]></system-err>
      </testcase>
      <testcase name="Test Cases/iOS/Send Money Branch/SMB_31" classname="Test Cases/iOS/Send Money Branch/SMB_31" status="FAILED">
         <failure type="FAILED" message="(Stack trace: com.kms.katalon.core.exception.StepFailedException: Failed to tap on element 'Object Repository/iOS/Navigation menu/Transfer Money menu' (Root cause: Object Object Repository/iOS/Navigation menu/Transfer Money menu not found)
	at com.kms.katalon.core.keyword.internal.KeywordMain.stepFailed(KeywordMain.groovy:36)
	at com.kms.katalon.core.mobile.keyword.internal.MobileKeywordMain.stepFailed(MobileKeywordMain.groovy:40)
	at com.kms.katalon.core.mobile.keyword.internal.MobileKeywordMain.runKeyword(MobileKeywordMain.groovy:23)
	at com.kms.katalon.core.mobile.keyword.builtin.TapKeyword.tap(TapKeyword.groovy:83)
	at com.kms.katalon.core.mobile.keyword.builtin.TapKeyword.execute(TapKeyword.groovy:66)
	at com.kms.katalon.core.keyword.internal.KeywordExecutor.executeKeywordForPlatform(KeywordExecutor.groovy:53)
	at com.kms.katalon.core.mobile.keyword.MobileBuiltInKeywords.tap(MobileBuiltInKeywords.groovy:471)
	at com.kms.katalon.core.mobile.keyword.MobileBuiltInKeywords$tap$0.call(Unknown Source)
	at iOS.navigation_menu.tapTransferMoney(navigation_menu.groovy:15)
	at sun.reflect.NativeMethodAccessorImpl.invoke0(Native Method)
	at sun.reflect.NativeMethodAccessorImpl.invoke(NativeMethodAccessorImpl.java:62)
	at sun.reflect.DelegatingMethodAccessorImpl.invoke(DelegatingMethodAccessorImpl.java:43)
	at java.lang.reflect.Method.invoke(Method.java:498)
	at org.codehaus.groovy.reflection.CachedMethod.invoke(CachedMethod.java:93)
	at groovy.lang.MetaMethod.doMethodInvoke(MetaMethod.java:325)
	at groovy.lang.MetaClassImpl.invokeMethod(MetaClassImpl.java:1215)
	at groovy.lang.MetaClassImpl.invokeMethod(MetaClassImpl.java:1024)
	at groovy.lang.MetaClassImpl.invokeMethod(MetaClassImpl.java:812)
	at groovy.lang.DelegatingMetaClass.invokeMethod(DelegatingMetaClass.java:144)
	at iOS.navigation_menu.invokeMethod(navigation_menu.groovy)
	at com.kms.katalon.core.main.CustomKeywordDelegatingMetaClass.invokeStaticMethod(CustomKeywordDelegatingMetaClass.java:46)
	at org.codehaus.groovy.runtime.callsite.StaticMetaClassSite.call(StaticMetaClassSite.java:53)
	at org.codehaus.groovy.runtime.callsite.CallSiteArray.defaultCall(CallSiteArray.java:48)
	at org.codehaus.groovy.runtime.callsite.AbstractCallSite.call(AbstractCallSite.java:113)
	at org.codehaus.groovy.runtime.callsite.AbstractCallSite.call(AbstractCallSite.java:117)
	at Script1541667457825.run(Script1541667457825.groovy:26)
	at com.kms.katalon.core.main.ScriptEngine.run(ScriptEngine.java:183)
	at com.kms.katalon.core.main.ScriptEngine.runScriptAsRawText(ScriptEngine.java:108)
	at com.kms.katalon.core.main.TestCaseExecutor.runScript(TestCaseExecutor.java:294)
	at com.kms.katalon.core.main.TestCaseExecutor.doExecute(TestCaseExecutor.java:285)
	at com.kms.katalon.core.main.TestCaseExecutor.processExecutionPhase(TestCaseExecutor.java:264)
	at com.kms.katalon.core.main.TestCaseExecutor.accessMainPhase(TestCaseExecutor.java:256)
	at com.kms.katalon.core.main.TestCaseExecutor.execute(TestCaseExecutor.java:200)
	at com.kms.katalon.core.main.TestSuiteExecutor.accessTestCaseMainPhase(TestSuiteExecutor.java:129)
	at com.kms.katalon.core.main.TestSuiteExecutor.accessTestSuiteMainPhase(TestSuiteExecutor.java:112)
	at com.kms.katalon.core.main.TestSuiteExecutor.execute(TestSuiteExecutor.java:81)
	at com.kms.katalon.core.main.TestCaseMain.startTestSuite(TestCaseMain.java:142)
	at com.kms.katalon.core.main.TestCaseMain$startTestSuite$0.call(Unknown Source)
	at org.codehaus.groovy.runtime.callsite.CallSiteArray.defaultCall(CallSiteArray.java:48)
	at org.codehaus.groovy.runtime.callsite.AbstractCallSite.call(AbstractCallSite.java:113)
	at org.codehaus.groovy.runtime.callsite.AbstractCallSite.call(AbstractCallSite.java:141)
	at TempTestSuite1542279820794.run(TempTestSuite1542279820794.groovy:36)
	at groovy.lang.GroovyShell.runScriptOrMainOrTestOrRunnable(GroovyShell.java:263)
	at groovy.lang.GroovyShell.run(GroovyShell.java:518)
	at groovy.lang.GroovyShell.run(GroovyShell.java:507)
	at groovy.ui.GroovyMain.processOnce(GroovyMain.java:653)
	at groovy.ui.GroovyMain.run(GroovyMain.java:384)
	at groovy.ui.GroovyMain.process(GroovyMain.java:370)
	at groovy.ui.GroovyMain.processArgs(GroovyMain.java:129)
	at groovy.ui.GroovyMain.main(GroovyMain.java:109)
	at sun.reflect.NativeMethodAccessorImpl.invoke0(Native Method)
	at sun.reflect.NativeMethodAccessorImpl.invoke(NativeMethodAccessorImpl.java:62)
	at sun.reflect.DelegatingMethodAccessorImpl.invoke(DelegatingMethodAccessorImpl.java:43)
	at java.lang.reflect.Method.invoke(Method.java:498)
	at org.codehaus.groovy.tools.GroovyStarter.rootLoader(GroovyStarter.java:109)
	at org.codehaus.groovy.tools.GroovyStarter.main(GroovyStarter.java:131)
)"/>
         <system-out><![CDATA[2018-11-15 19:42:52 - [TEST_CASE][FAILED] - Test Cases/iOS/Send Money Branch/SMB_31: Test Cases/iOS/Send Money Branch/SMB_31 FAILED because (of) (Stack trace: com.kms.katalon.core.exception.StepFailedException: Failed to tap on element 'Object Repository/iOS/Navigation menu/Transfer Money menu' (Root cause: Object Object Repository/iOS/Navigation menu/Transfer Money menu not found)
	at com.kms.katalon.core.keyword.internal.KeywordMain.stepFailed(KeywordMain.groovy:36)
	at com.kms.katalon.core.mobile.keyword.internal.MobileKeywordMain.stepFailed(MobileKeywordMain.groovy:40)
	at com.kms.katalon.core.mobile.keyword.internal.MobileKeywordMain.runKeyword(MobileKeywordMain.groovy:23)
	at com.kms.katalon.core.mobile.keyword.builtin.TapKeyword.tap(TapKeyword.groovy:83)
	at com.kms.katalon.core.mobile.keyword.builtin.TapKeyword.execute(TapKeyword.groovy:66)
	at com.kms.katalon.core.keyword.internal.KeywordExecutor.executeKeywordForPlatform(KeywordExecutor.groovy:53)
	at com.kms.katalon.core.mobile.keyword.MobileBuiltInKeywords.tap(MobileBuiltInKeywords.groovy:471)
	at com.kms.katalon.core.mobile.keyword.MobileBuiltInKeywords$tap$0.call(Unknown Source)
	at iOS.navigation_menu.tapTransferMoney(navigation_menu.groovy:15)
	at sun.reflect.NativeMethodAccessorImpl.invoke0(Native Method)
	at sun.reflect.NativeMethodAccessorImpl.invoke(NativeMethodAccessorImpl.java:62)
	at sun.reflect.DelegatingMethodAccessorImpl.invoke(DelegatingMethodAccessorImpl.java:43)
	at java.lang.reflect.Method.invoke(Method.java:498)
	at org.codehaus.groovy.reflection.CachedMethod.invoke(CachedMethod.java:93)
	at groovy.lang.MetaMethod.doMethodInvoke(MetaMethod.java:325)
	at groovy.lang.MetaClassImpl.invokeMethod(MetaClassImpl.java:1215)
	at groovy.lang.MetaClassImpl.invokeMethod(MetaClassImpl.java:1024)
	at groovy.lang.MetaClassImpl.invokeMethod(MetaClassImpl.java:812)
	at groovy.lang.DelegatingMetaClass.invokeMethod(DelegatingMetaClass.java:144)
	at iOS.navigation_menu.invokeMethod(navigation_menu.groovy)
	at com.kms.katalon.core.main.CustomKeywordDelegatingMetaClass.invokeStaticMethod(CustomKeywordDelegatingMetaClass.java:46)
	at org.codehaus.groovy.runtime.callsite.StaticMetaClassSite.call(StaticMetaClassSite.java:53)
	at org.codehaus.groovy.runtime.callsite.CallSiteArray.defaultCall(CallSiteArray.java:48)
	at org.codehaus.groovy.runtime.callsite.AbstractCallSite.call(AbstractCallSite.java:113)
	at org.codehaus.groovy.runtime.callsite.AbstractCallSite.call(AbstractCallSite.java:117)
	at Script1541667457825.run(Script1541667457825.groovy:26)
	at com.kms.katalon.core.main.ScriptEngine.run(ScriptEngine.java:183)
	at com.kms.katalon.core.main.ScriptEngine.runScriptAsRawText(ScriptEngine.java:108)
	at com.kms.katalon.core.main.TestCaseExecutor.runScript(TestCaseExecutor.java:294)
	at com.kms.katalon.core.main.TestCaseExecutor.doExecute(TestCaseExecutor.java:285)
	at com.kms.katalon.core.main.TestCaseExecutor.processExecutionPhase(TestCaseExecutor.java:264)
	at com.kms.katalon.core.main.TestCaseExecutor.accessMainPhase(TestCaseExecutor.java:256)
	at com.kms.katalon.core.main.TestCaseExecutor.execute(TestCaseExecutor.java:200)
	at com.kms.katalon.core.main.TestSuiteExecutor.accessTestCaseMainPhase(TestSuiteExecutor.java:129)
	at com.kms.katalon.core.main.TestSuiteExecutor.accessTestSuiteMainPhase(TestSuiteExecutor.java:112)
	at com.kms.katalon.core.main.TestSuiteExecutor.execute(TestSuiteExecutor.java:81)
	at com.kms.katalon.core.main.TestCaseMain.startTestSuite(TestCaseMain.java:142)
	at com.kms.katalon.core.main.TestCaseMain$startTestSuite$0.call(Unknown Source)
	at org.codehaus.groovy.runtime.callsite.CallSiteArray.defaultCall(CallSiteArray.java:48)
	at org.codehaus.groovy.runtime.callsite.AbstractCallSite.call(AbstractCallSite.java:113)
	at org.codehaus.groovy.runtime.callsite.AbstractCallSite.call(AbstractCallSite.java:141)
	at TempTestSuite1542279820794.run(TempTestSuite1542279820794.groovy:36)
	at groovy.lang.GroovyShell.runScriptOrMainOrTestOrRunnable(GroovyShell.java:263)
	at groovy.lang.GroovyShell.run(GroovyShell.java:518)
	at groovy.lang.GroovyShell.run(GroovyShell.java:507)
	at groovy.ui.GroovyMain.processOnce(GroovyMain.java:653)
	at groovy.ui.GroovyMain.run(GroovyMain.java:384)
	at groovy.ui.GroovyMain.process(GroovyMain.java:370)
	at groovy.ui.GroovyMain.processArgs(GroovyMain.java:129)
	at groovy.ui.GroovyMain.main(GroovyMain.java:109)
	at sun.reflect.NativeMethodAccessorImpl.invoke0(Native Method)
	at sun.reflect.NativeMethodAccessorImpl.invoke(NativeMethodAccessorImpl.java:62)
	at sun.reflect.DelegatingMethodAccessorImpl.invoke(DelegatingMethodAccessorImpl.java:43)
	at java.lang.reflect.Method.invoke(Method.java:498)
	at org.codehaus.groovy.tools.GroovyStarter.rootLoader(GroovyStarter.java:109)
	at org.codehaus.groovy.tools.GroovyStarter.main(GroovyStarter.java:131)
)

2018-11-15 19:42:52 - [TEST_STEP][PASSED] - Statement - randomFirstName = new global.random_data().firstName(): null

2018-11-15 19:42:52 - [TEST_STEP][PASSED] - Statement - randomMiddleName = new global.random_data().middleName(): null

2018-11-15 19:42:52 - [TEST_STEP][PASSED] - Statement - randomLastName = new global.random_data().lastName(): null

2018-11-15 19:42:52 - [TEST_STEP][PASSED] - Statement - randomMobileNumber = new global.random_data().mobileNumber(): null

2018-11-15 19:42:52 - [TEST_STEP][PASSED] - Statement - randomPhoneNumber = new global.random_data().phoneNumber(): null

2018-11-15 19:42:52 - [TEST_STEP][PASSED] - Statement - randomSourceOfFunds = new global.random_data().sourceOfFunds(): null

2018-11-15 19:42:52 - [TEST_STEP][PASSED] - Statement - randomAmount = new global.random_data().amount(): null

2018-11-15 19:42:52 - [TEST_STEP][PASSED] - Statement - randomSentence = new global.random_data().message(): null

2018-11-15 19:42:52 - [TEST_STEP][PASSED] - Statement - firstName = randomFirstName: null

2018-11-15 19:42:52 - [TEST_STEP][PASSED] - Statement - middleName = randomMiddleName: null

2018-11-15 19:42:52 - [TEST_STEP][PASSED] - Statement - lastName = randomLastName: null

2018-11-15 19:42:52 - [TEST_STEP][PASSED] - Statement - mobileNumber = randomMobileNumber: null

2018-11-15 19:42:52 - [TEST_STEP][PASSED] - Statement - phoneNumber = randomPhoneNumber: null

2018-11-15 19:42:52 - [TEST_STEP][PASSED] - Statement - sourceOfFunds = randomSourceOfFunds: null

2018-11-15 19:42:52 - [TEST_STEP][PASSED] - Statement - amount = randomAmount: null

2018-11-15 19:42:52 - [TEST_STEP][PASSED] - Statement - message = randomSentence: null

2018-11-15 19:42:52 - [TEST_STEP][FAILED] - iOS.navigation_menu.tapTransferMoney: Failed to tap on element 'Object Repository/iOS/Navigation menu/Transfer Money menu' (Root cause: Object Object Repository/iOS/Navigation menu/Transfer Money menu not found)

2018-11-15 19:42:52 - [MESSAGE][WARNING] - Timeout '0' is invalid. Using default page load timeout: '15'

2018-11-15 19:43:08 - [MESSAGE][FAILED] - Object Object Repository/iOS/Navigation menu/Transfer Money menu not found
[[ATTACHMENT|/Users/buenaanda/Documents/mobile-automation-katalon/Reports/iOS/PERA Hub Test Suite/20181115_190340/1542282188061.png]]

2018-11-15 19:43:08 - [MESSAGE][FAILED] - Failed to tap on element 'Object Repository/iOS/Navigation menu/Transfer Money menu' (Root cause: Object Object Repository/iOS/Navigation menu/Transfer Money menu not found)
[[ATTACHMENT|/Users/buenaanda/Documents/mobile-automation-katalon/Reports/iOS/PERA Hub Test Suite/20181115_190340/1542282188179.png]]

2018-11-15 19:43:08 - [MESSAGE][FAILED] - Failed to tap on element 'Object Repository/iOS/Navigation menu/Transfer Money menu' (Root cause: Object Object Repository/iOS/Navigation menu/Transfer Money menu not found)]]></system-out>
         <system-err><![CDATA[2018-11-15 19:42:52 - [TEST_CASE][FAILED] - Test Cases/iOS/Send Money Branch/SMB_31: Test Cases/iOS/Send Money Branch/SMB_31 FAILED because (of) (Stack trace: com.kms.katalon.core.exception.StepFailedException: Failed to tap on element 'Object Repository/iOS/Navigation menu/Transfer Money menu' (Root cause: Object Object Repository/iOS/Navigation menu/Transfer Money menu not found)
	at com.kms.katalon.core.keyword.internal.KeywordMain.stepFailed(KeywordMain.groovy:36)
	at com.kms.katalon.core.mobile.keyword.internal.MobileKeywordMain.stepFailed(MobileKeywordMain.groovy:40)
	at com.kms.katalon.core.mobile.keyword.internal.MobileKeywordMain.runKeyword(MobileKeywordMain.groovy:23)
	at com.kms.katalon.core.mobile.keyword.builtin.TapKeyword.tap(TapKeyword.groovy:83)
	at com.kms.katalon.core.mobile.keyword.builtin.TapKeyword.execute(TapKeyword.groovy:66)
	at com.kms.katalon.core.keyword.internal.KeywordExecutor.executeKeywordForPlatform(KeywordExecutor.groovy:53)
	at com.kms.katalon.core.mobile.keyword.MobileBuiltInKeywords.tap(MobileBuiltInKeywords.groovy:471)
	at com.kms.katalon.core.mobile.keyword.MobileBuiltInKeywords$tap$0.call(Unknown Source)
	at iOS.navigation_menu.tapTransferMoney(navigation_menu.groovy:15)
	at sun.reflect.NativeMethodAccessorImpl.invoke0(Native Method)
	at sun.reflect.NativeMethodAccessorImpl.invoke(NativeMethodAccessorImpl.java:62)
	at sun.reflect.DelegatingMethodAccessorImpl.invoke(DelegatingMethodAccessorImpl.java:43)
	at java.lang.reflect.Method.invoke(Method.java:498)
	at org.codehaus.groovy.reflection.CachedMethod.invoke(CachedMethod.java:93)
	at groovy.lang.MetaMethod.doMethodInvoke(MetaMethod.java:325)
	at groovy.lang.MetaClassImpl.invokeMethod(MetaClassImpl.java:1215)
	at groovy.lang.MetaClassImpl.invokeMethod(MetaClassImpl.java:1024)
	at groovy.lang.MetaClassImpl.invokeMethod(MetaClassImpl.java:812)
	at groovy.lang.DelegatingMetaClass.invokeMethod(DelegatingMetaClass.java:144)
	at iOS.navigation_menu.invokeMethod(navigation_menu.groovy)
	at com.kms.katalon.core.main.CustomKeywordDelegatingMetaClass.invokeStaticMethod(CustomKeywordDelegatingMetaClass.java:46)
	at org.codehaus.groovy.runtime.callsite.StaticMetaClassSite.call(StaticMetaClassSite.java:53)
	at org.codehaus.groovy.runtime.callsite.CallSiteArray.defaultCall(CallSiteArray.java:48)
	at org.codehaus.groovy.runtime.callsite.AbstractCallSite.call(AbstractCallSite.java:113)
	at org.codehaus.groovy.runtime.callsite.AbstractCallSite.call(AbstractCallSite.java:117)
	at Script1541667457825.run(Script1541667457825.groovy:26)
	at com.kms.katalon.core.main.ScriptEngine.run(ScriptEngine.java:183)
	at com.kms.katalon.core.main.ScriptEngine.runScriptAsRawText(ScriptEngine.java:108)
	at com.kms.katalon.core.main.TestCaseExecutor.runScript(TestCaseExecutor.java:294)
	at com.kms.katalon.core.main.TestCaseExecutor.doExecute(TestCaseExecutor.java:285)
	at com.kms.katalon.core.main.TestCaseExecutor.processExecutionPhase(TestCaseExecutor.java:264)
	at com.kms.katalon.core.main.TestCaseExecutor.accessMainPhase(TestCaseExecutor.java:256)
	at com.kms.katalon.core.main.TestCaseExecutor.execute(TestCaseExecutor.java:200)
	at com.kms.katalon.core.main.TestSuiteExecutor.accessTestCaseMainPhase(TestSuiteExecutor.java:129)
	at com.kms.katalon.core.main.TestSuiteExecutor.accessTestSuiteMainPhase(TestSuiteExecutor.java:112)
	at com.kms.katalon.core.main.TestSuiteExecutor.execute(TestSuiteExecutor.java:81)
	at com.kms.katalon.core.main.TestCaseMain.startTestSuite(TestCaseMain.java:142)
	at com.kms.katalon.core.main.TestCaseMain$startTestSuite$0.call(Unknown Source)
	at org.codehaus.groovy.runtime.callsite.CallSiteArray.defaultCall(CallSiteArray.java:48)
	at org.codehaus.groovy.runtime.callsite.AbstractCallSite.call(AbstractCallSite.java:113)
	at org.codehaus.groovy.runtime.callsite.AbstractCallSite.call(AbstractCallSite.java:141)
	at TempTestSuite1542279820794.run(TempTestSuite1542279820794.groovy:36)
	at groovy.lang.GroovyShell.runScriptOrMainOrTestOrRunnable(GroovyShell.java:263)
	at groovy.lang.GroovyShell.run(GroovyShell.java:518)
	at groovy.lang.GroovyShell.run(GroovyShell.java:507)
	at groovy.ui.GroovyMain.processOnce(GroovyMain.java:653)
	at groovy.ui.GroovyMain.run(GroovyMain.java:384)
	at groovy.ui.GroovyMain.process(GroovyMain.java:370)
	at groovy.ui.GroovyMain.processArgs(GroovyMain.java:129)
	at groovy.ui.GroovyMain.main(GroovyMain.java:109)
	at sun.reflect.NativeMethodAccessorImpl.invoke0(Native Method)
	at sun.reflect.NativeMethodAccessorImpl.invoke(NativeMethodAccessorImpl.java:62)
	at sun.reflect.DelegatingMethodAccessorImpl.invoke(DelegatingMethodAccessorImpl.java:43)
	at java.lang.reflect.Method.invoke(Method.java:498)
	at org.codehaus.groovy.tools.GroovyStarter.rootLoader(GroovyStarter.java:109)
	at org.codehaus.groovy.tools.GroovyStarter.main(GroovyStarter.java:131)
)]]></system-err>
      </testcase>
      <testcase name="Test Cases/iOS/Send Money Branch/SMB_32" classname="Test Cases/iOS/Send Money Branch/SMB_32" status="FAILED">
         <failure type="FAILED" message="(Stack trace: com.kms.katalon.core.exception.StepFailedException: Failed to set text into element (Root cause: Object Object Repository/iOS/Send Money screen/Promo Code field not found)
	at com.kms.katalon.core.keyword.internal.KeywordMain.stepFailed(KeywordMain.groovy:36)
	at com.kms.katalon.core.mobile.keyword.internal.MobileKeywordMain.stepFailed(MobileKeywordMain.groovy:40)
	at com.kms.katalon.core.mobile.keyword.internal.MobileKeywordMain.runKeyword(MobileKeywordMain.groovy:23)
	at com.kms.katalon.core.mobile.keyword.builtin.SetTextKeyword.setText(SetTextKeyword.groovy:83)
	at com.kms.katalon.core.mobile.keyword.builtin.SetTextKeyword.execute(SetTextKeyword.groovy:66)
	at com.kms.katalon.core.keyword.internal.KeywordExecutor.executeKeywordForPlatform(KeywordExecutor.groovy:53)
	at com.kms.katalon.core.mobile.keyword.MobileBuiltInKeywords.setText(MobileBuiltInKeywords.groovy:440)
	at com.kms.katalon.core.mobile.keyword.MobileBuiltInKeywords$setText$2.call(Unknown Source)
	at global.object.setText(object.groovy:26)
	at global.object$setText$0.call(Unknown Source)
	at iOS.send_money_screen.setText(send_money_screen.groovy:211)
	at sun.reflect.GeneratedMethodAccessor20.invoke(Unknown Source)
	at sun.reflect.DelegatingMethodAccessorImpl.invoke(DelegatingMethodAccessorImpl.java:43)
	at java.lang.reflect.Method.invoke(Method.java:498)
	at org.codehaus.groovy.reflection.CachedMethod.invoke(CachedMethod.java:93)
	at groovy.lang.MetaMethod.doMethodInvoke(MetaMethod.java:325)
	at groovy.lang.MetaClassImpl.invokeMethod(MetaClassImpl.java:1215)
	at groovy.lang.MetaClassImpl.invokeMethod(MetaClassImpl.java:1024)
	at groovy.lang.DelegatingMetaClass.invokeMethod(DelegatingMetaClass.java:151)
	at org.codehaus.groovy.runtime.callsite.PogoMetaClassSite.callCurrent(PogoMetaClassSite.java:69)
	at org.codehaus.groovy.runtime.callsite.CallSiteArray.defaultCallCurrent(CallSiteArray.java:52)
	at org.codehaus.groovy.runtime.callsite.AbstractCallSite.callCurrent(AbstractCallSite.java:154)
	at org.codehaus.groovy.runtime.callsite.AbstractCallSite.callCurrent(AbstractCallSite.java:174)
	at iOS.send_money_screen.enterPromoCode(send_money_screen.groovy:147)
	at sun.reflect.NativeMethodAccessorImpl.invoke0(Native Method)
	at sun.reflect.NativeMethodAccessorImpl.invoke(NativeMethodAccessorImpl.java:62)
	at sun.reflect.DelegatingMethodAccessorImpl.invoke(DelegatingMethodAccessorImpl.java:43)
	at java.lang.reflect.Method.invoke(Method.java:498)
	at org.codehaus.groovy.reflection.CachedMethod.invoke(CachedMethod.java:93)
	at groovy.lang.MetaMethod.doMethodInvoke(MetaMethod.java:325)
	at groovy.lang.MetaClassImpl.invokeMethod(MetaClassImpl.java:1215)
	at groovy.lang.MetaClassImpl.invokeMethod(MetaClassImpl.java:1024)
	at groovy.lang.MetaClassImpl.invokeMethod(MetaClassImpl.java:812)
	at groovy.lang.DelegatingMetaClass.invokeMethod(DelegatingMetaClass.java:144)
	at iOS.send_money_screen.invokeMethod(send_money_screen.groovy)
	at com.kms.katalon.core.main.CustomKeywordDelegatingMetaClass.invokeStaticMethod(CustomKeywordDelegatingMetaClass.java:46)
	at org.codehaus.groovy.runtime.callsite.StaticMetaClassSite.call(StaticMetaClassSite.java:53)
	at org.codehaus.groovy.runtime.callsite.CallSiteArray.defaultCall(CallSiteArray.java:48)
	at org.codehaus.groovy.runtime.callsite.AbstractCallSite.call(AbstractCallSite.java:113)
	at org.codehaus.groovy.runtime.callsite.AbstractCallSite.call(AbstractCallSite.java:125)
	at Script1541669326999.run(Script1541669326999.groovy:7)
	at com.kms.katalon.core.main.ScriptEngine.run(ScriptEngine.java:183)
	at com.kms.katalon.core.main.ScriptEngine.runScriptAsRawText(ScriptEngine.java:108)
	at com.kms.katalon.core.main.TestCaseExecutor.runScript(TestCaseExecutor.java:294)
	at com.kms.katalon.core.main.TestCaseExecutor.doExecute(TestCaseExecutor.java:285)
	at com.kms.katalon.core.main.TestCaseExecutor.processExecutionPhase(TestCaseExecutor.java:264)
	at com.kms.katalon.core.main.TestCaseExecutor.accessMainPhase(TestCaseExecutor.java:256)
	at com.kms.katalon.core.main.TestCaseExecutor.execute(TestCaseExecutor.java:200)
	at com.kms.katalon.core.main.TestSuiteExecutor.accessTestCaseMainPhase(TestSuiteExecutor.java:129)
	at com.kms.katalon.core.main.TestSuiteExecutor.accessTestSuiteMainPhase(TestSuiteExecutor.java:112)
	at com.kms.katalon.core.main.TestSuiteExecutor.execute(TestSuiteExecutor.java:81)
	at com.kms.katalon.core.main.TestCaseMain.startTestSuite(TestCaseMain.java:142)
	at com.kms.katalon.core.main.TestCaseMain$startTestSuite$0.call(Unknown Source)
	at org.codehaus.groovy.runtime.callsite.CallSiteArray.defaultCall(CallSiteArray.java:48)
	at org.codehaus.groovy.runtime.callsite.AbstractCallSite.call(AbstractCallSite.java:113)
	at org.codehaus.groovy.runtime.callsite.AbstractCallSite.call(AbstractCallSite.java:141)
	at TempTestSuite1542279820794.run(TempTestSuite1542279820794.groovy:36)
	at groovy.lang.GroovyShell.runScriptOrMainOrTestOrRunnable(GroovyShell.java:263)
	at groovy.lang.GroovyShell.run(GroovyShell.java:518)
	at groovy.lang.GroovyShell.run(GroovyShell.java:507)
	at groovy.ui.GroovyMain.processOnce(GroovyMain.java:653)
	at groovy.ui.GroovyMain.run(GroovyMain.java:384)
	at groovy.ui.GroovyMain.process(GroovyMain.java:370)
	at groovy.ui.GroovyMain.processArgs(GroovyMain.java:129)
	at groovy.ui.GroovyMain.main(GroovyMain.java:109)
	at sun.reflect.NativeMethodAccessorImpl.invoke0(Native Method)
	at sun.reflect.NativeMethodAccessorImpl.invoke(NativeMethodAccessorImpl.java:62)
	at sun.reflect.DelegatingMethodAccessorImpl.invoke(DelegatingMethodAccessorImpl.java:43)
	at java.lang.reflect.Method.invoke(Method.java:498)
	at org.codehaus.groovy.tools.GroovyStarter.rootLoader(GroovyStarter.java:109)
	at org.codehaus.groovy.tools.GroovyStarter.main(GroovyStarter.java:131)
)"/>
         <system-out><![CDATA[2018-11-15 19:43:08 - [TEST_CASE][FAILED] - Test Cases/iOS/Send Money Branch/SMB_32: Test Cases/iOS/Send Money Branch/SMB_32 FAILED because (of) (Stack trace: com.kms.katalon.core.exception.StepFailedException: Failed to set text into element (Root cause: Object Object Repository/iOS/Send Money screen/Promo Code field not found)
	at com.kms.katalon.core.keyword.internal.KeywordMain.stepFailed(KeywordMain.groovy:36)
	at com.kms.katalon.core.mobile.keyword.internal.MobileKeywordMain.stepFailed(MobileKeywordMain.groovy:40)
	at com.kms.katalon.core.mobile.keyword.internal.MobileKeywordMain.runKeyword(MobileKeywordMain.groovy:23)
	at com.kms.katalon.core.mobile.keyword.builtin.SetTextKeyword.setText(SetTextKeyword.groovy:83)
	at com.kms.katalon.core.mobile.keyword.builtin.SetTextKeyword.execute(SetTextKeyword.groovy:66)
	at com.kms.katalon.core.keyword.internal.KeywordExecutor.executeKeywordForPlatform(KeywordExecutor.groovy:53)
	at com.kms.katalon.core.mobile.keyword.MobileBuiltInKeywords.setText(MobileBuiltInKeywords.groovy:440)
	at com.kms.katalon.core.mobile.keyword.MobileBuiltInKeywords$setText$2.call(Unknown Source)
	at global.object.setText(object.groovy:26)
	at global.object$setText$0.call(Unknown Source)
	at iOS.send_money_screen.setText(send_money_screen.groovy:211)
	at sun.reflect.GeneratedMethodAccessor20.invoke(Unknown Source)
	at sun.reflect.DelegatingMethodAccessorImpl.invoke(DelegatingMethodAccessorImpl.java:43)
	at java.lang.reflect.Method.invoke(Method.java:498)
	at org.codehaus.groovy.reflection.CachedMethod.invoke(CachedMethod.java:93)
	at groovy.lang.MetaMethod.doMethodInvoke(MetaMethod.java:325)
	at groovy.lang.MetaClassImpl.invokeMethod(MetaClassImpl.java:1215)
	at groovy.lang.MetaClassImpl.invokeMethod(MetaClassImpl.java:1024)
	at groovy.lang.DelegatingMetaClass.invokeMethod(DelegatingMetaClass.java:151)
	at org.codehaus.groovy.runtime.callsite.PogoMetaClassSite.callCurrent(PogoMetaClassSite.java:69)
	at org.codehaus.groovy.runtime.callsite.CallSiteArray.defaultCallCurrent(CallSiteArray.java:52)
	at org.codehaus.groovy.runtime.callsite.AbstractCallSite.callCurrent(AbstractCallSite.java:154)
	at org.codehaus.groovy.runtime.callsite.AbstractCallSite.callCurrent(AbstractCallSite.java:174)
	at iOS.send_money_screen.enterPromoCode(send_money_screen.groovy:147)
	at sun.reflect.NativeMethodAccessorImpl.invoke0(Native Method)
	at sun.reflect.NativeMethodAccessorImpl.invoke(NativeMethodAccessorImpl.java:62)
	at sun.reflect.DelegatingMethodAccessorImpl.invoke(DelegatingMethodAccessorImpl.java:43)
	at java.lang.reflect.Method.invoke(Method.java:498)
	at org.codehaus.groovy.reflection.CachedMethod.invoke(CachedMethod.java:93)
	at groovy.lang.MetaMethod.doMethodInvoke(MetaMethod.java:325)
	at groovy.lang.MetaClassImpl.invokeMethod(MetaClassImpl.java:1215)
	at groovy.lang.MetaClassImpl.invokeMethod(MetaClassImpl.java:1024)
	at groovy.lang.MetaClassImpl.invokeMethod(MetaClassImpl.java:812)
	at groovy.lang.DelegatingMetaClass.invokeMethod(DelegatingMetaClass.java:144)
	at iOS.send_money_screen.invokeMethod(send_money_screen.groovy)
	at com.kms.katalon.core.main.CustomKeywordDelegatingMetaClass.invokeStaticMethod(CustomKeywordDelegatingMetaClass.java:46)
	at org.codehaus.groovy.runtime.callsite.StaticMetaClassSite.call(StaticMetaClassSite.java:53)
	at org.codehaus.groovy.runtime.callsite.CallSiteArray.defaultCall(CallSiteArray.java:48)
	at org.codehaus.groovy.runtime.callsite.AbstractCallSite.call(AbstractCallSite.java:113)
	at org.codehaus.groovy.runtime.callsite.AbstractCallSite.call(AbstractCallSite.java:125)
	at Script1541669326999.run(Script1541669326999.groovy:7)
	at com.kms.katalon.core.main.ScriptEngine.run(ScriptEngine.java:183)
	at com.kms.katalon.core.main.ScriptEngine.runScriptAsRawText(ScriptEngine.java:108)
	at com.kms.katalon.core.main.TestCaseExecutor.runScript(TestCaseExecutor.java:294)
	at com.kms.katalon.core.main.TestCaseExecutor.doExecute(TestCaseExecutor.java:285)
	at com.kms.katalon.core.main.TestCaseExecutor.processExecutionPhase(TestCaseExecutor.java:264)
	at com.kms.katalon.core.main.TestCaseExecutor.accessMainPhase(TestCaseExecutor.java:256)
	at com.kms.katalon.core.main.TestCaseExecutor.execute(TestCaseExecutor.java:200)
	at com.kms.katalon.core.main.TestSuiteExecutor.accessTestCaseMainPhase(TestSuiteExecutor.java:129)
	at com.kms.katalon.core.main.TestSuiteExecutor.accessTestSuiteMainPhase(TestSuiteExecutor.java:112)
	at com.kms.katalon.core.main.TestSuiteExecutor.execute(TestSuiteExecutor.java:81)
	at com.kms.katalon.core.main.TestCaseMain.startTestSuite(TestCaseMain.java:142)
	at com.kms.katalon.core.main.TestCaseMain$startTestSuite$0.call(Unknown Source)
	at org.codehaus.groovy.runtime.callsite.CallSiteArray.defaultCall(CallSiteArray.java:48)
	at org.codehaus.groovy.runtime.callsite.AbstractCallSite.call(AbstractCallSite.java:113)
	at org.codehaus.groovy.runtime.callsite.AbstractCallSite.call(AbstractCallSite.java:141)
	at TempTestSuite1542279820794.run(TempTestSuite1542279820794.groovy:36)
	at groovy.lang.GroovyShell.runScriptOrMainOrTestOrRunnable(GroovyShell.java:263)
	at groovy.lang.GroovyShell.run(GroovyShell.java:518)
	at groovy.lang.GroovyShell.run(GroovyShell.java:507)
	at groovy.ui.GroovyMain.processOnce(GroovyMain.java:653)
	at groovy.ui.GroovyMain.run(GroovyMain.java:384)
	at groovy.ui.GroovyMain.process(GroovyMain.java:370)
	at groovy.ui.GroovyMain.processArgs(GroovyMain.java:129)
	at groovy.ui.GroovyMain.main(GroovyMain.java:109)
	at sun.reflect.NativeMethodAccessorImpl.invoke0(Native Method)
	at sun.reflect.NativeMethodAccessorImpl.invoke(NativeMethodAccessorImpl.java:62)
	at sun.reflect.DelegatingMethodAccessorImpl.invoke(DelegatingMethodAccessorImpl.java:43)
	at java.lang.reflect.Method.invoke(Method.java:498)
	at org.codehaus.groovy.tools.GroovyStarter.rootLoader(GroovyStarter.java:109)
	at org.codehaus.groovy.tools.GroovyStarter.main(GroovyStarter.java:131)
)

2018-11-15 19:43:08 - [TEST_STEP][PASSED] - Statement - promoCode = promoCode1: null

2018-11-15 19:43:08 - [TEST_STEP][FAILED] - iOS.send_money_screen.enterPromoCode: Failed to set text into element (Root cause: Object Object Repository/iOS/Send Money screen/Promo Code field not found)

2018-11-15 19:43:13 - [MESSAGE][FAILED] - Object Object Repository/iOS/Send Money screen/Promo Code field not found
[[ATTACHMENT|/Users/buenaanda/Documents/mobile-automation-katalon/Reports/iOS/PERA Hub Test Suite/20181115_190340/1542282193508.png]]

2018-11-15 19:43:13 - [MESSAGE][FAILED] - Failed to set text into element (Root cause: Object Object Repository/iOS/Send Money screen/Promo Code field not found)
[[ATTACHMENT|/Users/buenaanda/Documents/mobile-automation-katalon/Reports/iOS/PERA Hub Test Suite/20181115_190340/1542282193649.png]]

2018-11-15 19:43:13 - [MESSAGE][FAILED] - Failed to set text into element (Root cause: Object Object Repository/iOS/Send Money screen/Promo Code field not found)]]></system-out>
         <system-err><![CDATA[2018-11-15 19:43:08 - [TEST_CASE][FAILED] - Test Cases/iOS/Send Money Branch/SMB_32: Test Cases/iOS/Send Money Branch/SMB_32 FAILED because (of) (Stack trace: com.kms.katalon.core.exception.StepFailedException: Failed to set text into element (Root cause: Object Object Repository/iOS/Send Money screen/Promo Code field not found)
	at com.kms.katalon.core.keyword.internal.KeywordMain.stepFailed(KeywordMain.groovy:36)
	at com.kms.katalon.core.mobile.keyword.internal.MobileKeywordMain.stepFailed(MobileKeywordMain.groovy:40)
	at com.kms.katalon.core.mobile.keyword.internal.MobileKeywordMain.runKeyword(MobileKeywordMain.groovy:23)
	at com.kms.katalon.core.mobile.keyword.builtin.SetTextKeyword.setText(SetTextKeyword.groovy:83)
	at com.kms.katalon.core.mobile.keyword.builtin.SetTextKeyword.execute(SetTextKeyword.groovy:66)
	at com.kms.katalon.core.keyword.internal.KeywordExecutor.executeKeywordForPlatform(KeywordExecutor.groovy:53)
	at com.kms.katalon.core.mobile.keyword.MobileBuiltInKeywords.setText(MobileBuiltInKeywords.groovy:440)
	at com.kms.katalon.core.mobile.keyword.MobileBuiltInKeywords$setText$2.call(Unknown Source)
	at global.object.setText(object.groovy:26)
	at global.object$setText$0.call(Unknown Source)
	at iOS.send_money_screen.setText(send_money_screen.groovy:211)
	at sun.reflect.GeneratedMethodAccessor20.invoke(Unknown Source)
	at sun.reflect.DelegatingMethodAccessorImpl.invoke(DelegatingMethodAccessorImpl.java:43)
	at java.lang.reflect.Method.invoke(Method.java:498)
	at org.codehaus.groovy.reflection.CachedMethod.invoke(CachedMethod.java:93)
	at groovy.lang.MetaMethod.doMethodInvoke(MetaMethod.java:325)
	at groovy.lang.MetaClassImpl.invokeMethod(MetaClassImpl.java:1215)
	at groovy.lang.MetaClassImpl.invokeMethod(MetaClassImpl.java:1024)
	at groovy.lang.DelegatingMetaClass.invokeMethod(DelegatingMetaClass.java:151)
	at org.codehaus.groovy.runtime.callsite.PogoMetaClassSite.callCurrent(PogoMetaClassSite.java:69)
	at org.codehaus.groovy.runtime.callsite.CallSiteArray.defaultCallCurrent(CallSiteArray.java:52)
	at org.codehaus.groovy.runtime.callsite.AbstractCallSite.callCurrent(AbstractCallSite.java:154)
	at org.codehaus.groovy.runtime.callsite.AbstractCallSite.callCurrent(AbstractCallSite.java:174)
	at iOS.send_money_screen.enterPromoCode(send_money_screen.groovy:147)
	at sun.reflect.NativeMethodAccessorImpl.invoke0(Native Method)
	at sun.reflect.NativeMethodAccessorImpl.invoke(NativeMethodAccessorImpl.java:62)
	at sun.reflect.DelegatingMethodAccessorImpl.invoke(DelegatingMethodAccessorImpl.java:43)
	at java.lang.reflect.Method.invoke(Method.java:498)
	at org.codehaus.groovy.reflection.CachedMethod.invoke(CachedMethod.java:93)
	at groovy.lang.MetaMethod.doMethodInvoke(MetaMethod.java:325)
	at groovy.lang.MetaClassImpl.invokeMethod(MetaClassImpl.java:1215)
	at groovy.lang.MetaClassImpl.invokeMethod(MetaClassImpl.java:1024)
	at groovy.lang.MetaClassImpl.invokeMethod(MetaClassImpl.java:812)
	at groovy.lang.DelegatingMetaClass.invokeMethod(DelegatingMetaClass.java:144)
	at iOS.send_money_screen.invokeMethod(send_money_screen.groovy)
	at com.kms.katalon.core.main.CustomKeywordDelegatingMetaClass.invokeStaticMethod(CustomKeywordDelegatingMetaClass.java:46)
	at org.codehaus.groovy.runtime.callsite.StaticMetaClassSite.call(StaticMetaClassSite.java:53)
	at org.codehaus.groovy.runtime.callsite.CallSiteArray.defaultCall(CallSiteArray.java:48)
	at org.codehaus.groovy.runtime.callsite.AbstractCallSite.call(AbstractCallSite.java:113)
	at org.codehaus.groovy.runtime.callsite.AbstractCallSite.call(AbstractCallSite.java:125)
	at Script1541669326999.run(Script1541669326999.groovy:7)
	at com.kms.katalon.core.main.ScriptEngine.run(ScriptEngine.java:183)
	at com.kms.katalon.core.main.ScriptEngine.runScriptAsRawText(ScriptEngine.java:108)
	at com.kms.katalon.core.main.TestCaseExecutor.runScript(TestCaseExecutor.java:294)
	at com.kms.katalon.core.main.TestCaseExecutor.doExecute(TestCaseExecutor.java:285)
	at com.kms.katalon.core.main.TestCaseExecutor.processExecutionPhase(TestCaseExecutor.java:264)
	at com.kms.katalon.core.main.TestCaseExecutor.accessMainPhase(TestCaseExecutor.java:256)
	at com.kms.katalon.core.main.TestCaseExecutor.execute(TestCaseExecutor.java:200)
	at com.kms.katalon.core.main.TestSuiteExecutor.accessTestCaseMainPhase(TestSuiteExecutor.java:129)
	at com.kms.katalon.core.main.TestSuiteExecutor.accessTestSuiteMainPhase(TestSuiteExecutor.java:112)
	at com.kms.katalon.core.main.TestSuiteExecutor.execute(TestSuiteExecutor.java:81)
	at com.kms.katalon.core.main.TestCaseMain.startTestSuite(TestCaseMain.java:142)
	at com.kms.katalon.core.main.TestCaseMain$startTestSuite$0.call(Unknown Source)
	at org.codehaus.groovy.runtime.callsite.CallSiteArray.defaultCall(CallSiteArray.java:48)
	at org.codehaus.groovy.runtime.callsite.AbstractCallSite.call(AbstractCallSite.java:113)
	at org.codehaus.groovy.runtime.callsite.AbstractCallSite.call(AbstractCallSite.java:141)
	at TempTestSuite1542279820794.run(TempTestSuite1542279820794.groovy:36)
	at groovy.lang.GroovyShell.runScriptOrMainOrTestOrRunnable(GroovyShell.java:263)
	at groovy.lang.GroovyShell.run(GroovyShell.java:518)
	at groovy.lang.GroovyShell.run(GroovyShell.java:507)
	at groovy.ui.GroovyMain.processOnce(GroovyMain.java:653)
	at groovy.ui.GroovyMain.run(GroovyMain.java:384)
	at groovy.ui.GroovyMain.process(GroovyMain.java:370)
	at groovy.ui.GroovyMain.processArgs(GroovyMain.java:129)
	at groovy.ui.GroovyMain.main(GroovyMain.java:109)
	at sun.reflect.NativeMethodAccessorImpl.invoke0(Native Method)
	at sun.reflect.NativeMethodAccessorImpl.invoke(NativeMethodAccessorImpl.java:62)
	at sun.reflect.DelegatingMethodAccessorImpl.invoke(DelegatingMethodAccessorImpl.java:43)
	at java.lang.reflect.Method.invoke(Method.java:498)
	at org.codehaus.groovy.tools.GroovyStarter.rootLoader(GroovyStarter.java:109)
	at org.codehaus.groovy.tools.GroovyStarter.main(GroovyStarter.java:131)
)]]></system-err>
      </testcase>
      <testcase name="Test Cases/iOS/Send Money Branch/SMB_35" classname="Test Cases/iOS/Send Money Branch/SMB_35" status="FAILED">
         <failure type="FAILED" message="(Stack trace: com.kms.katalon.core.exception.StepFailedException: Failed to tap on element 'Object Repository/iOS/Send Money screen/Next button' (Root cause: Object Object Repository/iOS/Send Money screen/Next button not found)
	at com.kms.katalon.core.keyword.internal.KeywordMain.stepFailed(KeywordMain.groovy:36)
	at com.kms.katalon.core.mobile.keyword.internal.MobileKeywordMain.stepFailed(MobileKeywordMain.groovy:40)
	at com.kms.katalon.core.mobile.keyword.internal.MobileKeywordMain.runKeyword(MobileKeywordMain.groovy:23)
	at com.kms.katalon.core.mobile.keyword.builtin.TapKeyword.tap(TapKeyword.groovy:83)
	at com.kms.katalon.core.mobile.keyword.builtin.TapKeyword.execute(TapKeyword.groovy:66)
	at com.kms.katalon.core.keyword.internal.KeywordExecutor.executeKeywordForPlatform(KeywordExecutor.groovy:53)
	at com.kms.katalon.core.mobile.keyword.MobileBuiltInKeywords.tap(MobileBuiltInKeywords.groovy:471)
	at com.kms.katalon.core.mobile.keyword.MobileBuiltInKeywords$tap$0.call(Unknown Source)
	at global.object.tap(object.groovy:22)
	at global.object$tap.call(Unknown Source)
	at iOS.send_money_screen.tap(send_money_screen.groovy:207)
	at sun.reflect.GeneratedMethodAccessor18.invoke(Unknown Source)
	at sun.reflect.DelegatingMethodAccessorImpl.invoke(DelegatingMethodAccessorImpl.java:43)
	at java.lang.reflect.Method.invoke(Method.java:498)
	at org.codehaus.groovy.reflection.CachedMethod.invoke(CachedMethod.java:93)
	at groovy.lang.MetaMethod.doMethodInvoke(MetaMethod.java:325)
	at groovy.lang.MetaClassImpl.invokeMethod(MetaClassImpl.java:1215)
	at groovy.lang.MetaClassImpl.invokeMethod(MetaClassImpl.java:1024)
	at groovy.lang.DelegatingMetaClass.invokeMethod(DelegatingMetaClass.java:151)
	at org.codehaus.groovy.runtime.callsite.PogoMetaClassSite.callCurrent(PogoMetaClassSite.java:69)
	at org.codehaus.groovy.runtime.callsite.AbstractCallSite.callCurrent(AbstractCallSite.java:166)
	at iOS.send_money_screen.tapNext(send_money_screen.groovy:175)
	at sun.reflect.NativeMethodAccessorImpl.invoke0(Native Method)
	at sun.reflect.NativeMethodAccessorImpl.invoke(NativeMethodAccessorImpl.java:62)
	at sun.reflect.DelegatingMethodAccessorImpl.invoke(DelegatingMethodAccessorImpl.java:43)
	at java.lang.reflect.Method.invoke(Method.java:498)
	at org.codehaus.groovy.reflection.CachedMethod.invoke(CachedMethod.java:93)
	at groovy.lang.MetaMethod.doMethodInvoke(MetaMethod.java:325)
	at groovy.lang.MetaClassImpl.invokeMethod(MetaClassImpl.java:1215)
	at groovy.lang.MetaClassImpl.invokeMethod(MetaClassImpl.java:1024)
	at groovy.lang.MetaClassImpl.invokeMethod(MetaClassImpl.java:812)
	at groovy.lang.DelegatingMetaClass.invokeMethod(DelegatingMetaClass.java:144)
	at iOS.send_money_screen.invokeMethod(send_money_screen.groovy)
	at com.kms.katalon.core.main.CustomKeywordDelegatingMetaClass.invokeStaticMethod(CustomKeywordDelegatingMetaClass.java:46)
	at org.codehaus.groovy.runtime.callsite.StaticMetaClassSite.call(StaticMetaClassSite.java:53)
	at org.codehaus.groovy.runtime.callsite.CallSiteArray.defaultCall(CallSiteArray.java:48)
	at org.codehaus.groovy.runtime.callsite.AbstractCallSite.call(AbstractCallSite.java:113)
	at org.codehaus.groovy.runtime.callsite.AbstractCallSite.call(AbstractCallSite.java:117)
	at Script1542017317599.run(Script1542017317599.groovy:7)
	at com.kms.katalon.core.main.ScriptEngine.run(ScriptEngine.java:183)
	at com.kms.katalon.core.main.ScriptEngine.runScriptAsRawText(ScriptEngine.java:108)
	at com.kms.katalon.core.main.TestCaseExecutor.runScript(TestCaseExecutor.java:294)
	at com.kms.katalon.core.main.TestCaseExecutor.doExecute(TestCaseExecutor.java:285)
	at com.kms.katalon.core.main.TestCaseExecutor.processExecutionPhase(TestCaseExecutor.java:264)
	at com.kms.katalon.core.main.TestCaseExecutor.accessMainPhase(TestCaseExecutor.java:256)
	at com.kms.katalon.core.main.TestCaseExecutor.execute(TestCaseExecutor.java:200)
	at com.kms.katalon.core.main.TestSuiteExecutor.accessTestCaseMainPhase(TestSuiteExecutor.java:129)
	at com.kms.katalon.core.main.TestSuiteExecutor.accessTestSuiteMainPhase(TestSuiteExecutor.java:112)
	at com.kms.katalon.core.main.TestSuiteExecutor.execute(TestSuiteExecutor.java:81)
	at com.kms.katalon.core.main.TestCaseMain.startTestSuite(TestCaseMain.java:142)
	at com.kms.katalon.core.main.TestCaseMain$startTestSuite$0.call(Unknown Source)
	at org.codehaus.groovy.runtime.callsite.CallSiteArray.defaultCall(CallSiteArray.java:48)
	at org.codehaus.groovy.runtime.callsite.AbstractCallSite.call(AbstractCallSite.java:113)
	at org.codehaus.groovy.runtime.callsite.AbstractCallSite.call(AbstractCallSite.java:141)
	at TempTestSuite1542279820794.run(TempTestSuite1542279820794.groovy:36)
	at groovy.lang.GroovyShell.runScriptOrMainOrTestOrRunnable(GroovyShell.java:263)
	at groovy.lang.GroovyShell.run(GroovyShell.java:518)
	at groovy.lang.GroovyShell.run(GroovyShell.java:507)
	at groovy.ui.GroovyMain.processOnce(GroovyMain.java:653)
	at groovy.ui.GroovyMain.run(GroovyMain.java:384)
	at groovy.ui.GroovyMain.process(GroovyMain.java:370)
	at groovy.ui.GroovyMain.processArgs(GroovyMain.java:129)
	at groovy.ui.GroovyMain.main(GroovyMain.java:109)
	at sun.reflect.NativeMethodAccessorImpl.invoke0(Native Method)
	at sun.reflect.NativeMethodAccessorImpl.invoke(NativeMethodAccessorImpl.java:62)
	at sun.reflect.DelegatingMethodAccessorImpl.invoke(DelegatingMethodAccessorImpl.java:43)
	at java.lang.reflect.Method.invoke(Method.java:498)
	at org.codehaus.groovy.tools.GroovyStarter.rootLoader(GroovyStarter.java:109)
	at org.codehaus.groovy.tools.GroovyStarter.main(GroovyStarter.java:131)
)"/>
         <system-out><![CDATA[2018-11-15 19:43:13 - [TEST_CASE][FAILED] - Test Cases/iOS/Send Money Branch/SMB_35: Test Cases/iOS/Send Money Branch/SMB_35 FAILED because (of) (Stack trace: com.kms.katalon.core.exception.StepFailedException: Failed to tap on element 'Object Repository/iOS/Send Money screen/Next button' (Root cause: Object Object Repository/iOS/Send Money screen/Next button not found)
	at com.kms.katalon.core.keyword.internal.KeywordMain.stepFailed(KeywordMain.groovy:36)
	at com.kms.katalon.core.mobile.keyword.internal.MobileKeywordMain.stepFailed(MobileKeywordMain.groovy:40)
	at com.kms.katalon.core.mobile.keyword.internal.MobileKeywordMain.runKeyword(MobileKeywordMain.groovy:23)
	at com.kms.katalon.core.mobile.keyword.builtin.TapKeyword.tap(TapKeyword.groovy:83)
	at com.kms.katalon.core.mobile.keyword.builtin.TapKeyword.execute(TapKeyword.groovy:66)
	at com.kms.katalon.core.keyword.internal.KeywordExecutor.executeKeywordForPlatform(KeywordExecutor.groovy:53)
	at com.kms.katalon.core.mobile.keyword.MobileBuiltInKeywords.tap(MobileBuiltInKeywords.groovy:471)
	at com.kms.katalon.core.mobile.keyword.MobileBuiltInKeywords$tap$0.call(Unknown Source)
	at global.object.tap(object.groovy:22)
	at global.object$tap.call(Unknown Source)
	at iOS.send_money_screen.tap(send_money_screen.groovy:207)
	at sun.reflect.GeneratedMethodAccessor18.invoke(Unknown Source)
	at sun.reflect.DelegatingMethodAccessorImpl.invoke(DelegatingMethodAccessorImpl.java:43)
	at java.lang.reflect.Method.invoke(Method.java:498)
	at org.codehaus.groovy.reflection.CachedMethod.invoke(CachedMethod.java:93)
	at groovy.lang.MetaMethod.doMethodInvoke(MetaMethod.java:325)
	at groovy.lang.MetaClassImpl.invokeMethod(MetaClassImpl.java:1215)
	at groovy.lang.MetaClassImpl.invokeMethod(MetaClassImpl.java:1024)
	at groovy.lang.DelegatingMetaClass.invokeMethod(DelegatingMetaClass.java:151)
	at org.codehaus.groovy.runtime.callsite.PogoMetaClassSite.callCurrent(PogoMetaClassSite.java:69)
	at org.codehaus.groovy.runtime.callsite.AbstractCallSite.callCurrent(AbstractCallSite.java:166)
	at iOS.send_money_screen.tapNext(send_money_screen.groovy:175)
	at sun.reflect.NativeMethodAccessorImpl.invoke0(Native Method)
	at sun.reflect.NativeMethodAccessorImpl.invoke(NativeMethodAccessorImpl.java:62)
	at sun.reflect.DelegatingMethodAccessorImpl.invoke(DelegatingMethodAccessorImpl.java:43)
	at java.lang.reflect.Method.invoke(Method.java:498)
	at org.codehaus.groovy.reflection.CachedMethod.invoke(CachedMethod.java:93)
	at groovy.lang.MetaMethod.doMethodInvoke(MetaMethod.java:325)
	at groovy.lang.MetaClassImpl.invokeMethod(MetaClassImpl.java:1215)
	at groovy.lang.MetaClassImpl.invokeMethod(MetaClassImpl.java:1024)
	at groovy.lang.MetaClassImpl.invokeMethod(MetaClassImpl.java:812)
	at groovy.lang.DelegatingMetaClass.invokeMethod(DelegatingMetaClass.java:144)
	at iOS.send_money_screen.invokeMethod(send_money_screen.groovy)
	at com.kms.katalon.core.main.CustomKeywordDelegatingMetaClass.invokeStaticMethod(CustomKeywordDelegatingMetaClass.java:46)
	at org.codehaus.groovy.runtime.callsite.StaticMetaClassSite.call(StaticMetaClassSite.java:53)
	at org.codehaus.groovy.runtime.callsite.CallSiteArray.defaultCall(CallSiteArray.java:48)
	at org.codehaus.groovy.runtime.callsite.AbstractCallSite.call(AbstractCallSite.java:113)
	at org.codehaus.groovy.runtime.callsite.AbstractCallSite.call(AbstractCallSite.java:117)
	at Script1542017317599.run(Script1542017317599.groovy:7)
	at com.kms.katalon.core.main.ScriptEngine.run(ScriptEngine.java:183)
	at com.kms.katalon.core.main.ScriptEngine.runScriptAsRawText(ScriptEngine.java:108)
	at com.kms.katalon.core.main.TestCaseExecutor.runScript(TestCaseExecutor.java:294)
	at com.kms.katalon.core.main.TestCaseExecutor.doExecute(TestCaseExecutor.java:285)
	at com.kms.katalon.core.main.TestCaseExecutor.processExecutionPhase(TestCaseExecutor.java:264)
	at com.kms.katalon.core.main.TestCaseExecutor.accessMainPhase(TestCaseExecutor.java:256)
	at com.kms.katalon.core.main.TestCaseExecutor.execute(TestCaseExecutor.java:200)
	at com.kms.katalon.core.main.TestSuiteExecutor.accessTestCaseMainPhase(TestSuiteExecutor.java:129)
	at com.kms.katalon.core.main.TestSuiteExecutor.accessTestSuiteMainPhase(TestSuiteExecutor.java:112)
	at com.kms.katalon.core.main.TestSuiteExecutor.execute(TestSuiteExecutor.java:81)
	at com.kms.katalon.core.main.TestCaseMain.startTestSuite(TestCaseMain.java:142)
	at com.kms.katalon.core.main.TestCaseMain$startTestSuite$0.call(Unknown Source)
	at org.codehaus.groovy.runtime.callsite.CallSiteArray.defaultCall(CallSiteArray.java:48)
	at org.codehaus.groovy.runtime.callsite.AbstractCallSite.call(AbstractCallSite.java:113)
	at org.codehaus.groovy.runtime.callsite.AbstractCallSite.call(AbstractCallSite.java:141)
	at TempTestSuite1542279820794.run(TempTestSuite1542279820794.groovy:36)
	at groovy.lang.GroovyShell.runScriptOrMainOrTestOrRunnable(GroovyShell.java:263)
	at groovy.lang.GroovyShell.run(GroovyShell.java:518)
	at groovy.lang.GroovyShell.run(GroovyShell.java:507)
	at groovy.ui.GroovyMain.processOnce(GroovyMain.java:653)
	at groovy.ui.GroovyMain.run(GroovyMain.java:384)
	at groovy.ui.GroovyMain.process(GroovyMain.java:370)
	at groovy.ui.GroovyMain.processArgs(GroovyMain.java:129)
	at groovy.ui.GroovyMain.main(GroovyMain.java:109)
	at sun.reflect.NativeMethodAccessorImpl.invoke0(Native Method)
	at sun.reflect.NativeMethodAccessorImpl.invoke(NativeMethodAccessorImpl.java:62)
	at sun.reflect.DelegatingMethodAccessorImpl.invoke(DelegatingMethodAccessorImpl.java:43)
	at java.lang.reflect.Method.invoke(Method.java:498)
	at org.codehaus.groovy.tools.GroovyStarter.rootLoader(GroovyStarter.java:109)
	at org.codehaus.groovy.tools.GroovyStarter.main(GroovyStarter.java:131)
)

2018-11-15 19:43:13 - [TEST_STEP][PASSED] - Statement - Promo_Description = com.kms.katalon.core.testobject.ObjectRepository.findTestObject(iOS/Send Money screen/Generic text, [label:PHP 250.00 Half base off You have PHP 250.00 off on your Service Fee]): Finding Test Object with id 'Object Repository/iOS/Send Money screen/Generic text'

2018-11-15 19:43:13 - [TEST_STEP][FAILED] - iOS.send_money_screen.tapNext: Failed to tap on element 'Object Repository/iOS/Send Money screen/Next button' (Root cause: Object Object Repository/iOS/Send Money screen/Next button not found)

2018-11-15 19:43:19 - [MESSAGE][FAILED] - Object Object Repository/iOS/Send Money screen/Next button not found
[[ATTACHMENT|/Users/buenaanda/Documents/mobile-automation-katalon/Reports/iOS/PERA Hub Test Suite/20181115_190340/1542282198951.png]]

2018-11-15 19:43:19 - [MESSAGE][FAILED] - Failed to tap on element 'Object Repository/iOS/Send Money screen/Next button' (Root cause: Object Object Repository/iOS/Send Money screen/Next button not found)
[[ATTACHMENT|/Users/buenaanda/Documents/mobile-automation-katalon/Reports/iOS/PERA Hub Test Suite/20181115_190340/1542282199089.png]]

2018-11-15 19:43:19 - [MESSAGE][FAILED] - Failed to tap on element 'Object Repository/iOS/Send Money screen/Next button' (Root cause: Object Object Repository/iOS/Send Money screen/Next button not found)]]></system-out>
         <system-err><![CDATA[2018-11-15 19:43:13 - [TEST_CASE][FAILED] - Test Cases/iOS/Send Money Branch/SMB_35: Test Cases/iOS/Send Money Branch/SMB_35 FAILED because (of) (Stack trace: com.kms.katalon.core.exception.StepFailedException: Failed to tap on element 'Object Repository/iOS/Send Money screen/Next button' (Root cause: Object Object Repository/iOS/Send Money screen/Next button not found)
	at com.kms.katalon.core.keyword.internal.KeywordMain.stepFailed(KeywordMain.groovy:36)
	at com.kms.katalon.core.mobile.keyword.internal.MobileKeywordMain.stepFailed(MobileKeywordMain.groovy:40)
	at com.kms.katalon.core.mobile.keyword.internal.MobileKeywordMain.runKeyword(MobileKeywordMain.groovy:23)
	at com.kms.katalon.core.mobile.keyword.builtin.TapKeyword.tap(TapKeyword.groovy:83)
	at com.kms.katalon.core.mobile.keyword.builtin.TapKeyword.execute(TapKeyword.groovy:66)
	at com.kms.katalon.core.keyword.internal.KeywordExecutor.executeKeywordForPlatform(KeywordExecutor.groovy:53)
	at com.kms.katalon.core.mobile.keyword.MobileBuiltInKeywords.tap(MobileBuiltInKeywords.groovy:471)
	at com.kms.katalon.core.mobile.keyword.MobileBuiltInKeywords$tap$0.call(Unknown Source)
	at global.object.tap(object.groovy:22)
	at global.object$tap.call(Unknown Source)
	at iOS.send_money_screen.tap(send_money_screen.groovy:207)
	at sun.reflect.GeneratedMethodAccessor18.invoke(Unknown Source)
	at sun.reflect.DelegatingMethodAccessorImpl.invoke(DelegatingMethodAccessorImpl.java:43)
	at java.lang.reflect.Method.invoke(Method.java:498)
	at org.codehaus.groovy.reflection.CachedMethod.invoke(CachedMethod.java:93)
	at groovy.lang.MetaMethod.doMethodInvoke(MetaMethod.java:325)
	at groovy.lang.MetaClassImpl.invokeMethod(MetaClassImpl.java:1215)
	at groovy.lang.MetaClassImpl.invokeMethod(MetaClassImpl.java:1024)
	at groovy.lang.DelegatingMetaClass.invokeMethod(DelegatingMetaClass.java:151)
	at org.codehaus.groovy.runtime.callsite.PogoMetaClassSite.callCurrent(PogoMetaClassSite.java:69)
	at org.codehaus.groovy.runtime.callsite.AbstractCallSite.callCurrent(AbstractCallSite.java:166)
	at iOS.send_money_screen.tapNext(send_money_screen.groovy:175)
	at sun.reflect.NativeMethodAccessorImpl.invoke0(Native Method)
	at sun.reflect.NativeMethodAccessorImpl.invoke(NativeMethodAccessorImpl.java:62)
	at sun.reflect.DelegatingMethodAccessorImpl.invoke(DelegatingMethodAccessorImpl.java:43)
	at java.lang.reflect.Method.invoke(Method.java:498)
	at org.codehaus.groovy.reflection.CachedMethod.invoke(CachedMethod.java:93)
	at groovy.lang.MetaMethod.doMethodInvoke(MetaMethod.java:325)
	at groovy.lang.MetaClassImpl.invokeMethod(MetaClassImpl.java:1215)
	at groovy.lang.MetaClassImpl.invokeMethod(MetaClassImpl.java:1024)
	at groovy.lang.MetaClassImpl.invokeMethod(MetaClassImpl.java:812)
	at groovy.lang.DelegatingMetaClass.invokeMethod(DelegatingMetaClass.java:144)
	at iOS.send_money_screen.invokeMethod(send_money_screen.groovy)
	at com.kms.katalon.core.main.CustomKeywordDelegatingMetaClass.invokeStaticMethod(CustomKeywordDelegatingMetaClass.java:46)
	at org.codehaus.groovy.runtime.callsite.StaticMetaClassSite.call(StaticMetaClassSite.java:53)
	at org.codehaus.groovy.runtime.callsite.CallSiteArray.defaultCall(CallSiteArray.java:48)
	at org.codehaus.groovy.runtime.callsite.AbstractCallSite.call(AbstractCallSite.java:113)
	at org.codehaus.groovy.runtime.callsite.AbstractCallSite.call(AbstractCallSite.java:117)
	at Script1542017317599.run(Script1542017317599.groovy:7)
	at com.kms.katalon.core.main.ScriptEngine.run(ScriptEngine.java:183)
	at com.kms.katalon.core.main.ScriptEngine.runScriptAsRawText(ScriptEngine.java:108)
	at com.kms.katalon.core.main.TestCaseExecutor.runScript(TestCaseExecutor.java:294)
	at com.kms.katalon.core.main.TestCaseExecutor.doExecute(TestCaseExecutor.java:285)
	at com.kms.katalon.core.main.TestCaseExecutor.processExecutionPhase(TestCaseExecutor.java:264)
	at com.kms.katalon.core.main.TestCaseExecutor.accessMainPhase(TestCaseExecutor.java:256)
	at com.kms.katalon.core.main.TestCaseExecutor.execute(TestCaseExecutor.java:200)
	at com.kms.katalon.core.main.TestSuiteExecutor.accessTestCaseMainPhase(TestSuiteExecutor.java:129)
	at com.kms.katalon.core.main.TestSuiteExecutor.accessTestSuiteMainPhase(TestSuiteExecutor.java:112)
	at com.kms.katalon.core.main.TestSuiteExecutor.execute(TestSuiteExecutor.java:81)
	at com.kms.katalon.core.main.TestCaseMain.startTestSuite(TestCaseMain.java:142)
	at com.kms.katalon.core.main.TestCaseMain$startTestSuite$0.call(Unknown Source)
	at org.codehaus.groovy.runtime.callsite.CallSiteArray.defaultCall(CallSiteArray.java:48)
	at org.codehaus.groovy.runtime.callsite.AbstractCallSite.call(AbstractCallSite.java:113)
	at org.codehaus.groovy.runtime.callsite.AbstractCallSite.call(AbstractCallSite.java:141)
	at TempTestSuite1542279820794.run(TempTestSuite1542279820794.groovy:36)
	at groovy.lang.GroovyShell.runScriptOrMainOrTestOrRunnable(GroovyShell.java:263)
	at groovy.lang.GroovyShell.run(GroovyShell.java:518)
	at groovy.lang.GroovyShell.run(GroovyShell.java:507)
	at groovy.ui.GroovyMain.processOnce(GroovyMain.java:653)
	at groovy.ui.GroovyMain.run(GroovyMain.java:384)
	at groovy.ui.GroovyMain.process(GroovyMain.java:370)
	at groovy.ui.GroovyMain.processArgs(GroovyMain.java:129)
	at groovy.ui.GroovyMain.main(GroovyMain.java:109)
	at sun.reflect.NativeMethodAccessorImpl.invoke0(Native Method)
	at sun.reflect.NativeMethodAccessorImpl.invoke(NativeMethodAccessorImpl.java:62)
	at sun.reflect.DelegatingMethodAccessorImpl.invoke(DelegatingMethodAccessorImpl.java:43)
	at java.lang.reflect.Method.invoke(Method.java:498)
	at org.codehaus.groovy.tools.GroovyStarter.rootLoader(GroovyStarter.java:109)
	at org.codehaus.groovy.tools.GroovyStarter.main(GroovyStarter.java:131)
)]]></system-err>
      </testcase>
      <testcase name="Test Cases/iOS/Send Money Branch/SMB_36" classname="Test Cases/iOS/Send Money Branch/SMB_36" status="FAILED">
         <failure type="FAILED" message="(Stack trace: com.kms.katalon.core.exception.StepFailedException: Element 'Object Repository/iOS/Send Money screen/Generic text' not found
	at com.kms.katalon.core.keyword.internal.KeywordMain.stepFailed(KeywordMain.groovy:32)
	at com.kms.katalon.core.mobile.keyword.internal.MobileKeywordMain.stepFailed(MobileKeywordMain.groovy:40)
	at com.kms.katalon.core.mobile.keyword.builtin.VerifyElementExistKeyword$_verifyElementExist_closure1.doCall(VerifyElementExistKeyword.groovy:77)
	at com.kms.katalon.core.mobile.keyword.builtin.VerifyElementExistKeyword$_verifyElementExist_closure1.call(VerifyElementExistKeyword.groovy)
	at com.kms.katalon.core.mobile.keyword.internal.MobileKeywordMain.runKeyword(MobileKeywordMain.groovy:21)
	at com.kms.katalon.core.mobile.keyword.builtin.VerifyElementExistKeyword.verifyElementExist(VerifyElementExistKeyword.groovy:80)
	at com.kms.katalon.core.mobile.keyword.builtin.VerifyElementExistKeyword.execute(VerifyElementExistKeyword.groovy:64)
	at com.kms.katalon.core.keyword.internal.KeywordExecutor.executeKeywordForPlatform(KeywordExecutor.groovy:53)
	at com.kms.katalon.core.mobile.keyword.MobileBuiltInKeywords.verifyElementExist(MobileBuiltInKeywords.groovy:605)
	at com.kms.katalon.core.mobile.keyword.MobileBuiltInKeywords$verifyElementExist$1.call(Unknown Source)
	at global.verify_element.exist(verify_element.groovy:38)
	at sun.reflect.GeneratedMethodAccessor17.invoke(Unknown Source)
	at sun.reflect.DelegatingMethodAccessorImpl.invoke(DelegatingMethodAccessorImpl.java:43)
	at java.lang.reflect.Method.invoke(Method.java:498)
	at org.codehaus.groovy.reflection.CachedMethod.invoke(CachedMethod.java:93)
	at groovy.lang.MetaMethod.doMethodInvoke(MetaMethod.java:325)
	at groovy.lang.MetaClassImpl.invokeMethod(MetaClassImpl.java:1215)
	at groovy.lang.MetaClassImpl.invokeMethod(MetaClassImpl.java:1024)
	at groovy.lang.MetaClassImpl.invokeMethod(MetaClassImpl.java:812)
	at groovy.lang.DelegatingMetaClass.invokeMethod(DelegatingMetaClass.java:144)
	at global.verify_element.invokeMethod(verify_element.groovy)
	at com.kms.katalon.core.main.CustomKeywordDelegatingMetaClass.invokeStaticMethod(CustomKeywordDelegatingMetaClass.java:46)
	at org.codehaus.groovy.runtime.callsite.StaticMetaClassSite.call(StaticMetaClassSite.java:53)
	at org.codehaus.groovy.runtime.callsite.CallSiteArray.defaultCall(CallSiteArray.java:48)
	at org.codehaus.groovy.runtime.callsite.AbstractCallSite.call(AbstractCallSite.java:113)
	at org.codehaus.groovy.runtime.callsite.AbstractCallSite.call(AbstractCallSite.java:125)
	at Script1542017927344.run(Script1542017927344.groovy:10)
	at com.kms.katalon.core.main.ScriptEngine.run(ScriptEngine.java:183)
	at com.kms.katalon.core.main.ScriptEngine.runScriptAsRawText(ScriptEngine.java:108)
	at com.kms.katalon.core.main.TestCaseExecutor.runScript(TestCaseExecutor.java:294)
	at com.kms.katalon.core.main.TestCaseExecutor.doExecute(TestCaseExecutor.java:285)
	at com.kms.katalon.core.main.TestCaseExecutor.processExecutionPhase(TestCaseExecutor.java:264)
	at com.kms.katalon.core.main.TestCaseExecutor.accessMainPhase(TestCaseExecutor.java:256)
	at com.kms.katalon.core.main.TestCaseExecutor.execute(TestCaseExecutor.java:200)
	at com.kms.katalon.core.main.TestSuiteExecutor.accessTestCaseMainPhase(TestSuiteExecutor.java:129)
	at com.kms.katalon.core.main.TestSuiteExecutor.accessTestSuiteMainPhase(TestSuiteExecutor.java:112)
	at com.kms.katalon.core.main.TestSuiteExecutor.execute(TestSuiteExecutor.java:81)
	at com.kms.katalon.core.main.TestCaseMain.startTestSuite(TestCaseMain.java:142)
	at com.kms.katalon.core.main.TestCaseMain$startTestSuite$0.call(Unknown Source)
	at org.codehaus.groovy.runtime.callsite.CallSiteArray.defaultCall(CallSiteArray.java:48)
	at org.codehaus.groovy.runtime.callsite.AbstractCallSite.call(AbstractCallSite.java:113)
	at org.codehaus.groovy.runtime.callsite.AbstractCallSite.call(AbstractCallSite.java:141)
	at TempTestSuite1542279820794.run(TempTestSuite1542279820794.groovy:36)
	at groovy.lang.GroovyShell.runScriptOrMainOrTestOrRunnable(GroovyShell.java:263)
	at groovy.lang.GroovyShell.run(GroovyShell.java:518)
	at groovy.lang.GroovyShell.run(GroovyShell.java:507)
	at groovy.ui.GroovyMain.processOnce(GroovyMain.java:653)
	at groovy.ui.GroovyMain.run(GroovyMain.java:384)
	at groovy.ui.GroovyMain.process(GroovyMain.java:370)
	at groovy.ui.GroovyMain.processArgs(GroovyMain.java:129)
	at groovy.ui.GroovyMain.main(GroovyMain.java:109)
	at sun.reflect.NativeMethodAccessorImpl.invoke0(Native Method)
	at sun.reflect.NativeMethodAccessorImpl.invoke(NativeMethodAccessorImpl.java:62)
	at sun.reflect.DelegatingMethodAccessorImpl.invoke(DelegatingMethodAccessorImpl.java:43)
	at java.lang.reflect.Method.invoke(Method.java:498)
	at org.codehaus.groovy.tools.GroovyStarter.rootLoader(GroovyStarter.java:109)
	at org.codehaus.groovy.tools.GroovyStarter.main(GroovyStarter.java:131)
)"/>
         <system-out><![CDATA[2018-11-15 19:43:19 - [TEST_CASE][FAILED] - Test Cases/iOS/Send Money Branch/SMB_36: Test Cases/iOS/Send Money Branch/SMB_36 FAILED because (of) (Stack trace: com.kms.katalon.core.exception.StepFailedException: Element 'Object Repository/iOS/Send Money screen/Generic text' not found
	at com.kms.katalon.core.keyword.internal.KeywordMain.stepFailed(KeywordMain.groovy:32)
	at com.kms.katalon.core.mobile.keyword.internal.MobileKeywordMain.stepFailed(MobileKeywordMain.groovy:40)
	at com.kms.katalon.core.mobile.keyword.builtin.VerifyElementExistKeyword$_verifyElementExist_closure1.doCall(VerifyElementExistKeyword.groovy:77)
	at com.kms.katalon.core.mobile.keyword.builtin.VerifyElementExistKeyword$_verifyElementExist_closure1.call(VerifyElementExistKeyword.groovy)
	at com.kms.katalon.core.mobile.keyword.internal.MobileKeywordMain.runKeyword(MobileKeywordMain.groovy:21)
	at com.kms.katalon.core.mobile.keyword.builtin.VerifyElementExistKeyword.verifyElementExist(VerifyElementExistKeyword.groovy:80)
	at com.kms.katalon.core.mobile.keyword.builtin.VerifyElementExistKeyword.execute(VerifyElementExistKeyword.groovy:64)
	at com.kms.katalon.core.keyword.internal.KeywordExecutor.executeKeywordForPlatform(KeywordExecutor.groovy:53)
	at com.kms.katalon.core.mobile.keyword.MobileBuiltInKeywords.verifyElementExist(MobileBuiltInKeywords.groovy:605)
	at com.kms.katalon.core.mobile.keyword.MobileBuiltInKeywords$verifyElementExist$1.call(Unknown Source)
	at global.verify_element.exist(verify_element.groovy:38)
	at sun.reflect.GeneratedMethodAccessor17.invoke(Unknown Source)
	at sun.reflect.DelegatingMethodAccessorImpl.invoke(DelegatingMethodAccessorImpl.java:43)
	at java.lang.reflect.Method.invoke(Method.java:498)
	at org.codehaus.groovy.reflection.CachedMethod.invoke(CachedMethod.java:93)
	at groovy.lang.MetaMethod.doMethodInvoke(MetaMethod.java:325)
	at groovy.lang.MetaClassImpl.invokeMethod(MetaClassImpl.java:1215)
	at groovy.lang.MetaClassImpl.invokeMethod(MetaClassImpl.java:1024)
	at groovy.lang.MetaClassImpl.invokeMethod(MetaClassImpl.java:812)
	at groovy.lang.DelegatingMetaClass.invokeMethod(DelegatingMetaClass.java:144)
	at global.verify_element.invokeMethod(verify_element.groovy)
	at com.kms.katalon.core.main.CustomKeywordDelegatingMetaClass.invokeStaticMethod(CustomKeywordDelegatingMetaClass.java:46)
	at org.codehaus.groovy.runtime.callsite.StaticMetaClassSite.call(StaticMetaClassSite.java:53)
	at org.codehaus.groovy.runtime.callsite.CallSiteArray.defaultCall(CallSiteArray.java:48)
	at org.codehaus.groovy.runtime.callsite.AbstractCallSite.call(AbstractCallSite.java:113)
	at org.codehaus.groovy.runtime.callsite.AbstractCallSite.call(AbstractCallSite.java:125)
	at Script1542017927344.run(Script1542017927344.groovy:10)
	at com.kms.katalon.core.main.ScriptEngine.run(ScriptEngine.java:183)
	at com.kms.katalon.core.main.ScriptEngine.runScriptAsRawText(ScriptEngine.java:108)
	at com.kms.katalon.core.main.TestCaseExecutor.runScript(TestCaseExecutor.java:294)
	at com.kms.katalon.core.main.TestCaseExecutor.doExecute(TestCaseExecutor.java:285)
	at com.kms.katalon.core.main.TestCaseExecutor.processExecutionPhase(TestCaseExecutor.java:264)
	at com.kms.katalon.core.main.TestCaseExecutor.accessMainPhase(TestCaseExecutor.java:256)
	at com.kms.katalon.core.main.TestCaseExecutor.execute(TestCaseExecutor.java:200)
	at com.kms.katalon.core.main.TestSuiteExecutor.accessTestCaseMainPhase(TestSuiteExecutor.java:129)
	at com.kms.katalon.core.main.TestSuiteExecutor.accessTestSuiteMainPhase(TestSuiteExecutor.java:112)
	at com.kms.katalon.core.main.TestSuiteExecutor.execute(TestSuiteExecutor.java:81)
	at com.kms.katalon.core.main.TestCaseMain.startTestSuite(TestCaseMain.java:142)
	at com.kms.katalon.core.main.TestCaseMain$startTestSuite$0.call(Unknown Source)
	at org.codehaus.groovy.runtime.callsite.CallSiteArray.defaultCall(CallSiteArray.java:48)
	at org.codehaus.groovy.runtime.callsite.AbstractCallSite.call(AbstractCallSite.java:113)
	at org.codehaus.groovy.runtime.callsite.AbstractCallSite.call(AbstractCallSite.java:141)
	at TempTestSuite1542279820794.run(TempTestSuite1542279820794.groovy:36)
	at groovy.lang.GroovyShell.runScriptOrMainOrTestOrRunnable(GroovyShell.java:263)
	at groovy.lang.GroovyShell.run(GroovyShell.java:518)
	at groovy.lang.GroovyShell.run(GroovyShell.java:507)
	at groovy.ui.GroovyMain.processOnce(GroovyMain.java:653)
	at groovy.ui.GroovyMain.run(GroovyMain.java:384)
	at groovy.ui.GroovyMain.process(GroovyMain.java:370)
	at groovy.ui.GroovyMain.processArgs(GroovyMain.java:129)
	at groovy.ui.GroovyMain.main(GroovyMain.java:109)
	at sun.reflect.NativeMethodAccessorImpl.invoke0(Native Method)
	at sun.reflect.NativeMethodAccessorImpl.invoke(NativeMethodAccessorImpl.java:62)
	at sun.reflect.DelegatingMethodAccessorImpl.invoke(DelegatingMethodAccessorImpl.java:43)
	at java.lang.reflect.Method.invoke(Method.java:498)
	at org.codehaus.groovy.tools.GroovyStarter.rootLoader(GroovyStarter.java:109)
	at org.codehaus.groovy.tools.GroovyStarter.main(GroovyStarter.java:131)
)

2018-11-15 19:43:19 - [TEST_STEP][PASSED] - Statement - Message = com.kms.katalon.core.testobject.ObjectRepository.findTestObject(iOS/Send Money screen/Generic text, [label:internal.GlobalVariable.randomSentence]): Finding Test Object with id 'Object Repository/iOS/Send Money screen/Generic text'

2018-11-15 19:43:19 - [TEST_STEP][PASSED] - Statement - Message_Charge = com.kms.katalon.core.testobject.ObjectRepository.findTestObject(iOS/Send Money screen/Generic text, [label:PHP 50.00]): Finding Test Object with id 'Object Repository/iOS/Send Money screen/Generic text'

2018-11-15 19:43:19 - [TEST_STEP][PASSED] - Statement - Service_Charge = com.kms.katalon.core.testobject.ObjectRepository.findTestObject(iOS/Send Money screen/Generic text, [label:PHP 250.00]): Finding Test Object with id 'Object Repository/iOS/Send Money screen/Generic text'

2018-11-15 19:43:19 - [TEST_STEP][PASSED] - Statement - Personal_Message_label = com.kms.katalon.core.testobject.ObjectRepository.findTestObject(iOS/Send Money screen/Generic text, [label:Personal Message]): Finding Test Object with id 'Object Repository/iOS/Send Money screen/Generic text'

2018-11-15 19:43:19 - [TEST_STEP][FAILED] - global.verify_element.exist: Element 'Object Repository/iOS/Send Money screen/Generic text' not found

2018-11-15 19:43:24 - [MESSAGE][FAILED] - Element 'Object Repository/iOS/Send Money screen/Generic text' not found
[[ATTACHMENT|/Users/buenaanda/Documents/mobile-automation-katalon/Reports/iOS/PERA Hub Test Suite/20181115_190340/1542282204381.png]]

2018-11-15 19:43:24 - [MESSAGE][FAILED] - Element 'Object Repository/iOS/Send Money screen/Generic text' not found

2018-11-15 19:43:24 - [TEST_STEP][FAILED] - global.verify_element.exist: Element 'Object Repository/iOS/Send Money screen/Generic text' not found

2018-11-15 19:43:29 - [MESSAGE][FAILED] - Element 'Object Repository/iOS/Send Money screen/Generic text' not found
[[ATTACHMENT|/Users/buenaanda/Documents/mobile-automation-katalon/Reports/iOS/PERA Hub Test Suite/20181115_190340/1542282209683.png]]

2018-11-15 19:43:29 - [MESSAGE][FAILED] - Element 'Object Repository/iOS/Send Money screen/Generic text' not found

2018-11-15 19:43:29 - [TEST_STEP][FAILED] - iOS.send_money_screen.checkTermsAndAgreement: Failed to get attribute 'Object Repository/iOS/Send Money screen/Terms and Agreement checkbox' on element 'visible' (Root cause: Object Object Repository/iOS/Send Money screen/Terms and Agreement checkbox not found)

2018-11-15 19:43:35 - [MESSAGE][FAILED] - Object Object Repository/iOS/Send Money screen/Terms and Agreement checkbox not found
[[ATTACHMENT|/Users/buenaanda/Documents/mobile-automation-katalon/Reports/iOS/PERA Hub Test Suite/20181115_190340/1542282214963.png]]

2018-11-15 19:43:35 - [MESSAGE][FAILED] - Failed to get attribute 'Object Repository/iOS/Send Money screen/Terms and Agreement checkbox' on element 'visible' (Root cause: Object Object Repository/iOS/Send Money screen/Terms and Agreement checkbox not found)
[[ATTACHMENT|/Users/buenaanda/Documents/mobile-automation-katalon/Reports/iOS/PERA Hub Test Suite/20181115_190340/1542282215088.png]]

2018-11-15 19:43:35 - [MESSAGE][FAILED] - Failed to get attribute 'Object Repository/iOS/Send Money screen/Terms and Agreement checkbox' on element 'visible' (Root cause: Object Object Repository/iOS/Send Money screen/Terms and Agreement checkbox not found)]]></system-out>
         <system-err><![CDATA[2018-11-15 19:43:19 - [TEST_CASE][FAILED] - Test Cases/iOS/Send Money Branch/SMB_36: Test Cases/iOS/Send Money Branch/SMB_36 FAILED because (of) (Stack trace: com.kms.katalon.core.exception.StepFailedException: Element 'Object Repository/iOS/Send Money screen/Generic text' not found
	at com.kms.katalon.core.keyword.internal.KeywordMain.stepFailed(KeywordMain.groovy:32)
	at com.kms.katalon.core.mobile.keyword.internal.MobileKeywordMain.stepFailed(MobileKeywordMain.groovy:40)
	at com.kms.katalon.core.mobile.keyword.builtin.VerifyElementExistKeyword$_verifyElementExist_closure1.doCall(VerifyElementExistKeyword.groovy:77)
	at com.kms.katalon.core.mobile.keyword.builtin.VerifyElementExistKeyword$_verifyElementExist_closure1.call(VerifyElementExistKeyword.groovy)
	at com.kms.katalon.core.mobile.keyword.internal.MobileKeywordMain.runKeyword(MobileKeywordMain.groovy:21)
	at com.kms.katalon.core.mobile.keyword.builtin.VerifyElementExistKeyword.verifyElementExist(VerifyElementExistKeyword.groovy:80)
	at com.kms.katalon.core.mobile.keyword.builtin.VerifyElementExistKeyword.execute(VerifyElementExistKeyword.groovy:64)
	at com.kms.katalon.core.keyword.internal.KeywordExecutor.executeKeywordForPlatform(KeywordExecutor.groovy:53)
	at com.kms.katalon.core.mobile.keyword.MobileBuiltInKeywords.verifyElementExist(MobileBuiltInKeywords.groovy:605)
	at com.kms.katalon.core.mobile.keyword.MobileBuiltInKeywords$verifyElementExist$1.call(Unknown Source)
	at global.verify_element.exist(verify_element.groovy:38)
	at sun.reflect.GeneratedMethodAccessor17.invoke(Unknown Source)
	at sun.reflect.DelegatingMethodAccessorImpl.invoke(DelegatingMethodAccessorImpl.java:43)
	at java.lang.reflect.Method.invoke(Method.java:498)
	at org.codehaus.groovy.reflection.CachedMethod.invoke(CachedMethod.java:93)
	at groovy.lang.MetaMethod.doMethodInvoke(MetaMethod.java:325)
	at groovy.lang.MetaClassImpl.invokeMethod(MetaClassImpl.java:1215)
	at groovy.lang.MetaClassImpl.invokeMethod(MetaClassImpl.java:1024)
	at groovy.lang.MetaClassImpl.invokeMethod(MetaClassImpl.java:812)
	at groovy.lang.DelegatingMetaClass.invokeMethod(DelegatingMetaClass.java:144)
	at global.verify_element.invokeMethod(verify_element.groovy)
	at com.kms.katalon.core.main.CustomKeywordDelegatingMetaClass.invokeStaticMethod(CustomKeywordDelegatingMetaClass.java:46)
	at org.codehaus.groovy.runtime.callsite.StaticMetaClassSite.call(StaticMetaClassSite.java:53)
	at org.codehaus.groovy.runtime.callsite.CallSiteArray.defaultCall(CallSiteArray.java:48)
	at org.codehaus.groovy.runtime.callsite.AbstractCallSite.call(AbstractCallSite.java:113)
	at org.codehaus.groovy.runtime.callsite.AbstractCallSite.call(AbstractCallSite.java:125)
	at Script1542017927344.run(Script1542017927344.groovy:10)
	at com.kms.katalon.core.main.ScriptEngine.run(ScriptEngine.java:183)
	at com.kms.katalon.core.main.ScriptEngine.runScriptAsRawText(ScriptEngine.java:108)
	at com.kms.katalon.core.main.TestCaseExecutor.runScript(TestCaseExecutor.java:294)
	at com.kms.katalon.core.main.TestCaseExecutor.doExecute(TestCaseExecutor.java:285)
	at com.kms.katalon.core.main.TestCaseExecutor.processExecutionPhase(TestCaseExecutor.java:264)
	at com.kms.katalon.core.main.TestCaseExecutor.accessMainPhase(TestCaseExecutor.java:256)
	at com.kms.katalon.core.main.TestCaseExecutor.execute(TestCaseExecutor.java:200)
	at com.kms.katalon.core.main.TestSuiteExecutor.accessTestCaseMainPhase(TestSuiteExecutor.java:129)
	at com.kms.katalon.core.main.TestSuiteExecutor.accessTestSuiteMainPhase(TestSuiteExecutor.java:112)
	at com.kms.katalon.core.main.TestSuiteExecutor.execute(TestSuiteExecutor.java:81)
	at com.kms.katalon.core.main.TestCaseMain.startTestSuite(TestCaseMain.java:142)
	at com.kms.katalon.core.main.TestCaseMain$startTestSuite$0.call(Unknown Source)
	at org.codehaus.groovy.runtime.callsite.CallSiteArray.defaultCall(CallSiteArray.java:48)
	at org.codehaus.groovy.runtime.callsite.AbstractCallSite.call(AbstractCallSite.java:113)
	at org.codehaus.groovy.runtime.callsite.AbstractCallSite.call(AbstractCallSite.java:141)
	at TempTestSuite1542279820794.run(TempTestSuite1542279820794.groovy:36)
	at groovy.lang.GroovyShell.runScriptOrMainOrTestOrRunnable(GroovyShell.java:263)
	at groovy.lang.GroovyShell.run(GroovyShell.java:518)
	at groovy.lang.GroovyShell.run(GroovyShell.java:507)
	at groovy.ui.GroovyMain.processOnce(GroovyMain.java:653)
	at groovy.ui.GroovyMain.run(GroovyMain.java:384)
	at groovy.ui.GroovyMain.process(GroovyMain.java:370)
	at groovy.ui.GroovyMain.processArgs(GroovyMain.java:129)
	at groovy.ui.GroovyMain.main(GroovyMain.java:109)
	at sun.reflect.NativeMethodAccessorImpl.invoke0(Native Method)
	at sun.reflect.NativeMethodAccessorImpl.invoke(NativeMethodAccessorImpl.java:62)
	at sun.reflect.DelegatingMethodAccessorImpl.invoke(DelegatingMethodAccessorImpl.java:43)
	at java.lang.reflect.Method.invoke(Method.java:498)
	at org.codehaus.groovy.tools.GroovyStarter.rootLoader(GroovyStarter.java:109)
	at org.codehaus.groovy.tools.GroovyStarter.main(GroovyStarter.java:131)
)]]></system-err>
      </testcase>
      <system-out><![CDATA[2018-11-15 19:03:43 - [TEST_SUITE][FAILED] - PERA Hub Test Suite: Test Cases/iOS/Login/LOG_10 FAILED because (of) (Stack trace: com.kms.katalon.core.exception.StepFailedException: Element 'Object Repository/iOS/OTP Verification screen/Error otp code' not found
	at com.kms.katalon.core.keyword.internal.KeywordMain.stepFailed(KeywordMain.groovy:32)
	at com.kms.katalon.core.mobile.keyword.internal.MobileKeywordMain.stepFailed(MobileKeywordMain.groovy:40)
	at com.kms.katalon.core.mobile.keyword.builtin.VerifyElementTextKeyword$_verifyElementText_closure1.doCall(VerifyElementTextKeyword.groovy:49)
	at com.kms.katalon.core.mobile.keyword.builtin.VerifyElementTextKeyword$_verifyElementText_closure1.call(VerifyElementTextKeyword.groovy)
	at com.kms.katalon.core.mobile.keyword.internal.MobileKeywordMain.runKeyword(MobileKeywordMain.groovy:21)
	at com.kms.katalon.core.mobile.keyword.builtin.VerifyElementTextKeyword.verifyElementText(VerifyElementTextKeyword.groovy:62)
	at com.kms.katalon.core.mobile.keyword.builtin.VerifyElementTextKeyword.execute(VerifyElementTextKeyword.groovy:39)
	at com.kms.katalon.core.keyword.internal.KeywordExecutor.executeKeywordForPlatform(KeywordExecutor.groovy:53)
	at com.kms.katalon.core.mobile.keyword.MobileBuiltInKeywords.verifyElementText(MobileBuiltInKeywords.groovy:1751)
	at com.kms.katalon.core.mobile.keyword.MobileBuiltInKeywords$verifyElementText$3.call(Unknown Source)
	at global.verify_element.text(verify_element.groovy:28)
	at sun.reflect.NativeMethodAccessorImpl.invoke0(Native Method)
	at sun.reflect.NativeMethodAccessorImpl.invoke(NativeMethodAccessorImpl.java:62)
	at sun.reflect.DelegatingMethodAccessorImpl.invoke(DelegatingMethodAccessorImpl.java:43)
	at java.lang.reflect.Method.invoke(Method.java:498)
	at org.codehaus.groovy.reflection.CachedMethod.invoke(CachedMethod.java:93)
	at groovy.lang.MetaMethod.doMethodInvoke(MetaMethod.java:325)
	at groovy.lang.MetaClassImpl.invokeMethod(MetaClassImpl.java:1215)
	at groovy.lang.MetaClassImpl.invokeMethod(MetaClassImpl.java:1024)
	at groovy.lang.MetaClassImpl.invokeMethod(MetaClassImpl.java:812)
	at groovy.lang.DelegatingMetaClass.invokeMethod(DelegatingMetaClass.java:144)
	at global.verify_element.invokeMethod(verify_element.groovy)
	at com.kms.katalon.core.main.CustomKeywordDelegatingMetaClass.invokeStaticMethod(CustomKeywordDelegatingMetaClass.java:46)
	at org.codehaus.groovy.runtime.callsite.StaticMetaClassSite.call(StaticMetaClassSite.java:53)
	at org.codehaus.groovy.runtime.callsite.CallSiteArray.defaultCall(CallSiteArray.java:48)
	at org.codehaus.groovy.runtime.callsite.AbstractCallSite.call(AbstractCallSite.java:113)
	at org.codehaus.groovy.runtime.callsite.AbstractCallSite.call(AbstractCallSite.java:133)
	at Script1539834651692.run(Script1539834651692.groovy:17)
	at com.kms.katalon.core.main.ScriptEngine.run(ScriptEngine.java:183)
	at com.kms.katalon.core.main.ScriptEngine.runScriptAsRawText(ScriptEngine.java:108)
	at com.kms.katalon.core.main.TestCaseExecutor.runScript(TestCaseExecutor.java:294)
	at com.kms.katalon.core.main.TestCaseExecutor.doExecute(TestCaseExecutor.java:285)
	at com.kms.katalon.core.main.TestCaseExecutor.processExecutionPhase(TestCaseExecutor.java:264)
	at com.kms.katalon.core.main.TestCaseExecutor.accessMainPhase(TestCaseExecutor.java:256)
	at com.kms.katalon.core.main.TestCaseExecutor.execute(TestCaseExecutor.java:200)
	at com.kms.katalon.core.main.TestSuiteExecutor.accessTestCaseMainPhase(TestSuiteExecutor.java:129)
	at com.kms.katalon.core.main.TestSuiteExecutor.accessTestSuiteMainPhase(TestSuiteExecutor.java:112)
	at com.kms.katalon.core.main.TestSuiteExecutor.execute(TestSuiteExecutor.java:81)
	at com.kms.katalon.core.main.TestCaseMain.startTestSuite(TestCaseMain.java:142)
	at com.kms.katalon.core.main.TestCaseMain$startTestSuite$0.call(Unknown Source)
	at org.codehaus.groovy.runtime.callsite.CallSiteArray.defaultCall(CallSiteArray.java:48)
	at org.codehaus.groovy.runtime.callsite.AbstractCallSite.call(AbstractCallSite.java:113)
	at org.codehaus.groovy.runtime.callsite.AbstractCallSite.call(AbstractCallSite.java:141)
	at TempTestSuite1542279820794.run(TempTestSuite1542279820794.groovy:36)
	at groovy.lang.GroovyShell.runScriptOrMainOrTestOrRunnable(GroovyShell.java:263)
	at groovy.lang.GroovyShell.run(GroovyShell.java:518)
	at groovy.lang.GroovyShell.run(GroovyShell.java:507)
	at groovy.ui.GroovyMain.processOnce(GroovyMain.java:653)
	at groovy.ui.GroovyMain.run(GroovyMain.java:384)
	at groovy.ui.GroovyMain.process(GroovyMain.java:370)
	at groovy.ui.GroovyMain.processArgs(GroovyMain.java:129)
	at groovy.ui.GroovyMain.main(GroovyMain.java:109)
	at sun.reflect.NativeMethodAccessorImpl.invoke0(Native Method)
	at sun.reflect.NativeMethodAccessorImpl.invoke(NativeMethodAccessorImpl.java:62)
	at sun.reflect.DelegatingMethodAccessorImpl.invoke(DelegatingMethodAccessorImpl.java:43)
	at java.lang.reflect.Method.invoke(Method.java:498)
	at org.codehaus.groovy.tools.GroovyStarter.rootLoader(GroovyStarter.java:109)
	at org.codehaus.groovy.tools.GroovyStarter.main(GroovyStarter.java:131)
)]]></system-out>
      <system-err><![CDATA[2018-11-15 19:03:43 - [TEST_SUITE][FAILED] - PERA Hub Test Suite: Test Cases/iOS/Login/LOG_10 FAILED because (of) (Stack trace: com.kms.katalon.core.exception.StepFailedException: Element 'Object Repository/iOS/OTP Verification screen/Error otp code' not found
	at com.kms.katalon.core.keyword.internal.KeywordMain.stepFailed(KeywordMain.groovy:32)
	at com.kms.katalon.core.mobile.keyword.internal.MobileKeywordMain.stepFailed(MobileKeywordMain.groovy:40)
	at com.kms.katalon.core.mobile.keyword.builtin.VerifyElementTextKeyword$_verifyElementText_closure1.doCall(VerifyElementTextKeyword.groovy:49)
	at com.kms.katalon.core.mobile.keyword.builtin.VerifyElementTextKeyword$_verifyElementText_closure1.call(VerifyElementTextKeyword.groovy)
	at com.kms.katalon.core.mobile.keyword.internal.MobileKeywordMain.runKeyword(MobileKeywordMain.groovy:21)
	at com.kms.katalon.core.mobile.keyword.builtin.VerifyElementTextKeyword.verifyElementText(VerifyElementTextKeyword.groovy:62)
	at com.kms.katalon.core.mobile.keyword.builtin.VerifyElementTextKeyword.execute(VerifyElementTextKeyword.groovy:39)
	at com.kms.katalon.core.keyword.internal.KeywordExecutor.executeKeywordForPlatform(KeywordExecutor.groovy:53)
	at com.kms.katalon.core.mobile.keyword.MobileBuiltInKeywords.verifyElementText(MobileBuiltInKeywords.groovy:1751)
	at com.kms.katalon.core.mobile.keyword.MobileBuiltInKeywords$verifyElementText$3.call(Unknown Source)
	at global.verify_element.text(verify_element.groovy:28)
	at sun.reflect.NativeMethodAccessorImpl.invoke0(Native Method)
	at sun.reflect.NativeMethodAccessorImpl.invoke(NativeMethodAccessorImpl.java:62)
	at sun.reflect.DelegatingMethodAccessorImpl.invoke(DelegatingMethodAccessorImpl.java:43)
	at java.lang.reflect.Method.invoke(Method.java:498)
	at org.codehaus.groovy.reflection.CachedMethod.invoke(CachedMethod.java:93)
	at groovy.lang.MetaMethod.doMethodInvoke(MetaMethod.java:325)
	at groovy.lang.MetaClassImpl.invokeMethod(MetaClassImpl.java:1215)
	at groovy.lang.MetaClassImpl.invokeMethod(MetaClassImpl.java:1024)
	at groovy.lang.MetaClassImpl.invokeMethod(MetaClassImpl.java:812)
	at groovy.lang.DelegatingMetaClass.invokeMethod(DelegatingMetaClass.java:144)
	at global.verify_element.invokeMethod(verify_element.groovy)
	at com.kms.katalon.core.main.CustomKeywordDelegatingMetaClass.invokeStaticMethod(CustomKeywordDelegatingMetaClass.java:46)
	at org.codehaus.groovy.runtime.callsite.StaticMetaClassSite.call(StaticMetaClassSite.java:53)
	at org.codehaus.groovy.runtime.callsite.CallSiteArray.defaultCall(CallSiteArray.java:48)
	at org.codehaus.groovy.runtime.callsite.AbstractCallSite.call(AbstractCallSite.java:113)
	at org.codehaus.groovy.runtime.callsite.AbstractCallSite.call(AbstractCallSite.java:133)
	at Script1539834651692.run(Script1539834651692.groovy:17)
	at com.kms.katalon.core.main.ScriptEngine.run(ScriptEngine.java:183)
	at com.kms.katalon.core.main.ScriptEngine.runScriptAsRawText(ScriptEngine.java:108)
	at com.kms.katalon.core.main.TestCaseExecutor.runScript(TestCaseExecutor.java:294)
	at com.kms.katalon.core.main.TestCaseExecutor.doExecute(TestCaseExecutor.java:285)
	at com.kms.katalon.core.main.TestCaseExecutor.processExecutionPhase(TestCaseExecutor.java:264)
	at com.kms.katalon.core.main.TestCaseExecutor.accessMainPhase(TestCaseExecutor.java:256)
	at com.kms.katalon.core.main.TestCaseExecutor.execute(TestCaseExecutor.java:200)
	at com.kms.katalon.core.main.TestSuiteExecutor.accessTestCaseMainPhase(TestSuiteExecutor.java:129)
	at com.kms.katalon.core.main.TestSuiteExecutor.accessTestSuiteMainPhase(TestSuiteExecutor.java:112)
	at com.kms.katalon.core.main.TestSuiteExecutor.execute(TestSuiteExecutor.java:81)
	at com.kms.katalon.core.main.TestCaseMain.startTestSuite(TestCaseMain.java:142)
	at com.kms.katalon.core.main.TestCaseMain$startTestSuite$0.call(Unknown Source)
	at org.codehaus.groovy.runtime.callsite.CallSiteArray.defaultCall(CallSiteArray.java:48)
	at org.codehaus.groovy.runtime.callsite.AbstractCallSite.call(AbstractCallSite.java:113)
	at org.codehaus.groovy.runtime.callsite.AbstractCallSite.call(AbstractCallSite.java:141)
	at TempTestSuite1542279820794.run(TempTestSuite1542279820794.groovy:36)
	at groovy.lang.GroovyShell.runScriptOrMainOrTestOrRunnable(GroovyShell.java:263)
	at groovy.lang.GroovyShell.run(GroovyShell.java:518)
	at groovy.lang.GroovyShell.run(GroovyShell.java:507)
	at groovy.ui.GroovyMain.processOnce(GroovyMain.java:653)
	at groovy.ui.GroovyMain.run(GroovyMain.java:384)
	at groovy.ui.GroovyMain.process(GroovyMain.java:370)
	at groovy.ui.GroovyMain.processArgs(GroovyMain.java:129)
	at groovy.ui.GroovyMain.main(GroovyMain.java:109)
	at sun.reflect.NativeMethodAccessorImpl.invoke0(Native Method)
	at sun.reflect.NativeMethodAccessorImpl.invoke(NativeMethodAccessorImpl.java:62)
	at sun.reflect.DelegatingMethodAccessorImpl.invoke(DelegatingMethodAccessorImpl.java:43)
	at java.lang.reflect.Method.invoke(Method.java:498)
	at org.codehaus.groovy.tools.GroovyStarter.rootLoader(GroovyStarter.java:109)
	at org.codehaus.groovy.tools.GroovyStarter.main(GroovyStarter.java:131)
)]]></system-err>
   </testsuite>
</testsuites>
