<?xml version="1.0" encoding="UTF-8"?>
<testsuites name="iOS Test Suite" time="3153" tests="56" failures="5" errors="0">
   <testsuite name="iOS Test Suite" tests="56" failures="5" errors="0" time="3153" timestamp="2018-11-19 21:07:52" hostname="buenaanda - 192.168.254.106" id="Test Suites/iOS/iOS Test Suite">
      <properties>
         <property name="deviceName" value="iPhone 6s"/>
         <property name="devicePlatform" value=""/>
         <property name="logFolder" value="/Users/buenaanda/Katalon Studio/mobile-automation-katalon/Reports/iOS/iOS Test Suite/20181119_210750"/>
         <property name="logFiles" value="/Users/buenaanda/Katalon Studio/mobile-automation-katalon/Reports/iOS/iOS Test Suite/20181119_210750/execution0.log, /Users/buenaanda/Katalon Studio/mobile-automation-katalon/Reports/iOS/iOS Test Suite/20181119_210750/appium.log, /Users/buenaanda/Katalon Studio/mobile-automation-katalon/Reports/iOS/iOS Test Suite/20181119_210750/appium-proxy-server.log"/>
         <property name="attachments" value="/Users/buenaanda/Katalon Studio/mobile-automation-katalon/Reports/iOS/iOS Test Suite/20181119_210750/1542633006193.png, /Users/buenaanda/Katalon Studio/mobile-automation-katalon/Reports/iOS/iOS Test Suite/20181119_210750/1542633082592.png, /Users/buenaanda/Katalon Studio/mobile-automation-katalon/Reports/iOS/iOS Test Suite/20181119_210750/1542633084729.png, /Users/buenaanda/Katalon Studio/mobile-automation-katalon/Reports/iOS/iOS Test Suite/20181119_210750/1542633084904.png, /Users/buenaanda/Katalon Studio/mobile-automation-katalon/Reports/iOS/iOS Test Suite/20181119_210750/1542633104002.png, /Users/buenaanda/Katalon Studio/mobile-automation-katalon/Reports/iOS/iOS Test Suite/20181119_210750/1542633106138.png, /Users/buenaanda/Katalon Studio/mobile-automation-katalon/Reports/iOS/iOS Test Suite/20181119_210750/1542633106289.png, /Users/buenaanda/Katalon Studio/mobile-automation-katalon/Reports/iOS/iOS Test Suite/20181119_210750/1542633405853.png, /Users/buenaanda/Katalon Studio/mobile-automation-katalon/Reports/iOS/iOS Test Suite/20181119_210750/1542633411184.png, /Users/buenaanda/Katalon Studio/mobile-automation-katalon/Reports/iOS/iOS Test Suite/20181119_210750/1542633411432.png, /Users/buenaanda/Katalon Studio/mobile-automation-katalon/Reports/iOS/iOS Test Suite/20181119_210750/1542633492992.png, /Users/buenaanda/Katalon Studio/mobile-automation-katalon/Reports/iOS/iOS Test Suite/20181119_210750/1542633493202.png, /Users/buenaanda/Katalon Studio/mobile-automation-katalon/Reports/iOS/iOS Test Suite/20181119_210750/1542633560379.png, /Users/buenaanda/Katalon Studio/mobile-automation-katalon/Reports/iOS/iOS Test Suite/20181119_210750/1542635429184.png, /Users/buenaanda/Katalon Studio/mobile-automation-katalon/Reports/iOS/iOS Test Suite/20181119_210750/1542635440798.png, /Users/buenaanda/Katalon Studio/mobile-automation-katalon/Reports/iOS/iOS Test Suite/20181119_210750/1542635442922.png, /Users/buenaanda/Katalon Studio/mobile-automation-katalon/Reports/iOS/iOS Test Suite/20181119_210750/1542635443051.png, /Users/buenaanda/Katalon Studio/mobile-automation-katalon/Reports/iOS/iOS Test Suite/20181119_210750/1542635518804.png, /Users/buenaanda/Katalon Studio/mobile-automation-katalon/Reports/iOS/iOS Test Suite/20181119_210750/1542635520936.png, /Users/buenaanda/Katalon Studio/mobile-automation-katalon/Reports/iOS/iOS Test Suite/20181119_210750/1542635521093.png, /Users/buenaanda/Katalon Studio/mobile-automation-katalon/Reports/iOS/iOS Test Suite/20181119_210750/1542635575140.png, /Users/buenaanda/Katalon Studio/mobile-automation-katalon/Reports/iOS/iOS Test Suite/20181119_210750/1542635575277.png, /Users/buenaanda/Katalon Studio/mobile-automation-katalon/Reports/iOS/iOS Test Suite/20181119_210750/1542635605768.png, /Users/buenaanda/Katalon Studio/mobile-automation-katalon/Reports/iOS/iOS Test Suite/20181119_210750/1542635929252.png, /Users/buenaanda/Katalon Studio/mobile-automation-katalon/Reports/iOS/iOS Test Suite/20181119_210750/1542635929393.png, /Users/buenaanda/Katalon Studio/mobile-automation-katalon/Reports/iOS/iOS Test Suite/20181119_210750/1542635997347.png, /Users/buenaanda/Katalon Studio/mobile-automation-katalon/Reports/iOS/iOS Test Suite/20181119_210750/1542635997541.png"/>
         <property name="hostName" value="buenaanda - 192.168.254.106"/>
         <property name="os" value="Mac OS X 64bit"/>
         <property name="katalonVersion" value="4.1.0.2"/>
         <property name="deviceOS" value="iOS"/>
         <property name="appiumVersion" value="1.8.1"/>
         <property name="deviceModel" value="Not available for Simulator"/>
         <property name="hostAddress" value="192.168.254.106"/>
         <property name="deviceManufacturer" value="Apple"/>
         <property name="deviceId" value="null"/>
         <property name="deviceName" value="iPhone 6s"/>
         <property name="deviceOSVersion" value="11.4"/>
      </properties>
      <testcase name="Test Cases/iOS/Registration/REG_01" classname="Test Cases/iOS/Registration/REG_01" status="PASSED">
         <system-out><![CDATA[2018-11-19 21:07:53 - [TEST_CASE][PASSED] - Test Cases/iOS/Registration/REG_01: Test Cases/iOS/Registration/REG_01

2018-11-19 21:07:53 - [TEST_STEP][PASSED] - startApplication: Started app at: '/Users/buenaanda/Katalon Studio/mobile-automation-katalon/Data Files/PeraHub_v3.2.0-QAT.app'

2018-11-19 21:08:43 - [MESSAGE][PASSED] - Started app at: '/Users/buenaanda/Katalon Studio/mobile-automation-katalon/Data Files/PeraHub_v3.2.0-QAT.app'

2018-11-19 21:08:43 - [TEST_STEP][PASSED] - iOS.initial_screen.tapRegister: iOS.initial_screen.tapRegister is PASSED

2018-11-19 21:08:50 - [MESSAGE][PASSED] - Tapped on element 'Object Repository/iOS/Initial screen/Register button'

2018-11-19 21:08:50 - [MESSAGE][PASSED] - iOS.initial_screen.tapRegister is PASSED

2018-11-19 21:08:50 - [TEST_STEP][PASSED] - global.verify_element.exist: global.verify_element.exist is PASSED

2018-11-19 21:08:52 - [MESSAGE][PASSED] - Element 'Object Repository/iOS/Registration screen/Customer Number button' is exist

2018-11-19 21:08:52 - [MESSAGE][PASSED] - global.verify_element.exist is PASSED

2018-11-19 21:08:52 - [TEST_STEP][PASSED] - global.verify_element.exist: global.verify_element.exist is PASSED

2018-11-19 21:08:55 - [MESSAGE][PASSED] - Element 'Object Repository/iOS/Registration screen/Mobile Number button' is exist

2018-11-19 21:08:55 - [MESSAGE][PASSED] - global.verify_element.exist is PASSED]]></system-out>
         <system-err><![CDATA[]]></system-err>
      </testcase>
      <testcase name="Test Cases/iOS/Registration/REG_02" classname="Test Cases/iOS/Registration/REG_02" status="FAILED">
         <failure type="FAILED" message="(Stack trace: com.kms.katalon.core.exception.StepFailedException: Element 'Object Repository/iOS/Global/Generic text' not found
	at com.kms.katalon.core.keyword.internal.KeywordMain.stepFailed(KeywordMain.groovy:32)
	at com.kms.katalon.core.mobile.keyword.internal.MobileKeywordMain.stepFailed(MobileKeywordMain.groovy:40)
	at com.kms.katalon.core.mobile.keyword.builtin.VerifyElementExistKeyword$_verifyElementExist_closure1.doCall(VerifyElementExistKeyword.groovy:77)
	at com.kms.katalon.core.mobile.keyword.builtin.VerifyElementExistKeyword$_verifyElementExist_closure1.call(VerifyElementExistKeyword.groovy)
	at com.kms.katalon.core.mobile.keyword.internal.MobileKeywordMain.runKeyword(MobileKeywordMain.groovy:21)
	at com.kms.katalon.core.mobile.keyword.builtin.VerifyElementExistKeyword.verifyElementExist(VerifyElementExistKeyword.groovy:80)
	at com.kms.katalon.core.mobile.keyword.builtin.VerifyElementExistKeyword.execute(VerifyElementExistKeyword.groovy:64)
	at com.kms.katalon.core.keyword.internal.KeywordExecutor.executeKeywordForPlatform(KeywordExecutor.groovy:53)
	at com.kms.katalon.core.mobile.keyword.MobileBuiltInKeywords.verifyElementExist(MobileBuiltInKeywords.groovy:605)
	at com.kms.katalon.core.mobile.keyword.MobileBuiltInKeywords$verifyElementExist$1.call(Unknown Source)
	at global.verify_element.exist(verify_element.groovy:38)
	at sun.reflect.NativeMethodAccessorImpl.invoke0(Native Method)
	at sun.reflect.NativeMethodAccessorImpl.invoke(NativeMethodAccessorImpl.java:62)
	at sun.reflect.DelegatingMethodAccessorImpl.invoke(DelegatingMethodAccessorImpl.java:43)
	at java.lang.reflect.Method.invoke(Method.java:498)
	at org.codehaus.groovy.reflection.CachedMethod.invoke(CachedMethod.java:93)
	at groovy.lang.MetaMethod.doMethodInvoke(MetaMethod.java:325)
	at groovy.lang.MetaClassImpl.invokeMethod(MetaClassImpl.java:1215)
	at groovy.lang.MetaClassImpl.invokeMethod(MetaClassImpl.java:1024)
	at groovy.lang.MetaClassImpl.invokeMethod(MetaClassImpl.java:812)
	at groovy.lang.DelegatingMetaClass.invokeMethod(DelegatingMetaClass.java:144)
	at global.verify_element.invokeMethod(verify_element.groovy)
	at com.kms.katalon.core.main.CustomKeywordDelegatingMetaClass.invokeStaticMethod(CustomKeywordDelegatingMetaClass.java:46)
	at org.codehaus.groovy.runtime.callsite.StaticMetaClassSite.call(StaticMetaClassSite.java:53)
	at org.codehaus.groovy.runtime.callsite.CallSiteArray.defaultCall(CallSiteArray.java:48)
	at org.codehaus.groovy.runtime.callsite.AbstractCallSite.call(AbstractCallSite.java:113)
	at org.codehaus.groovy.runtime.callsite.AbstractCallSite.call(AbstractCallSite.java:125)
	at Script1542257476342.run(Script1542257476342.groovy:15)
	at com.kms.katalon.core.main.ScriptEngine.run(ScriptEngine.java:183)
	at com.kms.katalon.core.main.ScriptEngine.runScriptAsRawText(ScriptEngine.java:108)
	at com.kms.katalon.core.main.TestCaseExecutor.runScript(TestCaseExecutor.java:294)
	at com.kms.katalon.core.main.TestCaseExecutor.doExecute(TestCaseExecutor.java:285)
	at com.kms.katalon.core.main.TestCaseExecutor.processExecutionPhase(TestCaseExecutor.java:264)
	at com.kms.katalon.core.main.TestCaseExecutor.accessMainPhase(TestCaseExecutor.java:256)
	at com.kms.katalon.core.main.TestCaseExecutor.execute(TestCaseExecutor.java:200)
	at com.kms.katalon.core.main.TestSuiteExecutor.accessTestCaseMainPhase(TestSuiteExecutor.java:129)
	at com.kms.katalon.core.main.TestSuiteExecutor.accessTestSuiteMainPhase(TestSuiteExecutor.java:112)
	at com.kms.katalon.core.main.TestSuiteExecutor.execute(TestSuiteExecutor.java:81)
	at com.kms.katalon.core.main.TestCaseMain.startTestSuite(TestCaseMain.java:142)
	at com.kms.katalon.core.main.TestCaseMain$startTestSuite$0.call(Unknown Source)
	at org.codehaus.groovy.runtime.callsite.CallSiteArray.defaultCall(CallSiteArray.java:48)
	at org.codehaus.groovy.runtime.callsite.AbstractCallSite.call(AbstractCallSite.java:113)
	at org.codehaus.groovy.runtime.callsite.AbstractCallSite.call(AbstractCallSite.java:141)
	at TempTestSuite1542632870489.run(TempTestSuite1542632870489.groovy:36)
	at groovy.lang.GroovyShell.runScriptOrMainOrTestOrRunnable(GroovyShell.java:263)
	at groovy.lang.GroovyShell.run(GroovyShell.java:518)
	at groovy.lang.GroovyShell.run(GroovyShell.java:507)
	at groovy.ui.GroovyMain.processOnce(GroovyMain.java:653)
	at groovy.ui.GroovyMain.run(GroovyMain.java:384)
	at groovy.ui.GroovyMain.process(GroovyMain.java:370)
	at groovy.ui.GroovyMain.processArgs(GroovyMain.java:129)
	at groovy.ui.GroovyMain.main(GroovyMain.java:109)
	at sun.reflect.NativeMethodAccessorImpl.invoke0(Native Method)
	at sun.reflect.NativeMethodAccessorImpl.invoke(NativeMethodAccessorImpl.java:62)
	at sun.reflect.DelegatingMethodAccessorImpl.invoke(DelegatingMethodAccessorImpl.java:43)
	at java.lang.reflect.Method.invoke(Method.java:498)
	at org.codehaus.groovy.tools.GroovyStarter.rootLoader(GroovyStarter.java:109)
	at org.codehaus.groovy.tools.GroovyStarter.main(GroovyStarter.java:131)
)"/>
         <system-out><![CDATA[2018-11-19 21:08:55 - [TEST_CASE][FAILED] - Test Cases/iOS/Registration/REG_02: Test Cases/iOS/Registration/REG_02 FAILED because (of) (Stack trace: com.kms.katalon.core.exception.StepFailedException: Element 'Object Repository/iOS/Global/Generic text' not found
	at com.kms.katalon.core.keyword.internal.KeywordMain.stepFailed(KeywordMain.groovy:32)
	at com.kms.katalon.core.mobile.keyword.internal.MobileKeywordMain.stepFailed(MobileKeywordMain.groovy:40)
	at com.kms.katalon.core.mobile.keyword.builtin.VerifyElementExistKeyword$_verifyElementExist_closure1.doCall(VerifyElementExistKeyword.groovy:77)
	at com.kms.katalon.core.mobile.keyword.builtin.VerifyElementExistKeyword$_verifyElementExist_closure1.call(VerifyElementExistKeyword.groovy)
	at com.kms.katalon.core.mobile.keyword.internal.MobileKeywordMain.runKeyword(MobileKeywordMain.groovy:21)
	at com.kms.katalon.core.mobile.keyword.builtin.VerifyElementExistKeyword.verifyElementExist(VerifyElementExistKeyword.groovy:80)
	at com.kms.katalon.core.mobile.keyword.builtin.VerifyElementExistKeyword.execute(VerifyElementExistKeyword.groovy:64)
	at com.kms.katalon.core.keyword.internal.KeywordExecutor.executeKeywordForPlatform(KeywordExecutor.groovy:53)
	at com.kms.katalon.core.mobile.keyword.MobileBuiltInKeywords.verifyElementExist(MobileBuiltInKeywords.groovy:605)
	at com.kms.katalon.core.mobile.keyword.MobileBuiltInKeywords$verifyElementExist$1.call(Unknown Source)
	at global.verify_element.exist(verify_element.groovy:38)
	at sun.reflect.NativeMethodAccessorImpl.invoke0(Native Method)
	at sun.reflect.NativeMethodAccessorImpl.invoke(NativeMethodAccessorImpl.java:62)
	at sun.reflect.DelegatingMethodAccessorImpl.invoke(DelegatingMethodAccessorImpl.java:43)
	at java.lang.reflect.Method.invoke(Method.java:498)
	at org.codehaus.groovy.reflection.CachedMethod.invoke(CachedMethod.java:93)
	at groovy.lang.MetaMethod.doMethodInvoke(MetaMethod.java:325)
	at groovy.lang.MetaClassImpl.invokeMethod(MetaClassImpl.java:1215)
	at groovy.lang.MetaClassImpl.invokeMethod(MetaClassImpl.java:1024)
	at groovy.lang.MetaClassImpl.invokeMethod(MetaClassImpl.java:812)
	at groovy.lang.DelegatingMetaClass.invokeMethod(DelegatingMetaClass.java:144)
	at global.verify_element.invokeMethod(verify_element.groovy)
	at com.kms.katalon.core.main.CustomKeywordDelegatingMetaClass.invokeStaticMethod(CustomKeywordDelegatingMetaClass.java:46)
	at org.codehaus.groovy.runtime.callsite.StaticMetaClassSite.call(StaticMetaClassSite.java:53)
	at org.codehaus.groovy.runtime.callsite.CallSiteArray.defaultCall(CallSiteArray.java:48)
	at org.codehaus.groovy.runtime.callsite.AbstractCallSite.call(AbstractCallSite.java:113)
	at org.codehaus.groovy.runtime.callsite.AbstractCallSite.call(AbstractCallSite.java:125)
	at Script1542257476342.run(Script1542257476342.groovy:15)
	at com.kms.katalon.core.main.ScriptEngine.run(ScriptEngine.java:183)
	at com.kms.katalon.core.main.ScriptEngine.runScriptAsRawText(ScriptEngine.java:108)
	at com.kms.katalon.core.main.TestCaseExecutor.runScript(TestCaseExecutor.java:294)
	at com.kms.katalon.core.main.TestCaseExecutor.doExecute(TestCaseExecutor.java:285)
	at com.kms.katalon.core.main.TestCaseExecutor.processExecutionPhase(TestCaseExecutor.java:264)
	at com.kms.katalon.core.main.TestCaseExecutor.accessMainPhase(TestCaseExecutor.java:256)
	at com.kms.katalon.core.main.TestCaseExecutor.execute(TestCaseExecutor.java:200)
	at com.kms.katalon.core.main.TestSuiteExecutor.accessTestCaseMainPhase(TestSuiteExecutor.java:129)
	at com.kms.katalon.core.main.TestSuiteExecutor.accessTestSuiteMainPhase(TestSuiteExecutor.java:112)
	at com.kms.katalon.core.main.TestSuiteExecutor.execute(TestSuiteExecutor.java:81)
	at com.kms.katalon.core.main.TestCaseMain.startTestSuite(TestCaseMain.java:142)
	at com.kms.katalon.core.main.TestCaseMain$startTestSuite$0.call(Unknown Source)
	at org.codehaus.groovy.runtime.callsite.CallSiteArray.defaultCall(CallSiteArray.java:48)
	at org.codehaus.groovy.runtime.callsite.AbstractCallSite.call(AbstractCallSite.java:113)
	at org.codehaus.groovy.runtime.callsite.AbstractCallSite.call(AbstractCallSite.java:141)
	at TempTestSuite1542632870489.run(TempTestSuite1542632870489.groovy:36)
	at groovy.lang.GroovyShell.runScriptOrMainOrTestOrRunnable(GroovyShell.java:263)
	at groovy.lang.GroovyShell.run(GroovyShell.java:518)
	at groovy.lang.GroovyShell.run(GroovyShell.java:507)
	at groovy.ui.GroovyMain.processOnce(GroovyMain.java:653)
	at groovy.ui.GroovyMain.run(GroovyMain.java:384)
	at groovy.ui.GroovyMain.process(GroovyMain.java:370)
	at groovy.ui.GroovyMain.processArgs(GroovyMain.java:129)
	at groovy.ui.GroovyMain.main(GroovyMain.java:109)
	at sun.reflect.NativeMethodAccessorImpl.invoke0(Native Method)
	at sun.reflect.NativeMethodAccessorImpl.invoke(NativeMethodAccessorImpl.java:62)
	at sun.reflect.DelegatingMethodAccessorImpl.invoke(DelegatingMethodAccessorImpl.java:43)
	at java.lang.reflect.Method.invoke(Method.java:498)
	at org.codehaus.groovy.tools.GroovyStarter.rootLoader(GroovyStarter.java:109)
	at org.codehaus.groovy.tools.GroovyStarter.main(GroovyStarter.java:131)
)

2018-11-19 21:08:55 - [TEST_STEP][PASSED] - iOS.registration_screen.tapUseMobileNumber: iOS.registration_screen.tapUseMobileNumber is PASSED

2018-11-19 21:08:57 - [MESSAGE][PASSED] - Tapped on element 'Object Repository/iOS/Registration screen/Mobile Number button'

2018-11-19 21:08:57 - [MESSAGE][PASSED] - iOS.registration_screen.tapUseMobileNumber is PASSED

2018-11-19 21:08:57 - [TEST_STEP][PASSED] - global.verify_element.exist: global.verify_element.exist is PASSED

2018-11-19 21:09:05 - [MESSAGE][PASSED] - Element 'Object Repository/iOS/Registration screen/Privacy Policy button' is exist

2018-11-19 21:09:05 - [MESSAGE][PASSED] - global.verify_element.exist is PASSED

2018-11-19 21:09:05 - [TEST_STEP][PASSED] - global.verify_element.exist: global.verify_element.exist is PASSED

2018-11-19 21:09:14 - [MESSAGE][PASSED] - Element 'Object Repository/iOS/Registration screen/Terms And Agreement button' is exist

2018-11-19 21:09:14 - [MESSAGE][PASSED] - global.verify_element.exist is PASSED

2018-11-19 21:09:14 - [TEST_STEP][PASSED] - global.verify_element.exist: global.verify_element.exist is PASSED

2018-11-19 21:09:22 - [MESSAGE][PASSED] - Element 'Object Repository/iOS/Registration screen/Terms And Agreement checkbox' is exist

2018-11-19 21:09:22 - [MESSAGE][PASSED] - global.verify_element.exist is PASSED

2018-11-19 21:09:22 - [TEST_STEP][PASSED] - iOS.registration_screen.tapPrivacyPolicy: iOS.registration_screen.tapPrivacyPolicy is PASSED

2018-11-19 21:09:30 - [MESSAGE][PASSED] - Tapped on element 'Object Repository/iOS/Registration screen/Privacy Policy button'

2018-11-19 21:09:30 - [MESSAGE][PASSED] - iOS.registration_screen.tapPrivacyPolicy is PASSED

2018-11-19 21:09:30 - [TEST_STEP][PASSED] - Statement - Privacy_Policy = com.kms.katalon.core.testobject.ObjectRepository.findTestObject(iOS/Global/Generic text, [label:Privacy Policy]): Finding Test Object with id 'Object Repository/iOS/Global/Generic text'

2018-11-19 21:09:30 - [TEST_STEP][PASSED] - global.verify_element.exist: global.verify_element.exist is PASSED

2018-11-19 21:09:48 - [MESSAGE][PASSED] - Element 'Object Repository/iOS/Global/Generic text' is exist

2018-11-19 21:09:48 - [MESSAGE][PASSED] - global.verify_element.exist is PASSED

2018-11-19 21:09:48 - [TEST_STEP][PASSED] - iOS.registration_screen.tapTermsAndAgreement: iOS.registration_screen.tapTermsAndAgreement is PASSED

2018-11-19 21:09:57 - [MESSAGE][PASSED] - Tapped on element 'Object Repository/iOS/Registration screen/Terms And Agreement button'

2018-11-19 21:09:57 - [MESSAGE][PASSED] - iOS.registration_screen.tapTermsAndAgreement is PASSED

2018-11-19 21:09:57 - [TEST_STEP][PASSED] - Statement - Terms_And_Agreement = com.kms.katalon.core.testobject.ObjectRepository.findTestObject(iOS/Global/Generic text, [label:Terms and Conditions]): Finding Test Object with id 'Object Repository/iOS/Global/Generic text'

2018-11-19 21:09:57 - [TEST_STEP][FAILED] - global.verify_element.exist: Element 'Object Repository/iOS/Global/Generic text' not found

2018-11-19 21:10:06 - [MESSAGE][FAILED] - Element 'Object Repository/iOS/Global/Generic text' not found
[[ATTACHMENT|/Users/buenaanda/Katalon Studio/mobile-automation-katalon/Reports/iOS/iOS Test Suite/20181119_210750/1542633006193.png]]

2018-11-19 21:10:06 - [MESSAGE][FAILED] - Element 'Object Repository/iOS/Global/Generic text' not found

2018-11-19 21:10:06 - [TEST_STEP][PASSED] - iOS.registration_screen.checkTermsAndAgreement: iOS.registration_screen.checkTermsAndAgreement is PASSED

2018-11-19 21:10:19 - [MESSAGE][PASSED] - Tapped on element 'Object Repository/iOS/Registration screen/Terms And Agreement checkbox'

2018-11-19 21:10:19 - [MESSAGE][PASSED] - iOS.registration_screen.checkTermsAndAgreement is PASSED

2018-11-19 21:10:19 - [TEST_STEP][PASSED] - global.verify_element.exist: global.verify_element.exist is PASSED

2018-11-19 21:10:25 - [MESSAGE][PASSED] - Element 'Object Repository/iOS/Registration screen/Mobile Country Code' is exist

2018-11-19 21:10:25 - [MESSAGE][PASSED] - global.verify_element.exist is PASSED

2018-11-19 21:10:25 - [TEST_STEP][PASSED] - global.verify_element.exist: global.verify_element.exist is PASSED

2018-11-19 21:10:28 - [MESSAGE][PASSED] - Element 'Object Repository/iOS/Registration screen/Mobile Number field' is exist

2018-11-19 21:10:28 - [MESSAGE][PASSED] - global.verify_element.exist is PASSED

2018-11-19 21:10:28 - [TEST_STEP][PASSED] - global.verify_element.exist: global.verify_element.exist is PASSED

2018-11-19 21:10:31 - [MESSAGE][PASSED] - Element 'Object Repository/iOS/Registration screen/Login Now button' is exist

2018-11-19 21:10:31 - [MESSAGE][PASSED] - global.verify_element.exist is PASSED

2018-11-19 21:10:31 - [TEST_STEP][PASSED] - Statement - new global.object().hideKeypad(): Tapped on element 'Object Repository/iOS/Global/Toolbar Done Button'

2018-11-19 21:10:34 - [MESSAGE][PASSED] - Tapped on element 'Object Repository/iOS/Global/Toolbar Done Button'

2018-11-19 21:10:34 - [TEST_STEP][PASSED] - global.verify_element.exist: global.verify_element.exist is PASSED

2018-11-19 21:10:36 - [MESSAGE][PASSED] - Element 'Object Repository/iOS/Global/Next button' is exist

2018-11-19 21:10:36 - [MESSAGE][PASSED] - global.verify_element.exist is PASSED

2018-11-19 21:10:36 - [TEST_STEP][PASSED] - global.verify_element.exist: global.verify_element.exist is PASSED

2018-11-19 21:10:39 - [MESSAGE][PASSED] - Element 'Object Repository/iOS/Global/Close button' is exist

2018-11-19 21:10:39 - [MESSAGE][PASSED] - global.verify_element.exist is PASSED]]></system-out>
         <system-err><![CDATA[2018-11-19 21:08:55 - [TEST_CASE][FAILED] - Test Cases/iOS/Registration/REG_02: Test Cases/iOS/Registration/REG_02 FAILED because (of) (Stack trace: com.kms.katalon.core.exception.StepFailedException: Element 'Object Repository/iOS/Global/Generic text' not found
	at com.kms.katalon.core.keyword.internal.KeywordMain.stepFailed(KeywordMain.groovy:32)
	at com.kms.katalon.core.mobile.keyword.internal.MobileKeywordMain.stepFailed(MobileKeywordMain.groovy:40)
	at com.kms.katalon.core.mobile.keyword.builtin.VerifyElementExistKeyword$_verifyElementExist_closure1.doCall(VerifyElementExistKeyword.groovy:77)
	at com.kms.katalon.core.mobile.keyword.builtin.VerifyElementExistKeyword$_verifyElementExist_closure1.call(VerifyElementExistKeyword.groovy)
	at com.kms.katalon.core.mobile.keyword.internal.MobileKeywordMain.runKeyword(MobileKeywordMain.groovy:21)
	at com.kms.katalon.core.mobile.keyword.builtin.VerifyElementExistKeyword.verifyElementExist(VerifyElementExistKeyword.groovy:80)
	at com.kms.katalon.core.mobile.keyword.builtin.VerifyElementExistKeyword.execute(VerifyElementExistKeyword.groovy:64)
	at com.kms.katalon.core.keyword.internal.KeywordExecutor.executeKeywordForPlatform(KeywordExecutor.groovy:53)
	at com.kms.katalon.core.mobile.keyword.MobileBuiltInKeywords.verifyElementExist(MobileBuiltInKeywords.groovy:605)
	at com.kms.katalon.core.mobile.keyword.MobileBuiltInKeywords$verifyElementExist$1.call(Unknown Source)
	at global.verify_element.exist(verify_element.groovy:38)
	at sun.reflect.NativeMethodAccessorImpl.invoke0(Native Method)
	at sun.reflect.NativeMethodAccessorImpl.invoke(NativeMethodAccessorImpl.java:62)
	at sun.reflect.DelegatingMethodAccessorImpl.invoke(DelegatingMethodAccessorImpl.java:43)
	at java.lang.reflect.Method.invoke(Method.java:498)
	at org.codehaus.groovy.reflection.CachedMethod.invoke(CachedMethod.java:93)
	at groovy.lang.MetaMethod.doMethodInvoke(MetaMethod.java:325)
	at groovy.lang.MetaClassImpl.invokeMethod(MetaClassImpl.java:1215)
	at groovy.lang.MetaClassImpl.invokeMethod(MetaClassImpl.java:1024)
	at groovy.lang.MetaClassImpl.invokeMethod(MetaClassImpl.java:812)
	at groovy.lang.DelegatingMetaClass.invokeMethod(DelegatingMetaClass.java:144)
	at global.verify_element.invokeMethod(verify_element.groovy)
	at com.kms.katalon.core.main.CustomKeywordDelegatingMetaClass.invokeStaticMethod(CustomKeywordDelegatingMetaClass.java:46)
	at org.codehaus.groovy.runtime.callsite.StaticMetaClassSite.call(StaticMetaClassSite.java:53)
	at org.codehaus.groovy.runtime.callsite.CallSiteArray.defaultCall(CallSiteArray.java:48)
	at org.codehaus.groovy.runtime.callsite.AbstractCallSite.call(AbstractCallSite.java:113)
	at org.codehaus.groovy.runtime.callsite.AbstractCallSite.call(AbstractCallSite.java:125)
	at Script1542257476342.run(Script1542257476342.groovy:15)
	at com.kms.katalon.core.main.ScriptEngine.run(ScriptEngine.java:183)
	at com.kms.katalon.core.main.ScriptEngine.runScriptAsRawText(ScriptEngine.java:108)
	at com.kms.katalon.core.main.TestCaseExecutor.runScript(TestCaseExecutor.java:294)
	at com.kms.katalon.core.main.TestCaseExecutor.doExecute(TestCaseExecutor.java:285)
	at com.kms.katalon.core.main.TestCaseExecutor.processExecutionPhase(TestCaseExecutor.java:264)
	at com.kms.katalon.core.main.TestCaseExecutor.accessMainPhase(TestCaseExecutor.java:256)
	at com.kms.katalon.core.main.TestCaseExecutor.execute(TestCaseExecutor.java:200)
	at com.kms.katalon.core.main.TestSuiteExecutor.accessTestCaseMainPhase(TestSuiteExecutor.java:129)
	at com.kms.katalon.core.main.TestSuiteExecutor.accessTestSuiteMainPhase(TestSuiteExecutor.java:112)
	at com.kms.katalon.core.main.TestSuiteExecutor.execute(TestSuiteExecutor.java:81)
	at com.kms.katalon.core.main.TestCaseMain.startTestSuite(TestCaseMain.java:142)
	at com.kms.katalon.core.main.TestCaseMain$startTestSuite$0.call(Unknown Source)
	at org.codehaus.groovy.runtime.callsite.CallSiteArray.defaultCall(CallSiteArray.java:48)
	at org.codehaus.groovy.runtime.callsite.AbstractCallSite.call(AbstractCallSite.java:113)
	at org.codehaus.groovy.runtime.callsite.AbstractCallSite.call(AbstractCallSite.java:141)
	at TempTestSuite1542632870489.run(TempTestSuite1542632870489.groovy:36)
	at groovy.lang.GroovyShell.runScriptOrMainOrTestOrRunnable(GroovyShell.java:263)
	at groovy.lang.GroovyShell.run(GroovyShell.java:518)
	at groovy.lang.GroovyShell.run(GroovyShell.java:507)
	at groovy.ui.GroovyMain.processOnce(GroovyMain.java:653)
	at groovy.ui.GroovyMain.run(GroovyMain.java:384)
	at groovy.ui.GroovyMain.process(GroovyMain.java:370)
	at groovy.ui.GroovyMain.processArgs(GroovyMain.java:129)
	at groovy.ui.GroovyMain.main(GroovyMain.java:109)
	at sun.reflect.NativeMethodAccessorImpl.invoke0(Native Method)
	at sun.reflect.NativeMethodAccessorImpl.invoke(NativeMethodAccessorImpl.java:62)
	at sun.reflect.DelegatingMethodAccessorImpl.invoke(DelegatingMethodAccessorImpl.java:43)
	at java.lang.reflect.Method.invoke(Method.java:498)
	at org.codehaus.groovy.tools.GroovyStarter.rootLoader(GroovyStarter.java:109)
	at org.codehaus.groovy.tools.GroovyStarter.main(GroovyStarter.java:131)
)]]></system-err>
      </testcase>
      <testcase name="Test Cases/iOS/Registration/REG_03" classname="Test Cases/iOS/Registration/REG_03" status="PASSED">
         <system-out><![CDATA[2018-11-19 21:10:39 - [TEST_CASE][PASSED] - Test Cases/iOS/Registration/REG_03: Test Cases/iOS/Registration/REG_03

2018-11-19 21:10:39 - [TEST_STEP][PASSED] - iOS.registration_screen.enterMobileNumber: iOS.registration_screen.enterMobileNumber is PASSED

2018-11-19 21:10:42 - [MESSAGE][PASSED] - Text '9271819134' has been set to element 'Object Repository/iOS/Registration screen/Mobile Number field'

2018-11-19 21:10:45 - [MESSAGE][PASSED] - Tapped on element 'Object Repository/iOS/Global/Toolbar Done Button'

2018-11-19 21:10:45 - [MESSAGE][PASSED] - iOS.registration_screen.enterMobileNumber is PASSED

2018-11-19 21:10:45 - [TEST_STEP][PASSED] - global.verify_element.text: global.verify_element.text is PASSED

2018-11-19 21:10:48 - [MESSAGE][PASSED] - Actual text and expected text of test object 'Object Repository/iOS/Registration screen/Mobile Number field' are matched.

2018-11-19 21:10:48 - [MESSAGE][PASSED] - global.verify_element.text is PASSED

2018-11-19 21:10:48 - [TEST_STEP][PASSED] - global.verify_element.enabled: global.verify_element.enabled is PASSED

2018-11-19 21:10:50 - [MESSAGE][PASSED] - Element 'Object Repository/iOS/Global/Next button' has attribute 'enabled' is 'true'

2018-11-19 21:10:50 - [MESSAGE][PASSED] - Actual object 'true' and expected object 'true' are equal

2018-11-19 21:10:50 - [MESSAGE][PASSED] - global.verify_element.enabled is PASSED]]></system-out>
         <system-err><![CDATA[]]></system-err>
      </testcase>
      <testcase name="Test Cases/iOS/Registration/REG_04" classname="Test Cases/iOS/Registration/REG_04" status="PASSED">
         <system-out><![CDATA[2018-11-19 21:10:50 - [TEST_CASE][PASSED] - Test Cases/iOS/Registration/REG_04: Test Cases/iOS/Registration/REG_04

2018-11-19 21:10:50 - [TEST_STEP][PASSED] - iOS.registration_screen.enterMobileNumber: iOS.registration_screen.enterMobileNumber is PASSED

2018-11-19 21:10:54 - [MESSAGE][PASSED] - Text '!@#aBc:<?' has been set to element 'Object Repository/iOS/Registration screen/Mobile Number field'

2018-11-19 21:10:57 - [MESSAGE][PASSED] - Tapped on element 'Object Repository/iOS/Global/Toolbar Done Button'

2018-11-19 21:10:57 - [MESSAGE][PASSED] - iOS.registration_screen.enterMobileNumber is PASSED

2018-11-19 21:10:57 - [TEST_STEP][PASSED] - global.verify_element.text: global.verify_element.text is PASSED

2018-11-19 21:11:00 - [MESSAGE][PASSED] - Actual text and expected text of test object 'Object Repository/iOS/Registration screen/Mobile Number field' are matched.

2018-11-19 21:11:00 - [MESSAGE][PASSED] - global.verify_element.text is PASSED]]></system-out>
         <system-err><![CDATA[]]></system-err>
      </testcase>
      <testcase name="Test Cases/iOS/Registration/REG_05" classname="Test Cases/iOS/Registration/REG_05" status="PASSED">
         <system-out><![CDATA[2018-11-19 21:11:00 - [TEST_CASE][PASSED] - Test Cases/iOS/Registration/REG_05: Test Cases/iOS/Registration/REG_05

2018-11-19 21:11:00 - [TEST_STEP][PASSED] - iOS.registration_screen.enterMobileNumber: iOS.registration_screen.enterMobileNumber is PASSED

2018-11-19 21:11:03 - [MESSAGE][PASSED] - Text '927181913' has been set to element 'Object Repository/iOS/Registration screen/Mobile Number field'

2018-11-19 21:11:07 - [MESSAGE][PASSED] - Tapped on element 'Object Repository/iOS/Global/Toolbar Done Button'

2018-11-19 21:11:07 - [MESSAGE][PASSED] - iOS.registration_screen.enterMobileNumber is PASSED

2018-11-19 21:11:07 - [TEST_STEP][PASSED] - Statement - Mobile_Number_Error = com.kms.katalon.core.testobject.ObjectRepository.findTestObject(iOS/Global/Generic text, [label:Mobile number should be at least 10-digit long.]): Finding Test Object with id 'Object Repository/iOS/Global/Generic text'

2018-11-19 21:11:07 - [TEST_STEP][PASSED] - global.verify_element.exist: global.verify_element.exist is PASSED

2018-11-19 21:11:09 - [MESSAGE][PASSED] - Element 'Object Repository/iOS/Global/Generic text' is exist

2018-11-19 21:11:09 - [MESSAGE][PASSED] - global.verify_element.exist is PASSED]]></system-out>
         <system-err><![CDATA[]]></system-err>
      </testcase>
      <testcase name="Test Cases/iOS/Registration/REG_06" classname="Test Cases/iOS/Registration/REG_06" status="PASSED">
         <system-out><![CDATA[2018-11-19 21:11:09 - [TEST_CASE][PASSED] - Test Cases/iOS/Registration/REG_06: Test Cases/iOS/Registration/REG_06

2018-11-19 21:11:09 - [TEST_STEP][PASSED] - iOS.registration_screen.enterMobileNumber: iOS.registration_screen.enterMobileNumber is PASSED

2018-11-19 21:11:13 - [MESSAGE][PASSED] - Text '0000000000' has been set to element 'Object Repository/iOS/Registration screen/Mobile Number field'

2018-11-19 21:11:17 - [MESSAGE][PASSED] - Tapped on element 'Object Repository/iOS/Global/Toolbar Done Button'

2018-11-19 21:11:17 - [MESSAGE][PASSED] - iOS.registration_screen.enterMobileNumber is PASSED

2018-11-19 21:11:17 - [TEST_STEP][PASSED] - iOS.registration_screen.tapNext: iOS.registration_screen.tapNext is PASSED

2018-11-19 21:11:19 - [MESSAGE][PASSED] - Tapped on element 'Object Repository/iOS/Global/Next button'

2018-11-19 21:11:22 - [MESSAGE][WARNING] - Element 'Object Repository/iOS/Global/Loader' not found
[[ATTACHMENT|/Users/buenaanda/Katalon Studio/mobile-automation-katalon/Reports/iOS/iOS Test Suite/20181119_210750/1542633082592.png]]

2018-11-19 21:11:24 - [MESSAGE][WARNING] - Element 'Object Repository/android/Global/Loader' not found
[[ATTACHMENT|/Users/buenaanda/Katalon Studio/mobile-automation-katalon/Reports/iOS/iOS Test Suite/20181119_210750/1542633084729.png]]

2018-11-19 21:11:24 - [MESSAGE][WARNING] - Test object id is null

2018-11-19 21:11:24 - [MESSAGE][WARNING] - Test object with id 'Object Repository/' does not exist

2018-11-19 21:11:25 - [MESSAGE][FAILED] - Failed to get attribute on element (Root cause: java.lang.IllegalArgumentException: Object is null)
[[ATTACHMENT|/Users/buenaanda/Katalon Studio/mobile-automation-katalon/Reports/iOS/iOS Test Suite/20181119_210750/1542633084904.png]]

2018-11-19 21:11:25 - [MESSAGE][PASSED] - iOS.registration_screen.tapNext is PASSED

2018-11-19 21:11:25 - [TEST_STEP][PASSED] - Statement - SMS_Sending_Error = com.kms.katalon.core.testobject.ObjectRepository.findTestObject(iOS/Global/Generic text, [label:SMS sending error]): Finding Test Object with id 'Object Repository/iOS/Global/Generic text'

2018-11-19 21:11:25 - [TEST_STEP][PASSED] - global.verify_element.exist: global.verify_element.exist is PASSED

2018-11-19 21:11:28 - [MESSAGE][PASSED] - Element 'Object Repository/iOS/Global/Generic text' is exist

2018-11-19 21:11:28 - [MESSAGE][PASSED] - global.verify_element.exist is PASSED

2018-11-19 21:11:28 - [TEST_STEP][PASSED] - iOS.registration_screen.tapOK: iOS.registration_screen.tapOK is PASSED

2018-11-19 21:11:31 - [MESSAGE][PASSED] - Tapped on element 'Object Repository/iOS/Global/OK button'

2018-11-19 21:11:31 - [MESSAGE][PASSED] - iOS.registration_screen.tapOK is PASSED]]></system-out>
         <system-err><![CDATA[]]></system-err>
      </testcase>
      <testcase name="Test Cases/iOS/Registration/REG_07" classname="Test Cases/iOS/Registration/REG_07" status="PASSED">
         <system-out><![CDATA[2018-11-19 21:11:31 - [TEST_CASE][PASSED] - Test Cases/iOS/Registration/REG_07: Test Cases/iOS/Registration/REG_07

2018-11-19 21:11:31 - [TEST_STEP][PASSED] - iOS.registration_screen.enterMobileNumber: iOS.registration_screen.enterMobileNumber is PASSED

2018-11-19 21:11:35 - [MESSAGE][PASSED] - Text '9271819134' has been set to element 'Object Repository/iOS/Registration screen/Mobile Number field'

2018-11-19 21:11:39 - [MESSAGE][PASSED] - Tapped on element 'Object Repository/iOS/Global/Toolbar Done Button'

2018-11-19 21:11:39 - [MESSAGE][PASSED] - iOS.registration_screen.enterMobileNumber is PASSED

2018-11-19 21:11:39 - [TEST_STEP][PASSED] - iOS.registration_screen.tapNext: iOS.registration_screen.tapNext is PASSED

2018-11-19 21:11:41 - [MESSAGE][PASSED] - Tapped on element 'Object Repository/iOS/Global/Next button'

2018-11-19 21:11:44 - [MESSAGE][WARNING] - Element 'Object Repository/iOS/Global/Loader' not found
[[ATTACHMENT|/Users/buenaanda/Katalon Studio/mobile-automation-katalon/Reports/iOS/iOS Test Suite/20181119_210750/1542633104002.png]]

2018-11-19 21:11:46 - [MESSAGE][WARNING] - Element 'Object Repository/android/Global/Loader' not found
[[ATTACHMENT|/Users/buenaanda/Katalon Studio/mobile-automation-katalon/Reports/iOS/iOS Test Suite/20181119_210750/1542633106138.png]]

2018-11-19 21:11:46 - [MESSAGE][WARNING] - Test object id is null

2018-11-19 21:11:46 - [MESSAGE][WARNING] - Test object with id 'Object Repository/' does not exist

2018-11-19 21:11:46 - [MESSAGE][FAILED] - Failed to get attribute on element (Root cause: java.lang.IllegalArgumentException: Object is null)
[[ATTACHMENT|/Users/buenaanda/Katalon Studio/mobile-automation-katalon/Reports/iOS/iOS Test Suite/20181119_210750/1542633106289.png]]

2018-11-19 21:11:46 - [MESSAGE][PASSED] - iOS.registration_screen.tapNext is PASSED

2018-11-19 21:11:46 - [TEST_STEP][PASSED] - global.verify_element.exist: global.verify_element.exist is PASSED

2018-11-19 21:11:48 - [MESSAGE][PASSED] - Element 'Object Repository/iOS/OTP Verification screen/OTP Verification screen' is exist

2018-11-19 21:11:48 - [MESSAGE][PASSED] - global.verify_element.exist is PASSED]]></system-out>
         <system-err><![CDATA[]]></system-err>
      </testcase>
      <testcase name="Test Cases/iOS/Registration/REG_09" classname="Test Cases/iOS/Registration/REG_09" status="PASSED">
         <system-out><![CDATA[2018-11-19 21:11:48 - [TEST_CASE][PASSED] - Test Cases/iOS/Registration/REG_09: Test Cases/iOS/Registration/REG_09

2018-11-19 21:11:48 - [TEST_STEP][PASSED] - iOS.otp_verification_screen.enterOTP: iOS.otp_verification_screen.enterOTP is PASSED

2018-11-19 21:11:51 - [MESSAGE][PASSED] - Element 'Object Repository/iOS/OTP Verification screen/OTP Verification screen' is present

2018-11-19 21:11:51 - [MESSAGE][PASSED] - iOS.otp_verification_screen.enterOTP is PASSED

2018-11-19 21:11:51 - [TEST_STEP][PASSED] - global.verify_element.exist: global.verify_element.exist is PASSED

2018-11-19 21:11:58 - [MESSAGE][PASSED] - Element 'Object Repository/iOS/OTP Verification screen/Error invalid otp code' is exist

2018-11-19 21:11:58 - [MESSAGE][PASSED] - global.verify_element.exist is PASSED

2018-11-19 21:11:58 - [TEST_STEP][PASSED] - iOS.registration_screen.tapOK: iOS.registration_screen.tapOK is PASSED

2018-11-19 21:12:01 - [MESSAGE][PASSED] - Tapped on element 'Object Repository/iOS/Global/OK button'

2018-11-19 21:12:01 - [MESSAGE][PASSED] - iOS.registration_screen.tapOK is PASSED]]></system-out>
         <system-err><![CDATA[]]></system-err>
      </testcase>
      <testcase name="Test Cases/iOS/Login/LOG_01" classname="Test Cases/iOS/Login/LOG_01" status="PASSED">
         <system-out><![CDATA[2018-11-19 21:12:01 - [TEST_CASE][PASSED] - Test Cases/iOS/Login/LOG_01: Test Cases/iOS/Login/LOG_01

2018-11-19 21:12:01 - [TEST_STEP][PASSED] - startApplication: Started app at: '/Users/buenaanda/Katalon Studio/mobile-automation-katalon/Data Files/PeraHub_v3.2.0-QAT.app'

2018-11-19 21:12:52 - [MESSAGE][PASSED] - Started app at: '/Users/buenaanda/Katalon Studio/mobile-automation-katalon/Data Files/PeraHub_v3.2.0-QAT.app'

2018-11-19 21:12:52 - [TEST_STEP][PASSED] - iOS.initial_screen.tapLogin: iOS.initial_screen.tapLogin is PASSED

2018-11-19 21:12:54 - [MESSAGE][PASSED] - Tapped on element 'Object Repository/iOS/Initial screen/Login button'

2018-11-19 21:12:54 - [MESSAGE][PASSED] - iOS.initial_screen.tapLogin is PASSED

2018-11-19 21:12:54 - [TEST_STEP][PASSED] - global.verify_element.exist: global.verify_element.exist is PASSED

2018-11-19 21:12:57 - [MESSAGE][PASSED] - Element 'Object Repository/iOS/Login screen/Username field' is exist

2018-11-19 21:12:57 - [MESSAGE][PASSED] - global.verify_element.exist is PASSED

2018-11-19 21:12:57 - [TEST_STEP][PASSED] - global.verify_element.exist: global.verify_element.exist is PASSED

2018-11-19 21:12:59 - [MESSAGE][PASSED] - Element 'Object Repository/iOS/Login screen/Password field' is exist

2018-11-19 21:12:59 - [MESSAGE][PASSED] - global.verify_element.exist is PASSED

2018-11-19 21:12:59 - [TEST_STEP][PASSED] - global.verify_element.exist: global.verify_element.exist is PASSED

2018-11-19 21:13:01 - [MESSAGE][PASSED] - Element 'Object Repository/iOS/Login screen/Login button' is exist

2018-11-19 21:13:01 - [MESSAGE][PASSED] - global.verify_element.exist is PASSED

2018-11-19 21:13:01 - [TEST_STEP][PASSED] - global.verify_element.exist: global.verify_element.exist is PASSED

2018-11-19 21:13:03 - [MESSAGE][PASSED] - Element 'Object Repository/iOS/Login screen/Register now button' is exist

2018-11-19 21:13:03 - [MESSAGE][PASSED] - global.verify_element.exist is PASSED]]></system-out>
         <system-err><![CDATA[]]></system-err>
      </testcase>
      <testcase name="Test Cases/iOS/Login/LOG_02" classname="Test Cases/iOS/Login/LOG_02" status="PASSED">
         <system-out><![CDATA[2018-11-19 21:13:03 - [TEST_CASE][PASSED] - Test Cases/iOS/Login/LOG_02: Test Cases/iOS/Login/LOG_02

2018-11-19 21:13:03 - [TEST_STEP][PASSED] - iOS.login_screen.enterUsername: iOS.login_screen.enterUsername is PASSED

2018-11-19 21:13:08 - [MESSAGE][PASSED] - Text 'allen_15' has been set to element 'Object Repository/iOS/Login screen/Username field'

2018-11-19 21:13:08 - [MESSAGE][PASSED] - iOS.login_screen.enterUsername is PASSED

2018-11-19 21:13:08 - [TEST_STEP][PASSED] - global.verify_element.text: global.verify_element.text is PASSED

2018-11-19 21:13:11 - [MESSAGE][PASSED] - Actual text and expected text of test object 'Object Repository/iOS/Login screen/Username field' are matched.

2018-11-19 21:13:11 - [MESSAGE][PASSED] - global.verify_element.text is PASSED

2018-11-19 21:13:11 - [TEST_STEP][PASSED] - global.verify_element.disabled: global.verify_element.disabled is PASSED

2018-11-19 21:13:14 - [MESSAGE][PASSED] - Element 'Object Repository/iOS/Login screen/Login button' has attribute 'enabled' is 'false'

2018-11-19 21:13:14 - [MESSAGE][PASSED] - Actual object 'false' and expected object 'false' are equal

2018-11-19 21:13:14 - [MESSAGE][PASSED] - global.verify_element.disabled is PASSED]]></system-out>
         <system-err><![CDATA[]]></system-err>
      </testcase>
      <testcase name="Test Cases/iOS/Login/LOG_03" classname="Test Cases/iOS/Login/LOG_03" status="PASSED">
         <system-out><![CDATA[2018-11-19 21:13:14 - [TEST_CASE][PASSED] - Test Cases/iOS/Login/LOG_03: Test Cases/iOS/Login/LOG_03

2018-11-19 21:13:14 - [TEST_STEP][PASSED] - iOS.login_screen.enterPassword: iOS.login_screen.enterPassword is PASSED

2018-11-19 21:13:18 - [MESSAGE][PASSED] - Text 'Hello!23' has been set to element 'Object Repository/iOS/Login screen/Password field'

2018-11-19 21:13:20 - [MESSAGE][PASSED] - Keyboard is hidden

2018-11-19 21:13:20 - [MESSAGE][PASSED] - iOS.login_screen.enterPassword is PASSED

2018-11-19 21:13:20 - [TEST_STEP][PASSED] - global.verify_element.text: global.verify_element.text is PASSED

2018-11-19 21:13:22 - [MESSAGE][PASSED] - Actual text and expected text of test object 'Object Repository/iOS/Login screen/Password field' are matched.

2018-11-19 21:13:22 - [MESSAGE][PASSED] - global.verify_element.text is PASSED

2018-11-19 21:13:22 - [TEST_STEP][PASSED] - global.verify_element.enabled: global.verify_element.enabled is PASSED

2018-11-19 21:13:25 - [MESSAGE][PASSED] - Element 'Object Repository/iOS/Login screen/Login button' has attribute 'enabled' is 'true'

2018-11-19 21:13:25 - [MESSAGE][PASSED] - Actual object 'true' and expected object 'true' are equal

2018-11-19 21:13:25 - [MESSAGE][PASSED] - global.verify_element.enabled is PASSED]]></system-out>
         <system-err><![CDATA[]]></system-err>
      </testcase>
      <testcase name="Test Cases/iOS/Login/LOG_04" classname="Test Cases/iOS/Login/LOG_04" status="PASSED">
         <system-out><![CDATA[2018-11-19 21:13:25 - [TEST_CASE][PASSED] - Test Cases/iOS/Login/LOG_04: Test Cases/iOS/Login/LOG_04

2018-11-19 21:13:25 - [TEST_STEP][PASSED] - iOS.login_screen.tapLogin: iOS.login_screen.tapLogin is PASSED

2018-11-19 21:13:27 - [MESSAGE][PASSED] - Tapped on element 'Object Repository/iOS/Login screen/Login button'

2018-11-19 21:13:30 - [MESSAGE][PASSED] - Delayed 3 second(s)

2018-11-19 21:13:30 - [MESSAGE][PASSED] - iOS.login_screen.tapLogin is PASSED

2018-11-19 21:13:30 - [TEST_STEP][PASSED] - global.wait_for_element.visible: global.wait_for_element.visible is PASSED

2018-11-19 21:13:32 - [MESSAGE][PASSED] - Element 'Object Repository/iOS/OTP Verification screen/OTP Verification screen' is present

2018-11-19 21:13:32 - [MESSAGE][PASSED] - global.wait_for_element.visible is PASSED

2018-11-19 21:13:32 - [TEST_STEP][PASSED] - global.verify_element.exist: global.verify_element.exist is PASSED

2018-11-19 21:13:35 - [MESSAGE][PASSED] - Element 'Object Repository/iOS/OTP Verification screen/OTP Verification screen' is exist

2018-11-19 21:13:35 - [MESSAGE][PASSED] - global.verify_element.exist is PASSED

2018-11-19 21:13:35 - [TEST_STEP][PASSED] - global.verify_element.disabled: global.verify_element.disabled is PASSED

2018-11-19 21:13:37 - [MESSAGE][PASSED] - Element 'Object Repository/iOS/OTP Verification screen/Resend button' has attribute 'enabled' is 'false'

2018-11-19 21:13:37 - [MESSAGE][PASSED] - Actual object 'false' and expected object 'false' are equal

2018-11-19 21:13:37 - [MESSAGE][PASSED] - global.verify_element.disabled is PASSED

2018-11-19 21:13:37 - [TEST_STEP][PASSED] - global.verify_element.exist: global.verify_element.exist is PASSED

2018-11-19 21:13:40 - [MESSAGE][PASSED] - Element 'Object Repository/iOS/Global/Close button' is exist

2018-11-19 21:13:40 - [MESSAGE][PASSED] - global.verify_element.exist is PASSED

2018-11-19 21:13:40 - [TEST_STEP][PASSED] - delay: Delayed 50 second(s)

2018-11-19 21:14:30 - [MESSAGE][PASSED] - Delayed 50 second(s)

2018-11-19 21:14:30 - [TEST_STEP][PASSED] - global.verify_element.enabled: global.verify_element.enabled is PASSED

2018-11-19 21:14:32 - [MESSAGE][PASSED] - Element 'Object Repository/iOS/OTP Verification screen/Resend button' has attribute 'enabled' is 'true'

2018-11-19 21:14:32 - [MESSAGE][PASSED] - Actual object 'true' and expected object 'true' are equal

2018-11-19 21:14:32 - [MESSAGE][PASSED] - global.verify_element.enabled is PASSED]]></system-out>
         <system-err><![CDATA[]]></system-err>
      </testcase>
      <testcase name="Test Cases/iOS/Login/LOG_05" classname="Test Cases/iOS/Login/LOG_05" status="PASSED">
         <system-out><![CDATA[2018-11-19 21:14:32 - [TEST_CASE][PASSED] - Test Cases/iOS/Login/LOG_05: Test Cases/iOS/Login/LOG_05

2018-11-19 21:14:32 - [TEST_STEP][PASSED] - iOS.otp_verification_screen.enterOTP: iOS.otp_verification_screen.enterOTP is PASSED

2018-11-19 21:14:35 - [MESSAGE][PASSED] - Element 'Object Repository/iOS/OTP Verification screen/OTP Verification screen' is present

2018-11-19 21:14:35 - [MESSAGE][PASSED] - iOS.otp_verification_screen.enterOTP is PASSED

2018-11-19 21:14:35 - [TEST_STEP][PASSED] - global.verify_element.text: global.verify_element.text is PASSED

2018-11-19 21:14:44 - [MESSAGE][PASSED] - Actual text and expected text of test object 'Object Repository/iOS/My Account screen/Account Name' are matched.

2018-11-19 21:14:44 - [MESSAGE][PASSED] - global.verify_element.text is PASSED

2018-11-19 21:14:44 - [TEST_STEP][PASSED] - closeApplication: Close app successfully

2018-11-19 21:14:45 - [MESSAGE][PASSED] - Close app successfully]]></system-out>
         <system-err><![CDATA[]]></system-err>
      </testcase>
      <testcase name="Test Cases/iOS/Login/LOG_06" classname="Test Cases/iOS/Login/LOG_06" status="PASSED">
         <system-out><![CDATA[2018-11-19 21:14:45 - [TEST_CASE][PASSED] - Test Cases/iOS/Login/LOG_06: Test Cases/iOS/Login/LOG_06

2018-11-19 21:14:45 - [TEST_STEP][PASSED] - startApplication: Started app at: '/Users/buenaanda/Katalon Studio/mobile-automation-katalon/Data Files/PeraHub_v3.2.0-QAT.app'

2018-11-19 21:15:02 - [MESSAGE][PASSED] - Started app at: '/Users/buenaanda/Katalon Studio/mobile-automation-katalon/Data Files/PeraHub_v3.2.0-QAT.app'

2018-11-19 21:15:02 - [TEST_STEP][PASSED] - iOS.login_screen.tapLogout: iOS.login_screen.tapLogout is PASSED

2018-11-19 21:15:05 - [MESSAGE][PASSED] - Tapped on element 'Object Repository/iOS/Login screen/Logout button'

2018-11-19 21:15:05 - [MESSAGE][PASSED] - iOS.login_screen.tapLogout is PASSED

2018-11-19 21:15:05 - [TEST_STEP][PASSED] - iOS.initial_screen.tapLogin: iOS.initial_screen.tapLogin is PASSED

2018-11-19 21:15:10 - [MESSAGE][PASSED] - Tapped on element 'Object Repository/iOS/Initial screen/Login button'

2018-11-19 21:15:10 - [MESSAGE][PASSED] - iOS.initial_screen.tapLogin is PASSED

2018-11-19 21:15:10 - [TEST_STEP][PASSED] - iOS.login_screen.enterUsername: iOS.login_screen.enterUsername is PASSED

2018-11-19 21:15:14 - [MESSAGE][PASSED] - Text '1nvalid' has been set to element 'Object Repository/iOS/Login screen/Username field'

2018-11-19 21:15:14 - [MESSAGE][PASSED] - iOS.login_screen.enterUsername is PASSED

2018-11-19 21:15:14 - [TEST_STEP][PASSED] - iOS.login_screen.enterPassword: iOS.login_screen.enterPassword is PASSED

2018-11-19 21:15:18 - [MESSAGE][PASSED] - Text 'Hello!23' has been set to element 'Object Repository/iOS/Login screen/Password field'

2018-11-19 21:15:19 - [MESSAGE][PASSED] - Keyboard is hidden

2018-11-19 21:15:19 - [MESSAGE][PASSED] - iOS.login_screen.enterPassword is PASSED

2018-11-19 21:15:19 - [TEST_STEP][PASSED] - iOS.login_screen.tapLogin: iOS.login_screen.tapLogin is PASSED

2018-11-19 21:15:22 - [MESSAGE][PASSED] - Tapped on element 'Object Repository/iOS/Login screen/Login button'

2018-11-19 21:15:25 - [MESSAGE][PASSED] - Delayed 3 second(s)

2018-11-19 21:15:25 - [MESSAGE][PASSED] - iOS.login_screen.tapLogin is PASSED

2018-11-19 21:15:25 - [TEST_STEP][PASSED] - global.verify_element.text: global.verify_element.text is PASSED

2018-11-19 21:15:28 - [MESSAGE][PASSED] - Actual text and expected text of test object 'Object Repository/iOS/Login screen/Error username and password' are matched.

2018-11-19 21:15:28 - [MESSAGE][PASSED] - global.verify_element.text is PASSED

2018-11-19 21:15:28 - [TEST_STEP][PASSED] - iOS.login_screen.tapOK: iOS.login_screen.tapOK is PASSED

2018-11-19 21:15:32 - [MESSAGE][PASSED] - Tapped on element 'Object Repository/iOS/Login screen/OK button'

2018-11-19 21:15:32 - [MESSAGE][PASSED] - iOS.login_screen.tapOK is PASSED]]></system-out>
         <system-err><![CDATA[]]></system-err>
      </testcase>
      <testcase name="Test Cases/iOS/Login/LOG_07" classname="Test Cases/iOS/Login/LOG_07" status="PASSED">
         <system-out><![CDATA[2018-11-19 21:15:32 - [TEST_CASE][PASSED] - Test Cases/iOS/Login/LOG_07: Test Cases/iOS/Login/LOG_07

2018-11-19 21:15:32 - [TEST_STEP][PASSED] - iOS.login_screen.enterUsername: iOS.login_screen.enterUsername is PASSED

2018-11-19 21:15:36 - [MESSAGE][PASSED] - Text '' has been set to element 'Object Repository/iOS/Login screen/Username field'

2018-11-19 21:15:36 - [MESSAGE][PASSED] - iOS.login_screen.enterUsername is PASSED

2018-11-19 21:15:36 - [TEST_STEP][PASSED] - global.verify_element.disabled: global.verify_element.disabled is PASSED

2018-11-19 21:15:39 - [MESSAGE][PASSED] - Element 'Object Repository/iOS/Login screen/Login button' has attribute 'enabled' is 'false'

2018-11-19 21:15:39 - [MESSAGE][PASSED] - Actual object 'false' and expected object 'false' are equal

2018-11-19 21:15:39 - [MESSAGE][PASSED] - global.verify_element.disabled is PASSED]]></system-out>
         <system-err><![CDATA[]]></system-err>
      </testcase>
      <testcase name="Test Cases/iOS/Login/LOG_08" classname="Test Cases/iOS/Login/LOG_08" status="PASSED">
         <system-out><![CDATA[2018-11-19 21:15:39 - [TEST_CASE][PASSED] - Test Cases/iOS/Login/LOG_08: Test Cases/iOS/Login/LOG_08

2018-11-19 21:15:40 - [TEST_STEP][PASSED] - iOS.login_screen.enterUsername: iOS.login_screen.enterUsername is PASSED

2018-11-19 21:15:43 - [MESSAGE][PASSED] - Text 'allen_15' has been set to element 'Object Repository/iOS/Login screen/Username field'

2018-11-19 21:15:43 - [MESSAGE][PASSED] - iOS.login_screen.enterUsername is PASSED

2018-11-19 21:15:43 - [TEST_STEP][PASSED] - iOS.login_screen.enterPassword: iOS.login_screen.enterPassword is PASSED

2018-11-19 21:15:48 - [MESSAGE][PASSED] - Text '1ncorrect' has been set to element 'Object Repository/iOS/Login screen/Password field'

2018-11-19 21:15:49 - [MESSAGE][PASSED] - Keyboard is hidden

2018-11-19 21:15:49 - [MESSAGE][PASSED] - iOS.login_screen.enterPassword is PASSED

2018-11-19 21:15:49 - [TEST_STEP][PASSED] - iOS.login_screen.tapLogin: iOS.login_screen.tapLogin is PASSED

2018-11-19 21:15:52 - [MESSAGE][PASSED] - Tapped on element 'Object Repository/iOS/Login screen/Login button'

2018-11-19 21:15:55 - [MESSAGE][PASSED] - Delayed 3 second(s)

2018-11-19 21:15:55 - [MESSAGE][PASSED] - iOS.login_screen.tapLogin is PASSED

2018-11-19 21:15:55 - [TEST_STEP][PASSED] - global.verify_element.text: global.verify_element.text is PASSED

2018-11-19 21:15:58 - [MESSAGE][PASSED] - Actual text and expected text of test object 'Object Repository/iOS/Login screen/Error username and password' are matched.

2018-11-19 21:15:58 - [MESSAGE][PASSED] - global.verify_element.text is PASSED

2018-11-19 21:15:58 - [TEST_STEP][PASSED] - iOS.login_screen.tapOK: iOS.login_screen.tapOK is PASSED

2018-11-19 21:16:01 - [MESSAGE][PASSED] - Tapped on element 'Object Repository/iOS/Login screen/OK button'

2018-11-19 21:16:01 - [MESSAGE][PASSED] - iOS.login_screen.tapOK is PASSED]]></system-out>
         <system-err><![CDATA[]]></system-err>
      </testcase>
      <testcase name="Test Cases/iOS/Login/LOG_09" classname="Test Cases/iOS/Login/LOG_09" status="PASSED">
         <system-out><![CDATA[2018-11-19 21:16:01 - [TEST_CASE][PASSED] - Test Cases/iOS/Login/LOG_09: Test Cases/iOS/Login/LOG_09

2018-11-19 21:16:01 - [TEST_STEP][PASSED] - iOS.login_screen.enterPassword: iOS.login_screen.enterPassword is PASSED

2018-11-19 21:16:06 - [MESSAGE][PASSED] - Text '' has been set to element 'Object Repository/iOS/Login screen/Password field'

2018-11-19 21:16:07 - [MESSAGE][PASSED] - Keyboard is hidden

2018-11-19 21:16:07 - [MESSAGE][PASSED] - iOS.login_screen.enterPassword is PASSED

2018-11-19 21:16:07 - [TEST_STEP][PASSED] - global.verify_element.disabled: global.verify_element.disabled is PASSED

2018-11-19 21:16:10 - [MESSAGE][PASSED] - Element 'Object Repository/iOS/Login screen/Login button' has attribute 'enabled' is 'false'

2018-11-19 21:16:10 - [MESSAGE][PASSED] - Actual object 'false' and expected object 'false' are equal

2018-11-19 21:16:10 - [MESSAGE][PASSED] - global.verify_element.disabled is PASSED]]></system-out>
         <system-err><![CDATA[]]></system-err>
      </testcase>
      <testcase name="Test Cases/iOS/Login/LOG_10" classname="Test Cases/iOS/Login/LOG_10" status="FAILED">
         <failure type="FAILED" message="(Stack trace: com.kms.katalon.core.exception.StepFailedException: Element 'Object Repository/iOS/OTP Verification screen/Error otp code' not found
	at com.kms.katalon.core.keyword.internal.KeywordMain.stepFailed(KeywordMain.groovy:32)
	at com.kms.katalon.core.mobile.keyword.internal.MobileKeywordMain.stepFailed(MobileKeywordMain.groovy:40)
	at com.kms.katalon.core.mobile.keyword.builtin.VerifyElementTextKeyword$_verifyElementText_closure1.doCall(VerifyElementTextKeyword.groovy:49)
	at com.kms.katalon.core.mobile.keyword.builtin.VerifyElementTextKeyword$_verifyElementText_closure1.call(VerifyElementTextKeyword.groovy)
	at com.kms.katalon.core.mobile.keyword.internal.MobileKeywordMain.runKeyword(MobileKeywordMain.groovy:21)
	at com.kms.katalon.core.mobile.keyword.builtin.VerifyElementTextKeyword.verifyElementText(VerifyElementTextKeyword.groovy:62)
	at com.kms.katalon.core.mobile.keyword.builtin.VerifyElementTextKeyword.execute(VerifyElementTextKeyword.groovy:39)
	at com.kms.katalon.core.keyword.internal.KeywordExecutor.executeKeywordForPlatform(KeywordExecutor.groovy:53)
	at com.kms.katalon.core.mobile.keyword.MobileBuiltInKeywords.verifyElementText(MobileBuiltInKeywords.groovy:1751)
	at com.kms.katalon.core.mobile.keyword.MobileBuiltInKeywords$verifyElementText$4.call(Unknown Source)
	at global.verify_element.text(verify_element.groovy:28)
	at sun.reflect.NativeMethodAccessorImpl.invoke0(Native Method)
	at sun.reflect.NativeMethodAccessorImpl.invoke(NativeMethodAccessorImpl.java:62)
	at sun.reflect.DelegatingMethodAccessorImpl.invoke(DelegatingMethodAccessorImpl.java:43)
	at java.lang.reflect.Method.invoke(Method.java:498)
	at org.codehaus.groovy.reflection.CachedMethod.invoke(CachedMethod.java:93)
	at groovy.lang.MetaMethod.doMethodInvoke(MetaMethod.java:325)
	at groovy.lang.MetaClassImpl.invokeMethod(MetaClassImpl.java:1215)
	at groovy.lang.MetaClassImpl.invokeMethod(MetaClassImpl.java:1024)
	at groovy.lang.MetaClassImpl.invokeMethod(MetaClassImpl.java:812)
	at groovy.lang.DelegatingMetaClass.invokeMethod(DelegatingMetaClass.java:144)
	at global.verify_element.invokeMethod(verify_element.groovy)
	at com.kms.katalon.core.main.CustomKeywordDelegatingMetaClass.invokeStaticMethod(CustomKeywordDelegatingMetaClass.java:46)
	at org.codehaus.groovy.runtime.callsite.StaticMetaClassSite.call(StaticMetaClassSite.java:53)
	at org.codehaus.groovy.runtime.callsite.CallSiteArray.defaultCall(CallSiteArray.java:48)
	at org.codehaus.groovy.runtime.callsite.AbstractCallSite.call(AbstractCallSite.java:113)
	at org.codehaus.groovy.runtime.callsite.AbstractCallSite.call(AbstractCallSite.java:133)
	at Script1539834651692.run(Script1539834651692.groovy:17)
	at com.kms.katalon.core.main.ScriptEngine.run(ScriptEngine.java:183)
	at com.kms.katalon.core.main.ScriptEngine.runScriptAsRawText(ScriptEngine.java:108)
	at com.kms.katalon.core.main.TestCaseExecutor.runScript(TestCaseExecutor.java:294)
	at com.kms.katalon.core.main.TestCaseExecutor.doExecute(TestCaseExecutor.java:285)
	at com.kms.katalon.core.main.TestCaseExecutor.processExecutionPhase(TestCaseExecutor.java:264)
	at com.kms.katalon.core.main.TestCaseExecutor.accessMainPhase(TestCaseExecutor.java:256)
	at com.kms.katalon.core.main.TestCaseExecutor.execute(TestCaseExecutor.java:200)
	at com.kms.katalon.core.main.TestSuiteExecutor.accessTestCaseMainPhase(TestSuiteExecutor.java:129)
	at com.kms.katalon.core.main.TestSuiteExecutor.accessTestSuiteMainPhase(TestSuiteExecutor.java:112)
	at com.kms.katalon.core.main.TestSuiteExecutor.execute(TestSuiteExecutor.java:81)
	at com.kms.katalon.core.main.TestCaseMain.startTestSuite(TestCaseMain.java:142)
	at com.kms.katalon.core.main.TestCaseMain$startTestSuite$0.call(Unknown Source)
	at org.codehaus.groovy.runtime.callsite.CallSiteArray.defaultCall(CallSiteArray.java:48)
	at org.codehaus.groovy.runtime.callsite.AbstractCallSite.call(AbstractCallSite.java:113)
	at org.codehaus.groovy.runtime.callsite.AbstractCallSite.call(AbstractCallSite.java:141)
	at TempTestSuite1542632870489.run(TempTestSuite1542632870489.groovy:36)
	at groovy.lang.GroovyShell.runScriptOrMainOrTestOrRunnable(GroovyShell.java:263)
	at groovy.lang.GroovyShell.run(GroovyShell.java:518)
	at groovy.lang.GroovyShell.run(GroovyShell.java:507)
	at groovy.ui.GroovyMain.processOnce(GroovyMain.java:653)
	at groovy.ui.GroovyMain.run(GroovyMain.java:384)
	at groovy.ui.GroovyMain.process(GroovyMain.java:370)
	at groovy.ui.GroovyMain.processArgs(GroovyMain.java:129)
	at groovy.ui.GroovyMain.main(GroovyMain.java:109)
	at sun.reflect.NativeMethodAccessorImpl.invoke0(Native Method)
	at sun.reflect.NativeMethodAccessorImpl.invoke(NativeMethodAccessorImpl.java:62)
	at sun.reflect.DelegatingMethodAccessorImpl.invoke(DelegatingMethodAccessorImpl.java:43)
	at java.lang.reflect.Method.invoke(Method.java:498)
	at org.codehaus.groovy.tools.GroovyStarter.rootLoader(GroovyStarter.java:109)
	at org.codehaus.groovy.tools.GroovyStarter.main(GroovyStarter.java:131)
)"/>
         <system-out><![CDATA[2018-11-19 21:16:10 - [TEST_CASE][FAILED] - Test Cases/iOS/Login/LOG_10: Test Cases/iOS/Login/LOG_10 FAILED because (of) (Stack trace: com.kms.katalon.core.exception.StepFailedException: Element 'Object Repository/iOS/OTP Verification screen/Error otp code' not found
	at com.kms.katalon.core.keyword.internal.KeywordMain.stepFailed(KeywordMain.groovy:32)
	at com.kms.katalon.core.mobile.keyword.internal.MobileKeywordMain.stepFailed(MobileKeywordMain.groovy:40)
	at com.kms.katalon.core.mobile.keyword.builtin.VerifyElementTextKeyword$_verifyElementText_closure1.doCall(VerifyElementTextKeyword.groovy:49)
	at com.kms.katalon.core.mobile.keyword.builtin.VerifyElementTextKeyword$_verifyElementText_closure1.call(VerifyElementTextKeyword.groovy)
	at com.kms.katalon.core.mobile.keyword.internal.MobileKeywordMain.runKeyword(MobileKeywordMain.groovy:21)
	at com.kms.katalon.core.mobile.keyword.builtin.VerifyElementTextKeyword.verifyElementText(VerifyElementTextKeyword.groovy:62)
	at com.kms.katalon.core.mobile.keyword.builtin.VerifyElementTextKeyword.execute(VerifyElementTextKeyword.groovy:39)
	at com.kms.katalon.core.keyword.internal.KeywordExecutor.executeKeywordForPlatform(KeywordExecutor.groovy:53)
	at com.kms.katalon.core.mobile.keyword.MobileBuiltInKeywords.verifyElementText(MobileBuiltInKeywords.groovy:1751)
	at com.kms.katalon.core.mobile.keyword.MobileBuiltInKeywords$verifyElementText$4.call(Unknown Source)
	at global.verify_element.text(verify_element.groovy:28)
	at sun.reflect.NativeMethodAccessorImpl.invoke0(Native Method)
	at sun.reflect.NativeMethodAccessorImpl.invoke(NativeMethodAccessorImpl.java:62)
	at sun.reflect.DelegatingMethodAccessorImpl.invoke(DelegatingMethodAccessorImpl.java:43)
	at java.lang.reflect.Method.invoke(Method.java:498)
	at org.codehaus.groovy.reflection.CachedMethod.invoke(CachedMethod.java:93)
	at groovy.lang.MetaMethod.doMethodInvoke(MetaMethod.java:325)
	at groovy.lang.MetaClassImpl.invokeMethod(MetaClassImpl.java:1215)
	at groovy.lang.MetaClassImpl.invokeMethod(MetaClassImpl.java:1024)
	at groovy.lang.MetaClassImpl.invokeMethod(MetaClassImpl.java:812)
	at groovy.lang.DelegatingMetaClass.invokeMethod(DelegatingMetaClass.java:144)
	at global.verify_element.invokeMethod(verify_element.groovy)
	at com.kms.katalon.core.main.CustomKeywordDelegatingMetaClass.invokeStaticMethod(CustomKeywordDelegatingMetaClass.java:46)
	at org.codehaus.groovy.runtime.callsite.StaticMetaClassSite.call(StaticMetaClassSite.java:53)
	at org.codehaus.groovy.runtime.callsite.CallSiteArray.defaultCall(CallSiteArray.java:48)
	at org.codehaus.groovy.runtime.callsite.AbstractCallSite.call(AbstractCallSite.java:113)
	at org.codehaus.groovy.runtime.callsite.AbstractCallSite.call(AbstractCallSite.java:133)
	at Script1539834651692.run(Script1539834651692.groovy:17)
	at com.kms.katalon.core.main.ScriptEngine.run(ScriptEngine.java:183)
	at com.kms.katalon.core.main.ScriptEngine.runScriptAsRawText(ScriptEngine.java:108)
	at com.kms.katalon.core.main.TestCaseExecutor.runScript(TestCaseExecutor.java:294)
	at com.kms.katalon.core.main.TestCaseExecutor.doExecute(TestCaseExecutor.java:285)
	at com.kms.katalon.core.main.TestCaseExecutor.processExecutionPhase(TestCaseExecutor.java:264)
	at com.kms.katalon.core.main.TestCaseExecutor.accessMainPhase(TestCaseExecutor.java:256)
	at com.kms.katalon.core.main.TestCaseExecutor.execute(TestCaseExecutor.java:200)
	at com.kms.katalon.core.main.TestSuiteExecutor.accessTestCaseMainPhase(TestSuiteExecutor.java:129)
	at com.kms.katalon.core.main.TestSuiteExecutor.accessTestSuiteMainPhase(TestSuiteExecutor.java:112)
	at com.kms.katalon.core.main.TestSuiteExecutor.execute(TestSuiteExecutor.java:81)
	at com.kms.katalon.core.main.TestCaseMain.startTestSuite(TestCaseMain.java:142)
	at com.kms.katalon.core.main.TestCaseMain$startTestSuite$0.call(Unknown Source)
	at org.codehaus.groovy.runtime.callsite.CallSiteArray.defaultCall(CallSiteArray.java:48)
	at org.codehaus.groovy.runtime.callsite.AbstractCallSite.call(AbstractCallSite.java:113)
	at org.codehaus.groovy.runtime.callsite.AbstractCallSite.call(AbstractCallSite.java:141)
	at TempTestSuite1542632870489.run(TempTestSuite1542632870489.groovy:36)
	at groovy.lang.GroovyShell.runScriptOrMainOrTestOrRunnable(GroovyShell.java:263)
	at groovy.lang.GroovyShell.run(GroovyShell.java:518)
	at groovy.lang.GroovyShell.run(GroovyShell.java:507)
	at groovy.ui.GroovyMain.processOnce(GroovyMain.java:653)
	at groovy.ui.GroovyMain.run(GroovyMain.java:384)
	at groovy.ui.GroovyMain.process(GroovyMain.java:370)
	at groovy.ui.GroovyMain.processArgs(GroovyMain.java:129)
	at groovy.ui.GroovyMain.main(GroovyMain.java:109)
	at sun.reflect.NativeMethodAccessorImpl.invoke0(Native Method)
	at sun.reflect.NativeMethodAccessorImpl.invoke(NativeMethodAccessorImpl.java:62)
	at sun.reflect.DelegatingMethodAccessorImpl.invoke(DelegatingMethodAccessorImpl.java:43)
	at java.lang.reflect.Method.invoke(Method.java:498)
	at org.codehaus.groovy.tools.GroovyStarter.rootLoader(GroovyStarter.java:109)
	at org.codehaus.groovy.tools.GroovyStarter.main(GroovyStarter.java:131)
)

2018-11-19 21:16:10 - [TEST_STEP][PASSED] - iOS.login_screen.enterUsername: iOS.login_screen.enterUsername is PASSED

2018-11-19 21:16:14 - [MESSAGE][PASSED] - Text 'allen_15' has been set to element 'Object Repository/iOS/Login screen/Username field'

2018-11-19 21:16:14 - [MESSAGE][PASSED] - iOS.login_screen.enterUsername is PASSED

2018-11-19 21:16:14 - [TEST_STEP][PASSED] - iOS.login_screen.enterPassword: iOS.login_screen.enterPassword is PASSED

2018-11-19 21:16:18 - [MESSAGE][PASSED] - Text 'Hello!23' has been set to element 'Object Repository/iOS/Login screen/Password field'

2018-11-19 21:16:19 - [MESSAGE][PASSED] - Keyboard is hidden

2018-11-19 21:16:19 - [MESSAGE][PASSED] - iOS.login_screen.enterPassword is PASSED

2018-11-19 21:16:19 - [TEST_STEP][PASSED] - iOS.login_screen.tapLogin: iOS.login_screen.tapLogin is PASSED

2018-11-19 21:16:22 - [MESSAGE][PASSED] - Tapped on element 'Object Repository/iOS/Login screen/Login button'

2018-11-19 21:16:25 - [MESSAGE][PASSED] - Delayed 3 second(s)

2018-11-19 21:16:25 - [MESSAGE][PASSED] - iOS.login_screen.tapLogin is PASSED

2018-11-19 21:16:25 - [TEST_STEP][PASSED] - iOS.otp_verification_screen.enterOTP: iOS.otp_verification_screen.enterOTP is PASSED

2018-11-19 21:16:29 - [MESSAGE][PASSED] - Element 'Object Repository/iOS/OTP Verification screen/OTP Verification screen' is present

2018-11-19 21:16:29 - [MESSAGE][PASSED] - iOS.otp_verification_screen.enterOTP is PASSED

2018-11-19 21:16:29 - [TEST_STEP][FAILED] - global.verify_element.text: Element 'Object Repository/iOS/OTP Verification screen/Error otp code' not found

2018-11-19 21:16:46 - [MESSAGE][FAILED] - Element 'Object Repository/iOS/OTP Verification screen/Error otp code' not found
[[ATTACHMENT|/Users/buenaanda/Katalon Studio/mobile-automation-katalon/Reports/iOS/iOS Test Suite/20181119_210750/1542633405853.png]]

2018-11-19 21:16:46 - [MESSAGE][FAILED] - Element 'Object Repository/iOS/OTP Verification screen/Error otp code' not found

2018-11-19 21:16:46 - [TEST_STEP][FAILED] - iOS.login_screen.tapOK: Failed to tap on element 'Object Repository/iOS/Login screen/OK button' (Root cause: Object Object Repository/iOS/Login screen/OK button not found)

2018-11-19 21:16:51 - [MESSAGE][FAILED] - Object Object Repository/iOS/Login screen/OK button not found
[[ATTACHMENT|/Users/buenaanda/Katalon Studio/mobile-automation-katalon/Reports/iOS/iOS Test Suite/20181119_210750/1542633411184.png]]

2018-11-19 21:16:51 - [MESSAGE][FAILED] - Failed to tap on element 'Object Repository/iOS/Login screen/OK button' (Root cause: Object Object Repository/iOS/Login screen/OK button not found)
[[ATTACHMENT|/Users/buenaanda/Katalon Studio/mobile-automation-katalon/Reports/iOS/iOS Test Suite/20181119_210750/1542633411432.png]]

2018-11-19 21:16:51 - [MESSAGE][FAILED] - Failed to tap on element 'Object Repository/iOS/Login screen/OK button' (Root cause: Object Object Repository/iOS/Login screen/OK button not found)]]></system-out>
         <system-err><![CDATA[2018-11-19 21:16:10 - [TEST_CASE][FAILED] - Test Cases/iOS/Login/LOG_10: Test Cases/iOS/Login/LOG_10 FAILED because (of) (Stack trace: com.kms.katalon.core.exception.StepFailedException: Element 'Object Repository/iOS/OTP Verification screen/Error otp code' not found
	at com.kms.katalon.core.keyword.internal.KeywordMain.stepFailed(KeywordMain.groovy:32)
	at com.kms.katalon.core.mobile.keyword.internal.MobileKeywordMain.stepFailed(MobileKeywordMain.groovy:40)
	at com.kms.katalon.core.mobile.keyword.builtin.VerifyElementTextKeyword$_verifyElementText_closure1.doCall(VerifyElementTextKeyword.groovy:49)
	at com.kms.katalon.core.mobile.keyword.builtin.VerifyElementTextKeyword$_verifyElementText_closure1.call(VerifyElementTextKeyword.groovy)
	at com.kms.katalon.core.mobile.keyword.internal.MobileKeywordMain.runKeyword(MobileKeywordMain.groovy:21)
	at com.kms.katalon.core.mobile.keyword.builtin.VerifyElementTextKeyword.verifyElementText(VerifyElementTextKeyword.groovy:62)
	at com.kms.katalon.core.mobile.keyword.builtin.VerifyElementTextKeyword.execute(VerifyElementTextKeyword.groovy:39)
	at com.kms.katalon.core.keyword.internal.KeywordExecutor.executeKeywordForPlatform(KeywordExecutor.groovy:53)
	at com.kms.katalon.core.mobile.keyword.MobileBuiltInKeywords.verifyElementText(MobileBuiltInKeywords.groovy:1751)
	at com.kms.katalon.core.mobile.keyword.MobileBuiltInKeywords$verifyElementText$4.call(Unknown Source)
	at global.verify_element.text(verify_element.groovy:28)
	at sun.reflect.NativeMethodAccessorImpl.invoke0(Native Method)
	at sun.reflect.NativeMethodAccessorImpl.invoke(NativeMethodAccessorImpl.java:62)
	at sun.reflect.DelegatingMethodAccessorImpl.invoke(DelegatingMethodAccessorImpl.java:43)
	at java.lang.reflect.Method.invoke(Method.java:498)
	at org.codehaus.groovy.reflection.CachedMethod.invoke(CachedMethod.java:93)
	at groovy.lang.MetaMethod.doMethodInvoke(MetaMethod.java:325)
	at groovy.lang.MetaClassImpl.invokeMethod(MetaClassImpl.java:1215)
	at groovy.lang.MetaClassImpl.invokeMethod(MetaClassImpl.java:1024)
	at groovy.lang.MetaClassImpl.invokeMethod(MetaClassImpl.java:812)
	at groovy.lang.DelegatingMetaClass.invokeMethod(DelegatingMetaClass.java:144)
	at global.verify_element.invokeMethod(verify_element.groovy)
	at com.kms.katalon.core.main.CustomKeywordDelegatingMetaClass.invokeStaticMethod(CustomKeywordDelegatingMetaClass.java:46)
	at org.codehaus.groovy.runtime.callsite.StaticMetaClassSite.call(StaticMetaClassSite.java:53)
	at org.codehaus.groovy.runtime.callsite.CallSiteArray.defaultCall(CallSiteArray.java:48)
	at org.codehaus.groovy.runtime.callsite.AbstractCallSite.call(AbstractCallSite.java:113)
	at org.codehaus.groovy.runtime.callsite.AbstractCallSite.call(AbstractCallSite.java:133)
	at Script1539834651692.run(Script1539834651692.groovy:17)
	at com.kms.katalon.core.main.ScriptEngine.run(ScriptEngine.java:183)
	at com.kms.katalon.core.main.ScriptEngine.runScriptAsRawText(ScriptEngine.java:108)
	at com.kms.katalon.core.main.TestCaseExecutor.runScript(TestCaseExecutor.java:294)
	at com.kms.katalon.core.main.TestCaseExecutor.doExecute(TestCaseExecutor.java:285)
	at com.kms.katalon.core.main.TestCaseExecutor.processExecutionPhase(TestCaseExecutor.java:264)
	at com.kms.katalon.core.main.TestCaseExecutor.accessMainPhase(TestCaseExecutor.java:256)
	at com.kms.katalon.core.main.TestCaseExecutor.execute(TestCaseExecutor.java:200)
	at com.kms.katalon.core.main.TestSuiteExecutor.accessTestCaseMainPhase(TestSuiteExecutor.java:129)
	at com.kms.katalon.core.main.TestSuiteExecutor.accessTestSuiteMainPhase(TestSuiteExecutor.java:112)
	at com.kms.katalon.core.main.TestSuiteExecutor.execute(TestSuiteExecutor.java:81)
	at com.kms.katalon.core.main.TestCaseMain.startTestSuite(TestCaseMain.java:142)
	at com.kms.katalon.core.main.TestCaseMain$startTestSuite$0.call(Unknown Source)
	at org.codehaus.groovy.runtime.callsite.CallSiteArray.defaultCall(CallSiteArray.java:48)
	at org.codehaus.groovy.runtime.callsite.AbstractCallSite.call(AbstractCallSite.java:113)
	at org.codehaus.groovy.runtime.callsite.AbstractCallSite.call(AbstractCallSite.java:141)
	at TempTestSuite1542632870489.run(TempTestSuite1542632870489.groovy:36)
	at groovy.lang.GroovyShell.runScriptOrMainOrTestOrRunnable(GroovyShell.java:263)
	at groovy.lang.GroovyShell.run(GroovyShell.java:518)
	at groovy.lang.GroovyShell.run(GroovyShell.java:507)
	at groovy.ui.GroovyMain.processOnce(GroovyMain.java:653)
	at groovy.ui.GroovyMain.run(GroovyMain.java:384)
	at groovy.ui.GroovyMain.process(GroovyMain.java:370)
	at groovy.ui.GroovyMain.processArgs(GroovyMain.java:129)
	at groovy.ui.GroovyMain.main(GroovyMain.java:109)
	at sun.reflect.NativeMethodAccessorImpl.invoke0(Native Method)
	at sun.reflect.NativeMethodAccessorImpl.invoke(NativeMethodAccessorImpl.java:62)
	at sun.reflect.DelegatingMethodAccessorImpl.invoke(DelegatingMethodAccessorImpl.java:43)
	at java.lang.reflect.Method.invoke(Method.java:498)
	at org.codehaus.groovy.tools.GroovyStarter.rootLoader(GroovyStarter.java:109)
	at org.codehaus.groovy.tools.GroovyStarter.main(GroovyStarter.java:131)
)]]></system-err>
      </testcase>
      <testcase name="Test Cases/iOS/Login/LOG_11" classname="Test Cases/iOS/Login/LOG_11" status="FAILED">
         <failure type="FAILED" message="(Stack trace: com.kms.katalon.core.exception.StepFailedException: Failed to tap on element 'Object Repository/iOS/OTP Verification screen/Resend button' (Root cause: Object Object Repository/iOS/OTP Verification screen/Resend button not found)
	at com.kms.katalon.core.keyword.internal.KeywordMain.stepFailed(KeywordMain.groovy:36)
	at com.kms.katalon.core.mobile.keyword.internal.MobileKeywordMain.stepFailed(MobileKeywordMain.groovy:40)
	at com.kms.katalon.core.mobile.keyword.internal.MobileKeywordMain.runKeyword(MobileKeywordMain.groovy:23)
	at com.kms.katalon.core.mobile.keyword.builtin.TapKeyword.tap(TapKeyword.groovy:83)
	at com.kms.katalon.core.mobile.keyword.builtin.TapKeyword.execute(TapKeyword.groovy:66)
	at com.kms.katalon.core.keyword.internal.KeywordExecutor.executeKeywordForPlatform(KeywordExecutor.groovy:53)
	at com.kms.katalon.core.mobile.keyword.MobileBuiltInKeywords.tap(MobileBuiltInKeywords.groovy:471)
	at com.kms.katalon.core.mobile.keyword.MobileBuiltInKeywords$tap$0.call(Unknown Source)
	at org.codehaus.groovy.runtime.callsite.CallSiteArray.defaultCall(CallSiteArray.java:48)
	at org.codehaus.groovy.runtime.callsite.AbstractCallSite.call(AbstractCallSite.java:113)
	at org.codehaus.groovy.runtime.callsite.AbstractCallSite.call(AbstractCallSite.java:141)
	at iOS.otp_verification_screen.tapResend(otp_verification_screen.groovy:27)
	at sun.reflect.NativeMethodAccessorImpl.invoke0(Native Method)
	at sun.reflect.NativeMethodAccessorImpl.invoke(NativeMethodAccessorImpl.java:62)
	at sun.reflect.DelegatingMethodAccessorImpl.invoke(DelegatingMethodAccessorImpl.java:43)
	at java.lang.reflect.Method.invoke(Method.java:498)
	at org.codehaus.groovy.reflection.CachedMethod.invoke(CachedMethod.java:93)
	at groovy.lang.MetaMethod.doMethodInvoke(MetaMethod.java:325)
	at groovy.lang.MetaClassImpl.invokeMethod(MetaClassImpl.java:1215)
	at groovy.lang.MetaClassImpl.invokeMethod(MetaClassImpl.java:1024)
	at groovy.lang.MetaClassImpl.invokeMethod(MetaClassImpl.java:812)
	at groovy.lang.DelegatingMetaClass.invokeMethod(DelegatingMetaClass.java:144)
	at iOS.otp_verification_screen.invokeMethod(otp_verification_screen.groovy)
	at com.kms.katalon.core.main.CustomKeywordDelegatingMetaClass.invokeStaticMethod(CustomKeywordDelegatingMetaClass.java:46)
	at org.codehaus.groovy.runtime.callsite.StaticMetaClassSite.call(StaticMetaClassSite.java:53)
	at org.codehaus.groovy.runtime.callsite.CallSiteArray.defaultCall(CallSiteArray.java:48)
	at org.codehaus.groovy.runtime.callsite.AbstractCallSite.call(AbstractCallSite.java:113)
	at org.codehaus.groovy.runtime.callsite.AbstractCallSite.call(AbstractCallSite.java:117)
	at Script1539834709354.run(Script1539834709354.groovy:9)
	at com.kms.katalon.core.main.ScriptEngine.run(ScriptEngine.java:183)
	at com.kms.katalon.core.main.ScriptEngine.runScriptAsRawText(ScriptEngine.java:108)
	at com.kms.katalon.core.main.TestCaseExecutor.runScript(TestCaseExecutor.java:294)
	at com.kms.katalon.core.main.TestCaseExecutor.doExecute(TestCaseExecutor.java:285)
	at com.kms.katalon.core.main.TestCaseExecutor.processExecutionPhase(TestCaseExecutor.java:264)
	at com.kms.katalon.core.main.TestCaseExecutor.accessMainPhase(TestCaseExecutor.java:256)
	at com.kms.katalon.core.main.TestCaseExecutor.execute(TestCaseExecutor.java:200)
	at com.kms.katalon.core.main.TestSuiteExecutor.accessTestCaseMainPhase(TestSuiteExecutor.java:129)
	at com.kms.katalon.core.main.TestSuiteExecutor.accessTestSuiteMainPhase(TestSuiteExecutor.java:112)
	at com.kms.katalon.core.main.TestSuiteExecutor.execute(TestSuiteExecutor.java:81)
	at com.kms.katalon.core.main.TestCaseMain.startTestSuite(TestCaseMain.java:142)
	at com.kms.katalon.core.main.TestCaseMain$startTestSuite$0.call(Unknown Source)
	at org.codehaus.groovy.runtime.callsite.CallSiteArray.defaultCall(CallSiteArray.java:48)
	at org.codehaus.groovy.runtime.callsite.AbstractCallSite.call(AbstractCallSite.java:113)
	at org.codehaus.groovy.runtime.callsite.AbstractCallSite.call(AbstractCallSite.java:141)
	at TempTestSuite1542632870489.run(TempTestSuite1542632870489.groovy:36)
	at groovy.lang.GroovyShell.runScriptOrMainOrTestOrRunnable(GroovyShell.java:263)
	at groovy.lang.GroovyShell.run(GroovyShell.java:518)
	at groovy.lang.GroovyShell.run(GroovyShell.java:507)
	at groovy.ui.GroovyMain.processOnce(GroovyMain.java:653)
	at groovy.ui.GroovyMain.run(GroovyMain.java:384)
	at groovy.ui.GroovyMain.process(GroovyMain.java:370)
	at groovy.ui.GroovyMain.processArgs(GroovyMain.java:129)
	at groovy.ui.GroovyMain.main(GroovyMain.java:109)
	at sun.reflect.NativeMethodAccessorImpl.invoke0(Native Method)
	at sun.reflect.NativeMethodAccessorImpl.invoke(NativeMethodAccessorImpl.java:62)
	at sun.reflect.DelegatingMethodAccessorImpl.invoke(DelegatingMethodAccessorImpl.java:43)
	at java.lang.reflect.Method.invoke(Method.java:498)
	at org.codehaus.groovy.tools.GroovyStarter.rootLoader(GroovyStarter.java:109)
	at org.codehaus.groovy.tools.GroovyStarter.main(GroovyStarter.java:131)
)"/>
         <system-out><![CDATA[2018-11-19 21:16:51 - [TEST_CASE][FAILED] - Test Cases/iOS/Login/LOG_11: Test Cases/iOS/Login/LOG_11 FAILED because (of) (Stack trace: com.kms.katalon.core.exception.StepFailedException: Failed to tap on element 'Object Repository/iOS/OTP Verification screen/Resend button' (Root cause: Object Object Repository/iOS/OTP Verification screen/Resend button not found)
	at com.kms.katalon.core.keyword.internal.KeywordMain.stepFailed(KeywordMain.groovy:36)
	at com.kms.katalon.core.mobile.keyword.internal.MobileKeywordMain.stepFailed(MobileKeywordMain.groovy:40)
	at com.kms.katalon.core.mobile.keyword.internal.MobileKeywordMain.runKeyword(MobileKeywordMain.groovy:23)
	at com.kms.katalon.core.mobile.keyword.builtin.TapKeyword.tap(TapKeyword.groovy:83)
	at com.kms.katalon.core.mobile.keyword.builtin.TapKeyword.execute(TapKeyword.groovy:66)
	at com.kms.katalon.core.keyword.internal.KeywordExecutor.executeKeywordForPlatform(KeywordExecutor.groovy:53)
	at com.kms.katalon.core.mobile.keyword.MobileBuiltInKeywords.tap(MobileBuiltInKeywords.groovy:471)
	at com.kms.katalon.core.mobile.keyword.MobileBuiltInKeywords$tap$0.call(Unknown Source)
	at org.codehaus.groovy.runtime.callsite.CallSiteArray.defaultCall(CallSiteArray.java:48)
	at org.codehaus.groovy.runtime.callsite.AbstractCallSite.call(AbstractCallSite.java:113)
	at org.codehaus.groovy.runtime.callsite.AbstractCallSite.call(AbstractCallSite.java:141)
	at iOS.otp_verification_screen.tapResend(otp_verification_screen.groovy:27)
	at sun.reflect.NativeMethodAccessorImpl.invoke0(Native Method)
	at sun.reflect.NativeMethodAccessorImpl.invoke(NativeMethodAccessorImpl.java:62)
	at sun.reflect.DelegatingMethodAccessorImpl.invoke(DelegatingMethodAccessorImpl.java:43)
	at java.lang.reflect.Method.invoke(Method.java:498)
	at org.codehaus.groovy.reflection.CachedMethod.invoke(CachedMethod.java:93)
	at groovy.lang.MetaMethod.doMethodInvoke(MetaMethod.java:325)
	at groovy.lang.MetaClassImpl.invokeMethod(MetaClassImpl.java:1215)
	at groovy.lang.MetaClassImpl.invokeMethod(MetaClassImpl.java:1024)
	at groovy.lang.MetaClassImpl.invokeMethod(MetaClassImpl.java:812)
	at groovy.lang.DelegatingMetaClass.invokeMethod(DelegatingMetaClass.java:144)
	at iOS.otp_verification_screen.invokeMethod(otp_verification_screen.groovy)
	at com.kms.katalon.core.main.CustomKeywordDelegatingMetaClass.invokeStaticMethod(CustomKeywordDelegatingMetaClass.java:46)
	at org.codehaus.groovy.runtime.callsite.StaticMetaClassSite.call(StaticMetaClassSite.java:53)
	at org.codehaus.groovy.runtime.callsite.CallSiteArray.defaultCall(CallSiteArray.java:48)
	at org.codehaus.groovy.runtime.callsite.AbstractCallSite.call(AbstractCallSite.java:113)
	at org.codehaus.groovy.runtime.callsite.AbstractCallSite.call(AbstractCallSite.java:117)
	at Script1539834709354.run(Script1539834709354.groovy:9)
	at com.kms.katalon.core.main.ScriptEngine.run(ScriptEngine.java:183)
	at com.kms.katalon.core.main.ScriptEngine.runScriptAsRawText(ScriptEngine.java:108)
	at com.kms.katalon.core.main.TestCaseExecutor.runScript(TestCaseExecutor.java:294)
	at com.kms.katalon.core.main.TestCaseExecutor.doExecute(TestCaseExecutor.java:285)
	at com.kms.katalon.core.main.TestCaseExecutor.processExecutionPhase(TestCaseExecutor.java:264)
	at com.kms.katalon.core.main.TestCaseExecutor.accessMainPhase(TestCaseExecutor.java:256)
	at com.kms.katalon.core.main.TestCaseExecutor.execute(TestCaseExecutor.java:200)
	at com.kms.katalon.core.main.TestSuiteExecutor.accessTestCaseMainPhase(TestSuiteExecutor.java:129)
	at com.kms.katalon.core.main.TestSuiteExecutor.accessTestSuiteMainPhase(TestSuiteExecutor.java:112)
	at com.kms.katalon.core.main.TestSuiteExecutor.execute(TestSuiteExecutor.java:81)
	at com.kms.katalon.core.main.TestCaseMain.startTestSuite(TestCaseMain.java:142)
	at com.kms.katalon.core.main.TestCaseMain$startTestSuite$0.call(Unknown Source)
	at org.codehaus.groovy.runtime.callsite.CallSiteArray.defaultCall(CallSiteArray.java:48)
	at org.codehaus.groovy.runtime.callsite.AbstractCallSite.call(AbstractCallSite.java:113)
	at org.codehaus.groovy.runtime.callsite.AbstractCallSite.call(AbstractCallSite.java:141)
	at TempTestSuite1542632870489.run(TempTestSuite1542632870489.groovy:36)
	at groovy.lang.GroovyShell.runScriptOrMainOrTestOrRunnable(GroovyShell.java:263)
	at groovy.lang.GroovyShell.run(GroovyShell.java:518)
	at groovy.lang.GroovyShell.run(GroovyShell.java:507)
	at groovy.ui.GroovyMain.processOnce(GroovyMain.java:653)
	at groovy.ui.GroovyMain.run(GroovyMain.java:384)
	at groovy.ui.GroovyMain.process(GroovyMain.java:370)
	at groovy.ui.GroovyMain.processArgs(GroovyMain.java:129)
	at groovy.ui.GroovyMain.main(GroovyMain.java:109)
	at sun.reflect.NativeMethodAccessorImpl.invoke0(Native Method)
	at sun.reflect.NativeMethodAccessorImpl.invoke(NativeMethodAccessorImpl.java:62)
	at sun.reflect.DelegatingMethodAccessorImpl.invoke(DelegatingMethodAccessorImpl.java:43)
	at java.lang.reflect.Method.invoke(Method.java:498)
	at org.codehaus.groovy.tools.GroovyStarter.rootLoader(GroovyStarter.java:109)
	at org.codehaus.groovy.tools.GroovyStarter.main(GroovyStarter.java:131)
)

2018-11-19 21:16:51 - [TEST_STEP][PASSED] - delay: Delayed 65 second(s)

2018-11-19 21:17:56 - [MESSAGE][PASSED] - Delayed 65 second(s)

2018-11-19 21:17:56 - [TEST_STEP][FAILED] - iOS.otp_verification_screen.tapResend: Failed to tap on element 'Object Repository/iOS/OTP Verification screen/Resend button' (Root cause: Object Object Repository/iOS/OTP Verification screen/Resend button not found)

2018-11-19 21:17:56 - [MESSAGE][WARNING] - Timeout '0' is invalid. Using default page load timeout: '15'

2018-11-19 21:18:13 - [MESSAGE][FAILED] - Object Object Repository/iOS/OTP Verification screen/Resend button not found
[[ATTACHMENT|/Users/buenaanda/Katalon Studio/mobile-automation-katalon/Reports/iOS/iOS Test Suite/20181119_210750/1542633492992.png]]

2018-11-19 21:18:13 - [MESSAGE][FAILED] - Failed to tap on element 'Object Repository/iOS/OTP Verification screen/Resend button' (Root cause: Object Object Repository/iOS/OTP Verification screen/Resend button not found)
[[ATTACHMENT|/Users/buenaanda/Katalon Studio/mobile-automation-katalon/Reports/iOS/iOS Test Suite/20181119_210750/1542633493202.png]]

2018-11-19 21:18:13 - [MESSAGE][FAILED] - Failed to tap on element 'Object Repository/iOS/OTP Verification screen/Resend button' (Root cause: Object Object Repository/iOS/OTP Verification screen/Resend button not found)]]></system-out>
         <system-err><![CDATA[2018-11-19 21:16:51 - [TEST_CASE][FAILED] - Test Cases/iOS/Login/LOG_11: Test Cases/iOS/Login/LOG_11 FAILED because (of) (Stack trace: com.kms.katalon.core.exception.StepFailedException: Failed to tap on element 'Object Repository/iOS/OTP Verification screen/Resend button' (Root cause: Object Object Repository/iOS/OTP Verification screen/Resend button not found)
	at com.kms.katalon.core.keyword.internal.KeywordMain.stepFailed(KeywordMain.groovy:36)
	at com.kms.katalon.core.mobile.keyword.internal.MobileKeywordMain.stepFailed(MobileKeywordMain.groovy:40)
	at com.kms.katalon.core.mobile.keyword.internal.MobileKeywordMain.runKeyword(MobileKeywordMain.groovy:23)
	at com.kms.katalon.core.mobile.keyword.builtin.TapKeyword.tap(TapKeyword.groovy:83)
	at com.kms.katalon.core.mobile.keyword.builtin.TapKeyword.execute(TapKeyword.groovy:66)
	at com.kms.katalon.core.keyword.internal.KeywordExecutor.executeKeywordForPlatform(KeywordExecutor.groovy:53)
	at com.kms.katalon.core.mobile.keyword.MobileBuiltInKeywords.tap(MobileBuiltInKeywords.groovy:471)
	at com.kms.katalon.core.mobile.keyword.MobileBuiltInKeywords$tap$0.call(Unknown Source)
	at org.codehaus.groovy.runtime.callsite.CallSiteArray.defaultCall(CallSiteArray.java:48)
	at org.codehaus.groovy.runtime.callsite.AbstractCallSite.call(AbstractCallSite.java:113)
	at org.codehaus.groovy.runtime.callsite.AbstractCallSite.call(AbstractCallSite.java:141)
	at iOS.otp_verification_screen.tapResend(otp_verification_screen.groovy:27)
	at sun.reflect.NativeMethodAccessorImpl.invoke0(Native Method)
	at sun.reflect.NativeMethodAccessorImpl.invoke(NativeMethodAccessorImpl.java:62)
	at sun.reflect.DelegatingMethodAccessorImpl.invoke(DelegatingMethodAccessorImpl.java:43)
	at java.lang.reflect.Method.invoke(Method.java:498)
	at org.codehaus.groovy.reflection.CachedMethod.invoke(CachedMethod.java:93)
	at groovy.lang.MetaMethod.doMethodInvoke(MetaMethod.java:325)
	at groovy.lang.MetaClassImpl.invokeMethod(MetaClassImpl.java:1215)
	at groovy.lang.MetaClassImpl.invokeMethod(MetaClassImpl.java:1024)
	at groovy.lang.MetaClassImpl.invokeMethod(MetaClassImpl.java:812)
	at groovy.lang.DelegatingMetaClass.invokeMethod(DelegatingMetaClass.java:144)
	at iOS.otp_verification_screen.invokeMethod(otp_verification_screen.groovy)
	at com.kms.katalon.core.main.CustomKeywordDelegatingMetaClass.invokeStaticMethod(CustomKeywordDelegatingMetaClass.java:46)
	at org.codehaus.groovy.runtime.callsite.StaticMetaClassSite.call(StaticMetaClassSite.java:53)
	at org.codehaus.groovy.runtime.callsite.CallSiteArray.defaultCall(CallSiteArray.java:48)
	at org.codehaus.groovy.runtime.callsite.AbstractCallSite.call(AbstractCallSite.java:113)
	at org.codehaus.groovy.runtime.callsite.AbstractCallSite.call(AbstractCallSite.java:117)
	at Script1539834709354.run(Script1539834709354.groovy:9)
	at com.kms.katalon.core.main.ScriptEngine.run(ScriptEngine.java:183)
	at com.kms.katalon.core.main.ScriptEngine.runScriptAsRawText(ScriptEngine.java:108)
	at com.kms.katalon.core.main.TestCaseExecutor.runScript(TestCaseExecutor.java:294)
	at com.kms.katalon.core.main.TestCaseExecutor.doExecute(TestCaseExecutor.java:285)
	at com.kms.katalon.core.main.TestCaseExecutor.processExecutionPhase(TestCaseExecutor.java:264)
	at com.kms.katalon.core.main.TestCaseExecutor.accessMainPhase(TestCaseExecutor.java:256)
	at com.kms.katalon.core.main.TestCaseExecutor.execute(TestCaseExecutor.java:200)
	at com.kms.katalon.core.main.TestSuiteExecutor.accessTestCaseMainPhase(TestSuiteExecutor.java:129)
	at com.kms.katalon.core.main.TestSuiteExecutor.accessTestSuiteMainPhase(TestSuiteExecutor.java:112)
	at com.kms.katalon.core.main.TestSuiteExecutor.execute(TestSuiteExecutor.java:81)
	at com.kms.katalon.core.main.TestCaseMain.startTestSuite(TestCaseMain.java:142)
	at com.kms.katalon.core.main.TestCaseMain$startTestSuite$0.call(Unknown Source)
	at org.codehaus.groovy.runtime.callsite.CallSiteArray.defaultCall(CallSiteArray.java:48)
	at org.codehaus.groovy.runtime.callsite.AbstractCallSite.call(AbstractCallSite.java:113)
	at org.codehaus.groovy.runtime.callsite.AbstractCallSite.call(AbstractCallSite.java:141)
	at TempTestSuite1542632870489.run(TempTestSuite1542632870489.groovy:36)
	at groovy.lang.GroovyShell.runScriptOrMainOrTestOrRunnable(GroovyShell.java:263)
	at groovy.lang.GroovyShell.run(GroovyShell.java:518)
	at groovy.lang.GroovyShell.run(GroovyShell.java:507)
	at groovy.ui.GroovyMain.processOnce(GroovyMain.java:653)
	at groovy.ui.GroovyMain.run(GroovyMain.java:384)
	at groovy.ui.GroovyMain.process(GroovyMain.java:370)
	at groovy.ui.GroovyMain.processArgs(GroovyMain.java:129)
	at groovy.ui.GroovyMain.main(GroovyMain.java:109)
	at sun.reflect.NativeMethodAccessorImpl.invoke0(Native Method)
	at sun.reflect.NativeMethodAccessorImpl.invoke(NativeMethodAccessorImpl.java:62)
	at sun.reflect.DelegatingMethodAccessorImpl.invoke(DelegatingMethodAccessorImpl.java:43)
	at java.lang.reflect.Method.invoke(Method.java:498)
	at org.codehaus.groovy.tools.GroovyStarter.rootLoader(GroovyStarter.java:109)
	at org.codehaus.groovy.tools.GroovyStarter.main(GroovyStarter.java:131)
)]]></system-err>
      </testcase>
      <testcase name="Test Cases/iOS/Login/LOG_12" classname="Test Cases/iOS/Login/LOG_12" status="FAILED">
         <failure type="FAILED" message="(Stack trace: com.kms.katalon.core.exception.StepFailedException: Element 'Object Repository/iOS/Login screen/Account Name' not found
	at com.kms.katalon.core.keyword.internal.KeywordMain.stepFailed(KeywordMain.groovy:32)
	at com.kms.katalon.core.mobile.keyword.internal.MobileKeywordMain.stepFailed(MobileKeywordMain.groovy:40)
	at com.kms.katalon.core.mobile.keyword.builtin.VerifyElementTextKeyword$_verifyElementText_closure1.doCall(VerifyElementTextKeyword.groovy:49)
	at com.kms.katalon.core.mobile.keyword.builtin.VerifyElementTextKeyword$_verifyElementText_closure1.call(VerifyElementTextKeyword.groovy)
	at com.kms.katalon.core.mobile.keyword.internal.MobileKeywordMain.runKeyword(MobileKeywordMain.groovy:21)
	at com.kms.katalon.core.mobile.keyword.builtin.VerifyElementTextKeyword.verifyElementText(VerifyElementTextKeyword.groovy:62)
	at com.kms.katalon.core.mobile.keyword.builtin.VerifyElementTextKeyword.execute(VerifyElementTextKeyword.groovy:39)
	at com.kms.katalon.core.keyword.internal.KeywordExecutor.executeKeywordForPlatform(KeywordExecutor.groovy:53)
	at com.kms.katalon.core.mobile.keyword.MobileBuiltInKeywords.verifyElementText(MobileBuiltInKeywords.groovy:1751)
	at com.kms.katalon.core.mobile.keyword.MobileBuiltInKeywords$verifyElementText$4.call(Unknown Source)
	at global.verify_element.text(verify_element.groovy:28)
	at sun.reflect.NativeMethodAccessorImpl.invoke0(Native Method)
	at sun.reflect.NativeMethodAccessorImpl.invoke(NativeMethodAccessorImpl.java:62)
	at sun.reflect.DelegatingMethodAccessorImpl.invoke(DelegatingMethodAccessorImpl.java:43)
	at java.lang.reflect.Method.invoke(Method.java:498)
	at org.codehaus.groovy.reflection.CachedMethod.invoke(CachedMethod.java:93)
	at groovy.lang.MetaMethod.doMethodInvoke(MetaMethod.java:325)
	at groovy.lang.MetaClassImpl.invokeMethod(MetaClassImpl.java:1215)
	at groovy.lang.MetaClassImpl.invokeMethod(MetaClassImpl.java:1024)
	at groovy.lang.MetaClassImpl.invokeMethod(MetaClassImpl.java:812)
	at groovy.lang.DelegatingMetaClass.invokeMethod(DelegatingMetaClass.java:144)
	at global.verify_element.invokeMethod(verify_element.groovy)
	at com.kms.katalon.core.main.CustomKeywordDelegatingMetaClass.invokeStaticMethod(CustomKeywordDelegatingMetaClass.java:46)
	at org.codehaus.groovy.runtime.callsite.StaticMetaClassSite.call(StaticMetaClassSite.java:53)
	at org.codehaus.groovy.runtime.callsite.CallSiteArray.defaultCall(CallSiteArray.java:48)
	at org.codehaus.groovy.runtime.callsite.AbstractCallSite.call(AbstractCallSite.java:113)
	at org.codehaus.groovy.runtime.callsite.AbstractCallSite.call(AbstractCallSite.java:133)
	at Script1539834749887.run(Script1539834749887.groovy:15)
	at com.kms.katalon.core.main.ScriptEngine.run(ScriptEngine.java:183)
	at com.kms.katalon.core.main.ScriptEngine.runScriptAsRawText(ScriptEngine.java:108)
	at com.kms.katalon.core.main.TestCaseExecutor.runScript(TestCaseExecutor.java:294)
	at com.kms.katalon.core.main.TestCaseExecutor.doExecute(TestCaseExecutor.java:285)
	at com.kms.katalon.core.main.TestCaseExecutor.processExecutionPhase(TestCaseExecutor.java:264)
	at com.kms.katalon.core.main.TestCaseExecutor.accessMainPhase(TestCaseExecutor.java:256)
	at com.kms.katalon.core.main.TestCaseExecutor.execute(TestCaseExecutor.java:200)
	at com.kms.katalon.core.main.TestSuiteExecutor.accessTestCaseMainPhase(TestSuiteExecutor.java:129)
	at com.kms.katalon.core.main.TestSuiteExecutor.accessTestSuiteMainPhase(TestSuiteExecutor.java:112)
	at com.kms.katalon.core.main.TestSuiteExecutor.execute(TestSuiteExecutor.java:81)
	at com.kms.katalon.core.main.TestCaseMain.startTestSuite(TestCaseMain.java:142)
	at com.kms.katalon.core.main.TestCaseMain$startTestSuite$0.call(Unknown Source)
	at org.codehaus.groovy.runtime.callsite.CallSiteArray.defaultCall(CallSiteArray.java:48)
	at org.codehaus.groovy.runtime.callsite.AbstractCallSite.call(AbstractCallSite.java:113)
	at org.codehaus.groovy.runtime.callsite.AbstractCallSite.call(AbstractCallSite.java:141)
	at TempTestSuite1542632870489.run(TempTestSuite1542632870489.groovy:36)
	at groovy.lang.GroovyShell.runScriptOrMainOrTestOrRunnable(GroovyShell.java:263)
	at groovy.lang.GroovyShell.run(GroovyShell.java:518)
	at groovy.lang.GroovyShell.run(GroovyShell.java:507)
	at groovy.ui.GroovyMain.processOnce(GroovyMain.java:653)
	at groovy.ui.GroovyMain.run(GroovyMain.java:384)
	at groovy.ui.GroovyMain.process(GroovyMain.java:370)
	at groovy.ui.GroovyMain.processArgs(GroovyMain.java:129)
	at groovy.ui.GroovyMain.main(GroovyMain.java:109)
	at sun.reflect.NativeMethodAccessorImpl.invoke0(Native Method)
	at sun.reflect.NativeMethodAccessorImpl.invoke(NativeMethodAccessorImpl.java:62)
	at sun.reflect.DelegatingMethodAccessorImpl.invoke(DelegatingMethodAccessorImpl.java:43)
	at java.lang.reflect.Method.invoke(Method.java:498)
	at org.codehaus.groovy.tools.GroovyStarter.rootLoader(GroovyStarter.java:109)
	at org.codehaus.groovy.tools.GroovyStarter.main(GroovyStarter.java:131)
)"/>
         <system-out><![CDATA[2018-11-19 21:18:13 - [TEST_CASE][FAILED] - Test Cases/iOS/Login/LOG_12: Test Cases/iOS/Login/LOG_12 FAILED because (of) (Stack trace: com.kms.katalon.core.exception.StepFailedException: Element 'Object Repository/iOS/Login screen/Account Name' not found
	at com.kms.katalon.core.keyword.internal.KeywordMain.stepFailed(KeywordMain.groovy:32)
	at com.kms.katalon.core.mobile.keyword.internal.MobileKeywordMain.stepFailed(MobileKeywordMain.groovy:40)
	at com.kms.katalon.core.mobile.keyword.builtin.VerifyElementTextKeyword$_verifyElementText_closure1.doCall(VerifyElementTextKeyword.groovy:49)
	at com.kms.katalon.core.mobile.keyword.builtin.VerifyElementTextKeyword$_verifyElementText_closure1.call(VerifyElementTextKeyword.groovy)
	at com.kms.katalon.core.mobile.keyword.internal.MobileKeywordMain.runKeyword(MobileKeywordMain.groovy:21)
	at com.kms.katalon.core.mobile.keyword.builtin.VerifyElementTextKeyword.verifyElementText(VerifyElementTextKeyword.groovy:62)
	at com.kms.katalon.core.mobile.keyword.builtin.VerifyElementTextKeyword.execute(VerifyElementTextKeyword.groovy:39)
	at com.kms.katalon.core.keyword.internal.KeywordExecutor.executeKeywordForPlatform(KeywordExecutor.groovy:53)
	at com.kms.katalon.core.mobile.keyword.MobileBuiltInKeywords.verifyElementText(MobileBuiltInKeywords.groovy:1751)
	at com.kms.katalon.core.mobile.keyword.MobileBuiltInKeywords$verifyElementText$4.call(Unknown Source)
	at global.verify_element.text(verify_element.groovy:28)
	at sun.reflect.NativeMethodAccessorImpl.invoke0(Native Method)
	at sun.reflect.NativeMethodAccessorImpl.invoke(NativeMethodAccessorImpl.java:62)
	at sun.reflect.DelegatingMethodAccessorImpl.invoke(DelegatingMethodAccessorImpl.java:43)
	at java.lang.reflect.Method.invoke(Method.java:498)
	at org.codehaus.groovy.reflection.CachedMethod.invoke(CachedMethod.java:93)
	at groovy.lang.MetaMethod.doMethodInvoke(MetaMethod.java:325)
	at groovy.lang.MetaClassImpl.invokeMethod(MetaClassImpl.java:1215)
	at groovy.lang.MetaClassImpl.invokeMethod(MetaClassImpl.java:1024)
	at groovy.lang.MetaClassImpl.invokeMethod(MetaClassImpl.java:812)
	at groovy.lang.DelegatingMetaClass.invokeMethod(DelegatingMetaClass.java:144)
	at global.verify_element.invokeMethod(verify_element.groovy)
	at com.kms.katalon.core.main.CustomKeywordDelegatingMetaClass.invokeStaticMethod(CustomKeywordDelegatingMetaClass.java:46)
	at org.codehaus.groovy.runtime.callsite.StaticMetaClassSite.call(StaticMetaClassSite.java:53)
	at org.codehaus.groovy.runtime.callsite.CallSiteArray.defaultCall(CallSiteArray.java:48)
	at org.codehaus.groovy.runtime.callsite.AbstractCallSite.call(AbstractCallSite.java:113)
	at org.codehaus.groovy.runtime.callsite.AbstractCallSite.call(AbstractCallSite.java:133)
	at Script1539834749887.run(Script1539834749887.groovy:15)
	at com.kms.katalon.core.main.ScriptEngine.run(ScriptEngine.java:183)
	at com.kms.katalon.core.main.ScriptEngine.runScriptAsRawText(ScriptEngine.java:108)
	at com.kms.katalon.core.main.TestCaseExecutor.runScript(TestCaseExecutor.java:294)
	at com.kms.katalon.core.main.TestCaseExecutor.doExecute(TestCaseExecutor.java:285)
	at com.kms.katalon.core.main.TestCaseExecutor.processExecutionPhase(TestCaseExecutor.java:264)
	at com.kms.katalon.core.main.TestCaseExecutor.accessMainPhase(TestCaseExecutor.java:256)
	at com.kms.katalon.core.main.TestCaseExecutor.execute(TestCaseExecutor.java:200)
	at com.kms.katalon.core.main.TestSuiteExecutor.accessTestCaseMainPhase(TestSuiteExecutor.java:129)
	at com.kms.katalon.core.main.TestSuiteExecutor.accessTestSuiteMainPhase(TestSuiteExecutor.java:112)
	at com.kms.katalon.core.main.TestSuiteExecutor.execute(TestSuiteExecutor.java:81)
	at com.kms.katalon.core.main.TestCaseMain.startTestSuite(TestCaseMain.java:142)
	at com.kms.katalon.core.main.TestCaseMain$startTestSuite$0.call(Unknown Source)
	at org.codehaus.groovy.runtime.callsite.CallSiteArray.defaultCall(CallSiteArray.java:48)
	at org.codehaus.groovy.runtime.callsite.AbstractCallSite.call(AbstractCallSite.java:113)
	at org.codehaus.groovy.runtime.callsite.AbstractCallSite.call(AbstractCallSite.java:141)
	at TempTestSuite1542632870489.run(TempTestSuite1542632870489.groovy:36)
	at groovy.lang.GroovyShell.runScriptOrMainOrTestOrRunnable(GroovyShell.java:263)
	at groovy.lang.GroovyShell.run(GroovyShell.java:518)
	at groovy.lang.GroovyShell.run(GroovyShell.java:507)
	at groovy.ui.GroovyMain.processOnce(GroovyMain.java:653)
	at groovy.ui.GroovyMain.run(GroovyMain.java:384)
	at groovy.ui.GroovyMain.process(GroovyMain.java:370)
	at groovy.ui.GroovyMain.processArgs(GroovyMain.java:129)
	at groovy.ui.GroovyMain.main(GroovyMain.java:109)
	at sun.reflect.NativeMethodAccessorImpl.invoke0(Native Method)
	at sun.reflect.NativeMethodAccessorImpl.invoke(NativeMethodAccessorImpl.java:62)
	at sun.reflect.DelegatingMethodAccessorImpl.invoke(DelegatingMethodAccessorImpl.java:43)
	at java.lang.reflect.Method.invoke(Method.java:498)
	at org.codehaus.groovy.tools.GroovyStarter.rootLoader(GroovyStarter.java:109)
	at org.codehaus.groovy.tools.GroovyStarter.main(GroovyStarter.java:131)
)

2018-11-19 21:18:13 - [TEST_STEP][PASSED] - iOS.otp_verification_screen.enterOTP: iOS.otp_verification_screen.enterOTP is PASSED

2018-11-19 21:18:44 - [MESSAGE][WARNING] - Object Object Repository/iOS/OTP Verification screen/OTP Verification screen not found

2018-11-19 21:18:44 - [MESSAGE][PASSED] - iOS.otp_verification_screen.enterOTP is PASSED

2018-11-19 21:18:44 - [TEST_STEP][PASSED] - global.wait_for_element.visible: global.wait_for_element.visible is PASSED

2018-11-19 21:18:48 - [MESSAGE][PASSED] - Element 'Object Repository/iOS/Navigation menu/My Account menu' is present

2018-11-19 21:18:48 - [MESSAGE][PASSED] - global.wait_for_element.visible is PASSED

2018-11-19 21:18:48 - [TEST_STEP][PASSED] - closeApplication: Close app successfully

2018-11-19 21:18:49 - [MESSAGE][PASSED] - Close app successfully

2018-11-19 21:18:49 - [TEST_STEP][PASSED] - startApplication: Started app at: '/Users/buenaanda/Katalon Studio/mobile-automation-katalon/Data Files/PeraHub_v3.2.0-QAT.app'

2018-11-19 21:19:04 - [MESSAGE][PASSED] - Started app at: '/Users/buenaanda/Katalon Studio/mobile-automation-katalon/Data Files/PeraHub_v3.2.0-QAT.app'

2018-11-19 21:19:04 - [TEST_STEP][FAILED] - global.verify_element.text: Element 'Object Repository/iOS/Login screen/Account Name' not found

2018-11-19 21:19:21 - [MESSAGE][FAILED] - Element 'Object Repository/iOS/Login screen/Account Name' not found
[[ATTACHMENT|/Users/buenaanda/Katalon Studio/mobile-automation-katalon/Reports/iOS/iOS Test Suite/20181119_210750/1542633560379.png]]

2018-11-19 21:19:21 - [MESSAGE][FAILED] - Element 'Object Repository/iOS/Login screen/Account Name' not found

2018-11-19 21:19:21 - [TEST_STEP][PASSED] - global.verify_element.exist: global.verify_element.exist is PASSED

2018-11-19 21:19:24 - [MESSAGE][PASSED] - Element 'Object Repository/iOS/Login screen/Password field' is exist

2018-11-19 21:19:24 - [MESSAGE][PASSED] - global.verify_element.exist is PASSED]]></system-out>
         <system-err><![CDATA[2018-11-19 21:18:13 - [TEST_CASE][FAILED] - Test Cases/iOS/Login/LOG_12: Test Cases/iOS/Login/LOG_12 FAILED because (of) (Stack trace: com.kms.katalon.core.exception.StepFailedException: Element 'Object Repository/iOS/Login screen/Account Name' not found
	at com.kms.katalon.core.keyword.internal.KeywordMain.stepFailed(KeywordMain.groovy:32)
	at com.kms.katalon.core.mobile.keyword.internal.MobileKeywordMain.stepFailed(MobileKeywordMain.groovy:40)
	at com.kms.katalon.core.mobile.keyword.builtin.VerifyElementTextKeyword$_verifyElementText_closure1.doCall(VerifyElementTextKeyword.groovy:49)
	at com.kms.katalon.core.mobile.keyword.builtin.VerifyElementTextKeyword$_verifyElementText_closure1.call(VerifyElementTextKeyword.groovy)
	at com.kms.katalon.core.mobile.keyword.internal.MobileKeywordMain.runKeyword(MobileKeywordMain.groovy:21)
	at com.kms.katalon.core.mobile.keyword.builtin.VerifyElementTextKeyword.verifyElementText(VerifyElementTextKeyword.groovy:62)
	at com.kms.katalon.core.mobile.keyword.builtin.VerifyElementTextKeyword.execute(VerifyElementTextKeyword.groovy:39)
	at com.kms.katalon.core.keyword.internal.KeywordExecutor.executeKeywordForPlatform(KeywordExecutor.groovy:53)
	at com.kms.katalon.core.mobile.keyword.MobileBuiltInKeywords.verifyElementText(MobileBuiltInKeywords.groovy:1751)
	at com.kms.katalon.core.mobile.keyword.MobileBuiltInKeywords$verifyElementText$4.call(Unknown Source)
	at global.verify_element.text(verify_element.groovy:28)
	at sun.reflect.NativeMethodAccessorImpl.invoke0(Native Method)
	at sun.reflect.NativeMethodAccessorImpl.invoke(NativeMethodAccessorImpl.java:62)
	at sun.reflect.DelegatingMethodAccessorImpl.invoke(DelegatingMethodAccessorImpl.java:43)
	at java.lang.reflect.Method.invoke(Method.java:498)
	at org.codehaus.groovy.reflection.CachedMethod.invoke(CachedMethod.java:93)
	at groovy.lang.MetaMethod.doMethodInvoke(MetaMethod.java:325)
	at groovy.lang.MetaClassImpl.invokeMethod(MetaClassImpl.java:1215)
	at groovy.lang.MetaClassImpl.invokeMethod(MetaClassImpl.java:1024)
	at groovy.lang.MetaClassImpl.invokeMethod(MetaClassImpl.java:812)
	at groovy.lang.DelegatingMetaClass.invokeMethod(DelegatingMetaClass.java:144)
	at global.verify_element.invokeMethod(verify_element.groovy)
	at com.kms.katalon.core.main.CustomKeywordDelegatingMetaClass.invokeStaticMethod(CustomKeywordDelegatingMetaClass.java:46)
	at org.codehaus.groovy.runtime.callsite.StaticMetaClassSite.call(StaticMetaClassSite.java:53)
	at org.codehaus.groovy.runtime.callsite.CallSiteArray.defaultCall(CallSiteArray.java:48)
	at org.codehaus.groovy.runtime.callsite.AbstractCallSite.call(AbstractCallSite.java:113)
	at org.codehaus.groovy.runtime.callsite.AbstractCallSite.call(AbstractCallSite.java:133)
	at Script1539834749887.run(Script1539834749887.groovy:15)
	at com.kms.katalon.core.main.ScriptEngine.run(ScriptEngine.java:183)
	at com.kms.katalon.core.main.ScriptEngine.runScriptAsRawText(ScriptEngine.java:108)
	at com.kms.katalon.core.main.TestCaseExecutor.runScript(TestCaseExecutor.java:294)
	at com.kms.katalon.core.main.TestCaseExecutor.doExecute(TestCaseExecutor.java:285)
	at com.kms.katalon.core.main.TestCaseExecutor.processExecutionPhase(TestCaseExecutor.java:264)
	at com.kms.katalon.core.main.TestCaseExecutor.accessMainPhase(TestCaseExecutor.java:256)
	at com.kms.katalon.core.main.TestCaseExecutor.execute(TestCaseExecutor.java:200)
	at com.kms.katalon.core.main.TestSuiteExecutor.accessTestCaseMainPhase(TestSuiteExecutor.java:129)
	at com.kms.katalon.core.main.TestSuiteExecutor.accessTestSuiteMainPhase(TestSuiteExecutor.java:112)
	at com.kms.katalon.core.main.TestSuiteExecutor.execute(TestSuiteExecutor.java:81)
	at com.kms.katalon.core.main.TestCaseMain.startTestSuite(TestCaseMain.java:142)
	at com.kms.katalon.core.main.TestCaseMain$startTestSuite$0.call(Unknown Source)
	at org.codehaus.groovy.runtime.callsite.CallSiteArray.defaultCall(CallSiteArray.java:48)
	at org.codehaus.groovy.runtime.callsite.AbstractCallSite.call(AbstractCallSite.java:113)
	at org.codehaus.groovy.runtime.callsite.AbstractCallSite.call(AbstractCallSite.java:141)
	at TempTestSuite1542632870489.run(TempTestSuite1542632870489.groovy:36)
	at groovy.lang.GroovyShell.runScriptOrMainOrTestOrRunnable(GroovyShell.java:263)
	at groovy.lang.GroovyShell.run(GroovyShell.java:518)
	at groovy.lang.GroovyShell.run(GroovyShell.java:507)
	at groovy.ui.GroovyMain.processOnce(GroovyMain.java:653)
	at groovy.ui.GroovyMain.run(GroovyMain.java:384)
	at groovy.ui.GroovyMain.process(GroovyMain.java:370)
	at groovy.ui.GroovyMain.processArgs(GroovyMain.java:129)
	at groovy.ui.GroovyMain.main(GroovyMain.java:109)
	at sun.reflect.NativeMethodAccessorImpl.invoke0(Native Method)
	at sun.reflect.NativeMethodAccessorImpl.invoke(NativeMethodAccessorImpl.java:62)
	at sun.reflect.DelegatingMethodAccessorImpl.invoke(DelegatingMethodAccessorImpl.java:43)
	at java.lang.reflect.Method.invoke(Method.java:498)
	at org.codehaus.groovy.tools.GroovyStarter.rootLoader(GroovyStarter.java:109)
	at org.codehaus.groovy.tools.GroovyStarter.main(GroovyStarter.java:131)
)]]></system-err>
      </testcase>
      <testcase name="Test Cases/iOS/Login/LOG_13" classname="Test Cases/iOS/Login/LOG_13" status="PASSED">
         <system-out><![CDATA[2018-11-19 21:19:24 - [TEST_CASE][PASSED] - Test Cases/iOS/Login/LOG_13: Test Cases/iOS/Login/LOG_13

2018-11-19 21:19:24 - [TEST_STEP][PASSED] - iOS.login_screen.enterPassword: iOS.login_screen.enterPassword is PASSED

2018-11-19 21:19:27 - [MESSAGE][PASSED] - Text 'Hello!23' has been set to element 'Object Repository/iOS/Login screen/Password field'

2018-11-19 21:19:28 - [MESSAGE][PASSED] - Keyboard is hidden

2018-11-19 21:19:28 - [MESSAGE][PASSED] - iOS.login_screen.enterPassword is PASSED

2018-11-19 21:19:28 - [TEST_STEP][PASSED] - iOS.login_screen.tapSignIn: iOS.login_screen.tapSignIn is PASSED

2018-11-19 21:19:31 - [MESSAGE][PASSED] - Tapped on element 'Object Repository/iOS/Login screen/Sign in button'

2018-11-19 21:19:34 - [MESSAGE][PASSED] - Delayed 3 second(s)

2018-11-19 21:19:34 - [MESSAGE][PASSED] - iOS.login_screen.tapSignIn is PASSED

2018-11-19 21:19:34 - [TEST_STEP][PASSED] - iOS.otp_verification_screen.enterOTP: iOS.otp_verification_screen.enterOTP is PASSED

2018-11-19 21:19:36 - [MESSAGE][PASSED] - Element 'Object Repository/iOS/OTP Verification screen/OTP Verification screen' is present

2018-11-19 21:19:37 - [MESSAGE][PASSED] - iOS.otp_verification_screen.enterOTP is PASSED

2018-11-19 21:19:37 - [TEST_STEP][PASSED] - global.verify_element.text: global.verify_element.text is PASSED

2018-11-19 21:19:46 - [MESSAGE][PASSED] - Actual text and expected text of test object 'Object Repository/iOS/My Account screen/Account Name' are matched.

2018-11-19 21:19:46 - [MESSAGE][PASSED] - global.verify_element.text is PASSED

2018-11-19 21:19:46 - [TEST_STEP][PASSED] - closeApplication: Close app successfully

2018-11-19 21:19:46 - [MESSAGE][PASSED] - Close app successfully]]></system-out>
         <system-err><![CDATA[]]></system-err>
      </testcase>
      <testcase name="Test Cases/iOS/Login/LOG_14" classname="Test Cases/iOS/Login/LOG_14" status="PASSED">
         <system-out><![CDATA[2018-11-19 21:19:46 - [TEST_CASE][PASSED] - Test Cases/iOS/Login/LOG_14: Test Cases/iOS/Login/LOG_14

2018-11-19 21:19:46 - [TEST_STEP][PASSED] - startApplication: Started app at: '/Users/buenaanda/Katalon Studio/mobile-automation-katalon/Data Files/PeraHub_v3.2.0-QAT.app'

2018-11-19 21:20:01 - [MESSAGE][PASSED] - Started app at: '/Users/buenaanda/Katalon Studio/mobile-automation-katalon/Data Files/PeraHub_v3.2.0-QAT.app'

2018-11-19 21:20:01 - [TEST_STEP][PASSED] - iOS.login_screen.enterPassword: iOS.login_screen.enterPassword is PASSED

2018-11-19 21:20:05 - [MESSAGE][PASSED] - Text '1nvalid' has been set to element 'Object Repository/iOS/Login screen/Password field'

2018-11-19 21:20:06 - [MESSAGE][PASSED] - Keyboard is hidden

2018-11-19 21:20:06 - [MESSAGE][PASSED] - iOS.login_screen.enterPassword is PASSED

2018-11-19 21:20:06 - [TEST_STEP][PASSED] - iOS.login_screen.tapSignIn: iOS.login_screen.tapSignIn is PASSED

2018-11-19 21:20:09 - [MESSAGE][PASSED] - Tapped on element 'Object Repository/iOS/Login screen/Sign in button'

2018-11-19 21:20:12 - [MESSAGE][PASSED] - Delayed 3 second(s)

2018-11-19 21:20:12 - [MESSAGE][PASSED] - iOS.login_screen.tapSignIn is PASSED

2018-11-19 21:20:12 - [TEST_STEP][PASSED] - global.verify_element.text: global.verify_element.text is PASSED

2018-11-19 21:20:15 - [MESSAGE][PASSED] - Actual text and expected text of test object 'Object Repository/iOS/Login screen/Error username and password' are matched.

2018-11-19 21:20:15 - [MESSAGE][PASSED] - global.verify_element.text is PASSED

2018-11-19 21:20:15 - [TEST_STEP][PASSED] - iOS.login_screen.tapOK: iOS.login_screen.tapOK is PASSED

2018-11-19 21:20:18 - [MESSAGE][PASSED] - Tapped on element 'Object Repository/iOS/Login screen/OK button'

2018-11-19 21:20:18 - [MESSAGE][PASSED] - iOS.login_screen.tapOK is PASSED

2018-11-19 21:20:18 - [TEST_STEP][PASSED] - iOS.login_screen.tapLogout: iOS.login_screen.tapLogout is PASSED

2018-11-19 21:20:20 - [MESSAGE][PASSED] - Tapped on element 'Object Repository/iOS/Login screen/Logout button'

2018-11-19 21:20:20 - [MESSAGE][PASSED] - iOS.login_screen.tapLogout is PASSED

2018-11-19 21:20:20 - [TEST_STEP][PASSED] - closeApplication: Close app successfully

2018-11-19 21:20:20 - [MESSAGE][PASSED] - Close app successfully]]></system-out>
         <system-err><![CDATA[]]></system-err>
      </testcase>
      <testcase name="Test Cases/iOS/Login/LOG_20" classname="Test Cases/iOS/Login/LOG_20" status="PASSED">
         <system-out><![CDATA[2018-11-19 21:20:20 - [TEST_CASE][PASSED] - Test Cases/iOS/Login/LOG_20: Test Cases/iOS/Login/LOG_20

2018-11-19 21:20:20 - [TEST_STEP][PASSED] - startApplication: Started app at: '/Users/buenaanda/Katalon Studio/mobile-automation-katalon/Data Files/PeraHub_v3.2.0-QAT.app'

2018-11-19 21:20:33 - [MESSAGE][PASSED] - Started app at: '/Users/buenaanda/Katalon Studio/mobile-automation-katalon/Data Files/PeraHub_v3.2.0-QAT.app'

2018-11-19 21:20:33 - [TEST_STEP][PASSED] - iOS.initial_screen.tapLogin: iOS.initial_screen.tapLogin is PASSED

2018-11-19 21:20:35 - [MESSAGE][PASSED] - Tapped on element 'Object Repository/iOS/Initial screen/Login button'

2018-11-19 21:20:35 - [MESSAGE][PASSED] - iOS.initial_screen.tapLogin is PASSED

2018-11-19 21:20:35 - [TEST_STEP][PASSED] - iOS.login_screen.enterUsername: iOS.login_screen.enterUsername is PASSED

2018-11-19 21:20:39 - [MESSAGE][PASSED] - Text 'allen_15' has been set to element 'Object Repository/iOS/Login screen/Username field'

2018-11-19 21:20:39 - [MESSAGE][PASSED] - iOS.login_screen.enterUsername is PASSED

2018-11-19 21:20:39 - [TEST_STEP][PASSED] - iOS.login_screen.enterPassword: iOS.login_screen.enterPassword is PASSED

2018-11-19 21:20:44 - [MESSAGE][PASSED] - Text 'Hello!23' has been set to element 'Object Repository/iOS/Login screen/Password field'

2018-11-19 21:20:45 - [MESSAGE][PASSED] - Keyboard is hidden

2018-11-19 21:20:45 - [MESSAGE][PASSED] - iOS.login_screen.enterPassword is PASSED

2018-11-19 21:20:45 - [TEST_STEP][PASSED] - iOS.login_screen.tapLogin: iOS.login_screen.tapLogin is PASSED

2018-11-19 21:20:48 - [MESSAGE][PASSED] - Tapped on element 'Object Repository/iOS/Login screen/Login button'

2018-11-19 21:20:51 - [MESSAGE][PASSED] - Delayed 3 second(s)

2018-11-19 21:20:51 - [MESSAGE][PASSED] - iOS.login_screen.tapLogin is PASSED

2018-11-19 21:20:51 - [TEST_STEP][PASSED] - iOS.otp_verification_screen.enterOTP: iOS.otp_verification_screen.enterOTP is PASSED

2018-11-19 21:20:53 - [MESSAGE][PASSED] - Element 'Object Repository/iOS/OTP Verification screen/OTP Verification screen' is present

2018-11-19 21:20:53 - [MESSAGE][PASSED] - iOS.otp_verification_screen.enterOTP is PASSED

2018-11-19 21:20:53 - [TEST_STEP][PASSED] - delay: Delayed 400 second(s)

2018-11-19 21:27:33 - [MESSAGE][PASSED] - Delayed 400 second(s)

2018-11-19 21:27:33 - [TEST_STEP][PASSED] - iOS.navigation_menu.tapTransferMoney: iOS.navigation_menu.tapTransferMoney is PASSED

2018-11-19 21:27:33 - [MESSAGE][WARNING] - Timeout '0' is invalid. Using default page load timeout: '15'

2018-11-19 21:27:38 - [MESSAGE][PASSED] - Tapped on element 'Object Repository/iOS/Navigation menu/Transfer Money menu'

2018-11-19 21:27:38 - [MESSAGE][PASSED] - iOS.navigation_menu.tapTransferMoney is PASSED

2018-11-19 21:27:38 - [TEST_STEP][PASSED] - iOS.transfer_money_screen.tapSendMoney: iOS.transfer_money_screen.tapSendMoney is PASSED

2018-11-19 21:27:38 - [MESSAGE][WARNING] - Timeout '0' is invalid. Using default page load timeout: '15'

2018-11-19 21:27:41 - [MESSAGE][PASSED] - Tapped on element 'Object Repository/iOS/Transfer Money screen/Send Money button'

2018-11-19 21:27:41 - [MESSAGE][PASSED] - iOS.transfer_money_screen.tapSendMoney is PASSED

2018-11-19 21:27:41 - [TEST_STEP][PASSED] - global.verify_element.text: global.verify_element.text is PASSED

2018-11-19 21:27:48 - [MESSAGE][PASSED] - Actual text and expected text of test object 'Object Repository/iOS/Global/Error inactive' are matched.

2018-11-19 21:27:48 - [MESSAGE][PASSED] - global.verify_element.text is PASSED

2018-11-19 21:27:48 - [TEST_STEP][PASSED] - iOS.inactive_screen.tapOK: iOS.inactive_screen.tapOK is PASSED

2018-11-19 21:27:52 - [MESSAGE][PASSED] - Tapped on element 'Object Repository/iOS/Global/OK button'

2018-11-19 21:27:57 - [MESSAGE][PASSED] - Element 'Object Repository/iOS/Login screen/Password field' is present

2018-11-19 21:27:57 - [MESSAGE][PASSED] - iOS.inactive_screen.tapOK is PASSED

2018-11-19 21:27:57 - [TEST_STEP][PASSED] - global.verify_element.exist: global.verify_element.exist is PASSED

2018-11-19 21:28:00 - [MESSAGE][PASSED] - Element 'Object Repository/iOS/Login screen/Password field' is exist

2018-11-19 21:28:00 - [MESSAGE][PASSED] - global.verify_element.exist is PASSED

2018-11-19 21:28:00 - [TEST_STEP][PASSED] - iOS.login_screen.tapLogout: iOS.login_screen.tapLogout is PASSED

2018-11-19 21:28:03 - [MESSAGE][PASSED] - Tapped on element 'Object Repository/iOS/Login screen/Logout button'

2018-11-19 21:28:03 - [MESSAGE][PASSED] - iOS.login_screen.tapLogout is PASSED

2018-11-19 21:28:03 - [TEST_STEP][PASSED] - closeApplication: Close app successfully

2018-11-19 21:28:04 - [MESSAGE][PASSED] - Close app successfully]]></system-out>
         <system-err><![CDATA[]]></system-err>
      </testcase>
      <testcase name="Test Cases/iOS/Send Money Branch/SMB_01" classname="Test Cases/iOS/Send Money Branch/SMB_01" status="PASSED">
         <system-out><![CDATA[2018-11-19 21:28:04 - [TEST_CASE][PASSED] - Test Cases/iOS/Send Money Branch/SMB_01: Test Cases/iOS/Send Money Branch/SMB_01

2018-11-19 21:28:04 - [TEST_STEP][PASSED] - startApplication: Started app at: '/Users/buenaanda/Katalon Studio/mobile-automation-katalon/Data Files/PeraHub_v3.2.0-QAT.app'

2018-11-19 21:28:20 - [MESSAGE][PASSED] - Started app at: '/Users/buenaanda/Katalon Studio/mobile-automation-katalon/Data Files/PeraHub_v3.2.0-QAT.app'

2018-11-19 21:28:20 - [TEST_STEP][PASSED] - iOS.initial_screen.tapLogin: iOS.initial_screen.tapLogin is PASSED

2018-11-19 21:28:22 - [MESSAGE][PASSED] - Tapped on element 'Object Repository/iOS/Initial screen/Login button'

2018-11-19 21:28:22 - [MESSAGE][PASSED] - iOS.initial_screen.tapLogin is PASSED

2018-11-19 21:28:22 - [TEST_STEP][PASSED] - iOS.login_screen.enterUsername: iOS.login_screen.enterUsername is PASSED

2018-11-19 21:28:26 - [MESSAGE][PASSED] - Text 'allen_15' has been set to element 'Object Repository/iOS/Login screen/Username field'

2018-11-19 21:28:26 - [MESSAGE][PASSED] - iOS.login_screen.enterUsername is PASSED

2018-11-19 21:28:26 - [TEST_STEP][PASSED] - iOS.login_screen.enterPassword: iOS.login_screen.enterPassword is PASSED

2018-11-19 21:28:29 - [MESSAGE][PASSED] - Text 'Hello!23' has been set to element 'Object Repository/iOS/Login screen/Password field'

2018-11-19 21:28:31 - [MESSAGE][PASSED] - Keyboard is hidden

2018-11-19 21:28:31 - [MESSAGE][PASSED] - iOS.login_screen.enterPassword is PASSED

2018-11-19 21:28:31 - [TEST_STEP][PASSED] - iOS.login_screen.tapLogin: iOS.login_screen.tapLogin is PASSED

2018-11-19 21:28:33 - [MESSAGE][PASSED] - Tapped on element 'Object Repository/iOS/Login screen/Login button'

2018-11-19 21:28:36 - [MESSAGE][PASSED] - Delayed 3 second(s)

2018-11-19 21:28:36 - [MESSAGE][PASSED] - iOS.login_screen.tapLogin is PASSED

2018-11-19 21:28:36 - [TEST_STEP][PASSED] - iOS.otp_verification_screen.enterOTP: iOS.otp_verification_screen.enterOTP is PASSED

2018-11-19 21:28:39 - [MESSAGE][PASSED] - Element 'Object Repository/iOS/OTP Verification screen/OTP Verification screen' is present

2018-11-19 21:28:39 - [MESSAGE][PASSED] - iOS.otp_verification_screen.enterOTP is PASSED

2018-11-19 21:28:39 - [TEST_STEP][PASSED] - iOS.navigation_menu.tapTransferMoney: iOS.navigation_menu.tapTransferMoney is PASSED

2018-11-19 21:28:39 - [MESSAGE][WARNING] - Timeout '0' is invalid. Using default page load timeout: '15'

2018-11-19 21:28:47 - [MESSAGE][PASSED] - Tapped on element 'Object Repository/iOS/Navigation menu/Transfer Money menu'

2018-11-19 21:28:47 - [MESSAGE][PASSED] - iOS.navigation_menu.tapTransferMoney is PASSED

2018-11-19 21:28:47 - [TEST_STEP][PASSED] - iOS.transfer_money_screen.tapSendMoney: iOS.transfer_money_screen.tapSendMoney is PASSED

2018-11-19 21:28:47 - [MESSAGE][WARNING] - Timeout '0' is invalid. Using default page load timeout: '15'

2018-11-19 21:28:51 - [MESSAGE][PASSED] - Tapped on element 'Object Repository/iOS/Transfer Money screen/Send Money button'

2018-11-19 21:28:51 - [MESSAGE][PASSED] - iOS.transfer_money_screen.tapSendMoney is PASSED

2018-11-19 21:28:51 - [TEST_STEP][PASSED] - iOS.transfer_money_screen.tapBranchTransaction: iOS.transfer_money_screen.tapBranchTransaction is PASSED

2018-11-19 21:29:00 - [MESSAGE][PASSED] - Tapped on element 'Object Repository/iOS/Transfer Money screen/Branch Transaction button'

2018-11-19 21:29:00 - [MESSAGE][PASSED] - iOS.transfer_money_screen.tapBranchTransaction is PASSED

2018-11-19 21:29:00 - [TEST_STEP][PASSED] - global.verify_element.exist: global.verify_element.exist is PASSED

2018-11-19 21:29:05 - [MESSAGE][PASSED] - Element 'Object Repository/iOS/Send Money screen/Send Via Branch screen' is exist

2018-11-19 21:29:05 - [MESSAGE][PASSED] - global.verify_element.exist is PASSED]]></system-out>
         <system-err><![CDATA[]]></system-err>
      </testcase>
      <testcase name="Test Cases/iOS/Send Money Branch/SMB_07" classname="Test Cases/iOS/Send Money Branch/SMB_07" status="PASSED">
         <system-out><![CDATA[2018-11-19 21:29:05 - [TEST_CASE][PASSED] - Test Cases/iOS/Send Money Branch/SMB_07: Test Cases/iOS/Send Money Branch/SMB_07

2018-11-19 21:29:05 - [TEST_STEP][PASSED] - Statement - Receiver_label = com.kms.katalon.core.testobject.ObjectRepository.findTestObject(iOS/Global/Generic text, [label:Receiver:]): Finding Test Object with id 'Object Repository/iOS/Global/Generic text'

2018-11-19 21:29:05 - [TEST_STEP][PASSED] - Statement - Contact_label = com.kms.katalon.core.testobject.ObjectRepository.findTestObject(iOS/Global/Generic text, [label:Contact:]): Finding Test Object with id 'Object Repository/iOS/Global/Generic text'

2018-11-19 21:29:05 - [TEST_STEP][PASSED] - iOS.send_money_screen.tapPersonalInformation: iOS.send_money_screen.tapPersonalInformation is PASSED

2018-11-19 21:29:08 - [MESSAGE][PASSED] - Tapped on element 'Object Repository/iOS/Send Money screen/Personal Information button'

2018-11-19 21:29:08 - [MESSAGE][PASSED] - iOS.send_money_screen.tapPersonalInformation is PASSED

2018-11-19 21:29:08 - [TEST_STEP][PASSED] - iOS.send_money_screen.tapClose: iOS.send_money_screen.tapClose is PASSED

2018-11-19 21:29:11 - [MESSAGE][PASSED] - Tapped on element 'Object Repository/iOS/Global/Close button'

2018-11-19 21:29:11 - [MESSAGE][PASSED] - iOS.send_money_screen.tapClose is PASSED

2018-11-19 21:29:11 - [TEST_STEP][PASSED] - global.verify_element.notExist: global.verify_element.notExist is PASSED

2018-11-19 21:29:17 - [MESSAGE][PASSED] - Element 'Object Repository/iOS/Global/Generic text' not found

2018-11-19 21:29:17 - [MESSAGE][PASSED] - global.verify_element.notExist is PASSED

2018-11-19 21:29:17 - [TEST_STEP][PASSED] - global.verify_element.notExist: global.verify_element.notExist is PASSED

2018-11-19 21:29:22 - [MESSAGE][PASSED] - Element 'Object Repository/iOS/Global/Generic text' not found

2018-11-19 21:29:22 - [MESSAGE][PASSED] - global.verify_element.notExist is PASSED]]></system-out>
         <system-err><![CDATA[]]></system-err>
      </testcase>
      <testcase name="Test Cases/iOS/Send Money Branch/SMB_02" classname="Test Cases/iOS/Send Money Branch/SMB_02" status="PASSED">
         <system-out><![CDATA[2018-11-19 21:29:22 - [TEST_CASE][PASSED] - Test Cases/iOS/Send Money Branch/SMB_02: Test Cases/iOS/Send Money Branch/SMB_02

2018-11-19 21:29:22 - [TEST_STEP][PASSED] - iOS.send_money_screen.tapPersonalInformation: iOS.send_money_screen.tapPersonalInformation is PASSED

2018-11-19 21:29:25 - [MESSAGE][PASSED] - Tapped on element 'Object Repository/iOS/Send Money screen/Personal Information button'

2018-11-19 21:29:25 - [MESSAGE][PASSED] - iOS.send_money_screen.tapPersonalInformation is PASSED

2018-11-19 21:29:25 - [TEST_STEP][PASSED] - global.verify_element.exist: global.verify_element.exist is PASSED

2018-11-19 21:29:28 - [MESSAGE][PASSED] - Element 'Object Repository/iOS/Send Money screen/First Name field' is exist

2018-11-19 21:29:28 - [MESSAGE][PASSED] - global.verify_element.exist is PASSED

2018-11-19 21:29:28 - [TEST_STEP][PASSED] - global.verify_element.exist: global.verify_element.exist is PASSED

2018-11-19 21:29:30 - [MESSAGE][PASSED] - Element 'Object Repository/iOS/Send Money screen/Middle Name field' is exist

2018-11-19 21:29:30 - [MESSAGE][PASSED] - global.verify_element.exist is PASSED

2018-11-19 21:29:30 - [TEST_STEP][PASSED] - global.verify_element.exist: global.verify_element.exist is PASSED

2018-11-19 21:29:32 - [MESSAGE][PASSED] - Element 'Object Repository/iOS/Send Money screen/Last Name field' is exist

2018-11-19 21:29:32 - [MESSAGE][PASSED] - global.verify_element.exist is PASSED

2018-11-19 21:29:32 - [TEST_STEP][PASSED] - global.verify_element.exist: global.verify_element.exist is PASSED

2018-11-19 21:29:34 - [MESSAGE][PASSED] - Element 'Object Repository/iOS/Send Money screen/Mobile Number field' is exist

2018-11-19 21:29:34 - [MESSAGE][PASSED] - global.verify_element.exist is PASSED

2018-11-19 21:29:34 - [TEST_STEP][PASSED] - global.verify_element.exist: global.verify_element.exist is PASSED

2018-11-19 21:29:37 - [MESSAGE][PASSED] - Element 'Object Repository/iOS/Send Money screen/Phone Number field' is exist

2018-11-19 21:29:37 - [MESSAGE][PASSED] - global.verify_element.exist is PASSED

2018-11-19 21:29:37 - [TEST_STEP][PASSED] - global.verify_element.exist: global.verify_element.exist is PASSED

2018-11-19 21:29:39 - [MESSAGE][PASSED] - Element 'Object Repository/iOS/Global/Save button' is exist

2018-11-19 21:29:39 - [MESSAGE][PASSED] - global.verify_element.exist is PASSED

2018-11-19 21:29:39 - [TEST_STEP][PASSED] - global.verify_element.exist: global.verify_element.exist is PASSED

2018-11-19 21:29:41 - [MESSAGE][PASSED] - Element 'Object Repository/iOS/Global/Close button' is exist

2018-11-19 21:29:41 - [MESSAGE][PASSED] - global.verify_element.exist is PASSED]]></system-out>
         <system-err><![CDATA[]]></system-err>
      </testcase>
      <testcase name="Test Cases/iOS/Send Money Branch/SMB_03" classname="Test Cases/iOS/Send Money Branch/SMB_03" status="PASSED">
         <system-out><![CDATA[2018-11-19 21:29:41 - [TEST_CASE][PASSED] - Test Cases/iOS/Send Money Branch/SMB_03: Test Cases/iOS/Send Money Branch/SMB_03

2018-11-19 21:29:41 - [TEST_STEP][PASSED] - Statement - randomFirstName = new global.random_data().firstName(): null

2018-11-19 21:29:42 - [TEST_STEP][PASSED] - Statement - randomLastName = new global.random_data().lastName(): null

2018-11-19 21:29:42 - [TEST_STEP][PASSED] - Statement - randomMobileNumber = new global.random_data().mobileNumber(): null

2018-11-19 21:29:42 - [TEST_STEP][PASSED] - Statement - firstName = randomFirstName: null

2018-11-19 21:29:42 - [TEST_STEP][PASSED] - Statement - lastName = randomLastName: null

2018-11-19 21:29:42 - [TEST_STEP][PASSED] - Statement - mobileNumber = randomMobileNumber: null

2018-11-19 21:29:42 - [TEST_STEP][PASSED] - Statement - receiverName = firstName + "  " + lastName: null

2018-11-19 21:29:42 - [TEST_STEP][PASSED] - Statement - Receiver_Name = com.kms.katalon.core.testobject.ObjectRepository.findTestObject(iOS/Global/Generic text, [label:receiverName]): Finding Test Object with id 'Object Repository/iOS/Global/Generic text'

2018-11-19 21:29:42 - [TEST_STEP][PASSED] - Statement - Receiver_Contact = com.kms.katalon.core.testobject.ObjectRepository.findTestObject(iOS/Global/Generic text, [label:mobileNumber]): Finding Test Object with id 'Object Repository/iOS/Global/Generic text'

2018-11-19 21:29:42 - [TEST_STEP][PASSED] - iOS.send_money_screen.enterFirstName: iOS.send_money_screen.enterFirstName is PASSED

2018-11-19 21:29:46 - [MESSAGE][PASSED] - Text 'Caleb' has been set to element 'Object Repository/iOS/Send Money screen/First Name field'

2018-11-19 21:29:46 - [MESSAGE][PASSED] - iOS.send_money_screen.enterFirstName is PASSED

2018-11-19 21:29:46 - [TEST_STEP][PASSED] - iOS.send_money_screen.enterLastName: iOS.send_money_screen.enterLastName is PASSED

2018-11-19 21:29:50 - [MESSAGE][PASSED] - Text 'Howe' has been set to element 'Object Repository/iOS/Send Money screen/Last Name field'

2018-11-19 21:29:50 - [MESSAGE][PASSED] - iOS.send_money_screen.enterLastName is PASSED

2018-11-19 21:29:50 - [TEST_STEP][PASSED] - iOS.send_money_screen.enterMobileNumber: iOS.send_money_screen.enterMobileNumber is PASSED

2018-11-19 21:29:55 - [MESSAGE][PASSED] - Text '62908414141' has been set to element 'Object Repository/iOS/Send Money screen/Mobile Number field'

2018-11-19 21:29:58 - [MESSAGE][PASSED] - Tapped on element 'Object Repository/iOS/Global/Toolbar Done Button'

2018-11-19 21:29:58 - [MESSAGE][PASSED] - iOS.send_money_screen.enterMobileNumber is PASSED

2018-11-19 21:29:58 - [TEST_STEP][PASSED] - iOS.send_money_screen.tapSave: iOS.send_money_screen.tapSave is PASSED

2018-11-19 21:30:01 - [MESSAGE][PASSED] - Tapped on element 'Object Repository/iOS/Global/Save button'

2018-11-19 21:30:04 - [MESSAGE][PASSED] - Delayed 3 second(s)

2018-11-19 21:30:04 - [MESSAGE][PASSED] - iOS.send_money_screen.tapSave is PASSED

2018-11-19 21:30:04 - [TEST_STEP][PASSED] - global.verify_element.exist: global.verify_element.exist is PASSED

2018-11-19 21:30:07 - [MESSAGE][PASSED] - Element 'Object Repository/iOS/Global/Generic text' is exist

2018-11-19 21:30:07 - [MESSAGE][PASSED] - global.verify_element.exist is PASSED

2018-11-19 21:30:07 - [TEST_STEP][PASSED] - global.verify_element.exist: global.verify_element.exist is PASSED

2018-11-19 21:30:10 - [MESSAGE][PASSED] - Element 'Object Repository/iOS/Global/Generic text' is exist

2018-11-19 21:30:10 - [MESSAGE][PASSED] - global.verify_element.exist is PASSED]]></system-out>
         <system-err><![CDATA[]]></system-err>
      </testcase>
      <testcase name="Test Cases/iOS/Send Money Branch/SMB_04" classname="Test Cases/iOS/Send Money Branch/SMB_04" status="PASSED">
         <system-out><![CDATA[2018-11-19 21:30:10 - [TEST_CASE][PASSED] - Test Cases/iOS/Send Money Branch/SMB_04: Test Cases/iOS/Send Money Branch/SMB_04

2018-11-19 21:30:11 - [TEST_STEP][PASSED] - Statement - First_name_field = com.kms.katalon.core.testobject.ObjectRepository.findTestObject(iOS/Global/Generic field, [value:internal.GlobalVariable.randomFirstName]): Finding Test Object with id 'Object Repository/iOS/Global/Generic field'

2018-11-19 21:30:11 - [TEST_STEP][PASSED] - Statement - Last_name_field = com.kms.katalon.core.testobject.ObjectRepository.findTestObject(iOS/Global/Generic field, [value:internal.GlobalVariable.randomLastName]): Finding Test Object with id 'Object Repository/iOS/Global/Generic field'

2018-11-19 21:30:11 - [TEST_STEP][PASSED] - Statement - Mobile_number_field = com.kms.katalon.core.testobject.ObjectRepository.findTestObject(iOS/Global/Generic field, [value:internal.GlobalVariable.randomMobileNumber]): Finding Test Object with id 'Object Repository/iOS/Global/Generic field'

2018-11-19 21:30:11 - [TEST_STEP][PASSED] - Statement - Firstname_is_required_error = com.kms.katalon.core.testobject.ObjectRepository.findTestObject(iOS/Global/Generic text, [label:Firstname is required]): Finding Test Object with id 'Object Repository/iOS/Global/Generic text'

2018-11-19 21:30:11 - [TEST_STEP][PASSED] - Statement - Lastname_is_required_error = com.kms.katalon.core.testobject.ObjectRepository.findTestObject(iOS/Global/Generic text, [label:Lastname is required]): Finding Test Object with id 'Object Repository/iOS/Global/Generic text'

2018-11-19 21:30:11 - [TEST_STEP][PASSED] - Statement - Mobile_number_is_required_error = com.kms.katalon.core.testobject.ObjectRepository.findTestObject(iOS/Global/Generic text, [label:Mobile number is required]): Finding Test Object with id 'Object Repository/iOS/Global/Generic text'

2018-11-19 21:30:11 - [TEST_STEP][PASSED] - iOS.send_money_screen.tapPersonalInformation: iOS.send_money_screen.tapPersonalInformation is PASSED

2018-11-19 21:30:14 - [MESSAGE][PASSED] - Tapped on element 'Object Repository/iOS/Send Money screen/Personal Information button'

2018-11-19 21:30:14 - [MESSAGE][PASSED] - iOS.send_money_screen.tapPersonalInformation is PASSED

2018-11-19 21:30:14 - [TEST_STEP][PASSED] - iOS.send_money_screen.enterField: iOS.send_money_screen.enterField is PASSED

2018-11-19 21:30:20 - [MESSAGE][PASSED] - Text '' has been set to element 'Object Repository/iOS/Global/Generic field'

2018-11-19 21:30:24 - [MESSAGE][PASSED] - Tapped on element 'Object Repository/iOS/Global/Toolbar Done button'

2018-11-19 21:30:24 - [MESSAGE][PASSED] - iOS.send_money_screen.enterField is PASSED

2018-11-19 21:30:24 - [TEST_STEP][PASSED] - iOS.send_money_screen.enterField: iOS.send_money_screen.enterField is PASSED

2018-11-19 21:30:29 - [MESSAGE][PASSED] - Text '' has been set to element 'Object Repository/iOS/Global/Generic field'

2018-11-19 21:30:33 - [MESSAGE][PASSED] - Tapped on element 'Object Repository/iOS/Global/Toolbar Done button'

2018-11-19 21:30:33 - [MESSAGE][PASSED] - iOS.send_money_screen.enterField is PASSED

2018-11-19 21:30:33 - [TEST_STEP][PASSED] - iOS.send_money_screen.enterField: iOS.send_money_screen.enterField is PASSED

2018-11-19 21:30:39 - [MESSAGE][PASSED] - Text '' has been set to element 'Object Repository/iOS/Global/Generic field'

2018-11-19 21:30:42 - [MESSAGE][PASSED] - Tapped on element 'Object Repository/iOS/Global/Toolbar Done button'

2018-11-19 21:30:42 - [MESSAGE][PASSED] - iOS.send_money_screen.enterField is PASSED

2018-11-19 21:30:42 - [TEST_STEP][PASSED] - iOS.send_money_screen.tapSave: iOS.send_money_screen.tapSave is PASSED

2018-11-19 21:30:46 - [MESSAGE][PASSED] - Tapped on element 'Object Repository/iOS/Global/Save button'

2018-11-19 21:30:49 - [MESSAGE][PASSED] - Delayed 3 second(s)

2018-11-19 21:30:49 - [MESSAGE][PASSED] - iOS.send_money_screen.tapSave is PASSED

2018-11-19 21:30:49 - [TEST_STEP][PASSED] - global.verify_element.exist: global.verify_element.exist is PASSED

2018-11-19 21:30:51 - [MESSAGE][PASSED] - Element 'Object Repository/iOS/Global/Generic text' is exist

2018-11-19 21:30:51 - [MESSAGE][PASSED] - global.verify_element.exist is PASSED

2018-11-19 21:30:51 - [TEST_STEP][PASSED] - global.verify_element.exist: global.verify_element.exist is PASSED

2018-11-19 21:30:54 - [MESSAGE][PASSED] - Element 'Object Repository/iOS/Global/Generic text' is exist

2018-11-19 21:30:54 - [MESSAGE][PASSED] - global.verify_element.exist is PASSED

2018-11-19 21:30:54 - [TEST_STEP][PASSED] - global.verify_element.exist: global.verify_element.exist is PASSED

2018-11-19 21:30:56 - [MESSAGE][PASSED] - Element 'Object Repository/iOS/Global/Generic text' is exist

2018-11-19 21:30:56 - [MESSAGE][PASSED] - global.verify_element.exist is PASSED]]></system-out>
         <system-err><![CDATA[]]></system-err>
      </testcase>
      <testcase name="Test Cases/iOS/Send Money Branch/SMB_05" classname="Test Cases/iOS/Send Money Branch/SMB_05" status="PASSED">
         <system-out><![CDATA[2018-11-19 21:30:56 - [TEST_CASE][PASSED] - Test Cases/iOS/Send Money Branch/SMB_05: Test Cases/iOS/Send Money Branch/SMB_05

2018-11-19 21:30:56 - [TEST_STEP][PASSED] - Statement - randomMiddleName = new global.random_data().middleName(): null

2018-11-19 21:30:56 - [TEST_STEP][PASSED] - Statement - randomPhoneNumber = new global.random_data().phoneNumber(): null

2018-11-19 21:30:56 - [TEST_STEP][PASSED] - Statement - firstName = randomFirstName: null

2018-11-19 21:30:56 - [TEST_STEP][PASSED] - Statement - middleName = randomMiddleName: null

2018-11-19 21:30:56 - [TEST_STEP][PASSED] - Statement - lastName = randomLastName: null

2018-11-19 21:30:56 - [TEST_STEP][PASSED] - Statement - mobileNumber = randomMobileNumber: null

2018-11-19 21:30:56 - [TEST_STEP][PASSED] - Statement - phoneNumber = randomPhoneNumber: null

2018-11-19 21:30:56 - [TEST_STEP][PASSED] - Statement - fullName = firstName + " " + middleName + " " + lastName: null

2018-11-19 21:30:56 - [TEST_STEP][PASSED] - Statement - contact = mobileNumber + " " + phoneNumber: null

2018-11-19 21:30:56 - [TEST_STEP][PASSED] - Statement - firstNameLastName = firstName + "  " + lastName: null

2018-11-19 21:30:56 - [TEST_STEP][PASSED] - Statement - Receiver_Name = com.kms.katalon.core.testobject.ObjectRepository.findTestObject(iOS/Global/Generic text, [label:fullName]): Finding Test Object with id 'Object Repository/iOS/Global/Generic text'

2018-11-19 21:30:56 - [TEST_STEP][PASSED] - Statement - Receiver_Contact = com.kms.katalon.core.testobject.ObjectRepository.findTestObject(iOS/Global/Generic text, [label:contact]): Finding Test Object with id 'Object Repository/iOS/Global/Generic text'

2018-11-19 21:30:56 - [TEST_STEP][PASSED] - iOS.send_money_screen.enterFirstName: iOS.send_money_screen.enterFirstName is PASSED

2018-11-19 21:31:00 - [MESSAGE][PASSED] - Text 'Caleb' has been set to element 'Object Repository/iOS/Send Money screen/First Name field'

2018-11-19 21:31:00 - [MESSAGE][PASSED] - iOS.send_money_screen.enterFirstName is PASSED

2018-11-19 21:31:00 - [TEST_STEP][PASSED] - iOS.send_money_screen.enterMiddleName: iOS.send_money_screen.enterMiddleName is PASSED

2018-11-19 21:31:05 - [MESSAGE][PASSED] - Text 'Mante' has been set to element 'Object Repository/iOS/Send Money screen/Middle Name field'

2018-11-19 21:31:05 - [MESSAGE][PASSED] - iOS.send_money_screen.enterMiddleName is PASSED

2018-11-19 21:31:05 - [TEST_STEP][PASSED] - iOS.send_money_screen.enterLastName: iOS.send_money_screen.enterLastName is PASSED

2018-11-19 21:31:09 - [MESSAGE][PASSED] - Text 'Howe' has been set to element 'Object Repository/iOS/Send Money screen/Last Name field'

2018-11-19 21:31:09 - [MESSAGE][PASSED] - iOS.send_money_screen.enterLastName is PASSED

2018-11-19 21:31:09 - [TEST_STEP][PASSED] - iOS.send_money_screen.enterMobileNumber: iOS.send_money_screen.enterMobileNumber is PASSED

2018-11-19 21:31:14 - [MESSAGE][PASSED] - Text '62908414141' has been set to element 'Object Repository/iOS/Send Money screen/Mobile Number field'

2018-11-19 21:31:18 - [MESSAGE][PASSED] - Tapped on element 'Object Repository/iOS/Global/Toolbar Done Button'

2018-11-19 21:31:18 - [MESSAGE][PASSED] - iOS.send_money_screen.enterMobileNumber is PASSED

2018-11-19 21:31:18 - [TEST_STEP][PASSED] - iOS.send_money_screen.enterPhoneNumber: iOS.send_money_screen.enterPhoneNumber is PASSED

2018-11-19 21:31:22 - [MESSAGE][PASSED] - Text '44848471' has been set to element 'Object Repository/iOS/Send Money screen/Phone Number field'

2018-11-19 21:31:22 - [MESSAGE][PASSED] - iOS.send_money_screen.enterPhoneNumber is PASSED

2018-11-19 21:31:22 - [TEST_STEP][PASSED] - iOS.send_money_screen.tapSave: iOS.send_money_screen.tapSave is PASSED

2018-11-19 21:31:26 - [MESSAGE][PASSED] - Tapped on element 'Object Repository/iOS/Global/Save button'

2018-11-19 21:31:29 - [MESSAGE][PASSED] - Delayed 3 second(s)

2018-11-19 21:31:29 - [MESSAGE][PASSED] - iOS.send_money_screen.tapSave is PASSED

2018-11-19 21:31:29 - [TEST_STEP][PASSED] - global.verify_element.exist: global.verify_element.exist is PASSED

2018-11-19 21:31:32 - [MESSAGE][PASSED] - Element 'Object Repository/iOS/Global/Generic text' is exist

2018-11-19 21:31:32 - [MESSAGE][PASSED] - global.verify_element.exist is PASSED

2018-11-19 21:31:32 - [TEST_STEP][PASSED] - global.verify_element.exist: global.verify_element.exist is PASSED

2018-11-19 21:31:35 - [MESSAGE][PASSED] - Element 'Object Repository/iOS/Global/Generic text' is exist

2018-11-19 21:31:35 - [MESSAGE][PASSED] - global.verify_element.exist is PASSED]]></system-out>
         <system-err><![CDATA[]]></system-err>
      </testcase>
      <testcase name="Test Cases/iOS/Send Money Branch/SMB_06" classname="Test Cases/iOS/Send Money Branch/SMB_06" status="PASSED">
         <system-out><![CDATA[2018-11-19 21:31:35 - [TEST_CASE][PASSED] - Test Cases/iOS/Send Money Branch/SMB_06: Test Cases/iOS/Send Money Branch/SMB_06

2018-11-19 21:31:35 - [TEST_STEP][PASSED] - Statement - firstName = randomFirstName: null

2018-11-19 21:31:35 - [TEST_STEP][PASSED] - Statement - middleName = randomMiddleName: null

2018-11-19 21:31:35 - [TEST_STEP][PASSED] - Statement - lastName = randomLastName: null

2018-11-19 21:31:35 - [TEST_STEP][PASSED] - Statement - mobileNumber = randomMobileNumber + " ": null

2018-11-19 21:31:35 - [TEST_STEP][PASSED] - Statement - phoneNumber = randomPhoneNumber: null

2018-11-19 21:31:35 - [TEST_STEP][PASSED] - Statement - firstNameLastName = firstName + "  " + lastName: null

2018-11-19 21:31:35 - [TEST_STEP][PASSED] - Statement - Middle_name_field = com.kms.katalon.core.testobject.ObjectRepository.findTestObject(iOS/Global/Generic field, [value:middleName]): Finding Test Object with id 'Object Repository/iOS/Global/Generic field'

2018-11-19 21:31:35 - [TEST_STEP][PASSED] - Statement - Phone_number_field = com.kms.katalon.core.testobject.ObjectRepository.findTestObject(iOS/Global/Generic field, [value:phoneNumber]): Finding Test Object with id 'Object Repository/iOS/Global/Generic field'

2018-11-19 21:31:35 - [TEST_STEP][PASSED] - Statement - Receiver_Name = com.kms.katalon.core.testobject.ObjectRepository.findTestObject(iOS/Global/Generic text, [label:firstNameLastName]): Finding Test Object with id 'Object Repository/iOS/Global/Generic text'

2018-11-19 21:31:35 - [TEST_STEP][PASSED] - Statement - Receiver_Contact = com.kms.katalon.core.testobject.ObjectRepository.findTestObject(iOS/Global/Generic text, [label:mobileNumber]): Finding Test Object with id 'Object Repository/iOS/Global/Generic text'

2018-11-19 21:31:35 - [TEST_STEP][PASSED] - iOS.send_money_screen.tapPersonalInformation: iOS.send_money_screen.tapPersonalInformation is PASSED

2018-11-19 21:31:39 - [MESSAGE][PASSED] - Tapped on element 'Object Repository/iOS/Send Money screen/Personal Information button'

2018-11-19 21:31:39 - [MESSAGE][PASSED] - iOS.send_money_screen.tapPersonalInformation is PASSED

2018-11-19 21:31:39 - [TEST_STEP][PASSED] - iOS.send_money_screen.enterField: iOS.send_money_screen.enterField is PASSED

2018-11-19 21:31:44 - [MESSAGE][PASSED] - Text '' has been set to element 'Object Repository/iOS/Global/Generic field'

2018-11-19 21:31:48 - [MESSAGE][PASSED] - Tapped on element 'Object Repository/iOS/Global/Toolbar Done button'

2018-11-19 21:31:48 - [MESSAGE][PASSED] - iOS.send_money_screen.enterField is PASSED

2018-11-19 21:31:48 - [TEST_STEP][PASSED] - iOS.send_money_screen.enterField: iOS.send_money_screen.enterField is PASSED

2018-11-19 21:31:53 - [MESSAGE][PASSED] - Text '' has been set to element 'Object Repository/iOS/Global/Generic field'

2018-11-19 21:31:57 - [MESSAGE][PASSED] - Tapped on element 'Object Repository/iOS/Global/Toolbar Done button'

2018-11-19 21:31:57 - [MESSAGE][PASSED] - iOS.send_money_screen.enterField is PASSED

2018-11-19 21:31:57 - [TEST_STEP][PASSED] - iOS.send_money_screen.tapSave: iOS.send_money_screen.tapSave is PASSED

2018-11-19 21:32:00 - [MESSAGE][PASSED] - Tapped on element 'Object Repository/iOS/Global/Save button'

2018-11-19 21:32:03 - [MESSAGE][PASSED] - Delayed 3 second(s)

2018-11-19 21:32:03 - [MESSAGE][PASSED] - iOS.send_money_screen.tapSave is PASSED

2018-11-19 21:32:03 - [TEST_STEP][PASSED] - global.verify_element.exist: global.verify_element.exist is PASSED

2018-11-19 21:32:06 - [MESSAGE][PASSED] - Element 'Object Repository/iOS/Global/Generic text' is exist

2018-11-19 21:32:06 - [MESSAGE][PASSED] - global.verify_element.exist is PASSED

2018-11-19 21:32:06 - [TEST_STEP][PASSED] - global.verify_element.exist: global.verify_element.exist is PASSED

2018-11-19 21:32:09 - [MESSAGE][PASSED] - Element 'Object Repository/iOS/Global/Generic text' is exist

2018-11-19 21:32:09 - [MESSAGE][PASSED] - global.verify_element.exist is PASSED]]></system-out>
         <system-err><![CDATA[]]></system-err>
      </testcase>
      <testcase name="Test Cases/iOS/Send Money Branch/SMB_08" classname="Test Cases/iOS/Send Money Branch/SMB_08" status="PASSED">
         <system-out><![CDATA[2018-11-19 21:32:09 - [TEST_CASE][PASSED] - Test Cases/iOS/Send Money Branch/SMB_08: Test Cases/iOS/Send Money Branch/SMB_08

2018-11-19 21:32:09 - [TEST_STEP][PASSED] - Statement - firstName = randomFirstName: null

2018-11-19 21:32:09 - [TEST_STEP][PASSED] - Statement - lastName = randomLastName: null

2018-11-19 21:32:09 - [TEST_STEP][PASSED] - Statement - mobileNumber = randomMobileNumber + " ": null

2018-11-19 21:32:09 - [TEST_STEP][PASSED] - Statement - randomFirstName = new global.random_data().firstName(): null

2018-11-19 21:32:09 - [TEST_STEP][PASSED] - Statement - randomLastName = new global.random_data().lastName(): null

2018-11-19 21:32:10 - [TEST_STEP][PASSED] - Statement - newFirstName = randomFirstName: null

2018-11-19 21:32:10 - [TEST_STEP][PASSED] - Statement - newLastName = randomLastName: null

2018-11-19 21:32:10 - [TEST_STEP][PASSED] - Statement - newFirstNameLastName = newFirstName + "  " + newLastName: null

2018-11-19 21:32:10 - [TEST_STEP][PASSED] - Statement - First_name_field = com.kms.katalon.core.testobject.ObjectRepository.findTestObject(iOS/Global/Generic field, [value:firstName]): Finding Test Object with id 'Object Repository/iOS/Global/Generic field'

2018-11-19 21:32:10 - [TEST_STEP][PASSED] - Statement - Last_name_field = com.kms.katalon.core.testobject.ObjectRepository.findTestObject(iOS/Global/Generic field, [value:lastName]): Finding Test Object with id 'Object Repository/iOS/Global/Generic field'

2018-11-19 21:32:10 - [TEST_STEP][PASSED] - Statement - Receiver_Name = com.kms.katalon.core.testobject.ObjectRepository.findTestObject(iOS/Global/Generic text, [label:newFirstNameLastName]): Finding Test Object with id 'Object Repository/iOS/Global/Generic text'

2018-11-19 21:32:10 - [TEST_STEP][PASSED] - Statement - Receiver_Contact = com.kms.katalon.core.testobject.ObjectRepository.findTestObject(iOS/Global/Generic text, [label:mobileNumber]): Finding Test Object with id 'Object Repository/iOS/Global/Generic text'

2018-11-19 21:32:10 - [TEST_STEP][PASSED] - iOS.send_money_screen.tapPersonalInformation: iOS.send_money_screen.tapPersonalInformation is PASSED

2018-11-19 21:32:13 - [MESSAGE][PASSED] - Tapped on element 'Object Repository/iOS/Send Money screen/Personal Information button'

2018-11-19 21:32:13 - [MESSAGE][PASSED] - iOS.send_money_screen.tapPersonalInformation is PASSED

2018-11-19 21:32:13 - [TEST_STEP][PASSED] - iOS.send_money_screen.enterField: iOS.send_money_screen.enterField is PASSED

2018-11-19 21:32:19 - [MESSAGE][PASSED] - Text 'Berniece' has been set to element 'Object Repository/iOS/Global/Generic field'

2018-11-19 21:32:22 - [MESSAGE][PASSED] - Tapped on element 'Object Repository/iOS/Global/Toolbar Done button'

2018-11-19 21:32:22 - [MESSAGE][PASSED] - iOS.send_money_screen.enterField is PASSED

2018-11-19 21:32:22 - [TEST_STEP][PASSED] - iOS.send_money_screen.enterField: iOS.send_money_screen.enterField is PASSED

2018-11-19 21:32:28 - [MESSAGE][PASSED] - Text 'Labadie' has been set to element 'Object Repository/iOS/Global/Generic field'

2018-11-19 21:32:32 - [MESSAGE][PASSED] - Tapped on element 'Object Repository/iOS/Global/Toolbar Done button'

2018-11-19 21:32:32 - [MESSAGE][PASSED] - iOS.send_money_screen.enterField is PASSED

2018-11-19 21:32:32 - [TEST_STEP][PASSED] - iOS.send_money_screen.tapSave: iOS.send_money_screen.tapSave is PASSED

2018-11-19 21:32:35 - [MESSAGE][PASSED] - Tapped on element 'Object Repository/iOS/Global/Save button'

2018-11-19 21:32:38 - [MESSAGE][PASSED] - Delayed 3 second(s)

2018-11-19 21:32:38 - [MESSAGE][PASSED] - iOS.send_money_screen.tapSave is PASSED

2018-11-19 21:32:38 - [TEST_STEP][PASSED] - global.verify_element.exist: global.verify_element.exist is PASSED

2018-11-19 21:32:41 - [MESSAGE][PASSED] - Element 'Object Repository/iOS/Global/Generic text' is exist

2018-11-19 21:32:41 - [MESSAGE][PASSED] - global.verify_element.exist is PASSED

2018-11-19 21:32:41 - [TEST_STEP][PASSED] - global.verify_element.exist: global.verify_element.exist is PASSED

2018-11-19 21:32:44 - [MESSAGE][PASSED] - Element 'Object Repository/iOS/Global/Generic text' is exist

2018-11-19 21:32:44 - [MESSAGE][PASSED] - global.verify_element.exist is PASSED]]></system-out>
         <system-err><![CDATA[]]></system-err>
      </testcase>
      <testcase name="Test Cases/iOS/Send Money Branch/SMB_09" classname="Test Cases/iOS/Send Money Branch/SMB_09" status="PASSED">
         <system-out><![CDATA[2018-11-19 21:32:44 - [TEST_CASE][PASSED] - Test Cases/iOS/Send Money Branch/SMB_09: Test Cases/iOS/Send Money Branch/SMB_09

2018-11-19 21:32:44 - [TEST_STEP][PASSED] - iOS.send_money_screen.tapCurrentAddress: iOS.send_money_screen.tapCurrentAddress is PASSED

2018-11-19 21:32:47 - [MESSAGE][PASSED] - Element 'Object Repository/iOS/Send Money screen/Current Address button' is present

2018-11-19 21:32:51 - [MESSAGE][PASSED] - Tapped on element 'Object Repository/iOS/Send Money screen/Current Address button'

2018-11-19 21:32:51 - [MESSAGE][PASSED] - iOS.send_money_screen.tapCurrentAddress is PASSED

2018-11-19 21:32:51 - [TEST_STEP][PASSED] - global.verify_element.exist: global.verify_element.exist is PASSED

2018-11-19 21:32:57 - [MESSAGE][PASSED] - Element 'Object Repository/iOS/Send Money screen/Country field' is exist

2018-11-19 21:32:57 - [MESSAGE][PASSED] - global.verify_element.exist is PASSED

2018-11-19 21:32:57 - [TEST_STEP][PASSED] - global.verify_element.exist: global.verify_element.exist is PASSED

2018-11-19 21:33:01 - [MESSAGE][PASSED] - Element 'Object Repository/iOS/Send Money screen/ProvinceState field' is exist

2018-11-19 21:33:01 - [MESSAGE][PASSED] - global.verify_element.exist is PASSED

2018-11-19 21:33:01 - [TEST_STEP][PASSED] - global.verify_element.exist: global.verify_element.exist is PASSED

2018-11-19 21:33:05 - [MESSAGE][PASSED] - Element 'Object Repository/iOS/Send Money screen/DistrictCity field' is exist

2018-11-19 21:33:05 - [MESSAGE][PASSED] - global.verify_element.exist is PASSED

2018-11-19 21:33:05 - [TEST_STEP][PASSED] - global.verify_element.exist: global.verify_element.exist is PASSED

2018-11-19 21:33:09 - [MESSAGE][PASSED] - Element 'Object Repository/iOS/Send Money screen/Postal field' is exist

2018-11-19 21:33:09 - [MESSAGE][PASSED] - global.verify_element.exist is PASSED

2018-11-19 21:33:09 - [TEST_STEP][PASSED] - global.verify_element.exist: global.verify_element.exist is PASSED

2018-11-19 21:33:12 - [MESSAGE][PASSED] - Element 'Object Repository/iOS/Send Money screen/UnitHouse NumberBuildingStreet field' is exist

2018-11-19 21:33:12 - [MESSAGE][PASSED] - global.verify_element.exist is PASSED

2018-11-19 21:33:12 - [TEST_STEP][PASSED] - global.verify_element.exist: global.verify_element.exist is PASSED

2018-11-19 21:33:18 - [MESSAGE][PASSED] - Element 'Object Repository/iOS/Send Money screen/Destination Country field' is exist

2018-11-19 21:33:18 - [MESSAGE][PASSED] - global.verify_element.exist is PASSED]]></system-out>
         <system-err><![CDATA[]]></system-err>
      </testcase>
      <testcase name="Test Cases/iOS/Send Money Branch/SMB_17" classname="Test Cases/iOS/Send Money Branch/SMB_17" status="PASSED">
         <system-out><![CDATA[2018-11-19 21:33:18 - [TEST_CASE][PASSED] - Test Cases/iOS/Send Money Branch/SMB_17: Test Cases/iOS/Send Money Branch/SMB_17

2018-11-19 21:33:18 - [TEST_STEP][PASSED] - Statement - Country_is_required_error = com.kms.katalon.core.testobject.ObjectRepository.findTestObject(iOS/Global/Generic text, [label:Country is required]): Finding Test Object with id 'Object Repository/iOS/Global/Generic text'

2018-11-19 21:33:18 - [TEST_STEP][PASSED] - Statement - Postal_is_required_error = com.kms.katalon.core.testobject.ObjectRepository.findTestObject(iOS/Global/Generic text, [label:Postal is required]): Finding Test Object with id 'Object Repository/iOS/Global/Generic text'

2018-11-19 21:33:18 - [TEST_STEP][PASSED] - Statement - Present_address_is_required_error = com.kms.katalon.core.testobject.ObjectRepository.findTestObject(iOS/Global/Generic text, [label:Present address is required]): Finding Test Object with id 'Object Repository/iOS/Global/Generic text'

2018-11-19 21:33:18 - [TEST_STEP][PASSED] - Statement - Destination_country_is_required_error = com.kms.katalon.core.testobject.ObjectRepository.findTestObject(iOS/Global/Generic text, [label:Destination country is required]): Finding Test Object with id 'Object Repository/iOS/Global/Generic text'

2018-11-19 21:33:18 - [TEST_STEP][PASSED] - iOS.send_money_screen.tapSave: iOS.send_money_screen.tapSave is PASSED

2018-11-19 21:33:22 - [MESSAGE][PASSED] - Tapped on element 'Object Repository/iOS/Global/Save button'

2018-11-19 21:33:25 - [MESSAGE][PASSED] - Delayed 3 second(s)

2018-11-19 21:33:25 - [MESSAGE][PASSED] - iOS.send_money_screen.tapSave is PASSED

2018-11-19 21:33:25 - [TEST_STEP][PASSED] - global.verify_element.exist: global.verify_element.exist is PASSED

2018-11-19 21:33:29 - [MESSAGE][PASSED] - Element 'Object Repository/iOS/Global/Generic text' is exist

2018-11-19 21:33:29 - [MESSAGE][PASSED] - global.verify_element.exist is PASSED

2018-11-19 21:33:29 - [TEST_STEP][PASSED] - global.verify_element.exist: global.verify_element.exist is PASSED

2018-11-19 21:33:33 - [MESSAGE][PASSED] - Element 'Object Repository/iOS/Global/Generic text' is exist

2018-11-19 21:33:33 - [MESSAGE][PASSED] - global.verify_element.exist is PASSED

2018-11-19 21:33:33 - [TEST_STEP][PASSED] - global.verify_element.exist: global.verify_element.exist is PASSED

2018-11-19 21:33:36 - [MESSAGE][PASSED] - Element 'Object Repository/iOS/Global/Generic text' is exist

2018-11-19 21:33:36 - [MESSAGE][PASSED] - global.verify_element.exist is PASSED

2018-11-19 21:33:36 - [TEST_STEP][PASSED] - global.verify_element.exist: global.verify_element.exist is PASSED

2018-11-19 21:33:40 - [MESSAGE][PASSED] - Element 'Object Repository/iOS/Global/Generic text' is exist

2018-11-19 21:33:40 - [MESSAGE][PASSED] - global.verify_element.exist is PASSED]]></system-out>
         <system-err><![CDATA[]]></system-err>
      </testcase>
      <testcase name="Test Cases/iOS/Send Money Branch/SMB_18" classname="Test Cases/iOS/Send Money Branch/SMB_18" status="PASSED">
         <system-out><![CDATA[2018-11-19 21:33:40 - [TEST_CASE][PASSED] - Test Cases/iOS/Send Money Branch/SMB_18: Test Cases/iOS/Send Money Branch/SMB_18

2018-11-19 21:33:40 - [TEST_STEP][PASSED] - Statement - Receiver_Current_Address = com.kms.katalon.core.testobject.ObjectRepository.findTestObject(iOS/Global/Generic text, [label:503 Tindalo, 1442, Cambodia]): Finding Test Object with id 'Object Repository/iOS/Global/Generic text'

2018-11-19 21:33:40 - [TEST_STEP][PASSED] - Statement - Destination_Country = com.kms.katalon.core.testobject.ObjectRepository.findTestObject(iOS/Global/Generic text, [label:Cambodia]): Finding Test Object with id 'Object Repository/iOS/Global/Generic text'

2018-11-19 21:33:40 - [TEST_STEP][PASSED] - iOS.send_money_screen.selectCountry: iOS.send_money_screen.selectCountry is PASSED

2018-11-19 21:33:46 - [MESSAGE][PASSED] - Tapped on element 'Object Repository/iOS/Send Money screen/Country field'

2018-11-19 21:34:02 - [MESSAGE][PASSED] - iOS.send_money_screen.selectCountry is PASSED

2018-11-19 21:34:02 - [TEST_STEP][PASSED] - iOS.send_money_screen.enterPostal: iOS.send_money_screen.enterPostal is PASSED

2018-11-19 21:34:08 - [MESSAGE][PASSED] - Text '1442' has been set to element 'Object Repository/iOS/Send Money screen/Postal field'

2018-11-19 21:34:13 - [MESSAGE][PASSED] - Tapped on element 'Object Repository/iOS/Global/Toolbar Done Button'

2018-11-19 21:34:13 - [MESSAGE][PASSED] - iOS.send_money_screen.enterPostal is PASSED

2018-11-19 21:34:13 - [TEST_STEP][PASSED] - iOS.send_money_screen.enterUnitHouseNumberBuildingStreet: iOS.send_money_screen.enterUnitHouseNumberBuildingStreet is PASSED

2018-11-19 21:34:18 - [MESSAGE][PASSED] - Text '503 Tindalo' has been set to element 'Object Repository/iOS/Send Money screen/UnitHouse NumberBuildingStreet field'

2018-11-19 21:34:23 - [MESSAGE][PASSED] - Tapped on element 'Object Repository/iOS/Global/Toolbar Done button'

2018-11-19 21:34:23 - [MESSAGE][PASSED] - iOS.send_money_screen.enterUnitHouseNumberBuildingStreet is PASSED

2018-11-19 21:34:23 - [TEST_STEP][PASSED] - iOS.send_money_screen.selectDestinationCountry: iOS.send_money_screen.selectDestinationCountry is PASSED

2018-11-19 21:34:27 - [MESSAGE][PASSED] - Tapped on element 'Object Repository/iOS/Send Money screen/Destination Country field'

2018-11-19 21:35:02 - [MESSAGE][PASSED] - iOS.send_money_screen.selectDestinationCountry is PASSED

2018-11-19 21:35:02 - [TEST_STEP][PASSED] - iOS.send_money_screen.tapSave: iOS.send_money_screen.tapSave is PASSED

2018-11-19 21:35:06 - [MESSAGE][PASSED] - Tapped on element 'Object Repository/iOS/Global/Save button'

2018-11-19 21:35:09 - [MESSAGE][PASSED] - Delayed 3 second(s)

2018-11-19 21:35:09 - [MESSAGE][PASSED] - iOS.send_money_screen.tapSave is PASSED

2018-11-19 21:35:09 - [TEST_STEP][PASSED] - global.verify_element.exist: global.verify_element.exist is PASSED

2018-11-19 21:35:13 - [MESSAGE][PASSED] - Element 'Object Repository/iOS/Global/Generic text' is exist

2018-11-19 21:35:13 - [MESSAGE][PASSED] - global.verify_element.exist is PASSED

2018-11-19 21:35:13 - [TEST_STEP][PASSED] - global.verify_element.exist: global.verify_element.exist is PASSED

2018-11-19 21:35:17 - [MESSAGE][PASSED] - Element 'Object Repository/iOS/Global/Generic text' is exist

2018-11-19 21:35:17 - [MESSAGE][PASSED] - global.verify_element.exist is PASSED]]></system-out>
         <system-err><![CDATA[]]></system-err>
      </testcase>
      <testcase name="Test Cases/iOS/Send Money Branch/SMB_19" classname="Test Cases/iOS/Send Money Branch/SMB_19" status="PASSED">
         <system-out><![CDATA[2018-11-19 21:35:17 - [TEST_CASE][PASSED] - Test Cases/iOS/Send Money Branch/SMB_19: Test Cases/iOS/Send Money Branch/SMB_19

2018-11-19 21:35:17 - [TEST_STEP][PASSED] - Statement - Receiver_Current_Address = com.kms.katalon.core.testobject.ObjectRepository.findTestObject(iOS/Global/Generic text, [label:086 Bgy Loob, 3117, Vietnam]): Finding Test Object with id 'Object Repository/iOS/Global/Generic text'

2018-11-19 21:35:17 - [TEST_STEP][PASSED] - Statement - Destination_Country = com.kms.katalon.core.testobject.ObjectRepository.findTestObject(iOS/Global/Generic text, [label:Vietnam]): Finding Test Object with id 'Object Repository/iOS/Global/Generic text'

2018-11-19 21:35:17 - [TEST_STEP][PASSED] - iOS.send_money_screen.tapCurrentAddress: iOS.send_money_screen.tapCurrentAddress is PASSED

2018-11-19 21:35:20 - [MESSAGE][PASSED] - Element 'Object Repository/iOS/Send Money screen/Current Address button' is present

2018-11-19 21:35:25 - [MESSAGE][PASSED] - Tapped on element 'Object Repository/iOS/Send Money screen/Current Address button'

2018-11-19 21:35:25 - [MESSAGE][PASSED] - iOS.send_money_screen.tapCurrentAddress is PASSED

2018-11-19 21:35:25 - [TEST_STEP][PASSED] - Statement - Country_field = com.kms.katalon.core.testobject.ObjectRepository.findTestObject(iOS/Global/Generic field, [value:Cambodia]): Finding Test Object with id 'Object Repository/iOS/Global/Generic field'

2018-11-19 21:35:25 - [TEST_STEP][PASSED] - iOS.send_money_screen.selectDropdown: iOS.send_money_screen.selectDropdown is PASSED

2018-11-19 21:35:31 - [MESSAGE][PASSED] - Tapped on element 'Object Repository/iOS/Global/Generic field'

2018-11-19 21:36:06 - [MESSAGE][PASSED] - iOS.send_money_screen.selectDropdown is PASSED

2018-11-19 21:36:06 - [TEST_STEP][PASSED] - Statement - Postal_field = com.kms.katalon.core.testobject.ObjectRepository.findTestObject(iOS/Global/Generic field, [value:1442]): Finding Test Object with id 'Object Repository/iOS/Global/Generic field'

2018-11-19 21:36:06 - [TEST_STEP][PASSED] - iOS.send_money_screen.enterField: iOS.send_money_screen.enterField is PASSED

2018-11-19 21:36:12 - [MESSAGE][PASSED] - Text '3117' has been set to element 'Object Repository/iOS/Global/Generic field'

2018-11-19 21:36:17 - [MESSAGE][PASSED] - Tapped on element 'Object Repository/iOS/Global/Toolbar Done button'

2018-11-19 21:36:17 - [MESSAGE][PASSED] - iOS.send_money_screen.enterField is PASSED

2018-11-19 21:36:17 - [TEST_STEP][PASSED] - Statement - UnitHouse_NumberBuildingStreet_field = com.kms.katalon.core.testobject.ObjectRepository.findTestObject(iOS/Global/Generic field, [value:503 Tindalo]): Finding Test Object with id 'Object Repository/iOS/Global/Generic field'

2018-11-19 21:36:17 - [TEST_STEP][PASSED] - iOS.send_money_screen.enterField: iOS.send_money_screen.enterField is PASSED

2018-11-19 21:36:23 - [MESSAGE][PASSED] - Text '086 Bgy Loob' has been set to element 'Object Repository/iOS/Global/Generic field'

2018-11-19 21:36:28 - [MESSAGE][PASSED] - Tapped on element 'Object Repository/iOS/Global/Toolbar Done button'

2018-11-19 21:36:28 - [MESSAGE][PASSED] - iOS.send_money_screen.enterField is PASSED

2018-11-19 21:36:28 - [TEST_STEP][PASSED] - Statement - Destination_Country_field = com.kms.katalon.core.testobject.ObjectRepository.findTestObject(iOS/Global/Generic field, [value:Cambodia]): Finding Test Object with id 'Object Repository/iOS/Global/Generic field'

2018-11-19 21:36:28 - [TEST_STEP][PASSED] - iOS.send_money_screen.selectDropdown: iOS.send_money_screen.selectDropdown is PASSED

2018-11-19 21:36:32 - [MESSAGE][PASSED] - Tapped on element 'Object Repository/iOS/Global/Generic field'

2018-11-19 21:37:07 - [MESSAGE][PASSED] - iOS.send_money_screen.selectDropdown is PASSED

2018-11-19 21:37:07 - [TEST_STEP][PASSED] - iOS.send_money_screen.tapSave: iOS.send_money_screen.tapSave is PASSED

2018-11-19 21:37:11 - [MESSAGE][PASSED] - Tapped on element 'Object Repository/iOS/Global/Save button'

2018-11-19 21:37:14 - [MESSAGE][PASSED] - Delayed 3 second(s)

2018-11-19 21:37:14 - [MESSAGE][PASSED] - iOS.send_money_screen.tapSave is PASSED

2018-11-19 21:37:14 - [TEST_STEP][PASSED] - global.verify_element.exist: global.verify_element.exist is PASSED

2018-11-19 21:37:18 - [MESSAGE][PASSED] - Element 'Object Repository/iOS/Global/Generic text' is exist

2018-11-19 21:37:18 - [MESSAGE][PASSED] - global.verify_element.exist is PASSED

2018-11-19 21:37:18 - [TEST_STEP][PASSED] - global.verify_element.exist: global.verify_element.exist is PASSED

2018-11-19 21:37:22 - [MESSAGE][PASSED] - Element 'Object Repository/iOS/Global/Generic text' is exist

2018-11-19 21:37:22 - [MESSAGE][PASSED] - global.verify_element.exist is PASSED]]></system-out>
         <system-err><![CDATA[]]></system-err>
      </testcase>
      <testcase name="Test Cases/iOS/Send Money Branch/SMB_10" classname="Test Cases/iOS/Send Money Branch/SMB_10" status="PASSED">
         <system-out><![CDATA[2018-11-19 21:37:22 - [TEST_CASE][PASSED] - Test Cases/iOS/Send Money Branch/SMB_10: Test Cases/iOS/Send Money Branch/SMB_10

2018-11-19 21:37:22 - [TEST_STEP][PASSED] - Statement - Country_dropdown = com.kms.katalon.core.testobject.ObjectRepository.findTestObject(iOS/Global/Generic field, [value:Vietnam]): Finding Test Object with id 'Object Repository/iOS/Global/Generic field'

2018-11-19 21:37:22 - [TEST_STEP][PASSED] - iOS.send_money_screen.tapCurrentAddress: iOS.send_money_screen.tapCurrentAddress is PASSED

2018-11-19 21:37:25 - [MESSAGE][PASSED] - Element 'Object Repository/iOS/Send Money screen/Current Address button' is present

2018-11-19 21:37:29 - [MESSAGE][PASSED] - Tapped on element 'Object Repository/iOS/Send Money screen/Current Address button'

2018-11-19 21:37:29 - [MESSAGE][PASSED] - iOS.send_money_screen.tapCurrentAddress is PASSED

2018-11-19 21:37:29 - [TEST_STEP][PASSED] - global.verify_element.text: global.verify_element.text is PASSED

2018-11-19 21:37:36 - [MESSAGE][PASSED] - Actual text and expected text of test object 'Object Repository/iOS/Global/Generic field' are matched.

2018-11-19 21:37:36 - [MESSAGE][PASSED] - global.verify_element.text is PASSED]]></system-out>
         <system-err><![CDATA[]]></system-err>
      </testcase>
      <testcase name="Test Cases/iOS/Send Money Branch/SMB_11" classname="Test Cases/iOS/Send Money Branch/SMB_11" status="PASSED">
         <system-out><![CDATA[2018-11-19 21:37:36 - [TEST_CASE][PASSED] - Test Cases/iOS/Send Money Branch/SMB_11: Test Cases/iOS/Send Money Branch/SMB_11

2018-11-19 21:37:36 - [TEST_STEP][PASSED] - global.verify_element.exist: global.verify_element.exist is PASSED

2018-11-19 21:37:39 - [MESSAGE][PASSED] - Element 'Object Repository/iOS/Send Money screen/ProvinceState field' is exist

2018-11-19 21:37:39 - [MESSAGE][PASSED] - global.verify_element.exist is PASSED

2018-11-19 21:37:39 - [TEST_STEP][PASSED] - global.verify_element.exist: global.verify_element.exist is PASSED

2018-11-19 21:37:42 - [MESSAGE][PASSED] - Element 'Object Repository/iOS/Send Money screen/DistrictCity field' is exist

2018-11-19 21:37:42 - [MESSAGE][PASSED] - global.verify_element.exist is PASSED

2018-11-19 21:37:42 - [TEST_STEP][PASSED] - Statement - Country_dropdown = com.kms.katalon.core.testobject.ObjectRepository.findTestObject(iOS/Global/Generic field, [value:Vietnam]): Finding Test Object with id 'Object Repository/iOS/Global/Generic field'

2018-11-19 21:37:42 - [TEST_STEP][PASSED] - iOS.send_money_screen.selectDropdown: iOS.send_money_screen.selectDropdown is PASSED

2018-11-19 21:37:48 - [MESSAGE][PASSED] - Tapped on element 'Object Repository/iOS/Global/Generic field'

2018-11-19 21:38:23 - [MESSAGE][PASSED] - iOS.send_money_screen.selectDropdown is PASSED

2018-11-19 21:38:23 - [TEST_STEP][PASSED] - global.verify_element.notExist: global.verify_element.notExist is PASSED

2018-11-19 21:38:29 - [MESSAGE][PASSED] - Element 'Object Repository/iOS/Send Money screen/ProvinceState field' not found

2018-11-19 21:38:29 - [MESSAGE][PASSED] - global.verify_element.notExist is PASSED

2018-11-19 21:38:29 - [TEST_STEP][PASSED] - global.verify_element.notExist: global.verify_element.notExist is PASSED

2018-11-19 21:38:35 - [MESSAGE][PASSED] - Element 'Object Repository/iOS/Send Money screen/DistrictCity field' not found

2018-11-19 21:38:35 - [MESSAGE][PASSED] - global.verify_element.notExist is PASSED

2018-11-19 21:38:35 - [TEST_STEP][PASSED] - global.verify_element.exist: global.verify_element.exist is PASSED

2018-11-19 21:38:38 - [MESSAGE][PASSED] - Element 'Object Repository/iOS/Send Money screen/ProvinceState required field' is exist

2018-11-19 21:38:38 - [MESSAGE][PASSED] - global.verify_element.exist is PASSED

2018-11-19 21:38:38 - [TEST_STEP][PASSED] - global.verify_element.exist: global.verify_element.exist is PASSED

2018-11-19 21:38:42 - [MESSAGE][PASSED] - Element 'Object Repository/iOS/Send Money screen/DistrictCity required field' is exist

2018-11-19 21:38:42 - [MESSAGE][PASSED] - global.verify_element.exist is PASSED]]></system-out>
         <system-err><![CDATA[]]></system-err>
      </testcase>
      <testcase name="Test Cases/iOS/Send Money Branch/SMB_12" classname="Test Cases/iOS/Send Money Branch/SMB_12" status="PASSED">
         <system-out><![CDATA[2018-11-19 21:38:42 - [TEST_CASE][PASSED] - Test Cases/iOS/Send Money Branch/SMB_12: Test Cases/iOS/Send Money Branch/SMB_12

2018-11-19 21:38:42 - [TEST_STEP][PASSED] - Statement - Country_dropdown = <not implemented yet for class: org.codehaus.groovy.ast.expr.EmptyExpression>: null

2018-11-19 21:38:42 - [TEST_STEP][PASSED] - Statement - Country_dropdown = com.kms.katalon.core.testobject.ObjectRepository.findTestObject(iOS/Global/Generic field, [value:Mexico]): Finding Test Object with id 'Object Repository/iOS/Global/Generic field'

2018-11-19 21:38:42 - [TEST_STEP][PASSED] - iOS.send_money_screen.selectDropdown: iOS.send_money_screen.selectDropdown is PASSED

2018-11-19 21:38:46 - [MESSAGE][PASSED] - Tapped on element 'Object Repository/iOS/Global/Generic field'

2018-11-19 21:39:21 - [MESSAGE][PASSED] - iOS.send_money_screen.selectDropdown is PASSED

2018-11-19 21:39:21 - [TEST_STEP][PASSED] - global.verify_element.notExist: global.verify_element.notExist is PASSED

2018-11-19 21:39:27 - [MESSAGE][PASSED] - Element 'Object Repository/iOS/Send Money screen/ProvinceState field' not found

2018-11-19 21:39:27 - [MESSAGE][PASSED] - global.verify_element.notExist is PASSED

2018-11-19 21:39:27 - [TEST_STEP][PASSED] - global.verify_element.notExist: global.verify_element.notExist is PASSED

2018-11-19 21:39:33 - [MESSAGE][PASSED] - Element 'Object Repository/iOS/Send Money screen/DistrictCity field' not found

2018-11-19 21:39:33 - [MESSAGE][PASSED] - global.verify_element.notExist is PASSED

2018-11-19 21:39:33 - [TEST_STEP][PASSED] - global.verify_element.exist: global.verify_element.exist is PASSED

2018-11-19 21:39:37 - [MESSAGE][PASSED] - Element 'Object Repository/iOS/Send Money screen/ProvinceState required field' is exist

2018-11-19 21:39:37 - [MESSAGE][PASSED] - global.verify_element.exist is PASSED

2018-11-19 21:39:37 - [TEST_STEP][PASSED] - global.verify_element.exist: global.verify_element.exist is PASSED

2018-11-19 21:39:40 - [MESSAGE][PASSED] - Element 'Object Repository/iOS/Send Money screen/DistrictCity required field' is exist

2018-11-19 21:39:40 - [MESSAGE][PASSED] - global.verify_element.exist is PASSED

2018-11-19 21:39:40 - [TEST_STEP][PASSED] - Statement - Country_dropdown = com.kms.katalon.core.testobject.ObjectRepository.findTestObject(iOS/Global/Generic field, [value:United States]): Finding Test Object with id 'Object Repository/iOS/Global/Generic field'

2018-11-19 21:39:40 - [TEST_STEP][PASSED] - iOS.send_money_screen.selectDropdown: iOS.send_money_screen.selectDropdown is PASSED

2018-11-19 21:39:44 - [MESSAGE][PASSED] - Tapped on element 'Object Repository/iOS/Global/Generic field'

2018-11-19 21:40:19 - [MESSAGE][PASSED] - iOS.send_money_screen.selectDropdown is PASSED

2018-11-19 21:40:19 - [TEST_STEP][PASSED] - global.verify_element.notExist: global.verify_element.notExist is PASSED

2018-11-19 21:40:25 - [MESSAGE][PASSED] - Element 'Object Repository/iOS/Send Money screen/ProvinceState field' not found

2018-11-19 21:40:25 - [MESSAGE][PASSED] - global.verify_element.notExist is PASSED

2018-11-19 21:40:25 - [TEST_STEP][PASSED] - global.verify_element.notExist: global.verify_element.notExist is PASSED

2018-11-19 21:40:31 - [MESSAGE][PASSED] - Element 'Object Repository/iOS/Send Money screen/DistrictCity field' not found

2018-11-19 21:40:31 - [MESSAGE][PASSED] - global.verify_element.notExist is PASSED

2018-11-19 21:40:31 - [TEST_STEP][PASSED] - global.verify_element.exist: global.verify_element.exist is PASSED

2018-11-19 21:40:34 - [MESSAGE][PASSED] - Element 'Object Repository/iOS/Send Money screen/ProvinceState required field' is exist

2018-11-19 21:40:34 - [MESSAGE][PASSED] - global.verify_element.exist is PASSED

2018-11-19 21:40:34 - [TEST_STEP][PASSED] - global.verify_element.exist: global.verify_element.exist is PASSED

2018-11-19 21:40:38 - [MESSAGE][PASSED] - Element 'Object Repository/iOS/Send Money screen/DistrictCity required field' is exist

2018-11-19 21:40:38 - [MESSAGE][PASSED] - global.verify_element.exist is PASSED]]></system-out>
         <system-err><![CDATA[]]></system-err>
      </testcase>
      <testcase name="Test Cases/iOS/Send Money Branch/SMB_13" classname="Test Cases/iOS/Send Money Branch/SMB_13" status="PASSED">
         <system-out><![CDATA[2018-11-19 21:40:38 - [TEST_CASE][PASSED] - Test Cases/iOS/Send Money Branch/SMB_13: Test Cases/iOS/Send Money Branch/SMB_13

2018-11-19 21:40:38 - [TEST_STEP][PASSED] - Statement - Postal_field = com.kms.katalon.core.testobject.ObjectRepository.findTestObject(iOS/Global/Generic field, [value:3117]): Finding Test Object with id 'Object Repository/iOS/Global/Generic field'

2018-11-19 21:40:38 - [TEST_STEP][PASSED] - iOS.send_money_screen.enterField: iOS.send_money_screen.enterField is PASSED

2018-11-19 21:40:44 - [MESSAGE][PASSED] - Text '1234567890' has been set to element 'Object Repository/iOS/Global/Generic field'

2018-11-19 21:40:49 - [MESSAGE][PASSED] - Tapped on element 'Object Repository/iOS/Global/Toolbar Done button'

2018-11-19 21:40:49 - [MESSAGE][PASSED] - iOS.send_money_screen.enterField is PASSED

2018-11-19 21:40:49 - [TEST_STEP][PASSED] - Statement - Postal_Field = com.kms.katalon.core.testobject.ObjectRepository.findTestObject(iOS/Global/Generic field, [value:123456789]): Finding Test Object with id 'Object Repository/iOS/Global/Generic field'

2018-11-19 21:40:49 - [TEST_STEP][PASSED] - global.verify_element.text: global.verify_element.text is PASSED

2018-11-19 21:40:54 - [MESSAGE][PASSED] - Actual text and expected text of test object 'Object Repository/iOS/Global/Generic field' are matched.

2018-11-19 21:40:54 - [MESSAGE][PASSED] - global.verify_element.text is PASSED]]></system-out>
         <system-err><![CDATA[]]></system-err>
      </testcase>
      <testcase name="Test Cases/iOS/Send Money Branch/SMB_14" classname="Test Cases/iOS/Send Money Branch/SMB_14" status="PASSED">
         <system-out><![CDATA[2018-11-19 21:40:54 - [TEST_CASE][PASSED] - Test Cases/iOS/Send Money Branch/SMB_14: Test Cases/iOS/Send Money Branch/SMB_14

2018-11-19 21:40:54 - [TEST_STEP][PASSED] - Statement - UnitHouse_NumberBuildingStreet_field = <not implemented yet for class: org.codehaus.groovy.ast.expr.EmptyExpression>: null

2018-11-19 21:40:54 - [TEST_STEP][PASSED] - Statement - UnitHouse_NumberBuildingStreet_field = com.kms.katalon.core.testobject.ObjectRepository.findTestObject(iOS/Global/Generic field, [value:086 Bgy Loob]): Finding Test Object with id 'Object Repository/iOS/Global/Generic field'

2018-11-19 21:40:54 - [TEST_STEP][PASSED] - iOS.send_money_screen.enterField: iOS.send_money_screen.enterField is PASSED

2018-11-19 21:41:01 - [MESSAGE][PASSED] - Text '123qwertyuiopasdfghjklzxcvbnmqwertyuirtrt' has been set to element 'Object Repository/iOS/Global/Generic field'

2018-11-19 21:41:06 - [MESSAGE][PASSED] - Tapped on element 'Object Repository/iOS/Global/Toolbar Done button'

2018-11-19 21:41:06 - [MESSAGE][PASSED] - iOS.send_money_screen.enterField is PASSED

2018-11-19 21:41:06 - [TEST_STEP][PASSED] - Statement - UnitHouse_NumberBuildingStreet_field = com.kms.katalon.core.testobject.ObjectRepository.findTestObject(iOS/Global/Generic field, [value:123qwertyuiopasdfghjklzxcvbnmqwertyuirtr]): Finding Test Object with id 'Object Repository/iOS/Global/Generic field'

2018-11-19 21:41:06 - [TEST_STEP][PASSED] - global.verify_element.text: global.verify_element.text is PASSED

2018-11-19 21:41:10 - [MESSAGE][PASSED] - Actual text and expected text of test object 'Object Repository/iOS/Global/Generic field' are matched.

2018-11-19 21:41:10 - [MESSAGE][PASSED] - global.verify_element.text is PASSED]]></system-out>
         <system-err><![CDATA[]]></system-err>
      </testcase>
      <testcase name="Test Cases/iOS/Send Money Branch/SMB_15" classname="Test Cases/iOS/Send Money Branch/SMB_15" status="PASSED">
         <system-out><![CDATA[2018-11-19 21:41:10 - [TEST_CASE][PASSED] - Test Cases/iOS/Send Money Branch/SMB_15: Test Cases/iOS/Send Money Branch/SMB_15

2018-11-19 21:41:11 - [TEST_STEP][PASSED] - Statement - Destination_Country_field = <not implemented yet for class: org.codehaus.groovy.ast.expr.EmptyExpression>: null

2018-11-19 21:41:11 - [TEST_STEP][PASSED] - Statement - Destination_Country_field = com.kms.katalon.core.testobject.ObjectRepository.findTestObject(iOS/Global/Generic field, [value:Vietnam]): Finding Test Object with id 'Object Repository/iOS/Global/Generic field'

2018-11-19 21:41:11 - [TEST_STEP][PASSED] - iOS.send_money_screen.selectDropdown: iOS.send_money_screen.selectDropdown is PASSED

2018-11-19 21:41:15 - [MESSAGE][PASSED] - Tapped on element 'Object Repository/iOS/Global/Generic field'

2018-11-19 21:41:49 - [MESSAGE][PASSED] - iOS.send_money_screen.selectDropdown is PASSED

2018-11-19 21:41:49 - [TEST_STEP][PASSED] - Statement - Destination_Country_field = com.kms.katalon.core.testobject.ObjectRepository.findTestObject(iOS/Global/Generic field, [value:Mexico]): Finding Test Object with id 'Object Repository/iOS/Global/Generic field'

2018-11-19 21:41:49 - [TEST_STEP][PASSED] - global.verify_element.text: global.verify_element.text is PASSED

2018-11-19 21:41:55 - [MESSAGE][PASSED] - Actual text and expected text of test object 'Object Repository/iOS/Global/Generic field' are matched.

2018-11-19 21:41:55 - [MESSAGE][PASSED] - global.verify_element.text is PASSED]]></system-out>
         <system-err><![CDATA[]]></system-err>
      </testcase>
      <testcase name="Test Cases/iOS/Send Money Branch/SMB_16" classname="Test Cases/iOS/Send Money Branch/SMB_16" status="PASSED">
         <system-out><![CDATA[2018-11-19 21:41:55 - [TEST_CASE][PASSED] - Test Cases/iOS/Send Money Branch/SMB_16: Test Cases/iOS/Send Money Branch/SMB_16

2018-11-19 21:41:55 - [TEST_STEP][PASSED] - global.verify_element.exist: global.verify_element.exist is PASSED

2018-11-19 21:42:02 - [MESSAGE][PASSED] - Element 'Object Repository/iOS/Send Money screen/Destination ProvinceState required field' is exist

2018-11-19 21:42:02 - [MESSAGE][PASSED] - global.verify_element.exist is PASSED

2018-11-19 21:42:02 - [TEST_STEP][PASSED] - global.verify_element.exist: global.verify_element.exist is PASSED

2018-11-19 21:42:08 - [MESSAGE][PASSED] - Element 'Object Repository/iOS/Send Money screen/Destination DistrictCity required field' is exist

2018-11-19 21:42:08 - [MESSAGE][PASSED] - global.verify_element.exist is PASSED]]></system-out>
         <system-err><![CDATA[]]></system-err>
      </testcase>
      <testcase name="Test Cases/iOS/Send Money Branch/SMB_20" classname="Test Cases/iOS/Send Money Branch/SMB_20" status="PASSED">
         <system-out><![CDATA[2018-11-19 21:42:08 - [TEST_CASE][PASSED] - Test Cases/iOS/Send Money Branch/SMB_20: Test Cases/iOS/Send Money Branch/SMB_20

2018-11-19 21:42:08 - [TEST_STEP][PASSED] - iOS.send_money_screen.tapClose: iOS.send_money_screen.tapClose is PASSED

2018-11-19 21:42:13 - [MESSAGE][PASSED] - Tapped on element 'Object Repository/iOS/Global/Close button'

2018-11-19 21:42:13 - [MESSAGE][PASSED] - iOS.send_money_screen.tapClose is PASSED

2018-11-19 21:42:13 - [TEST_STEP][PASSED] - iOS.send_money_screen.tapSenderEmploymentInformation: iOS.send_money_screen.tapSenderEmploymentInformation is PASSED

2018-11-19 21:42:18 - [MESSAGE][PASSED] - Tapped on element 'Object Repository/iOS/Send Money screen/Sender Employment Information button'

2018-11-19 21:42:18 - [MESSAGE][PASSED] - iOS.send_money_screen.tapSenderEmploymentInformation is PASSED

2018-11-19 21:42:18 - [TEST_STEP][PASSED] - global.verify_element.exist: global.verify_element.exist is PASSED

2018-11-19 21:42:22 - [MESSAGE][PASSED] - Element 'Object Repository/iOS/Send Money screen/Occupation field' is exist

2018-11-19 21:42:22 - [MESSAGE][PASSED] - global.verify_element.exist is PASSED

2018-11-19 21:42:22 - [TEST_STEP][PASSED] - global.verify_element.exist: global.verify_element.exist is PASSED

2018-11-19 21:42:25 - [MESSAGE][PASSED] - Element 'Object Repository/iOS/Send Money screen/Source of Funds field' is exist

2018-11-19 21:42:25 - [MESSAGE][PASSED] - global.verify_element.exist is PASSED]]></system-out>
         <system-err><![CDATA[]]></system-err>
      </testcase>
      <testcase name="Test Cases/iOS/Send Money Branch/SMB_25" classname="Test Cases/iOS/Send Money Branch/SMB_25" status="PASSED">
         <system-out><![CDATA[2018-11-19 21:42:25 - [TEST_CASE][PASSED] - Test Cases/iOS/Send Money Branch/SMB_25: Test Cases/iOS/Send Money Branch/SMB_25

2018-11-19 21:42:25 - [TEST_STEP][PASSED] - Statement - Occupation_is_required_error = com.kms.katalon.core.testobject.ObjectRepository.findTestObject(iOS/Global/Generic text, [label:Occupation is required]): Finding Test Object with id 'Object Repository/iOS/Global/Generic text'

2018-11-19 21:42:25 - [TEST_STEP][PASSED] - Statement - Position_is_required_error = com.kms.katalon.core.testobject.ObjectRepository.findTestObject(iOS/Global/Generic text, [label:Position is required]): Finding Test Object with id 'Object Repository/iOS/Global/Generic text'

2018-11-19 21:42:25 - [TEST_STEP][PASSED] - Statement - Source_of_funds_is_required_error = com.kms.katalon.core.testobject.ObjectRepository.findTestObject(iOS/Global/Generic text, [label:Source of funds is required]): Finding Test Object with id 'Object Repository/iOS/Global/Generic text'

2018-11-19 21:42:25 - [TEST_STEP][PASSED] - Statement - Employer_is_required_error = com.kms.katalon.core.testobject.ObjectRepository.findTestObject(iOS/Global/Generic text, [label:Employer is required]): Finding Test Object with id 'Object Repository/iOS/Global/Generic text'

2018-11-19 21:42:25 - [TEST_STEP][PASSED] - iOS.send_money_screen.tapSave: iOS.send_money_screen.tapSave is PASSED

2018-11-19 21:42:29 - [MESSAGE][PASSED] - Tapped on element 'Object Repository/iOS/Global/Save button'

2018-11-19 21:42:32 - [MESSAGE][PASSED] - Delayed 3 second(s)

2018-11-19 21:42:32 - [MESSAGE][PASSED] - iOS.send_money_screen.tapSave is PASSED

2018-11-19 21:42:32 - [TEST_STEP][PASSED] - global.verify_element.exist: global.verify_element.exist is PASSED

2018-11-19 21:42:35 - [MESSAGE][PASSED] - Element 'Object Repository/iOS/Global/Generic text' is exist

2018-11-19 21:42:35 - [MESSAGE][PASSED] - global.verify_element.exist is PASSED

2018-11-19 21:42:35 - [TEST_STEP][PASSED] - global.verify_element.exist: global.verify_element.exist is PASSED

2018-11-19 21:42:38 - [MESSAGE][PASSED] - Element 'Object Repository/iOS/Global/Generic text' is exist

2018-11-19 21:42:38 - [MESSAGE][PASSED] - global.verify_element.exist is PASSED

2018-11-19 21:42:38 - [TEST_STEP][PASSED] - global.verify_element.exist: global.verify_element.exist is PASSED

2018-11-19 21:42:41 - [MESSAGE][PASSED] - Element 'Object Repository/iOS/Global/Generic text' is exist

2018-11-19 21:42:41 - [MESSAGE][PASSED] - global.verify_element.exist is PASSED

2018-11-19 21:42:41 - [TEST_STEP][PASSED] - global.verify_element.exist: global.verify_element.exist is PASSED

2018-11-19 21:42:44 - [MESSAGE][PASSED] - Element 'Object Repository/iOS/Global/Generic text' is exist

2018-11-19 21:42:44 - [MESSAGE][PASSED] - global.verify_element.exist is PASSED]]></system-out>
         <system-err><![CDATA[]]></system-err>
      </testcase>
      <testcase name="Test Cases/iOS/Send Money Branch/SMB_21" classname="Test Cases/iOS/Send Money Branch/SMB_21" status="PASSED">
         <system-out><![CDATA[2018-11-19 21:42:44 - [TEST_CASE][PASSED] - Test Cases/iOS/Send Money Branch/SMB_21: Test Cases/iOS/Send Money Branch/SMB_21

2018-11-19 21:42:44 - [TEST_STEP][PASSED] - Statement - sendMoneyScreen = sendMoneyScreen_iOS: null

2018-11-19 21:42:44 - [TEST_STEP][PASSED] - iOS.send_money_screen.selectOccupation: iOS.send_money_screen.selectOccupation is PASSED

2018-11-19 21:42:47 - [MESSAGE][PASSED] - Tapped on element 'Object Repository/iOS/Send Money screen/Occupation field'

2018-11-19 21:42:58 - [MESSAGE][PASSED] - iOS.send_money_screen.selectOccupation is PASSED

2018-11-19 21:42:58 - [TEST_STEP][PASSED] - global.verify_element.exist: global.verify_element.exist is PASSED

2018-11-19 21:43:02 - [MESSAGE][PASSED] - Element 'Object Repository/iOS/Send Money screen/Source of Funds field' is exist

2018-11-19 21:43:02 - [MESSAGE][PASSED] - global.verify_element.exist is PASSED

2018-11-19 21:43:02 - [TEST_STEP][PASSED] - global.verify_element.notExist: global.verify_element.notExist is PASSED

2018-11-19 21:43:08 - [MESSAGE][PASSED] - Element 'Object Repository/iOS/Send Money screen/Position field' not found

2018-11-19 21:43:08 - [MESSAGE][PASSED] - global.verify_element.notExist is PASSED

2018-11-19 21:43:08 - [TEST_STEP][PASSED] - global.verify_element.notExist: global.verify_element.notExist is PASSED

2018-11-19 21:43:14 - [MESSAGE][PASSED] - Element 'Object Repository/iOS/Send Money screen/Employer Name field' not found

2018-11-19 21:43:14 - [MESSAGE][PASSED] - global.verify_element.notExist is PASSED

2018-11-19 21:43:14 - [TEST_STEP][PASSED] - Statement - Occupation_field = com.kms.katalon.core.testobject.ObjectRepository.findTestObject(iOS/Global/Generic field, [value:Unemployed]): Finding Test Object with id 'Object Repository/iOS/Global/Generic field'

2018-11-19 21:43:14 - [TEST_STEP][PASSED] - iOS.send_money_screen.selectDropdown: iOS.send_money_screen.selectDropdown is PASSED

2018-11-19 21:43:16 - [MESSAGE][PASSED] - Tapped on element 'Object Repository/iOS/Global/Generic field'

2018-11-19 21:43:29 - [MESSAGE][PASSED] - iOS.send_money_screen.selectDropdown is PASSED

2018-11-19 21:43:29 - [TEST_STEP][PASSED] - global.verify_element.exist: global.verify_element.exist is PASSED

2018-11-19 21:43:32 - [MESSAGE][PASSED] - Element 'Object Repository/iOS/Send Money screen/Source of Funds field' is exist

2018-11-19 21:43:32 - [MESSAGE][PASSED] - global.verify_element.exist is PASSED

2018-11-19 21:43:32 - [TEST_STEP][PASSED] - global.verify_element.notExist: global.verify_element.notExist is PASSED

2018-11-19 21:43:38 - [MESSAGE][PASSED] - Element 'Object Repository/iOS/Send Money screen/Position field' not found

2018-11-19 21:43:38 - [MESSAGE][PASSED] - global.verify_element.notExist is PASSED

2018-11-19 21:43:38 - [TEST_STEP][PASSED] - global.verify_element.exist: global.verify_element.exist is PASSED

2018-11-19 21:43:40 - [MESSAGE][PASSED] - Element 'Object Repository/iOS/Send Money screen/School Name field' is exist

2018-11-19 21:43:40 - [MESSAGE][PASSED] - global.verify_element.exist is PASSED

2018-11-19 21:43:40 - [TEST_STEP][PASSED] - Statement - Occupation_field = com.kms.katalon.core.testobject.ObjectRepository.findTestObject(iOS/Global/Generic field, [value:Student]): Finding Test Object with id 'Object Repository/iOS/Global/Generic field'

2018-11-19 21:43:40 - [TEST_STEP][PASSED] - iOS.send_money_screen.selectDropdown: iOS.send_money_screen.selectDropdown is PASSED

2018-11-19 21:43:43 - [MESSAGE][PASSED] - Tapped on element 'Object Repository/iOS/Global/Generic field'

2018-11-19 21:43:56 - [MESSAGE][PASSED] - iOS.send_money_screen.selectDropdown is PASSED

2018-11-19 21:43:56 - [TEST_STEP][PASSED] - global.verify_element.exist: global.verify_element.exist is PASSED

2018-11-19 21:43:59 - [MESSAGE][PASSED] - Element 'Object Repository/iOS/Send Money screen/Source of Funds field' is exist

2018-11-19 21:43:59 - [MESSAGE][PASSED] - global.verify_element.exist is PASSED

2018-11-19 21:43:59 - [TEST_STEP][PASSED] - global.verify_element.notExist: global.verify_element.notExist is PASSED

2018-11-19 21:44:05 - [MESSAGE][PASSED] - Element 'Object Repository/iOS/Send Money screen/Position field' not found

2018-11-19 21:44:05 - [MESSAGE][PASSED] - global.verify_element.notExist is PASSED

2018-11-19 21:44:05 - [TEST_STEP][PASSED] - global.verify_element.exist: global.verify_element.exist is PASSED

2018-11-19 21:44:07 - [MESSAGE][PASSED] - Element 'Object Repository/iOS/Send Money screen/Employer Name field' is exist

2018-11-19 21:44:07 - [MESSAGE][PASSED] - global.verify_element.exist is PASSED

2018-11-19 21:44:07 - [TEST_STEP][PASSED] - Statement - Occupation_field = com.kms.katalon.core.testobject.ObjectRepository.findTestObject(iOS/Global/Generic field, [value:Driver]): Finding Test Object with id 'Object Repository/iOS/Global/Generic field'

2018-11-19 21:44:07 - [TEST_STEP][PASSED] - iOS.send_money_screen.selectDropdown: iOS.send_money_screen.selectDropdown is PASSED

2018-11-19 21:44:10 - [MESSAGE][PASSED] - Tapped on element 'Object Repository/iOS/Global/Generic field'

2018-11-19 21:44:23 - [MESSAGE][PASSED] - iOS.send_money_screen.selectDropdown is PASSED

2018-11-19 21:44:23 - [TEST_STEP][PASSED] - global.verify_element.exist: global.verify_element.exist is PASSED

2018-11-19 21:44:27 - [MESSAGE][PASSED] - Element 'Object Repository/iOS/Send Money screen/Source of Funds field' is exist

2018-11-19 21:44:27 - [MESSAGE][PASSED] - global.verify_element.exist is PASSED

2018-11-19 21:44:27 - [TEST_STEP][PASSED] - global.verify_element.exist: global.verify_element.exist is PASSED

2018-11-19 21:44:30 - [MESSAGE][PASSED] - Element 'Object Repository/iOS/Send Money screen/Position field' is exist

2018-11-19 21:44:30 - [MESSAGE][PASSED] - global.verify_element.exist is PASSED

2018-11-19 21:44:30 - [TEST_STEP][PASSED] - global.verify_element.exist: global.verify_element.exist is PASSED

2018-11-19 21:44:33 - [MESSAGE][PASSED] - Element 'Object Repository/iOS/Send Money screen/Employer Name field' is exist

2018-11-19 21:44:33 - [MESSAGE][PASSED] - global.verify_element.exist is PASSED]]></system-out>
         <system-err><![CDATA[]]></system-err>
      </testcase>
      <testcase name="Test Cases/iOS/Send Money Branch/SMB_22" classname="Test Cases/iOS/Send Money Branch/SMB_22" status="PASSED">
         <system-out><![CDATA[2018-11-19 21:44:33 - [TEST_CASE][PASSED] - Test Cases/iOS/Send Money Branch/SMB_22: Test Cases/iOS/Send Money Branch/SMB_22

2018-11-19 21:44:33 - [TEST_STEP][PASSED] - Statement - Position_field = com.kms.katalon.core.testobject.ObjectRepository.findTestObject(iOS/Global/Generic field, [value:Entry Level]): Finding Test Object with id 'Object Repository/iOS/Global/Generic field'

2018-11-19 21:44:33 - [TEST_STEP][PASSED] - iOS.send_money_screen.selectPosition: iOS.send_money_screen.selectPosition is PASSED

2018-11-19 21:44:37 - [MESSAGE][PASSED] - Tapped on element 'Object Repository/iOS/Send Money screen/Position field'

2018-11-19 21:44:45 - [MESSAGE][PASSED] - iOS.send_money_screen.selectPosition is PASSED

2018-11-19 21:44:45 - [TEST_STEP][PASSED] - global.verify_element.text: global.verify_element.text is PASSED

2018-11-19 21:44:49 - [MESSAGE][PASSED] - Actual text and expected text of test object 'Object Repository/iOS/Global/Generic field' are matched.

2018-11-19 21:44:49 - [MESSAGE][PASSED] - global.verify_element.text is PASSED]]></system-out>
         <system-err><![CDATA[]]></system-err>
      </testcase>
      <testcase name="Test Cases/iOS/Send Money Branch/SMB_23" classname="Test Cases/iOS/Send Money Branch/SMB_23" status="PASSED">
         <system-out><![CDATA[2018-11-19 21:44:49 - [TEST_CASE][PASSED] - Test Cases/iOS/Send Money Branch/SMB_23: Test Cases/iOS/Send Money Branch/SMB_23

2018-11-19 21:44:49 - [TEST_STEP][PASSED] - iOS.send_money_screen.selectSourceOfFunds: iOS.send_money_screen.selectSourceOfFunds is PASSED

2018-11-19 21:44:52 - [MESSAGE][PASSED] - Tapped on element 'Object Repository/iOS/Send Money screen/Source of Funds field'

2018-11-19 21:45:00 - [MESSAGE][PASSED] - iOS.send_money_screen.selectSourceOfFunds is PASSED

2018-11-19 21:45:00 - [TEST_STEP][PASSED] - Statement - Source_of_Funds_field = com.kms.katalon.core.testobject.ObjectRepository.findTestObject(iOS/Global/Generic field, [value:Salary/Income]): Finding Test Object with id 'Object Repository/iOS/Global/Generic field'

2018-11-19 21:45:00 - [TEST_STEP][PASSED] - global.verify_element.text: global.verify_element.text is PASSED

2018-11-19 21:45:04 - [MESSAGE][PASSED] - Actual text and expected text of test object 'Object Repository/iOS/Global/Generic field' are matched.

2018-11-19 21:45:04 - [MESSAGE][PASSED] - global.verify_element.text is PASSED]]></system-out>
         <system-err><![CDATA[]]></system-err>
      </testcase>
      <testcase name="Test Cases/iOS/Send Money Branch/SMB_24" classname="Test Cases/iOS/Send Money Branch/SMB_24" status="PASSED">
         <system-out><![CDATA[2018-11-19 21:45:04 - [TEST_CASE][PASSED] - Test Cases/iOS/Send Money Branch/SMB_24: Test Cases/iOS/Send Money Branch/SMB_24

2018-11-19 21:45:04 - [TEST_STEP][PASSED] - iOS.send_money_screen.enterEmployerName: iOS.send_money_screen.enterEmployerName is PASSED

2018-11-19 21:45:09 - [MESSAGE][PASSED] - Text 'White Cloak Inc.' has been set to element 'Object Repository/iOS/Send Money screen/Employer Name field'

2018-11-19 21:45:09 - [MESSAGE][PASSED] - iOS.send_money_screen.enterEmployerName is PASSED

2018-11-19 21:45:09 - [TEST_STEP][PASSED] - Statement - Employer_Name_field = com.kms.katalon.core.testobject.ObjectRepository.findTestObject(iOS/Global/Generic field, [value:White Cloak Inc.]): Finding Test Object with id 'Object Repository/iOS/Global/Generic field'

2018-11-19 21:45:09 - [TEST_STEP][PASSED] - global.verify_element.text: global.verify_element.text is PASSED

2018-11-19 21:45:14 - [MESSAGE][PASSED] - Actual text and expected text of test object 'Object Repository/iOS/Global/Generic field' are matched.

2018-11-19 21:45:14 - [MESSAGE][PASSED] - global.verify_element.text is PASSED]]></system-out>
         <system-err><![CDATA[]]></system-err>
      </testcase>
      <testcase name="Test Cases/iOS/Send Money Branch/SMB_26" classname="Test Cases/iOS/Send Money Branch/SMB_26" status="PASSED">
         <system-out><![CDATA[2018-11-19 21:45:14 - [TEST_CASE][PASSED] - Test Cases/iOS/Send Money Branch/SMB_26: Test Cases/iOS/Send Money Branch/SMB_26

2018-11-19 21:45:14 - [TEST_STEP][PASSED] - Statement - Occupation_and_Level = com.kms.katalon.core.testobject.ObjectRepository.findTestObject(iOS/Global/Generic text, [label:IT and Tech Professional, Entry Level]): Finding Test Object with id 'Object Repository/iOS/Global/Generic text'

2018-11-19 21:45:14 - [TEST_STEP][PASSED] - Statement - Source_of_Funds = com.kms.katalon.core.testobject.ObjectRepository.findTestObject(iOS/Global/Generic text, [label:Salary/Income]): Finding Test Object with id 'Object Repository/iOS/Global/Generic text'

2018-11-19 21:45:14 - [TEST_STEP][PASSED] - Statement - Employer_Name = com.kms.katalon.core.testobject.ObjectRepository.findTestObject(iOS/Global/Generic text, [label:White Cloak Inc.]): Finding Test Object with id 'Object Repository/iOS/Global/Generic text'

2018-11-19 21:45:14 - [TEST_STEP][PASSED] - iOS.send_money_screen.tapSave: iOS.send_money_screen.tapSave is PASSED

2018-11-19 21:45:18 - [MESSAGE][PASSED] - Tapped on element 'Object Repository/iOS/Global/Save button'

2018-11-19 21:45:21 - [MESSAGE][PASSED] - Delayed 3 second(s)

2018-11-19 21:45:21 - [MESSAGE][PASSED] - iOS.send_money_screen.tapSave is PASSED

2018-11-19 21:45:21 - [TEST_STEP][PASSED] - global.verify_element.exist: global.verify_element.exist is PASSED

2018-11-19 21:45:25 - [MESSAGE][PASSED] - Element 'Object Repository/iOS/Global/Generic text' is exist

2018-11-19 21:45:25 - [MESSAGE][PASSED] - global.verify_element.exist is PASSED

2018-11-19 21:45:25 - [TEST_STEP][PASSED] - global.verify_element.exist: global.verify_element.exist is PASSED

2018-11-19 21:45:29 - [MESSAGE][PASSED] - Element 'Object Repository/iOS/Global/Generic text' is exist

2018-11-19 21:45:29 - [MESSAGE][PASSED] - global.verify_element.exist is PASSED

2018-11-19 21:45:29 - [TEST_STEP][PASSED] - global.verify_element.exist: global.verify_element.exist is PASSED

2018-11-19 21:45:37 - [MESSAGE][PASSED] - Element 'Object Repository/iOS/Global/Generic text' is exist

2018-11-19 21:45:37 - [MESSAGE][PASSED] - global.verify_element.exist is PASSED

2018-11-19 21:45:37 - [TEST_STEP][PASSED] - closeApplication: Close app successfully

2018-11-19 21:45:37 - [MESSAGE][PASSED] - Close app successfully]]></system-out>
         <system-err><![CDATA[]]></system-err>
      </testcase>
      <testcase name="Test Cases/iOS/Send Money Branch/SMB_29" classname="Test Cases/iOS/Send Money Branch/SMB_29" status="PASSED">
         <system-out><![CDATA[2018-11-19 21:45:37 - [TEST_CASE][PASSED] - Test Cases/iOS/Send Money Branch/SMB_29: Test Cases/iOS/Send Money Branch/SMB_29

2018-11-19 21:45:37 - [TEST_STEP][PASSED] - Statement - randomFirstName = new global.random_data().firstName(): null

2018-11-19 21:45:38 - [TEST_STEP][PASSED] - Statement - randomMiddleName = new global.random_data().middleName(): null

2018-11-19 21:45:38 - [TEST_STEP][PASSED] - Statement - randomLastName = new global.random_data().lastName(): null

2018-11-19 21:45:38 - [TEST_STEP][PASSED] - Statement - randomMobileNumber = new global.random_data().mobileNumber(): null

2018-11-19 21:45:38 - [TEST_STEP][PASSED] - Statement - randomPhoneNumber = new global.random_data().phoneNumber(): null

2018-11-19 21:45:38 - [TEST_STEP][PASSED] - Statement - randomSourceOfFunds = new global.random_data().sourceOfFunds(): null

2018-11-19 21:45:38 - [TEST_STEP][PASSED] - Statement - firstName = randomFirstName: null

2018-11-19 21:45:38 - [TEST_STEP][PASSED] - Statement - middleName = randomMiddleName: null

2018-11-19 21:45:38 - [TEST_STEP][PASSED] - Statement - lastName = randomLastName: null

2018-11-19 21:45:38 - [TEST_STEP][PASSED] - Statement - mobileNumber = randomMobileNumber: null

2018-11-19 21:45:38 - [TEST_STEP][PASSED] - Statement - phoneNumber = randomPhoneNumber: null

2018-11-19 21:45:38 - [TEST_STEP][PASSED] - Statement - sourceOfFunds = randomSourceOfFunds: null

2018-11-19 21:45:38 - [TEST_STEP][PASSED] - Statement - Enter_amount_first_error = com.kms.katalon.core.testobject.ObjectRepository.findTestObject(iOS/Global/Generic text, [label:Please enter amount first]): Finding Test Object with id 'Object Repository/iOS/Global/Generic text'

2018-11-19 21:45:38 - [TEST_STEP][PASSED] - startApplication: Started app at: '/Users/buenaanda/Katalon Studio/mobile-automation-katalon/Data Files/PeraHub_v3.2.0-QAT.app'

2018-11-19 21:45:56 - [MESSAGE][PASSED] - Started app at: '/Users/buenaanda/Katalon Studio/mobile-automation-katalon/Data Files/PeraHub_v3.2.0-QAT.app'

2018-11-19 21:45:56 - [TEST_STEP][PASSED] - iOS.login_screen.enterPassword: iOS.login_screen.enterPassword is PASSED

2018-11-19 21:45:59 - [MESSAGE][PASSED] - Text 'Hello!23' has been set to element 'Object Repository/iOS/Login screen/Password field'

2018-11-19 21:46:01 - [MESSAGE][PASSED] - Keyboard is hidden

2018-11-19 21:46:01 - [MESSAGE][PASSED] - iOS.login_screen.enterPassword is PASSED

2018-11-19 21:46:01 - [TEST_STEP][PASSED] - iOS.login_screen.tapSignIn: iOS.login_screen.tapSignIn is PASSED

2018-11-19 21:46:04 - [MESSAGE][PASSED] - Tapped on element 'Object Repository/iOS/Login screen/Sign in button'

2018-11-19 21:46:07 - [MESSAGE][PASSED] - Delayed 3 second(s)

2018-11-19 21:46:07 - [MESSAGE][PASSED] - iOS.login_screen.tapSignIn is PASSED

2018-11-19 21:46:07 - [TEST_STEP][PASSED] - iOS.otp_verification_screen.enterOTP: iOS.otp_verification_screen.enterOTP is PASSED

2018-11-19 21:46:09 - [MESSAGE][PASSED] - Element 'Object Repository/iOS/OTP Verification screen/OTP Verification screen' is present

2018-11-19 21:46:09 - [MESSAGE][PASSED] - iOS.otp_verification_screen.enterOTP is PASSED

2018-11-19 21:46:09 - [TEST_STEP][PASSED] - iOS.navigation_menu.tapTransferMoney: iOS.navigation_menu.tapTransferMoney is PASSED

2018-11-19 21:46:09 - [MESSAGE][WARNING] - Timeout '0' is invalid. Using default page load timeout: '15'

2018-11-19 21:46:19 - [MESSAGE][PASSED] - Tapped on element 'Object Repository/iOS/Navigation menu/Transfer Money menu'

2018-11-19 21:46:19 - [MESSAGE][PASSED] - iOS.navigation_menu.tapTransferMoney is PASSED

2018-11-19 21:46:19 - [TEST_STEP][PASSED] - iOS.transfer_money_screen.tapSendMoney: iOS.transfer_money_screen.tapSendMoney is PASSED

2018-11-19 21:46:19 - [MESSAGE][WARNING] - Timeout '0' is invalid. Using default page load timeout: '15'

2018-11-19 21:46:23 - [MESSAGE][PASSED] - Tapped on element 'Object Repository/iOS/Transfer Money screen/Send Money button'

2018-11-19 21:46:23 - [MESSAGE][PASSED] - iOS.transfer_money_screen.tapSendMoney is PASSED

2018-11-19 21:46:23 - [TEST_STEP][PASSED] - iOS.transfer_money_screen.tapBranchTransaction: iOS.transfer_money_screen.tapBranchTransaction is PASSED

2018-11-19 21:46:30 - [MESSAGE][PASSED] - Tapped on element 'Object Repository/iOS/Transfer Money screen/Branch Transaction button'

2018-11-19 21:46:30 - [MESSAGE][PASSED] - iOS.transfer_money_screen.tapBranchTransaction is PASSED

2018-11-19 21:46:30 - [TEST_STEP][PASSED] - iOS.send_money_screen.tapPersonalInformation: iOS.send_money_screen.tapPersonalInformation is PASSED

2018-11-19 21:46:35 - [MESSAGE][PASSED] - Tapped on element 'Object Repository/iOS/Send Money screen/Personal Information button'

2018-11-19 21:46:35 - [MESSAGE][PASSED] - iOS.send_money_screen.tapPersonalInformation is PASSED

2018-11-19 21:46:35 - [TEST_STEP][PASSED] - iOS.send_money_screen.enterFirstName: iOS.send_money_screen.enterFirstName is PASSED

2018-11-19 21:46:39 - [MESSAGE][PASSED] - Text 'Jon' has been set to element 'Object Repository/iOS/Send Money screen/First Name field'

2018-11-19 21:46:39 - [MESSAGE][PASSED] - iOS.send_money_screen.enterFirstName is PASSED

2018-11-19 21:46:39 - [TEST_STEP][PASSED] - iOS.send_money_screen.enterMiddleName: iOS.send_money_screen.enterMiddleName is PASSED

2018-11-19 21:46:44 - [MESSAGE][PASSED] - Text 'Kemmer' has been set to element 'Object Repository/iOS/Send Money screen/Middle Name field'

2018-11-19 21:46:44 - [MESSAGE][PASSED] - iOS.send_money_screen.enterMiddleName is PASSED

2018-11-19 21:46:44 - [TEST_STEP][PASSED] - iOS.send_money_screen.enterLastName: iOS.send_money_screen.enterLastName is PASSED

2018-11-19 21:46:48 - [MESSAGE][PASSED] - Text 'Mitchell' has been set to element 'Object Repository/iOS/Send Money screen/Last Name field'

2018-11-19 21:46:48 - [MESSAGE][PASSED] - iOS.send_money_screen.enterLastName is PASSED

2018-11-19 21:46:48 - [TEST_STEP][PASSED] - iOS.send_money_screen.enterMobileNumber: iOS.send_money_screen.enterMobileNumber is PASSED

2018-11-19 21:46:53 - [MESSAGE][PASSED] - Text '32496193135' has been set to element 'Object Repository/iOS/Send Money screen/Mobile Number field'

2018-11-19 21:46:56 - [MESSAGE][PASSED] - Tapped on element 'Object Repository/iOS/Global/Toolbar Done Button'

2018-11-19 21:46:56 - [MESSAGE][PASSED] - iOS.send_money_screen.enterMobileNumber is PASSED

2018-11-19 21:46:56 - [TEST_STEP][PASSED] - iOS.send_money_screen.enterPhoneNumber: iOS.send_money_screen.enterPhoneNumber is PASSED

2018-11-19 21:47:01 - [MESSAGE][PASSED] - Text '35498085' has been set to element 'Object Repository/iOS/Send Money screen/Phone Number field'

2018-11-19 21:47:01 - [MESSAGE][PASSED] - iOS.send_money_screen.enterPhoneNumber is PASSED

2018-11-19 21:47:01 - [TEST_STEP][PASSED] - iOS.send_money_screen.tapSave: iOS.send_money_screen.tapSave is PASSED

2018-11-19 21:47:04 - [MESSAGE][PASSED] - Tapped on element 'Object Repository/iOS/Global/Save button'

2018-11-19 21:47:07 - [MESSAGE][PASSED] - Delayed 3 second(s)

2018-11-19 21:47:07 - [MESSAGE][PASSED] - iOS.send_money_screen.tapSave is PASSED

2018-11-19 21:47:07 - [TEST_STEP][PASSED] - iOS.send_money_screen.tapCurrentAddress: iOS.send_money_screen.tapCurrentAddress is PASSED

2018-11-19 21:47:10 - [MESSAGE][PASSED] - Element 'Object Repository/iOS/Send Money screen/Current Address button' is present

2018-11-19 21:47:14 - [MESSAGE][PASSED] - Tapped on element 'Object Repository/iOS/Send Money screen/Current Address button'

2018-11-19 21:47:14 - [MESSAGE][PASSED] - iOS.send_money_screen.tapCurrentAddress is PASSED

2018-11-19 21:47:14 - [TEST_STEP][PASSED] - iOS.send_money_screen.selectCountry: iOS.send_money_screen.selectCountry is PASSED

2018-11-19 21:47:20 - [MESSAGE][PASSED] - Tapped on element 'Object Repository/iOS/Send Money screen/Country field'

2018-11-19 21:47:37 - [MESSAGE][PASSED] - iOS.send_money_screen.selectCountry is PASSED

2018-11-19 21:47:37 - [TEST_STEP][PASSED] - iOS.send_money_screen.enterPostal: iOS.send_money_screen.enterPostal is PASSED

2018-11-19 21:47:42 - [MESSAGE][PASSED] - Text '1442' has been set to element 'Object Repository/iOS/Send Money screen/Postal field'

2018-11-19 21:47:46 - [MESSAGE][PASSED] - Tapped on element 'Object Repository/iOS/Global/Toolbar Done Button'

2018-11-19 21:47:46 - [MESSAGE][PASSED] - iOS.send_money_screen.enterPostal is PASSED

2018-11-19 21:47:46 - [TEST_STEP][PASSED] - iOS.send_money_screen.enterUnitHouseNumberBuildingStreet: iOS.send_money_screen.enterUnitHouseNumberBuildingStreet is PASSED

2018-11-19 21:47:51 - [MESSAGE][PASSED] - Text '503 Tindalo St.' has been set to element 'Object Repository/iOS/Send Money screen/UnitHouse NumberBuildingStreet field'

2018-11-19 21:47:56 - [MESSAGE][PASSED] - Tapped on element 'Object Repository/iOS/Global/Toolbar Done button'

2018-11-19 21:47:56 - [MESSAGE][PASSED] - iOS.send_money_screen.enterUnitHouseNumberBuildingStreet is PASSED

2018-11-19 21:47:56 - [TEST_STEP][PASSED] - iOS.send_money_screen.selectDestinationCountry: iOS.send_money_screen.selectDestinationCountry is PASSED

2018-11-19 21:48:00 - [MESSAGE][PASSED] - Tapped on element 'Object Repository/iOS/Send Money screen/Destination Country field'

2018-11-19 21:48:35 - [MESSAGE][PASSED] - iOS.send_money_screen.selectDestinationCountry is PASSED

2018-11-19 21:48:35 - [TEST_STEP][PASSED] - iOS.send_money_screen.tapSave: iOS.send_money_screen.tapSave is PASSED

2018-11-19 21:48:39 - [MESSAGE][PASSED] - Tapped on element 'Object Repository/iOS/Global/Save button'

2018-11-19 21:48:42 - [MESSAGE][PASSED] - Delayed 3 second(s)

2018-11-19 21:48:42 - [MESSAGE][PASSED] - iOS.send_money_screen.tapSave is PASSED

2018-11-19 21:48:42 - [TEST_STEP][PASSED] - iOS.send_money_screen.tapSenderEmploymentInformation: iOS.send_money_screen.tapSenderEmploymentInformation is PASSED

2018-11-19 21:48:46 - [MESSAGE][PASSED] - Tapped on element 'Object Repository/iOS/Send Money screen/Sender Employment Information button'

2018-11-19 21:48:46 - [MESSAGE][PASSED] - iOS.send_money_screen.tapSenderEmploymentInformation is PASSED

2018-11-19 21:48:46 - [TEST_STEP][PASSED] - iOS.send_money_screen.selectOccupation: iOS.send_money_screen.selectOccupation is PASSED

2018-11-19 21:48:50 - [MESSAGE][PASSED] - Tapped on element 'Object Repository/iOS/Send Money screen/Occupation field'

2018-11-19 21:49:02 - [MESSAGE][PASSED] - iOS.send_money_screen.selectOccupation is PASSED

2018-11-19 21:49:02 - [TEST_STEP][PASSED] - iOS.send_money_screen.selectSourceOfFunds: iOS.send_money_screen.selectSourceOfFunds is PASSED

2018-11-19 21:49:06 - [MESSAGE][PASSED] - Tapped on element 'Object Repository/iOS/Send Money screen/Source of Funds field'

2018-11-19 21:49:15 - [MESSAGE][PASSED] - iOS.send_money_screen.selectSourceOfFunds is PASSED

2018-11-19 21:49:15 - [TEST_STEP][PASSED] - iOS.send_money_screen.tapSave: iOS.send_money_screen.tapSave is PASSED

2018-11-19 21:49:19 - [MESSAGE][PASSED] - Tapped on element 'Object Repository/iOS/Global/Save button'

2018-11-19 21:49:22 - [MESSAGE][PASSED] - Delayed 3 second(s)

2018-11-19 21:49:22 - [MESSAGE][PASSED] - iOS.send_money_screen.tapSave is PASSED

2018-11-19 21:49:22 - [TEST_STEP][PASSED] - global.scroll_to_element.down: global.scroll_to_element.down is PASSED

2018-11-19 21:49:29 - [MESSAGE][PASSED] - Element 'Object Repository/iOS/Send Money screen/Amount field' has attribute 'visible' is 'false'

2018-11-19 21:49:40 - [MESSAGE][PASSED] - Element 'Object Repository/iOS/Send Money screen/Amount field' has attribute 'visible' is 'true'

2018-11-19 21:49:40 - [MESSAGE][PASSED] - global.scroll_to_element.down is PASSED

2018-11-19 21:49:40 - [TEST_STEP][PASSED] - iOS.send_money_screen.tapCurrency: iOS.send_money_screen.tapCurrency is PASSED

2018-11-19 21:49:44 - [MESSAGE][PASSED] - Tapped on element 'Object Repository/iOS/Send Money screen/Currency button'

2018-11-19 21:49:44 - [MESSAGE][PASSED] - iOS.send_money_screen.tapCurrency is PASSED

2018-11-19 21:49:44 - [TEST_STEP][PASSED] - global.verify_element.exist: global.verify_element.exist is PASSED

2018-11-19 21:49:49 - [MESSAGE][PASSED] - Element 'Object Repository/iOS/Global/Generic text' is exist

2018-11-19 21:49:49 - [MESSAGE][PASSED] - global.verify_element.exist is PASSED

2018-11-19 21:49:49 - [TEST_STEP][PASSED] - iOS.send_money_screen.tapOK: iOS.send_money_screen.tapOK is PASSED

2018-11-19 21:49:55 - [MESSAGE][PASSED] - Tapped on element 'Object Repository/iOS/Global/OK button'

2018-11-19 21:49:55 - [MESSAGE][PASSED] - iOS.send_money_screen.tapOK is PASSED]]></system-out>
         <system-err><![CDATA[]]></system-err>
      </testcase>
      <testcase name="Test Cases/iOS/Send Money Branch/SMB_28" classname="Test Cases/iOS/Send Money Branch/SMB_28" status="PASSED">
         <system-out><![CDATA[2018-11-19 21:49:55 - [TEST_CASE][PASSED] - Test Cases/iOS/Send Money Branch/SMB_28: Test Cases/iOS/Send Money Branch/SMB_28

2018-11-19 21:49:55 - [TEST_STEP][PASSED] - Statement - randomAmount = new global.random_data().amount(): null

2018-11-19 21:49:55 - [TEST_STEP][PASSED] - Statement - amount = randomAmount: null

2018-11-19 21:49:55 - [TEST_STEP][PASSED] - iOS.send_money_screen.enterAmount: iOS.send_money_screen.enterAmount is PASSED

2018-11-19 21:50:02 - [MESSAGE][PASSED] - Element 'Object Repository/iOS/Send Money screen/Amount field' has attribute 'visible' is 'true'

2018-11-19 21:50:08 - [MESSAGE][PASSED] - Text '736' has been set to element 'Object Repository/iOS/Send Money screen/Amount field'

2018-11-19 21:50:13 - [MESSAGE][PASSED] - Tapped on element 'Object Repository/iOS/Global/Toolbar Done button'

2018-11-19 21:50:19 - [MESSAGE][PASSED] - Element 'Object Repository/iOS/Global/Loader' is visible

2018-11-19 21:50:29 - [MESSAGE][PASSED] - Element 'Object Repository/iOS/Global/Loader' has attribute 'visible' is 'false'

2018-11-19 21:50:29 - [MESSAGE][PASSED] - iOS.send_money_screen.enterAmount is PASSED

2018-11-19 21:50:29 - [TEST_STEP][PASSED] - takeScreenshot: Screenshot is taken

2018-11-19 21:50:29 - [MESSAGE][PASSED] - Screenshot is taken
[[ATTACHMENT|/Users/buenaanda/Katalon Studio/mobile-automation-katalon/Reports/iOS/iOS Test Suite/20181119_210750/1542635429184.png]]

2018-11-19 21:50:29 - [TEST_STEP][PASSED] - global.verify_element.exist: global.verify_element.exist is PASSED

2018-11-19 21:50:33 - [MESSAGE][PASSED] - Element 'Object Repository/iOS/Global/Generic text' is exist

2018-11-19 21:50:33 - [MESSAGE][PASSED] - global.verify_element.exist is PASSED]]></system-out>
         <system-err><![CDATA[]]></system-err>
      </testcase>
      <testcase name="Test Cases/iOS/Send Money Branch/SMB_33" classname="Test Cases/iOS/Send Money Branch/SMB_33" status="PASSED">
         <system-out><![CDATA[2018-11-19 21:50:33 - [TEST_CASE][PASSED] - Test Cases/iOS/Send Money Branch/SMB_33: Test Cases/iOS/Send Money Branch/SMB_33

2018-11-19 21:50:33 - [TEST_STEP][PASSED] - Statement - objectPath = "iOS/Global/Generic text": null

2018-11-19 21:50:33 - [TEST_STEP][PASSED] - Statement - firstName = randomFirstName: null

2018-11-19 21:50:33 - [TEST_STEP][PASSED] - Statement - middleName = randomMiddleName: null

2018-11-19 21:50:33 - [TEST_STEP][PASSED] - Statement - lastName = randomLastName: null

2018-11-19 21:50:33 - [TEST_STEP][PASSED] - Statement - mobileNumber = randomMobileNumber: null

2018-11-19 21:50:33 - [TEST_STEP][PASSED] - Statement - phoneNumber = randomPhoneNumber: null

2018-11-19 21:50:33 - [TEST_STEP][PASSED] - Statement - fullName = firstName + " " + middleName + " " + lastName: null

2018-11-19 21:50:33 - [TEST_STEP][PASSED] - Statement - address = "503 Tindalo St, 1442, Thailand": null

2018-11-19 21:50:33 - [TEST_STEP][PASSED] - Statement - country = "Thailand": null

2018-11-19 21:50:33 - [TEST_STEP][PASSED] - Statement - occupation = "Unemployed": null

2018-11-19 21:50:33 - [TEST_STEP][PASSED] - Statement - sourceOfFunds = randomSourceOfFunds: null

2018-11-19 21:50:33 - [TEST_STEP][PASSED] - Statement - sendAmount = "PHP " + randomAmount + ".00": null

2018-11-19 21:50:33 - [TEST_STEP][PASSED] - Statement - serviceFee = internationalServiceFee: null

2018-11-19 21:50:33 - [TEST_STEP][PASSED] - iOS.send_money_screen.tapNext: iOS.send_money_screen.tapNext is PASSED

2018-11-19 21:50:37 - [MESSAGE][PASSED] - Tapped on element 'Object Repository/iOS/Global/Next button'

2018-11-19 21:50:40 - [MESSAGE][WARNING] - Element 'Object Repository/iOS/Global/Loader' not found
[[ATTACHMENT|/Users/buenaanda/Katalon Studio/mobile-automation-katalon/Reports/iOS/iOS Test Suite/20181119_210750/1542635440798.png]]

2018-11-19 21:50:43 - [MESSAGE][WARNING] - Element 'Object Repository/android/Global/Loader' not found
[[ATTACHMENT|/Users/buenaanda/Katalon Studio/mobile-automation-katalon/Reports/iOS/iOS Test Suite/20181119_210750/1542635442922.png]]

2018-11-19 21:50:43 - [MESSAGE][WARNING] - Test object id is null

2018-11-19 21:50:43 - [MESSAGE][WARNING] - Test object with id 'Object Repository/' does not exist

2018-11-19 21:50:43 - [MESSAGE][FAILED] - Failed to get attribute on element (Root cause: java.lang.IllegalArgumentException: Object is null)
[[ATTACHMENT|/Users/buenaanda/Katalon Studio/mobile-automation-katalon/Reports/iOS/iOS Test Suite/20181119_210750/1542635443051.png]]

2018-11-19 21:50:43 - [MESSAGE][PASSED] - iOS.send_money_screen.tapNext is PASSED

2018-11-19 21:50:43 - [TEST_STEP][PASSED] - global.verify_element.exist: global.verify_element.exist is PASSED

2018-11-19 21:50:46 - [MESSAGE][PASSED] - Element 'Object Repository/iOS/Global/Generic text' is exist

2018-11-19 21:50:46 - [MESSAGE][PASSED] - global.verify_element.exist is PASSED

2018-11-19 21:50:46 - [TEST_STEP][PASSED] - global.verify_element.exist: global.verify_element.exist is PASSED

2018-11-19 21:50:49 - [MESSAGE][PASSED] - Element 'Object Repository/iOS/Global/Generic text' is exist

2018-11-19 21:50:49 - [MESSAGE][PASSED] - global.verify_element.exist is PASSED

2018-11-19 21:50:49 - [TEST_STEP][PASSED] - global.verify_element.exist: global.verify_element.exist is PASSED

2018-11-19 21:50:52 - [MESSAGE][PASSED] - Element 'Object Repository/iOS/Global/Generic text' is exist

2018-11-19 21:50:52 - [MESSAGE][PASSED] - global.verify_element.exist is PASSED

2018-11-19 21:50:52 - [TEST_STEP][PASSED] - global.verify_element.exist: global.verify_element.exist is PASSED

2018-11-19 21:50:55 - [MESSAGE][PASSED] - Element 'Object Repository/iOS/Global/Generic text' is exist

2018-11-19 21:50:55 - [MESSAGE][PASSED] - global.verify_element.exist is PASSED

2018-11-19 21:50:55 - [TEST_STEP][PASSED] - global.verify_element.exist: global.verify_element.exist is PASSED

2018-11-19 21:50:57 - [MESSAGE][PASSED] - Element 'Object Repository/iOS/Global/Generic text' is exist

2018-11-19 21:50:57 - [MESSAGE][PASSED] - global.verify_element.exist is PASSED

2018-11-19 21:50:57 - [TEST_STEP][PASSED] - global.verify_element.exist: global.verify_element.exist is PASSED

2018-11-19 21:51:00 - [MESSAGE][PASSED] - Element 'Object Repository/iOS/Global/Generic text' is exist

2018-11-19 21:51:00 - [MESSAGE][PASSED] - global.verify_element.exist is PASSED

2018-11-19 21:51:00 - [TEST_STEP][PASSED] - global.verify_element.exist: global.verify_element.exist is PASSED

2018-11-19 21:51:03 - [MESSAGE][PASSED] - Element 'Object Repository/iOS/Global/Generic text' is exist

2018-11-19 21:51:03 - [MESSAGE][PASSED] - global.verify_element.exist is PASSED

2018-11-19 21:51:03 - [TEST_STEP][PASSED] - global.scroll_to_element.down: global.scroll_to_element.down is PASSED

2018-11-19 21:51:09 - [MESSAGE][PASSED] - Element 'Object Repository/iOS/Send Money screen/Terms and Agreement checkbox' has attribute 'visible' is 'false'

2018-11-19 21:51:19 - [MESSAGE][PASSED] - Element 'Object Repository/iOS/Send Money screen/Terms and Agreement checkbox' has attribute 'visible' is 'true'

2018-11-19 21:51:19 - [MESSAGE][PASSED] - global.scroll_to_element.down is PASSED

2018-11-19 21:51:19 - [TEST_STEP][PASSED] - global.verify_element.exist: global.verify_element.exist is PASSED

2018-11-19 21:51:22 - [MESSAGE][PASSED] - Element 'Object Repository/iOS/Global/Generic text' is exist

2018-11-19 21:51:22 - [MESSAGE][PASSED] - global.verify_element.exist is PASSED

2018-11-19 21:51:22 - [TEST_STEP][PASSED] - global.verify_element.exist: global.verify_element.exist is PASSED

2018-11-19 21:51:25 - [MESSAGE][PASSED] - Element 'Object Repository/iOS/Global/Generic text' is exist

2018-11-19 21:51:25 - [MESSAGE][PASSED] - global.verify_element.exist is PASSED

2018-11-19 21:51:25 - [TEST_STEP][PASSED] - global.verify_element.exist: global.verify_element.exist is PASSED

2018-11-19 21:51:28 - [MESSAGE][PASSED] - Element 'Object Repository/iOS/Global/Generic text' is exist

2018-11-19 21:51:28 - [MESSAGE][PASSED] - global.verify_element.exist is PASSED

2018-11-19 21:51:28 - [TEST_STEP][PASSED] - global.verify_element.exist: global.verify_element.exist is PASSED

2018-11-19 21:51:31 - [MESSAGE][PASSED] - Element 'Object Repository/iOS/Send Money screen/Terms and Agreement button' is exist

2018-11-19 21:51:31 - [MESSAGE][PASSED] - global.verify_element.exist is PASSED

2018-11-19 21:51:31 - [TEST_STEP][PASSED] - global.verify_element.exist: global.verify_element.exist is PASSED

2018-11-19 21:51:34 - [MESSAGE][PASSED] - Element 'Object Repository/iOS/Send Money screen/Terms and Agreement checkbox' is exist

2018-11-19 21:51:34 - [MESSAGE][PASSED] - global.verify_element.exist is PASSED

2018-11-19 21:51:34 - [TEST_STEP][PASSED] - global.verify_element.exist: global.verify_element.exist is PASSED

2018-11-19 21:51:37 - [MESSAGE][PASSED] - Element 'Object Repository/iOS/Send Money screen/Complete Branch Transaction button' is exist

2018-11-19 21:51:37 - [MESSAGE][PASSED] - global.verify_element.exist is PASSED]]></system-out>
         <system-err><![CDATA[]]></system-err>
      </testcase>
      <testcase name="Test Cases/iOS/Send Money Branch/SMB_34" classname="Test Cases/iOS/Send Money Branch/SMB_34" status="PASSED">
         <system-out><![CDATA[2018-11-19 21:51:37 - [TEST_CASE][PASSED] - Test Cases/iOS/Send Money Branch/SMB_34: Test Cases/iOS/Send Money Branch/SMB_34

2018-11-19 21:51:37 - [TEST_STEP][PASSED] - global.verify_element.disabled: global.verify_element.disabled is PASSED

2018-11-19 21:51:40 - [MESSAGE][PASSED] - Element 'Object Repository/iOS/Send Money screen/Complete Branch Transaction button' has attribute 'enabled' is 'false'

2018-11-19 21:51:40 - [MESSAGE][PASSED] - Actual object 'false' and expected object 'false' are equal

2018-11-19 21:51:40 - [MESSAGE][PASSED] - global.verify_element.disabled is PASSED]]></system-out>
         <system-err><![CDATA[]]></system-err>
      </testcase>
      <testcase name="Test Cases/iOS/Send Money Branch/SMB_38" classname="Test Cases/iOS/Send Money Branch/SMB_38" status="PASSED">
         <system-out><![CDATA[2018-11-19 21:51:40 - [TEST_CASE][PASSED] - Test Cases/iOS/Send Money Branch/SMB_38: Test Cases/iOS/Send Money Branch/SMB_38

2018-11-19 21:51:40 - [TEST_STEP][PASSED] - iOS.send_money_screen.tapBack: iOS.send_money_screen.tapBack is PASSED

2018-11-19 21:51:44 - [MESSAGE][PASSED] - Tapped on element 'Object Repository/iOS/Global/Back button'

2018-11-19 21:51:44 - [MESSAGE][PASSED] - iOS.send_money_screen.tapBack is PASSED

2018-11-19 21:51:44 - [TEST_STEP][PASSED] - global.verify_element.notExist: global.verify_element.notExist is PASSED

2018-11-19 21:51:50 - [MESSAGE][PASSED] - Element 'Object Repository/iOS/Send Money screen/Complete Branch Transaction button' not found

2018-11-19 21:51:50 - [MESSAGE][PASSED] - global.verify_element.notExist is PASSED]]></system-out>
         <system-err><![CDATA[]]></system-err>
      </testcase>
      <testcase name="Test Cases/iOS/Send Money Branch/SMB_37" classname="Test Cases/iOS/Send Money Branch/SMB_37" status="PASSED">
         <system-out><![CDATA[2018-11-19 21:51:50 - [TEST_CASE][PASSED] - Test Cases/iOS/Send Money Branch/SMB_37: Test Cases/iOS/Send Money Branch/SMB_37

2018-11-19 21:51:50 - [TEST_STEP][PASSED] - Statement - senderMobileNumber = "63" + mobileNumber: null

2018-11-19 21:51:50 - [TEST_STEP][PASSED] - iOS.send_money_screen.tapNext: iOS.send_money_screen.tapNext is PASSED

2018-11-19 21:51:55 - [MESSAGE][PASSED] - Tapped on element 'Object Repository/iOS/Global/Next button'

2018-11-19 21:51:58 - [MESSAGE][WARNING] - Element 'Object Repository/iOS/Global/Loader' not found
[[ATTACHMENT|/Users/buenaanda/Katalon Studio/mobile-automation-katalon/Reports/iOS/iOS Test Suite/20181119_210750/1542635518804.png]]

2018-11-19 21:52:01 - [MESSAGE][WARNING] - Element 'Object Repository/android/Global/Loader' not found
[[ATTACHMENT|/Users/buenaanda/Katalon Studio/mobile-automation-katalon/Reports/iOS/iOS Test Suite/20181119_210750/1542635520936.png]]

2018-11-19 21:52:01 - [MESSAGE][WARNING] - Test object id is null

2018-11-19 21:52:01 - [MESSAGE][WARNING] - Test object with id 'Object Repository/' does not exist

2018-11-19 21:52:01 - [MESSAGE][FAILED] - Failed to get attribute on element (Root cause: java.lang.IllegalArgumentException: Object is null)
[[ATTACHMENT|/Users/buenaanda/Katalon Studio/mobile-automation-katalon/Reports/iOS/iOS Test Suite/20181119_210750/1542635521093.png]]

2018-11-19 21:52:01 - [MESSAGE][PASSED] - iOS.send_money_screen.tapNext is PASSED

2018-11-19 21:52:01 - [TEST_STEP][PASSED] - iOS.send_money_screen.checkTermsAndAgreement: iOS.send_money_screen.checkTermsAndAgreement is PASSED

2018-11-19 21:52:09 - [MESSAGE][PASSED] - Element 'Object Repository/iOS/Send Money screen/Terms and Agreement checkbox' has attribute 'visible' is 'false'

2018-11-19 21:52:18 - [MESSAGE][PASSED] - Element 'Object Repository/iOS/Send Money screen/Terms and Agreement checkbox' has attribute 'visible' is 'true'

2018-11-19 21:52:21 - [MESSAGE][PASSED] - Tapped on element 'Object Repository/iOS/Send Money screen/Terms and Agreement checkbox'

2018-11-19 21:52:21 - [MESSAGE][PASSED] - iOS.send_money_screen.checkTermsAndAgreement is PASSED

2018-11-19 21:52:21 - [TEST_STEP][PASSED] - iOS.send_money_screen.tapCompleteBranchTransaction: iOS.send_money_screen.tapCompleteBranchTransaction is PASSED

2018-11-19 21:52:24 - [MESSAGE][PASSED] - Element 'Object Repository/iOS/Send Money screen/Complete Branch Transaction button' has attribute 'visible' is 'true'

2018-11-19 21:52:28 - [MESSAGE][PASSED] - Tapped on element 'Object Repository/iOS/Send Money screen/Complete Branch Transaction button'

2018-11-19 21:52:32 - [MESSAGE][PASSED] - Element 'Object Repository/iOS/Global/Loader' is visible

2018-11-19 21:52:36 - [MESSAGE][PASSED] - Element 'Object Repository/iOS/Global/Loader' has attribute 'visible' is 'true'

2018-11-19 21:52:37 - [MESSAGE][PASSED] - Delayed 1 second(s)

2018-11-19 21:52:41 - [MESSAGE][PASSED] - Element 'Object Repository/iOS/Global/Loader' has attribute 'visible' is 'true'

2018-11-19 21:52:42 - [MESSAGE][PASSED] - Delayed 1 second(s)

2018-11-19 21:52:46 - [MESSAGE][PASSED] - Element 'Object Repository/iOS/Global/Loader' has attribute 'visible' is 'true'

2018-11-19 21:52:47 - [MESSAGE][PASSED] - Delayed 1 second(s)

2018-11-19 21:52:51 - [MESSAGE][PASSED] - Element 'Object Repository/iOS/Global/Loader' has attribute 'visible' is 'true'

2018-11-19 21:52:52 - [MESSAGE][PASSED] - Delayed 1 second(s)

2018-11-19 21:52:55 - [MESSAGE][FAILED] - Object Object Repository/iOS/Global/Loader not found
[[ATTACHMENT|/Users/buenaanda/Katalon Studio/mobile-automation-katalon/Reports/iOS/iOS Test Suite/20181119_210750/1542635575140.png]]

2018-11-19 21:52:55 - [MESSAGE][FAILED] - Failed to get attribute 'Object Repository/iOS/Global/Loader' on element 'visible' (Root cause: Object Object Repository/iOS/Global/Loader not found)
[[ATTACHMENT|/Users/buenaanda/Katalon Studio/mobile-automation-katalon/Reports/iOS/iOS Test Suite/20181119_210750/1542635575277.png]]

2018-11-19 21:52:55 - [MESSAGE][PASSED] - iOS.send_money_screen.tapCompleteBranchTransaction is PASSED

2018-11-19 21:52:55 - [TEST_STEP][PASSED] - Statement - Success_screen_message = com.kms.katalon.core.testobject.ObjectRepository.findTestObject(iOS/Global/Generic text, [label:You can now go to a branch to send your money!]): Finding Test Object with id 'Object Repository/iOS/Global/Generic text'

2018-11-19 21:52:55 - [TEST_STEP][PASSED] - global.verify_element.exist: global.verify_element.exist is PASSED

2018-11-19 21:52:57 - [MESSAGE][PASSED] - Element 'Object Repository/iOS/Global/Generic text' is exist

2018-11-19 21:52:57 - [MESSAGE][PASSED] - global.verify_element.exist is PASSED

2018-11-19 21:52:57 - [TEST_STEP][PASSED] - Statement - Success_screen_message = com.kms.katalon.core.testobject.ObjectRepository.findTestObject(iOS/Global/Generic text, [label:To complete your transaction, please present your mobile number along with the required documents at a PERA HUB branch]): Finding Test Object with id 'Object Repository/iOS/Global/Generic text'

2018-11-19 21:52:57 - [TEST_STEP][PASSED] - global.verify_element.exist: global.verify_element.exist is PASSED

2018-11-19 21:52:58 - [MESSAGE][PASSED] - Element 'Object Repository/iOS/Global/Generic text' is exist

2018-11-19 21:52:58 - [MESSAGE][PASSED] - global.verify_element.exist is PASSED

2018-11-19 21:52:58 - [TEST_STEP][PASSED] - Statement - Success_screen_message = com.kms.katalon.core.testobject.ObjectRepository.findTestObject(iOS/Global/Generic text, [label:Present your mobile # to Pera Hub Branch]): Finding Test Object with id 'Object Repository/iOS/Global/Generic text'

2018-11-19 21:52:58 - [TEST_STEP][PASSED] - global.verify_element.exist: global.verify_element.exist is PASSED

2018-11-19 21:53:00 - [MESSAGE][PASSED] - Element 'Object Repository/iOS/Global/Generic text' is exist

2018-11-19 21:53:00 - [MESSAGE][PASSED] - global.verify_element.exist is PASSED

2018-11-19 21:53:00 - [TEST_STEP][PASSED] - Statement - Mobile_Number = com.kms.katalon.core.testobject.ObjectRepository.findTestObject(iOS/Global/Generic text, [label:senderMobileNumber]): Finding Test Object with id 'Object Repository/iOS/Global/Generic text'

2018-11-19 21:53:00 - [TEST_STEP][PASSED] - global.verify_element.exist: global.verify_element.exist is PASSED

2018-11-19 21:53:02 - [MESSAGE][PASSED] - Element 'Object Repository/iOS/Global/Generic text' is exist

2018-11-19 21:53:02 - [MESSAGE][PASSED] - global.verify_element.exist is PASSED]]></system-out>
         <system-err><![CDATA[]]></system-err>
      </testcase>
      <testcase name="Test Cases/iOS/Send Money Branch/SMB_42" classname="Test Cases/iOS/Send Money Branch/SMB_42" status="FAILED">
         <failure type="FAILED" message="(Stack trace: com.kms.katalon.core.exception.StepFailedException: Element 'Object Repository/iOS/Global/Generic text' not found
	at com.kms.katalon.core.keyword.internal.KeywordMain.stepFailed(KeywordMain.groovy:32)
	at com.kms.katalon.core.mobile.keyword.internal.MobileKeywordMain.stepFailed(MobileKeywordMain.groovy:40)
	at com.kms.katalon.core.mobile.keyword.builtin.VerifyElementExistKeyword$_verifyElementExist_closure1.doCall(VerifyElementExistKeyword.groovy:77)
	at com.kms.katalon.core.mobile.keyword.builtin.VerifyElementExistKeyword$_verifyElementExist_closure1.call(VerifyElementExistKeyword.groovy)
	at com.kms.katalon.core.mobile.keyword.internal.MobileKeywordMain.runKeyword(MobileKeywordMain.groovy:21)
	at com.kms.katalon.core.mobile.keyword.builtin.VerifyElementExistKeyword.verifyElementExist(VerifyElementExistKeyword.groovy:80)
	at com.kms.katalon.core.mobile.keyword.builtin.VerifyElementExistKeyword.execute(VerifyElementExistKeyword.groovy:64)
	at com.kms.katalon.core.keyword.internal.KeywordExecutor.executeKeywordForPlatform(KeywordExecutor.groovy:53)
	at com.kms.katalon.core.mobile.keyword.MobileBuiltInKeywords.verifyElementExist(MobileBuiltInKeywords.groovy:605)
	at com.kms.katalon.core.mobile.keyword.MobileBuiltInKeywords$verifyElementExist$1.call(Unknown Source)
	at global.verify_element.exist(verify_element.groovy:38)
	at sun.reflect.GeneratedMethodAccessor8.invoke(Unknown Source)
	at sun.reflect.DelegatingMethodAccessorImpl.invoke(DelegatingMethodAccessorImpl.java:43)
	at java.lang.reflect.Method.invoke(Method.java:498)
	at org.codehaus.groovy.reflection.CachedMethod.invoke(CachedMethod.java:93)
	at groovy.lang.MetaMethod.doMethodInvoke(MetaMethod.java:325)
	at groovy.lang.MetaClassImpl.invokeMethod(MetaClassImpl.java:1215)
	at groovy.lang.MetaClassImpl.invokeMethod(MetaClassImpl.java:1024)
	at groovy.lang.MetaClassImpl.invokeMethod(MetaClassImpl.java:812)
	at groovy.lang.DelegatingMetaClass.invokeMethod(DelegatingMetaClass.java:144)
	at global.verify_element.invokeMethod(verify_element.groovy)
	at com.kms.katalon.core.main.CustomKeywordDelegatingMetaClass.invokeStaticMethod(CustomKeywordDelegatingMetaClass.java:46)
	at org.codehaus.groovy.runtime.callsite.StaticMetaClassSite.call(StaticMetaClassSite.java:53)
	at org.codehaus.groovy.runtime.callsite.CallSiteArray.defaultCall(CallSiteArray.java:48)
	at org.codehaus.groovy.runtime.callsite.AbstractCallSite.call(AbstractCallSite.java:113)
	at org.codehaus.groovy.runtime.callsite.AbstractCallSite.call(AbstractCallSite.java:125)
	at Script1541663263215.run(Script1541663263215.groovy:36)
	at com.kms.katalon.core.main.ScriptEngine.run(ScriptEngine.java:183)
	at com.kms.katalon.core.main.ScriptEngine.runScriptAsRawText(ScriptEngine.java:108)
	at com.kms.katalon.core.main.TestCaseExecutor.runScript(TestCaseExecutor.java:294)
	at com.kms.katalon.core.main.TestCaseExecutor.doExecute(TestCaseExecutor.java:285)
	at com.kms.katalon.core.main.TestCaseExecutor.processExecutionPhase(TestCaseExecutor.java:264)
	at com.kms.katalon.core.main.TestCaseExecutor.accessMainPhase(TestCaseExecutor.java:256)
	at com.kms.katalon.core.main.TestCaseExecutor.execute(TestCaseExecutor.java:200)
	at com.kms.katalon.core.main.TestSuiteExecutor.accessTestCaseMainPhase(TestSuiteExecutor.java:129)
	at com.kms.katalon.core.main.TestSuiteExecutor.accessTestSuiteMainPhase(TestSuiteExecutor.java:112)
	at com.kms.katalon.core.main.TestSuiteExecutor.execute(TestSuiteExecutor.java:81)
	at com.kms.katalon.core.main.TestCaseMain.startTestSuite(TestCaseMain.java:142)
	at com.kms.katalon.core.main.TestCaseMain$startTestSuite$0.call(Unknown Source)
	at org.codehaus.groovy.runtime.callsite.CallSiteArray.defaultCall(CallSiteArray.java:48)
	at org.codehaus.groovy.runtime.callsite.AbstractCallSite.call(AbstractCallSite.java:113)
	at org.codehaus.groovy.runtime.callsite.AbstractCallSite.call(AbstractCallSite.java:141)
	at TempTestSuite1542632870489.run(TempTestSuite1542632870489.groovy:36)
	at groovy.lang.GroovyShell.runScriptOrMainOrTestOrRunnable(GroovyShell.java:263)
	at groovy.lang.GroovyShell.run(GroovyShell.java:518)
	at groovy.lang.GroovyShell.run(GroovyShell.java:507)
	at groovy.ui.GroovyMain.processOnce(GroovyMain.java:653)
	at groovy.ui.GroovyMain.run(GroovyMain.java:384)
	at groovy.ui.GroovyMain.process(GroovyMain.java:370)
	at groovy.ui.GroovyMain.processArgs(GroovyMain.java:129)
	at groovy.ui.GroovyMain.main(GroovyMain.java:109)
	at sun.reflect.NativeMethodAccessorImpl.invoke0(Native Method)
	at sun.reflect.NativeMethodAccessorImpl.invoke(NativeMethodAccessorImpl.java:62)
	at sun.reflect.DelegatingMethodAccessorImpl.invoke(DelegatingMethodAccessorImpl.java:43)
	at java.lang.reflect.Method.invoke(Method.java:498)
	at org.codehaus.groovy.tools.GroovyStarter.rootLoader(GroovyStarter.java:109)
	at org.codehaus.groovy.tools.GroovyStarter.main(GroovyStarter.java:131)
)"/>
         <system-out><![CDATA[2018-11-19 21:53:02 - [TEST_CASE][FAILED] - Test Cases/iOS/Send Money Branch/SMB_42: Test Cases/iOS/Send Money Branch/SMB_42 FAILED because (of) (Stack trace: com.kms.katalon.core.exception.StepFailedException: Element 'Object Repository/iOS/Global/Generic text' not found
	at com.kms.katalon.core.keyword.internal.KeywordMain.stepFailed(KeywordMain.groovy:32)
	at com.kms.katalon.core.mobile.keyword.internal.MobileKeywordMain.stepFailed(MobileKeywordMain.groovy:40)
	at com.kms.katalon.core.mobile.keyword.builtin.VerifyElementExistKeyword$_verifyElementExist_closure1.doCall(VerifyElementExistKeyword.groovy:77)
	at com.kms.katalon.core.mobile.keyword.builtin.VerifyElementExistKeyword$_verifyElementExist_closure1.call(VerifyElementExistKeyword.groovy)
	at com.kms.katalon.core.mobile.keyword.internal.MobileKeywordMain.runKeyword(MobileKeywordMain.groovy:21)
	at com.kms.katalon.core.mobile.keyword.builtin.VerifyElementExistKeyword.verifyElementExist(VerifyElementExistKeyword.groovy:80)
	at com.kms.katalon.core.mobile.keyword.builtin.VerifyElementExistKeyword.execute(VerifyElementExistKeyword.groovy:64)
	at com.kms.katalon.core.keyword.internal.KeywordExecutor.executeKeywordForPlatform(KeywordExecutor.groovy:53)
	at com.kms.katalon.core.mobile.keyword.MobileBuiltInKeywords.verifyElementExist(MobileBuiltInKeywords.groovy:605)
	at com.kms.katalon.core.mobile.keyword.MobileBuiltInKeywords$verifyElementExist$1.call(Unknown Source)
	at global.verify_element.exist(verify_element.groovy:38)
	at sun.reflect.GeneratedMethodAccessor8.invoke(Unknown Source)
	at sun.reflect.DelegatingMethodAccessorImpl.invoke(DelegatingMethodAccessorImpl.java:43)
	at java.lang.reflect.Method.invoke(Method.java:498)
	at org.codehaus.groovy.reflection.CachedMethod.invoke(CachedMethod.java:93)
	at groovy.lang.MetaMethod.doMethodInvoke(MetaMethod.java:325)
	at groovy.lang.MetaClassImpl.invokeMethod(MetaClassImpl.java:1215)
	at groovy.lang.MetaClassImpl.invokeMethod(MetaClassImpl.java:1024)
	at groovy.lang.MetaClassImpl.invokeMethod(MetaClassImpl.java:812)
	at groovy.lang.DelegatingMetaClass.invokeMethod(DelegatingMetaClass.java:144)
	at global.verify_element.invokeMethod(verify_element.groovy)
	at com.kms.katalon.core.main.CustomKeywordDelegatingMetaClass.invokeStaticMethod(CustomKeywordDelegatingMetaClass.java:46)
	at org.codehaus.groovy.runtime.callsite.StaticMetaClassSite.call(StaticMetaClassSite.java:53)
	at org.codehaus.groovy.runtime.callsite.CallSiteArray.defaultCall(CallSiteArray.java:48)
	at org.codehaus.groovy.runtime.callsite.AbstractCallSite.call(AbstractCallSite.java:113)
	at org.codehaus.groovy.runtime.callsite.AbstractCallSite.call(AbstractCallSite.java:125)
	at Script1541663263215.run(Script1541663263215.groovy:36)
	at com.kms.katalon.core.main.ScriptEngine.run(ScriptEngine.java:183)
	at com.kms.katalon.core.main.ScriptEngine.runScriptAsRawText(ScriptEngine.java:108)
	at com.kms.katalon.core.main.TestCaseExecutor.runScript(TestCaseExecutor.java:294)
	at com.kms.katalon.core.main.TestCaseExecutor.doExecute(TestCaseExecutor.java:285)
	at com.kms.katalon.core.main.TestCaseExecutor.processExecutionPhase(TestCaseExecutor.java:264)
	at com.kms.katalon.core.main.TestCaseExecutor.accessMainPhase(TestCaseExecutor.java:256)
	at com.kms.katalon.core.main.TestCaseExecutor.execute(TestCaseExecutor.java:200)
	at com.kms.katalon.core.main.TestSuiteExecutor.accessTestCaseMainPhase(TestSuiteExecutor.java:129)
	at com.kms.katalon.core.main.TestSuiteExecutor.accessTestSuiteMainPhase(TestSuiteExecutor.java:112)
	at com.kms.katalon.core.main.TestSuiteExecutor.execute(TestSuiteExecutor.java:81)
	at com.kms.katalon.core.main.TestCaseMain.startTestSuite(TestCaseMain.java:142)
	at com.kms.katalon.core.main.TestCaseMain$startTestSuite$0.call(Unknown Source)
	at org.codehaus.groovy.runtime.callsite.CallSiteArray.defaultCall(CallSiteArray.java:48)
	at org.codehaus.groovy.runtime.callsite.AbstractCallSite.call(AbstractCallSite.java:113)
	at org.codehaus.groovy.runtime.callsite.AbstractCallSite.call(AbstractCallSite.java:141)
	at TempTestSuite1542632870489.run(TempTestSuite1542632870489.groovy:36)
	at groovy.lang.GroovyShell.runScriptOrMainOrTestOrRunnable(GroovyShell.java:263)
	at groovy.lang.GroovyShell.run(GroovyShell.java:518)
	at groovy.lang.GroovyShell.run(GroovyShell.java:507)
	at groovy.ui.GroovyMain.processOnce(GroovyMain.java:653)
	at groovy.ui.GroovyMain.run(GroovyMain.java:384)
	at groovy.ui.GroovyMain.process(GroovyMain.java:370)
	at groovy.ui.GroovyMain.processArgs(GroovyMain.java:129)
	at groovy.ui.GroovyMain.main(GroovyMain.java:109)
	at sun.reflect.NativeMethodAccessorImpl.invoke0(Native Method)
	at sun.reflect.NativeMethodAccessorImpl.invoke(NativeMethodAccessorImpl.java:62)
	at sun.reflect.DelegatingMethodAccessorImpl.invoke(DelegatingMethodAccessorImpl.java:43)
	at java.lang.reflect.Method.invoke(Method.java:498)
	at org.codehaus.groovy.tools.GroovyStarter.rootLoader(GroovyStarter.java:109)
	at org.codehaus.groovy.tools.GroovyStarter.main(GroovyStarter.java:131)
)

2018-11-19 21:53:02 - [TEST_STEP][PASSED] - Statement - senderName = "Allen Pogi Crisostomo": null

2018-11-19 21:53:02 - [TEST_STEP][PASSED] - Statement - receiverName = randomFirstName + " " + randomMiddleName + " " + randomLastName: null

2018-11-19 21:53:02 - [TEST_STEP][PASSED] - Statement - receiverMobileNumber = "66" + randomMobileNumber: null

2018-11-19 21:53:02 - [TEST_STEP][PASSED] - Statement - serviceFee = "500.00 PHP": null

2018-11-19 21:53:02 - [TEST_STEP][PASSED] - Statement - sendAmount = randomAmount + " PHP": null

2018-11-19 21:53:02 - [TEST_STEP][PASSED] - Statement - senderMobileNumber = "63" + mobileNumber: null

2018-11-19 21:53:02 - [TEST_STEP][PASSED] - Statement - Sender_Mobile_Number = com.kms.katalon.core.testobject.ObjectRepository.findTestObject(iOS/Global/Generic text, [label:senderMobileNumber]): Finding Test Object with id 'Object Repository/iOS/Global/Generic text'

2018-11-19 21:53:02 - [TEST_STEP][PASSED] - Statement - Sender_Name = com.kms.katalon.core.testobject.ObjectRepository.findTestObject(iOS/Global/Generic text, [label:senderName]): Finding Test Object with id 'Object Repository/iOS/Global/Generic text'

2018-11-19 21:53:02 - [TEST_STEP][PASSED] - Statement - Sender_Country = com.kms.katalon.core.testobject.ObjectRepository.findTestObject(iOS/Global/Generic text, [label:Philippines]): Finding Test Object with id 'Object Repository/iOS/Global/Generic text'

2018-11-19 21:53:02 - [TEST_STEP][PASSED] - Statement - Receiver_Name = com.kms.katalon.core.testobject.ObjectRepository.findTestObject(iOS/Global/Generic text, [label:receiverName]): Finding Test Object with id 'Object Repository/iOS/Global/Generic text'

2018-11-19 21:53:02 - [TEST_STEP][PASSED] - Statement - Receiver_Country = com.kms.katalon.core.testobject.ObjectRepository.findTestObject(iOS/Global/Generic text, [label:Thailand]): Finding Test Object with id 'Object Repository/iOS/Global/Generic text'

2018-11-19 21:53:02 - [TEST_STEP][PASSED] - Statement - Receiver_Mobile_Number = com.kms.katalon.core.testobject.ObjectRepository.findTestObject(iOS/Global/Generic text, [label:receiverMobileNumber]): Finding Test Object with id 'Object Repository/iOS/Global/Generic text'

2018-11-19 21:53:02 - [TEST_STEP][PASSED] - Statement - Send_Amount = com.kms.katalon.core.testobject.ObjectRepository.findTestObject(iOS/Global/Generic text, [label:sendAmount]): Finding Test Object with id 'Object Repository/iOS/Global/Generic text'

2018-11-19 21:53:02 - [TEST_STEP][PASSED] - Statement - Service_Fee = com.kms.katalon.core.testobject.ObjectRepository.findTestObject(iOS/Global/Generic text, [label:serviceFee]): Finding Test Object with id 'Object Repository/iOS/Global/Generic text'

2018-11-19 21:53:02 - [TEST_STEP][PASSED] - Statement - Message_Charge = com.kms.katalon.core.testobject.ObjectRepository.findTestObject(iOS/Global/Generic text, [label:0.00 PHP]): Finding Test Object with id 'Object Repository/iOS/Global/Generic text'

2018-11-19 21:53:02 - [TEST_STEP][PASSED] - iOS.send_money_screen.tapViewDetails: iOS.send_money_screen.tapViewDetails is PASSED

2018-11-19 21:53:04 - [MESSAGE][PASSED] - Tapped on element 'Object Repository/iOS/Send Money screen/View Details button'

2018-11-19 21:53:04 - [MESSAGE][PASSED] - iOS.send_money_screen.tapViewDetails is PASSED

2018-11-19 21:53:04 - [TEST_STEP][PASSED] - global.verify_element.exist: global.verify_element.exist is PASSED

2018-11-19 21:53:07 - [MESSAGE][PASSED] - Element 'Object Repository/iOS/Global/Generic text' is exist

2018-11-19 21:53:07 - [MESSAGE][PASSED] - global.verify_element.exist is PASSED

2018-11-19 21:53:07 - [TEST_STEP][PASSED] - global.verify_element.exist: global.verify_element.exist is PASSED

2018-11-19 21:53:10 - [MESSAGE][PASSED] - Element 'Object Repository/iOS/Global/Generic text' is exist

2018-11-19 21:53:10 - [MESSAGE][PASSED] - global.verify_element.exist is PASSED

2018-11-19 21:53:10 - [TEST_STEP][PASSED] - global.verify_element.exist: global.verify_element.exist is PASSED

2018-11-19 21:53:13 - [MESSAGE][PASSED] - Element 'Object Repository/iOS/Global/Generic text' is exist

2018-11-19 21:53:13 - [MESSAGE][PASSED] - global.verify_element.exist is PASSED

2018-11-19 21:53:13 - [TEST_STEP][PASSED] - global.verify_element.exist: global.verify_element.exist is PASSED

2018-11-19 21:53:15 - [MESSAGE][PASSED] - Element 'Object Repository/iOS/Global/Generic text' is exist

2018-11-19 21:53:15 - [MESSAGE][PASSED] - global.verify_element.exist is PASSED

2018-11-19 21:53:15 - [TEST_STEP][PASSED] - global.scroll_to_element.down: global.scroll_to_element.down is PASSED

2018-11-19 21:53:18 - [MESSAGE][PASSED] - Element 'Object Repository/iOS/Global/Generic text' has attribute 'visible' is 'true'

2018-11-19 21:53:18 - [MESSAGE][PASSED] - global.scroll_to_element.down is PASSED

2018-11-19 21:53:18 - [TEST_STEP][PASSED] - global.verify_element.exist: global.verify_element.exist is PASSED

2018-11-19 21:53:20 - [MESSAGE][PASSED] - Element 'Object Repository/iOS/Global/Generic text' is exist

2018-11-19 21:53:20 - [MESSAGE][PASSED] - global.verify_element.exist is PASSED

2018-11-19 21:53:20 - [TEST_STEP][FAILED] - global.verify_element.exist: Element 'Object Repository/iOS/Global/Generic text' not found

2018-11-19 21:53:25 - [MESSAGE][FAILED] - Element 'Object Repository/iOS/Global/Generic text' not found
[[ATTACHMENT|/Users/buenaanda/Katalon Studio/mobile-automation-katalon/Reports/iOS/iOS Test Suite/20181119_210750/1542635605768.png]]

2018-11-19 21:53:25 - [MESSAGE][FAILED] - Element 'Object Repository/iOS/Global/Generic text' not found

2018-11-19 21:53:25 - [TEST_STEP][PASSED] - global.verify_element.exist: global.verify_element.exist is PASSED

2018-11-19 21:53:28 - [MESSAGE][PASSED] - Element 'Object Repository/iOS/Global/Generic text' is exist

2018-11-19 21:53:28 - [MESSAGE][PASSED] - global.verify_element.exist is PASSED]]></system-out>
         <system-err><![CDATA[2018-11-19 21:53:02 - [TEST_CASE][FAILED] - Test Cases/iOS/Send Money Branch/SMB_42: Test Cases/iOS/Send Money Branch/SMB_42 FAILED because (of) (Stack trace: com.kms.katalon.core.exception.StepFailedException: Element 'Object Repository/iOS/Global/Generic text' not found
	at com.kms.katalon.core.keyword.internal.KeywordMain.stepFailed(KeywordMain.groovy:32)
	at com.kms.katalon.core.mobile.keyword.internal.MobileKeywordMain.stepFailed(MobileKeywordMain.groovy:40)
	at com.kms.katalon.core.mobile.keyword.builtin.VerifyElementExistKeyword$_verifyElementExist_closure1.doCall(VerifyElementExistKeyword.groovy:77)
	at com.kms.katalon.core.mobile.keyword.builtin.VerifyElementExistKeyword$_verifyElementExist_closure1.call(VerifyElementExistKeyword.groovy)
	at com.kms.katalon.core.mobile.keyword.internal.MobileKeywordMain.runKeyword(MobileKeywordMain.groovy:21)
	at com.kms.katalon.core.mobile.keyword.builtin.VerifyElementExistKeyword.verifyElementExist(VerifyElementExistKeyword.groovy:80)
	at com.kms.katalon.core.mobile.keyword.builtin.VerifyElementExistKeyword.execute(VerifyElementExistKeyword.groovy:64)
	at com.kms.katalon.core.keyword.internal.KeywordExecutor.executeKeywordForPlatform(KeywordExecutor.groovy:53)
	at com.kms.katalon.core.mobile.keyword.MobileBuiltInKeywords.verifyElementExist(MobileBuiltInKeywords.groovy:605)
	at com.kms.katalon.core.mobile.keyword.MobileBuiltInKeywords$verifyElementExist$1.call(Unknown Source)
	at global.verify_element.exist(verify_element.groovy:38)
	at sun.reflect.GeneratedMethodAccessor8.invoke(Unknown Source)
	at sun.reflect.DelegatingMethodAccessorImpl.invoke(DelegatingMethodAccessorImpl.java:43)
	at java.lang.reflect.Method.invoke(Method.java:498)
	at org.codehaus.groovy.reflection.CachedMethod.invoke(CachedMethod.java:93)
	at groovy.lang.MetaMethod.doMethodInvoke(MetaMethod.java:325)
	at groovy.lang.MetaClassImpl.invokeMethod(MetaClassImpl.java:1215)
	at groovy.lang.MetaClassImpl.invokeMethod(MetaClassImpl.java:1024)
	at groovy.lang.MetaClassImpl.invokeMethod(MetaClassImpl.java:812)
	at groovy.lang.DelegatingMetaClass.invokeMethod(DelegatingMetaClass.java:144)
	at global.verify_element.invokeMethod(verify_element.groovy)
	at com.kms.katalon.core.main.CustomKeywordDelegatingMetaClass.invokeStaticMethod(CustomKeywordDelegatingMetaClass.java:46)
	at org.codehaus.groovy.runtime.callsite.StaticMetaClassSite.call(StaticMetaClassSite.java:53)
	at org.codehaus.groovy.runtime.callsite.CallSiteArray.defaultCall(CallSiteArray.java:48)
	at org.codehaus.groovy.runtime.callsite.AbstractCallSite.call(AbstractCallSite.java:113)
	at org.codehaus.groovy.runtime.callsite.AbstractCallSite.call(AbstractCallSite.java:125)
	at Script1541663263215.run(Script1541663263215.groovy:36)
	at com.kms.katalon.core.main.ScriptEngine.run(ScriptEngine.java:183)
	at com.kms.katalon.core.main.ScriptEngine.runScriptAsRawText(ScriptEngine.java:108)
	at com.kms.katalon.core.main.TestCaseExecutor.runScript(TestCaseExecutor.java:294)
	at com.kms.katalon.core.main.TestCaseExecutor.doExecute(TestCaseExecutor.java:285)
	at com.kms.katalon.core.main.TestCaseExecutor.processExecutionPhase(TestCaseExecutor.java:264)
	at com.kms.katalon.core.main.TestCaseExecutor.accessMainPhase(TestCaseExecutor.java:256)
	at com.kms.katalon.core.main.TestCaseExecutor.execute(TestCaseExecutor.java:200)
	at com.kms.katalon.core.main.TestSuiteExecutor.accessTestCaseMainPhase(TestSuiteExecutor.java:129)
	at com.kms.katalon.core.main.TestSuiteExecutor.accessTestSuiteMainPhase(TestSuiteExecutor.java:112)
	at com.kms.katalon.core.main.TestSuiteExecutor.execute(TestSuiteExecutor.java:81)
	at com.kms.katalon.core.main.TestCaseMain.startTestSuite(TestCaseMain.java:142)
	at com.kms.katalon.core.main.TestCaseMain$startTestSuite$0.call(Unknown Source)
	at org.codehaus.groovy.runtime.callsite.CallSiteArray.defaultCall(CallSiteArray.java:48)
	at org.codehaus.groovy.runtime.callsite.AbstractCallSite.call(AbstractCallSite.java:113)
	at org.codehaus.groovy.runtime.callsite.AbstractCallSite.call(AbstractCallSite.java:141)
	at TempTestSuite1542632870489.run(TempTestSuite1542632870489.groovy:36)
	at groovy.lang.GroovyShell.runScriptOrMainOrTestOrRunnable(GroovyShell.java:263)
	at groovy.lang.GroovyShell.run(GroovyShell.java:518)
	at groovy.lang.GroovyShell.run(GroovyShell.java:507)
	at groovy.ui.GroovyMain.processOnce(GroovyMain.java:653)
	at groovy.ui.GroovyMain.run(GroovyMain.java:384)
	at groovy.ui.GroovyMain.process(GroovyMain.java:370)
	at groovy.ui.GroovyMain.processArgs(GroovyMain.java:129)
	at groovy.ui.GroovyMain.main(GroovyMain.java:109)
	at sun.reflect.NativeMethodAccessorImpl.invoke0(Native Method)
	at sun.reflect.NativeMethodAccessorImpl.invoke(NativeMethodAccessorImpl.java:62)
	at sun.reflect.DelegatingMethodAccessorImpl.invoke(DelegatingMethodAccessorImpl.java:43)
	at java.lang.reflect.Method.invoke(Method.java:498)
	at org.codehaus.groovy.tools.GroovyStarter.rootLoader(GroovyStarter.java:109)
	at org.codehaus.groovy.tools.GroovyStarter.main(GroovyStarter.java:131)
)]]></system-err>
      </testcase>
      <testcase name="Test Cases/iOS/Send Money Branch/SMB_43" classname="Test Cases/iOS/Send Money Branch/SMB_43" status="PASSED">
         <system-out><![CDATA[2018-11-19 21:53:28 - [TEST_CASE][PASSED] - Test Cases/iOS/Send Money Branch/SMB_43: Test Cases/iOS/Send Money Branch/SMB_43

2018-11-19 21:53:28 - [TEST_STEP][PASSED] - iOS.send_money_screen.tapBack: iOS.send_money_screen.tapBack is PASSED

2018-11-19 21:53:31 - [MESSAGE][PASSED] - Tapped on element 'Object Repository/iOS/Global/Back button'

2018-11-19 21:53:31 - [MESSAGE][PASSED] - iOS.send_money_screen.tapBack is PASSED

2018-11-19 21:53:31 - [TEST_STEP][PASSED] - iOS.send_money_screen.tapViewDashboard: iOS.send_money_screen.tapViewDashboard is PASSED

2018-11-19 21:53:33 - [MESSAGE][PASSED] - Tapped on element 'Object Repository/iOS/Send Money screen/View Dashboard button'

2018-11-19 21:53:33 - [MESSAGE][PASSED] - iOS.send_money_screen.tapViewDashboard is PASSED

2018-11-19 21:53:33 - [TEST_STEP][PASSED] - global.verify_element.exist: global.verify_element.exist is PASSED

2018-11-19 21:53:38 - [MESSAGE][PASSED] - Element 'Object Repository/iOS/Navigation menu/My Account menu' is exist

2018-11-19 21:53:38 - [MESSAGE][PASSED] - global.verify_element.exist is PASSED]]></system-out>
         <system-err><![CDATA[]]></system-err>
      </testcase>
      <testcase name="Test Cases/iOS/Send Money Branch/SMB_31" classname="Test Cases/iOS/Send Money Branch/SMB_31" status="PASSED">
         <system-out><![CDATA[2018-11-19 21:53:38 - [TEST_CASE][PASSED] - Test Cases/iOS/Send Money Branch/SMB_31: Test Cases/iOS/Send Money Branch/SMB_31

2018-11-19 21:53:38 - [TEST_STEP][PASSED] - Statement - randomFirstName = new global.random_data().firstName(): null

2018-11-19 21:53:38 - [TEST_STEP][PASSED] - Statement - randomMiddleName = new global.random_data().middleName(): null

2018-11-19 21:53:39 - [TEST_STEP][PASSED] - Statement - randomLastName = new global.random_data().lastName(): null

2018-11-19 21:53:39 - [TEST_STEP][PASSED] - Statement - randomMobileNumber = new global.random_data().mobileNumber(): null

2018-11-19 21:53:39 - [TEST_STEP][PASSED] - Statement - randomPhoneNumber = new global.random_data().phoneNumber(): null

2018-11-19 21:53:39 - [TEST_STEP][PASSED] - Statement - randomSourceOfFunds = new global.random_data().sourceOfFunds(): null

2018-11-19 21:53:39 - [TEST_STEP][PASSED] - Statement - randomAmount = new global.random_data().amount(): null

2018-11-19 21:53:39 - [TEST_STEP][PASSED] - Statement - randomSentence = new global.random_data().message(): null

2018-11-19 21:53:39 - [TEST_STEP][PASSED] - Statement - firstName = randomFirstName: null

2018-11-19 21:53:39 - [TEST_STEP][PASSED] - Statement - middleName = randomMiddleName: null

2018-11-19 21:53:39 - [TEST_STEP][PASSED] - Statement - lastName = randomLastName: null

2018-11-19 21:53:39 - [TEST_STEP][PASSED] - Statement - mobileNumber = randomMobileNumber: null

2018-11-19 21:53:39 - [TEST_STEP][PASSED] - Statement - phoneNumber = randomPhoneNumber: null

2018-11-19 21:53:39 - [TEST_STEP][PASSED] - Statement - sourceOfFunds = randomSourceOfFunds: null

2018-11-19 21:53:39 - [TEST_STEP][PASSED] - Statement - amount = randomAmount: null

2018-11-19 21:53:39 - [TEST_STEP][PASSED] - Statement - message = randomSentence: null

2018-11-19 21:53:39 - [TEST_STEP][PASSED] - iOS.navigation_menu.tapTransferMoney: iOS.navigation_menu.tapTransferMoney is PASSED

2018-11-19 21:53:39 - [MESSAGE][WARNING] - Timeout '0' is invalid. Using default page load timeout: '15'

2018-11-19 21:53:44 - [MESSAGE][PASSED] - Tapped on element 'Object Repository/iOS/Navigation menu/Transfer Money menu'

2018-11-19 21:53:44 - [MESSAGE][PASSED] - iOS.navigation_menu.tapTransferMoney is PASSED

2018-11-19 21:53:44 - [TEST_STEP][PASSED] - iOS.transfer_money_screen.tapSendMoney: iOS.transfer_money_screen.tapSendMoney is PASSED

2018-11-19 21:53:44 - [MESSAGE][WARNING] - Timeout '0' is invalid. Using default page load timeout: '15'

2018-11-19 21:53:48 - [MESSAGE][PASSED] - Tapped on element 'Object Repository/iOS/Transfer Money screen/Send Money button'

2018-11-19 21:53:48 - [MESSAGE][PASSED] - iOS.transfer_money_screen.tapSendMoney is PASSED

2018-11-19 21:53:48 - [TEST_STEP][PASSED] - iOS.transfer_money_screen.tapBranchTransaction: iOS.transfer_money_screen.tapBranchTransaction is PASSED

2018-11-19 21:53:57 - [MESSAGE][PASSED] - Tapped on element 'Object Repository/iOS/Transfer Money screen/Branch Transaction button'

2018-11-19 21:53:57 - [MESSAGE][PASSED] - iOS.transfer_money_screen.tapBranchTransaction is PASSED

2018-11-19 21:53:57 - [TEST_STEP][PASSED] - iOS.send_money_screen.tapPersonalInformation: iOS.send_money_screen.tapPersonalInformation is PASSED

2018-11-19 21:54:03 - [MESSAGE][PASSED] - Tapped on element 'Object Repository/iOS/Send Money screen/Personal Information button'

2018-11-19 21:54:03 - [MESSAGE][PASSED] - iOS.send_money_screen.tapPersonalInformation is PASSED

2018-11-19 21:54:03 - [TEST_STEP][PASSED] - iOS.send_money_screen.enterFirstName: iOS.send_money_screen.enterFirstName is PASSED

2018-11-19 21:54:08 - [MESSAGE][PASSED] - Text 'Maxine' has been set to element 'Object Repository/iOS/Send Money screen/First Name field'

2018-11-19 21:54:08 - [MESSAGE][PASSED] - iOS.send_money_screen.enterFirstName is PASSED

2018-11-19 21:54:08 - [TEST_STEP][PASSED] - iOS.send_money_screen.enterMiddleName: iOS.send_money_screen.enterMiddleName is PASSED

2018-11-19 21:54:13 - [MESSAGE][PASSED] - Text 'Reilly' has been set to element 'Object Repository/iOS/Send Money screen/Middle Name field'

2018-11-19 21:54:13 - [MESSAGE][PASSED] - iOS.send_money_screen.enterMiddleName is PASSED

2018-11-19 21:54:13 - [TEST_STEP][PASSED] - iOS.send_money_screen.enterLastName: iOS.send_money_screen.enterLastName is PASSED

2018-11-19 21:54:17 - [MESSAGE][PASSED] - Text 'Franecki' has been set to element 'Object Repository/iOS/Send Money screen/Last Name field'

2018-11-19 21:54:17 - [MESSAGE][PASSED] - iOS.send_money_screen.enterLastName is PASSED

2018-11-19 21:54:17 - [TEST_STEP][PASSED] - iOS.send_money_screen.enterMobileNumber: iOS.send_money_screen.enterMobileNumber is PASSED

2018-11-19 21:54:22 - [MESSAGE][PASSED] - Text '9533484041' has been set to element 'Object Repository/iOS/Send Money screen/Mobile Number field'

2018-11-19 21:54:26 - [MESSAGE][PASSED] - Tapped on element 'Object Repository/iOS/Global/Toolbar Done Button'

2018-11-19 21:54:26 - [MESSAGE][PASSED] - iOS.send_money_screen.enterMobileNumber is PASSED

2018-11-19 21:54:26 - [TEST_STEP][PASSED] - iOS.send_money_screen.enterPhoneNumber: iOS.send_money_screen.enterPhoneNumber is PASSED

2018-11-19 21:54:30 - [MESSAGE][PASSED] - Text '87839724' has been set to element 'Object Repository/iOS/Send Money screen/Phone Number field'

2018-11-19 21:54:30 - [MESSAGE][PASSED] - iOS.send_money_screen.enterPhoneNumber is PASSED

2018-11-19 21:54:30 - [TEST_STEP][PASSED] - iOS.send_money_screen.tapSave: iOS.send_money_screen.tapSave is PASSED

2018-11-19 21:54:34 - [MESSAGE][PASSED] - Tapped on element 'Object Repository/iOS/Global/Save button'

2018-11-19 21:54:37 - [MESSAGE][PASSED] - Delayed 3 second(s)

2018-11-19 21:54:37 - [MESSAGE][PASSED] - iOS.send_money_screen.tapSave is PASSED

2018-11-19 21:54:37 - [TEST_STEP][PASSED] - iOS.send_money_screen.tapCurrentAddress: iOS.send_money_screen.tapCurrentAddress is PASSED

2018-11-19 21:54:40 - [MESSAGE][PASSED] - Element 'Object Repository/iOS/Send Money screen/Current Address button' is present

2018-11-19 21:54:44 - [MESSAGE][PASSED] - Tapped on element 'Object Repository/iOS/Send Money screen/Current Address button'

2018-11-19 21:54:44 - [MESSAGE][PASSED] - iOS.send_money_screen.tapCurrentAddress is PASSED

2018-11-19 21:54:44 - [TEST_STEP][PASSED] - iOS.send_money_screen.selectCountry: iOS.send_money_screen.selectCountry is PASSED

2018-11-19 21:54:51 - [MESSAGE][PASSED] - Tapped on element 'Object Repository/iOS/Send Money screen/Country field'

2018-11-19 21:55:26 - [MESSAGE][PASSED] - iOS.send_money_screen.selectCountry is PASSED

2018-11-19 21:55:26 - [TEST_STEP][PASSED] - iOS.send_money_screen.enterPostal: iOS.send_money_screen.enterPostal is PASSED

2018-11-19 21:55:30 - [MESSAGE][PASSED] - Text '1442' has been set to element 'Object Repository/iOS/Send Money screen/Postal field'

2018-11-19 21:55:35 - [MESSAGE][PASSED] - Tapped on element 'Object Repository/iOS/Global/Toolbar Done Button'

2018-11-19 21:55:35 - [MESSAGE][PASSED] - iOS.send_money_screen.enterPostal is PASSED

2018-11-19 21:55:35 - [TEST_STEP][PASSED] - iOS.send_money_screen.enterUnitHouseNumberBuildingStreet: iOS.send_money_screen.enterUnitHouseNumberBuildingStreet is PASSED

2018-11-19 21:55:40 - [MESSAGE][PASSED] - Text '503 Tindalo St' has been set to element 'Object Repository/iOS/Send Money screen/UnitHouse NumberBuildingStreet field'

2018-11-19 21:55:45 - [MESSAGE][PASSED] - Tapped on element 'Object Repository/iOS/Global/Toolbar Done button'

2018-11-19 21:55:45 - [MESSAGE][PASSED] - iOS.send_money_screen.enterUnitHouseNumberBuildingStreet is PASSED

2018-11-19 21:55:45 - [TEST_STEP][PASSED] - iOS.send_money_screen.selectDestinationCountry: iOS.send_money_screen.selectDestinationCountry is PASSED

2018-11-19 21:55:49 - [MESSAGE][PASSED] - Tapped on element 'Object Repository/iOS/Send Money screen/Destination Country field'

2018-11-19 21:56:24 - [MESSAGE][PASSED] - iOS.send_money_screen.selectDestinationCountry is PASSED

2018-11-19 21:56:24 - [TEST_STEP][PASSED] - iOS.send_money_screen.tapSave: iOS.send_money_screen.tapSave is PASSED

2018-11-19 21:56:28 - [MESSAGE][PASSED] - Tapped on element 'Object Repository/iOS/Global/Save button'

2018-11-19 21:56:31 - [MESSAGE][PASSED] - Delayed 3 second(s)

2018-11-19 21:56:31 - [MESSAGE][PASSED] - iOS.send_money_screen.tapSave is PASSED

2018-11-19 21:56:31 - [TEST_STEP][PASSED] - iOS.send_money_screen.tapSenderEmploymentInformation: iOS.send_money_screen.tapSenderEmploymentInformation is PASSED

2018-11-19 21:56:35 - [MESSAGE][PASSED] - Tapped on element 'Object Repository/iOS/Send Money screen/Sender Employment Information button'

2018-11-19 21:56:35 - [MESSAGE][PASSED] - iOS.send_money_screen.tapSenderEmploymentInformation is PASSED

2018-11-19 21:56:35 - [TEST_STEP][PASSED] - iOS.send_money_screen.selectOccupation: iOS.send_money_screen.selectOccupation is PASSED

2018-11-19 21:56:39 - [MESSAGE][PASSED] - Tapped on element 'Object Repository/iOS/Send Money screen/Occupation field'

2018-11-19 21:56:51 - [MESSAGE][PASSED] - iOS.send_money_screen.selectOccupation is PASSED

2018-11-19 21:56:51 - [TEST_STEP][PASSED] - iOS.send_money_screen.enterEmployerName: iOS.send_money_screen.enterEmployerName is PASSED

2018-11-19 21:56:56 - [MESSAGE][PASSED] - Text 'Uber' has been set to element 'Object Repository/iOS/Send Money screen/Employer Name field'

2018-11-19 21:56:56 - [MESSAGE][PASSED] - iOS.send_money_screen.enterEmployerName is PASSED

2018-11-19 21:56:56 - [TEST_STEP][PASSED] - iOS.send_money_screen.selectSourceOfFunds: iOS.send_money_screen.selectSourceOfFunds is PASSED

2018-11-19 21:57:00 - [MESSAGE][PASSED] - Tapped on element 'Object Repository/iOS/Send Money screen/Source of Funds field'

2018-11-19 21:57:09 - [MESSAGE][PASSED] - iOS.send_money_screen.selectSourceOfFunds is PASSED

2018-11-19 21:57:09 - [TEST_STEP][PASSED] - iOS.send_money_screen.tapSave: iOS.send_money_screen.tapSave is PASSED

2018-11-19 21:57:14 - [MESSAGE][PASSED] - Tapped on element 'Object Repository/iOS/Global/Save button'

2018-11-19 21:57:17 - [MESSAGE][PASSED] - Delayed 3 second(s)

2018-11-19 21:57:17 - [MESSAGE][PASSED] - iOS.send_money_screen.tapSave is PASSED

2018-11-19 21:57:17 - [TEST_STEP][PASSED] - iOS.send_money_screen.enterAmount: iOS.send_money_screen.enterAmount is PASSED

2018-11-19 21:57:25 - [MESSAGE][PASSED] - Element 'Object Repository/iOS/Send Money screen/Amount field' has attribute 'visible' is 'false'

2018-11-19 21:57:35 - [MESSAGE][PASSED] - Element 'Object Repository/iOS/Send Money screen/Amount field' has attribute 'visible' is 'true'

2018-11-19 21:57:40 - [MESSAGE][PASSED] - Text '1660' has been set to element 'Object Repository/iOS/Send Money screen/Amount field'

2018-11-19 21:57:46 - [MESSAGE][PASSED] - Tapped on element 'Object Repository/iOS/Global/Toolbar Done button'

2018-11-19 21:57:52 - [MESSAGE][PASSED] - Element 'Object Repository/iOS/Global/Loader' is visible

2018-11-19 21:58:01 - [MESSAGE][PASSED] - Element 'Object Repository/iOS/Global/Loader' has attribute 'visible' is 'false'

2018-11-19 21:58:01 - [MESSAGE][PASSED] - iOS.send_money_screen.enterAmount is PASSED

2018-11-19 21:58:01 - [TEST_STEP][PASSED] - iOS.send_money_screen.enterMessage: iOS.send_money_screen.enterMessage is PASSED

2018-11-19 21:58:08 - [MESSAGE][PASSED] - Text 'Asperiores doloribus eum ea voluptate nesciunt et.' has been set to element 'Object Repository/iOS/Send Money screen/Message field'

2018-11-19 21:58:10 - [MESSAGE][PASSED] - Keyboard is hidden

2018-11-19 21:58:10 - [MESSAGE][PASSED] - iOS.send_money_screen.enterMessage is PASSED

2018-11-19 21:58:10 - [TEST_STEP][PASSED] - Statement - Message_Field = com.kms.katalon.core.testobject.ObjectRepository.findTestObject(iOS/Global/Generic field, [value:message]): Finding Test Object with id 'Object Repository/iOS/Global/Generic field'

2018-11-19 21:58:10 - [TEST_STEP][PASSED] - global.verify_element.text: global.verify_element.text is PASSED

2018-11-19 21:58:15 - [MESSAGE][PASSED] - Actual text and expected text of test object 'Object Repository/iOS/Global/Generic field' are matched.

2018-11-19 21:58:15 - [MESSAGE][PASSED] - global.verify_element.text is PASSED]]></system-out>
         <system-err><![CDATA[]]></system-err>
      </testcase>
      <testcase name="Test Cases/iOS/Send Money Branch/SMB_32" classname="Test Cases/iOS/Send Money Branch/SMB_32" status="PASSED">
         <system-out><![CDATA[2018-11-19 21:58:15 - [TEST_CASE][PASSED] - Test Cases/iOS/Send Money Branch/SMB_32: Test Cases/iOS/Send Money Branch/SMB_32

2018-11-19 21:58:15 - [TEST_STEP][PASSED] - Statement - promoCode = promoCode1: null

2018-11-19 21:58:15 - [TEST_STEP][PASSED] - iOS.send_money_screen.enterPromoCode: iOS.send_money_screen.enterPromoCode is PASSED

2018-11-19 21:58:21 - [MESSAGE][PASSED] - Text 'A0027' has been set to element 'Object Repository/iOS/Send Money screen/Promo Code field'

2018-11-19 21:58:22 - [MESSAGE][PASSED] - Keyboard is hidden

2018-11-19 21:58:22 - [MESSAGE][PASSED] - iOS.send_money_screen.enterPromoCode is PASSED

2018-11-19 21:58:22 - [TEST_STEP][PASSED] - Statement - Promo_Code_field = com.kms.katalon.core.testobject.ObjectRepository.findTestObject(iOS/Global/Generic field, [value:promoCode]): Finding Test Object with id 'Object Repository/iOS/Global/Generic field'

2018-11-19 21:58:22 - [TEST_STEP][PASSED] - global.verify_element.text: global.verify_element.text is PASSED

2018-11-19 21:58:27 - [MESSAGE][PASSED] - Actual text and expected text of test object 'Object Repository/iOS/Global/Generic field' are matched.

2018-11-19 21:58:27 - [MESSAGE][PASSED] - global.verify_element.text is PASSED]]></system-out>
         <system-err><![CDATA[]]></system-err>
      </testcase>
      <testcase name="Test Cases/iOS/Send Money Branch/SMB_35" classname="Test Cases/iOS/Send Money Branch/SMB_35" status="PASSED">
         <system-out><![CDATA[2018-11-19 21:58:27 - [TEST_CASE][PASSED] - Test Cases/iOS/Send Money Branch/SMB_35: Test Cases/iOS/Send Money Branch/SMB_35

2018-11-19 21:58:27 - [TEST_STEP][PASSED] - Statement - Promo_Description = com.kms.katalon.core.testobject.ObjectRepository.findTestObject(iOS/Global/Generic text, [label:PHP 250.00 Half base off You have PHP 250.00 off on your Service Fee]): Finding Test Object with id 'Object Repository/iOS/Global/Generic text'

2018-11-19 21:58:27 - [TEST_STEP][PASSED] - iOS.send_money_screen.tapNext: iOS.send_money_screen.tapNext is PASSED

2018-11-19 21:58:31 - [MESSAGE][PASSED] - Tapped on element 'Object Repository/iOS/Global/Next button'

2018-11-19 21:58:37 - [MESSAGE][PASSED] - Element 'Object Repository/iOS/Global/Loader' is visible

2018-11-19 21:58:43 - [MESSAGE][PASSED] - Element 'Object Repository/iOS/Global/Loader' has attribute 'visible' is 'true'

2018-11-19 21:58:44 - [MESSAGE][PASSED] - Delayed 1 second(s)

2018-11-19 21:58:49 - [MESSAGE][FAILED] - Object Object Repository/iOS/Global/Loader not found
[[ATTACHMENT|/Users/buenaanda/Katalon Studio/mobile-automation-katalon/Reports/iOS/iOS Test Suite/20181119_210750/1542635929252.png]]

2018-11-19 21:58:49 - [MESSAGE][FAILED] - Failed to get attribute 'Object Repository/iOS/Global/Loader' on element 'visible' (Root cause: Object Object Repository/iOS/Global/Loader not found)
[[ATTACHMENT|/Users/buenaanda/Katalon Studio/mobile-automation-katalon/Reports/iOS/iOS Test Suite/20181119_210750/1542635929393.png]]

2018-11-19 21:58:49 - [MESSAGE][PASSED] - iOS.send_money_screen.tapNext is PASSED

2018-11-19 21:58:49 - [TEST_STEP][PASSED] - global.scroll_to_element.down: global.scroll_to_element.down is PASSED

2018-11-19 21:58:55 - [MESSAGE][PASSED] - Element 'Object Repository/iOS/Send Money screen/Terms and Agreement button' has attribute 'visible' is 'false'

2018-11-19 21:59:05 - [MESSAGE][PASSED] - Element 'Object Repository/iOS/Send Money screen/Terms and Agreement button' has attribute 'visible' is 'true'

2018-11-19 21:59:05 - [MESSAGE][PASSED] - global.scroll_to_element.down is PASSED

2018-11-19 21:59:05 - [TEST_STEP][PASSED] - global.verify_element.exist: global.verify_element.exist is PASSED

2018-11-19 21:59:08 - [MESSAGE][PASSED] - Element 'Object Repository/iOS/Global/Generic text' is exist

2018-11-19 21:59:08 - [MESSAGE][PASSED] - global.verify_element.exist is PASSED]]></system-out>
         <system-err><![CDATA[]]></system-err>
      </testcase>
      <testcase name="Test Cases/iOS/Send Money Branch/SMB_36" classname="Test Cases/iOS/Send Money Branch/SMB_36" status="PASSED">
         <system-out><![CDATA[2018-11-19 21:59:08 - [TEST_CASE][PASSED] - Test Cases/iOS/Send Money Branch/SMB_36: Test Cases/iOS/Send Money Branch/SMB_36

2018-11-19 21:59:08 - [TEST_STEP][PASSED] - Statement - Message = com.kms.katalon.core.testobject.ObjectRepository.findTestObject(iOS/Global/Generic text, [label:internal.GlobalVariable.randomSentence]): Finding Test Object with id 'Object Repository/iOS/Global/Generic text'

2018-11-19 21:59:08 - [TEST_STEP][PASSED] - Statement - Message_Charge = com.kms.katalon.core.testobject.ObjectRepository.findTestObject(iOS/Global/Generic text, [label:PHP 50.00]): Finding Test Object with id 'Object Repository/iOS/Global/Generic text'

2018-11-19 21:59:08 - [TEST_STEP][PASSED] - Statement - Message_Charge_2 = com.kms.katalon.core.testobject.ObjectRepository.findTestObject(iOS/Global/Generic text, [label:50.00 PHP]): Finding Test Object with id 'Object Repository/iOS/Global/Generic text'

2018-11-19 21:59:08 - [TEST_STEP][PASSED] - Statement - Service_Charge = com.kms.katalon.core.testobject.ObjectRepository.findTestObject(iOS/Global/Generic text, [label:250.00 PHP]): Finding Test Object with id 'Object Repository/iOS/Global/Generic text'

2018-11-19 21:59:08 - [TEST_STEP][PASSED] - Statement - Personal_Message_label = com.kms.katalon.core.testobject.ObjectRepository.findTestObject(iOS/Global/Generic text, [label:Personal Message]): Finding Test Object with id 'Object Repository/iOS/Global/Generic text'

2018-11-19 21:59:08 - [TEST_STEP][PASSED] - global.verify_element.exist: global.verify_element.exist is PASSED

2018-11-19 21:59:12 - [MESSAGE][PASSED] - Element 'Object Repository/iOS/Global/Generic text' is exist

2018-11-19 21:59:12 - [MESSAGE][PASSED] - global.verify_element.exist is PASSED

2018-11-19 21:59:12 - [TEST_STEP][PASSED] - global.verify_element.exist: global.verify_element.exist is PASSED

2018-11-19 21:59:15 - [MESSAGE][PASSED] - Element 'Object Repository/iOS/Global/Generic text' is exist

2018-11-19 21:59:15 - [MESSAGE][PASSED] - global.verify_element.exist is PASSED

2018-11-19 21:59:15 - [TEST_STEP][PASSED] - iOS.send_money_screen.checkTermsAndAgreement: iOS.send_money_screen.checkTermsAndAgreement is PASSED

2018-11-19 21:59:18 - [MESSAGE][PASSED] - Element 'Object Repository/iOS/Send Money screen/Terms and Agreement checkbox' has attribute 'visible' is 'true'

2018-11-19 21:59:22 - [MESSAGE][PASSED] - Tapped on element 'Object Repository/iOS/Send Money screen/Terms and Agreement checkbox'

2018-11-19 21:59:22 - [MESSAGE][PASSED] - iOS.send_money_screen.checkTermsAndAgreement is PASSED

2018-11-19 21:59:22 - [TEST_STEP][PASSED] - iOS.send_money_screen.tapCompleteBranchTransaction: iOS.send_money_screen.tapCompleteBranchTransaction is PASSED

2018-11-19 21:59:25 - [MESSAGE][PASSED] - Element 'Object Repository/iOS/Send Money screen/Complete Branch Transaction button' has attribute 'visible' is 'true'

2018-11-19 21:59:29 - [MESSAGE][PASSED] - Tapped on element 'Object Repository/iOS/Send Money screen/Complete Branch Transaction button'

2018-11-19 21:59:33 - [MESSAGE][PASSED] - Element 'Object Repository/iOS/Global/Loader' is visible

2018-11-19 21:59:38 - [MESSAGE][PASSED] - Element 'Object Repository/iOS/Global/Loader' has attribute 'visible' is 'true'

2018-11-19 21:59:39 - [MESSAGE][PASSED] - Delayed 1 second(s)

2018-11-19 21:59:43 - [MESSAGE][PASSED] - Element 'Object Repository/iOS/Global/Loader' has attribute 'visible' is 'true'

2018-11-19 21:59:44 - [MESSAGE][PASSED] - Delayed 1 second(s)

2018-11-19 21:59:48 - [MESSAGE][PASSED] - Element 'Object Repository/iOS/Global/Loader' has attribute 'visible' is 'true'

2018-11-19 21:59:49 - [MESSAGE][PASSED] - Delayed 1 second(s)

2018-11-19 21:59:53 - [MESSAGE][PASSED] - Element 'Object Repository/iOS/Global/Loader' has attribute 'visible' is 'true'

2018-11-19 21:59:54 - [MESSAGE][PASSED] - Delayed 1 second(s)

2018-11-19 21:59:57 - [MESSAGE][FAILED] - Object Object Repository/iOS/Global/Loader not found
[[ATTACHMENT|/Users/buenaanda/Katalon Studio/mobile-automation-katalon/Reports/iOS/iOS Test Suite/20181119_210750/1542635997347.png]]

2018-11-19 21:59:57 - [MESSAGE][FAILED] - Failed to get attribute 'Object Repository/iOS/Global/Loader' on element 'visible' (Root cause: Object Object Repository/iOS/Global/Loader not found)
[[ATTACHMENT|/Users/buenaanda/Katalon Studio/mobile-automation-katalon/Reports/iOS/iOS Test Suite/20181119_210750/1542635997541.png]]

2018-11-19 21:59:57 - [MESSAGE][PASSED] - iOS.send_money_screen.tapCompleteBranchTransaction is PASSED

2018-11-19 21:59:57 - [TEST_STEP][PASSED] - iOS.send_money_screen.tapViewDetails: iOS.send_money_screen.tapViewDetails is PASSED

2018-11-19 21:59:59 - [MESSAGE][PASSED] - Tapped on element 'Object Repository/iOS/Send Money screen/View Details button'

2018-11-19 21:59:59 - [MESSAGE][PASSED] - iOS.send_money_screen.tapViewDetails is PASSED

2018-11-19 21:59:59 - [TEST_STEP][PASSED] - global.scroll_to_element.down: global.scroll_to_element.down is PASSED

2018-11-19 22:00:06 - [MESSAGE][PASSED] - Element 'Object Repository/iOS/Global/Generic text' has attribute 'visible' is 'false'

2018-11-19 22:00:17 - [MESSAGE][PASSED] - Element 'Object Repository/iOS/Global/Generic text' has attribute 'visible' is 'true'

2018-11-19 22:00:17 - [MESSAGE][PASSED] - global.scroll_to_element.down is PASSED

2018-11-19 22:00:17 - [TEST_STEP][PASSED] - global.verify_element.exist: global.verify_element.exist is PASSED

2018-11-19 22:00:20 - [MESSAGE][PASSED] - Element 'Object Repository/iOS/Global/Generic text' is exist

2018-11-19 22:00:20 - [MESSAGE][PASSED] - global.verify_element.exist is PASSED

2018-11-19 22:00:20 - [TEST_STEP][PASSED] - global.verify_element.exist: global.verify_element.exist is PASSED

2018-11-19 22:00:23 - [MESSAGE][PASSED] - Element 'Object Repository/iOS/Global/Generic text' is exist

2018-11-19 22:00:23 - [MESSAGE][PASSED] - global.verify_element.exist is PASSED

2018-11-19 22:00:23 - [TEST_STEP][PASSED] - global.verify_element.exist: global.verify_element.exist is PASSED

2018-11-19 22:00:26 - [MESSAGE][PASSED] - Element 'Object Repository/iOS/Global/Generic text' is exist

2018-11-19 22:00:26 - [MESSAGE][PASSED] - global.verify_element.exist is PASSED]]></system-out>
         <system-err><![CDATA[]]></system-err>
      </testcase>
      <system-out><![CDATA[2018-11-19 21:07:52 - [TEST_SUITE][FAILED] - iOS Test Suite: Test Cases/iOS/Registration/REG_02 FAILED because (of) (Stack trace: com.kms.katalon.core.exception.StepFailedException: Element 'Object Repository/iOS/Global/Generic text' not found
	at com.kms.katalon.core.keyword.internal.KeywordMain.stepFailed(KeywordMain.groovy:32)
	at com.kms.katalon.core.mobile.keyword.internal.MobileKeywordMain.stepFailed(MobileKeywordMain.groovy:40)
	at com.kms.katalon.core.mobile.keyword.builtin.VerifyElementExistKeyword$_verifyElementExist_closure1.doCall(VerifyElementExistKeyword.groovy:77)
	at com.kms.katalon.core.mobile.keyword.builtin.VerifyElementExistKeyword$_verifyElementExist_closure1.call(VerifyElementExistKeyword.groovy)
	at com.kms.katalon.core.mobile.keyword.internal.MobileKeywordMain.runKeyword(MobileKeywordMain.groovy:21)
	at com.kms.katalon.core.mobile.keyword.builtin.VerifyElementExistKeyword.verifyElementExist(VerifyElementExistKeyword.groovy:80)
	at com.kms.katalon.core.mobile.keyword.builtin.VerifyElementExistKeyword.execute(VerifyElementExistKeyword.groovy:64)
	at com.kms.katalon.core.keyword.internal.KeywordExecutor.executeKeywordForPlatform(KeywordExecutor.groovy:53)
	at com.kms.katalon.core.mobile.keyword.MobileBuiltInKeywords.verifyElementExist(MobileBuiltInKeywords.groovy:605)
	at com.kms.katalon.core.mobile.keyword.MobileBuiltInKeywords$verifyElementExist$1.call(Unknown Source)
	at global.verify_element.exist(verify_element.groovy:38)
	at sun.reflect.NativeMethodAccessorImpl.invoke0(Native Method)
	at sun.reflect.NativeMethodAccessorImpl.invoke(NativeMethodAccessorImpl.java:62)
	at sun.reflect.DelegatingMethodAccessorImpl.invoke(DelegatingMethodAccessorImpl.java:43)
	at java.lang.reflect.Method.invoke(Method.java:498)
	at org.codehaus.groovy.reflection.CachedMethod.invoke(CachedMethod.java:93)
	at groovy.lang.MetaMethod.doMethodInvoke(MetaMethod.java:325)
	at groovy.lang.MetaClassImpl.invokeMethod(MetaClassImpl.java:1215)
	at groovy.lang.MetaClassImpl.invokeMethod(MetaClassImpl.java:1024)
	at groovy.lang.MetaClassImpl.invokeMethod(MetaClassImpl.java:812)
	at groovy.lang.DelegatingMetaClass.invokeMethod(DelegatingMetaClass.java:144)
	at global.verify_element.invokeMethod(verify_element.groovy)
	at com.kms.katalon.core.main.CustomKeywordDelegatingMetaClass.invokeStaticMethod(CustomKeywordDelegatingMetaClass.java:46)
	at org.codehaus.groovy.runtime.callsite.StaticMetaClassSite.call(StaticMetaClassSite.java:53)
	at org.codehaus.groovy.runtime.callsite.CallSiteArray.defaultCall(CallSiteArray.java:48)
	at org.codehaus.groovy.runtime.callsite.AbstractCallSite.call(AbstractCallSite.java:113)
	at org.codehaus.groovy.runtime.callsite.AbstractCallSite.call(AbstractCallSite.java:125)
	at Script1542257476342.run(Script1542257476342.groovy:15)
	at com.kms.katalon.core.main.ScriptEngine.run(ScriptEngine.java:183)
	at com.kms.katalon.core.main.ScriptEngine.runScriptAsRawText(ScriptEngine.java:108)
	at com.kms.katalon.core.main.TestCaseExecutor.runScript(TestCaseExecutor.java:294)
	at com.kms.katalon.core.main.TestCaseExecutor.doExecute(TestCaseExecutor.java:285)
	at com.kms.katalon.core.main.TestCaseExecutor.processExecutionPhase(TestCaseExecutor.java:264)
	at com.kms.katalon.core.main.TestCaseExecutor.accessMainPhase(TestCaseExecutor.java:256)
	at com.kms.katalon.core.main.TestCaseExecutor.execute(TestCaseExecutor.java:200)
	at com.kms.katalon.core.main.TestSuiteExecutor.accessTestCaseMainPhase(TestSuiteExecutor.java:129)
	at com.kms.katalon.core.main.TestSuiteExecutor.accessTestSuiteMainPhase(TestSuiteExecutor.java:112)
	at com.kms.katalon.core.main.TestSuiteExecutor.execute(TestSuiteExecutor.java:81)
	at com.kms.katalon.core.main.TestCaseMain.startTestSuite(TestCaseMain.java:142)
	at com.kms.katalon.core.main.TestCaseMain$startTestSuite$0.call(Unknown Source)
	at org.codehaus.groovy.runtime.callsite.CallSiteArray.defaultCall(CallSiteArray.java:48)
	at org.codehaus.groovy.runtime.callsite.AbstractCallSite.call(AbstractCallSite.java:113)
	at org.codehaus.groovy.runtime.callsite.AbstractCallSite.call(AbstractCallSite.java:141)
	at TempTestSuite1542632870489.run(TempTestSuite1542632870489.groovy:36)
	at groovy.lang.GroovyShell.runScriptOrMainOrTestOrRunnable(GroovyShell.java:263)
	at groovy.lang.GroovyShell.run(GroovyShell.java:518)
	at groovy.lang.GroovyShell.run(GroovyShell.java:507)
	at groovy.ui.GroovyMain.processOnce(GroovyMain.java:653)
	at groovy.ui.GroovyMain.run(GroovyMain.java:384)
	at groovy.ui.GroovyMain.process(GroovyMain.java:370)
	at groovy.ui.GroovyMain.processArgs(GroovyMain.java:129)
	at groovy.ui.GroovyMain.main(GroovyMain.java:109)
	at sun.reflect.NativeMethodAccessorImpl.invoke0(Native Method)
	at sun.reflect.NativeMethodAccessorImpl.invoke(NativeMethodAccessorImpl.java:62)
	at sun.reflect.DelegatingMethodAccessorImpl.invoke(DelegatingMethodAccessorImpl.java:43)
	at java.lang.reflect.Method.invoke(Method.java:498)
	at org.codehaus.groovy.tools.GroovyStarter.rootLoader(GroovyStarter.java:109)
	at org.codehaus.groovy.tools.GroovyStarter.main(GroovyStarter.java:131)
)]]></system-out>
      <system-err><![CDATA[2018-11-19 21:07:52 - [TEST_SUITE][FAILED] - iOS Test Suite: Test Cases/iOS/Registration/REG_02 FAILED because (of) (Stack trace: com.kms.katalon.core.exception.StepFailedException: Element 'Object Repository/iOS/Global/Generic text' not found
	at com.kms.katalon.core.keyword.internal.KeywordMain.stepFailed(KeywordMain.groovy:32)
	at com.kms.katalon.core.mobile.keyword.internal.MobileKeywordMain.stepFailed(MobileKeywordMain.groovy:40)
	at com.kms.katalon.core.mobile.keyword.builtin.VerifyElementExistKeyword$_verifyElementExist_closure1.doCall(VerifyElementExistKeyword.groovy:77)
	at com.kms.katalon.core.mobile.keyword.builtin.VerifyElementExistKeyword$_verifyElementExist_closure1.call(VerifyElementExistKeyword.groovy)
	at com.kms.katalon.core.mobile.keyword.internal.MobileKeywordMain.runKeyword(MobileKeywordMain.groovy:21)
	at com.kms.katalon.core.mobile.keyword.builtin.VerifyElementExistKeyword.verifyElementExist(VerifyElementExistKeyword.groovy:80)
	at com.kms.katalon.core.mobile.keyword.builtin.VerifyElementExistKeyword.execute(VerifyElementExistKeyword.groovy:64)
	at com.kms.katalon.core.keyword.internal.KeywordExecutor.executeKeywordForPlatform(KeywordExecutor.groovy:53)
	at com.kms.katalon.core.mobile.keyword.MobileBuiltInKeywords.verifyElementExist(MobileBuiltInKeywords.groovy:605)
	at com.kms.katalon.core.mobile.keyword.MobileBuiltInKeywords$verifyElementExist$1.call(Unknown Source)
	at global.verify_element.exist(verify_element.groovy:38)
	at sun.reflect.NativeMethodAccessorImpl.invoke0(Native Method)
	at sun.reflect.NativeMethodAccessorImpl.invoke(NativeMethodAccessorImpl.java:62)
	at sun.reflect.DelegatingMethodAccessorImpl.invoke(DelegatingMethodAccessorImpl.java:43)
	at java.lang.reflect.Method.invoke(Method.java:498)
	at org.codehaus.groovy.reflection.CachedMethod.invoke(CachedMethod.java:93)
	at groovy.lang.MetaMethod.doMethodInvoke(MetaMethod.java:325)
	at groovy.lang.MetaClassImpl.invokeMethod(MetaClassImpl.java:1215)
	at groovy.lang.MetaClassImpl.invokeMethod(MetaClassImpl.java:1024)
	at groovy.lang.MetaClassImpl.invokeMethod(MetaClassImpl.java:812)
	at groovy.lang.DelegatingMetaClass.invokeMethod(DelegatingMetaClass.java:144)
	at global.verify_element.invokeMethod(verify_element.groovy)
	at com.kms.katalon.core.main.CustomKeywordDelegatingMetaClass.invokeStaticMethod(CustomKeywordDelegatingMetaClass.java:46)
	at org.codehaus.groovy.runtime.callsite.StaticMetaClassSite.call(StaticMetaClassSite.java:53)
	at org.codehaus.groovy.runtime.callsite.CallSiteArray.defaultCall(CallSiteArray.java:48)
	at org.codehaus.groovy.runtime.callsite.AbstractCallSite.call(AbstractCallSite.java:113)
	at org.codehaus.groovy.runtime.callsite.AbstractCallSite.call(AbstractCallSite.java:125)
	at Script1542257476342.run(Script1542257476342.groovy:15)
	at com.kms.katalon.core.main.ScriptEngine.run(ScriptEngine.java:183)
	at com.kms.katalon.core.main.ScriptEngine.runScriptAsRawText(ScriptEngine.java:108)
	at com.kms.katalon.core.main.TestCaseExecutor.runScript(TestCaseExecutor.java:294)
	at com.kms.katalon.core.main.TestCaseExecutor.doExecute(TestCaseExecutor.java:285)
	at com.kms.katalon.core.main.TestCaseExecutor.processExecutionPhase(TestCaseExecutor.java:264)
	at com.kms.katalon.core.main.TestCaseExecutor.accessMainPhase(TestCaseExecutor.java:256)
	at com.kms.katalon.core.main.TestCaseExecutor.execute(TestCaseExecutor.java:200)
	at com.kms.katalon.core.main.TestSuiteExecutor.accessTestCaseMainPhase(TestSuiteExecutor.java:129)
	at com.kms.katalon.core.main.TestSuiteExecutor.accessTestSuiteMainPhase(TestSuiteExecutor.java:112)
	at com.kms.katalon.core.main.TestSuiteExecutor.execute(TestSuiteExecutor.java:81)
	at com.kms.katalon.core.main.TestCaseMain.startTestSuite(TestCaseMain.java:142)
	at com.kms.katalon.core.main.TestCaseMain$startTestSuite$0.call(Unknown Source)
	at org.codehaus.groovy.runtime.callsite.CallSiteArray.defaultCall(CallSiteArray.java:48)
	at org.codehaus.groovy.runtime.callsite.AbstractCallSite.call(AbstractCallSite.java:113)
	at org.codehaus.groovy.runtime.callsite.AbstractCallSite.call(AbstractCallSite.java:141)
	at TempTestSuite1542632870489.run(TempTestSuite1542632870489.groovy:36)
	at groovy.lang.GroovyShell.runScriptOrMainOrTestOrRunnable(GroovyShell.java:263)
	at groovy.lang.GroovyShell.run(GroovyShell.java:518)
	at groovy.lang.GroovyShell.run(GroovyShell.java:507)
	at groovy.ui.GroovyMain.processOnce(GroovyMain.java:653)
	at groovy.ui.GroovyMain.run(GroovyMain.java:384)
	at groovy.ui.GroovyMain.process(GroovyMain.java:370)
	at groovy.ui.GroovyMain.processArgs(GroovyMain.java:129)
	at groovy.ui.GroovyMain.main(GroovyMain.java:109)
	at sun.reflect.NativeMethodAccessorImpl.invoke0(Native Method)
	at sun.reflect.NativeMethodAccessorImpl.invoke(NativeMethodAccessorImpl.java:62)
	at sun.reflect.DelegatingMethodAccessorImpl.invoke(DelegatingMethodAccessorImpl.java:43)
	at java.lang.reflect.Method.invoke(Method.java:498)
	at org.codehaus.groovy.tools.GroovyStarter.rootLoader(GroovyStarter.java:109)
	at org.codehaus.groovy.tools.GroovyStarter.main(GroovyStarter.java:131)
)]]></system-err>
   </testsuite>
</testsuites>
