<?xml version="1.0" encoding="UTF-8"?>
<testsuites name="PERA Hub Test Suite" time="2686" tests="52" failures="9" errors="0">
   <testsuite name="PERA Hub Test Suite" tests="52" failures="9" errors="0" time="2686" timestamp="2018-11-16 19:28:27" hostname="buenaanda - 192.168.254.121" id="Test Suites/iOS/PERA Hub Test Suite">
      <properties>
         <property name="deviceName" value="iPhone 5s"/>
         <property name="devicePlatform" value=""/>
         <property name="logFolder" value="/Users/buenaanda/Documents/mobile-automation-katalon/Reports/iOS/PERA Hub Test Suite/20181116_192825"/>
         <property name="logFiles" value="/Users/buenaanda/Documents/mobile-automation-katalon/Reports/iOS/PERA Hub Test Suite/20181116_192825/execution0.log, /Users/buenaanda/Documents/mobile-automation-katalon/Reports/iOS/PERA Hub Test Suite/20181116_192825/appium.log, /Users/buenaanda/Documents/mobile-automation-katalon/Reports/iOS/PERA Hub Test Suite/20181116_192825/appium-proxy-server.log"/>
         <property name="attachments" value="/Users/buenaanda/Documents/mobile-automation-katalon/Reports/iOS/PERA Hub Test Suite/20181116_192825/1542367815733.png, /Users/buenaanda/Documents/mobile-automation-katalon/Reports/iOS/PERA Hub Test Suite/20181116_192825/1542367913728.png, /Users/buenaanda/Documents/mobile-automation-katalon/Reports/iOS/PERA Hub Test Suite/20181116_192825/1542367913840.png, /Users/buenaanda/Documents/mobile-automation-katalon/Reports/iOS/PERA Hub Test Suite/20181116_192825/1542367924402.png, /Users/buenaanda/Documents/mobile-automation-katalon/Reports/iOS/PERA Hub Test Suite/20181116_192825/1542368204069.png, /Users/buenaanda/Documents/mobile-automation-katalon/Reports/iOS/PERA Hub Test Suite/20181116_192825/1542368209901.png, /Users/buenaanda/Documents/mobile-automation-katalon/Reports/iOS/PERA Hub Test Suite/20181116_192825/1542368210040.png, /Users/buenaanda/Documents/mobile-automation-katalon/Reports/iOS/PERA Hub Test Suite/20181116_192825/1542368276234.png, /Users/buenaanda/Documents/mobile-automation-katalon/Reports/iOS/PERA Hub Test Suite/20181116_192825/1542368276373.png, /Users/buenaanda/Documents/mobile-automation-katalon/Reports/iOS/PERA Hub Test Suite/20181116_192825/1542370137588.png, /Users/buenaanda/Documents/mobile-automation-katalon/Reports/iOS/PERA Hub Test Suite/20181116_192825/1542370152176.png, /Users/buenaanda/Documents/mobile-automation-katalon/Reports/iOS/PERA Hub Test Suite/20181116_192825/1542370152301.png, /Users/buenaanda/Documents/mobile-automation-katalon/Reports/iOS/PERA Hub Test Suite/20181116_192825/1542370231127.png, /Users/buenaanda/Documents/mobile-automation-katalon/Reports/iOS/PERA Hub Test Suite/20181116_192825/1542370231253.png, /Users/buenaanda/Documents/mobile-automation-katalon/Reports/iOS/PERA Hub Test Suite/20181116_192825/1542370280338.png, /Users/buenaanda/Documents/mobile-automation-katalon/Reports/iOS/PERA Hub Test Suite/20181116_192825/1542370280466.png, /Users/buenaanda/Documents/mobile-automation-katalon/Reports/iOS/PERA Hub Test Suite/20181116_192825/1542370305275.png, /Users/buenaanda/Documents/mobile-automation-katalon/Reports/iOS/PERA Hub Test Suite/20181116_192825/1542370305390.png, /Users/buenaanda/Documents/mobile-automation-katalon/Reports/iOS/PERA Hub Test Suite/20181116_192825/1542370363270.png, /Users/buenaanda/Documents/mobile-automation-katalon/Reports/iOS/PERA Hub Test Suite/20181116_192825/1542370363443.png, /Users/buenaanda/Documents/mobile-automation-katalon/Reports/iOS/PERA Hub Test Suite/20181116_192825/1542370369470.png, /Users/buenaanda/Documents/mobile-automation-katalon/Reports/iOS/PERA Hub Test Suite/20181116_192825/1542370369617.png, /Users/buenaanda/Documents/mobile-automation-katalon/Reports/iOS/PERA Hub Test Suite/20181116_192825/1542370375583.png, /Users/buenaanda/Documents/mobile-automation-katalon/Reports/iOS/PERA Hub Test Suite/20181116_192825/1542370375727.png, /Users/buenaanda/Documents/mobile-automation-katalon/Reports/iOS/PERA Hub Test Suite/20181116_192825/1542370381969.png, /Users/buenaanda/Documents/mobile-automation-katalon/Reports/iOS/PERA Hub Test Suite/20181116_192825/1542370388108.png, /Users/buenaanda/Documents/mobile-automation-katalon/Reports/iOS/PERA Hub Test Suite/20181116_192825/1542370394221.png, /Users/buenaanda/Documents/mobile-automation-katalon/Reports/iOS/PERA Hub Test Suite/20181116_192825/1542370394374.png"/>
         <property name="hostName" value="buenaanda - 192.168.254.121"/>
         <property name="os" value="Mac OS X 64bit"/>
         <property name="katalonVersion" value="4.1.0.2"/>
         <property name="deviceOS" value="iOS"/>
         <property name="appiumVersion" value="1.8.1"/>
         <property name="deviceModel" value="Not available for Simulator"/>
         <property name="hostAddress" value="192.168.254.121"/>
         <property name="deviceManufacturer" value="Apple"/>
         <property name="deviceId" value="null"/>
         <property name="deviceName" value="iPhone 5s"/>
         <property name="deviceOSVersion" value="11.4"/>
      </properties>
      <testcase name="Test Cases/iOS/Registration/REG_01" classname="Test Cases/iOS/Registration/REG_01" status="PASSED">
         <system-out><![CDATA[2018-11-16 19:28:28 - [TEST_CASE][PASSED] - Test Cases/iOS/Registration/REG_01: Test Cases/iOS/Registration/REG_01

2018-11-16 19:28:28 - [TEST_STEP][PASSED] - startApplication: Started app at: '/Users/buenaanda/Documents/mobile-automation-katalon/Data Files/PeraHub_v3.2.0-QAT.app'

2018-11-16 19:29:04 - [MESSAGE][PASSED] - Started app at: '/Users/buenaanda/Documents/mobile-automation-katalon/Data Files/PeraHub_v3.2.0-QAT.app'

2018-11-16 19:29:04 - [TEST_STEP][PASSED] - iOS.initial_screen.tapRegister: iOS.initial_screen.tapRegister is PASSED

2018-11-16 19:29:06 - [MESSAGE][PASSED] - Tapped on element 'Object Repository/iOS/Initial screen/Register button'

2018-11-16 19:29:06 - [MESSAGE][PASSED] - iOS.initial_screen.tapRegister is PASSED

2018-11-16 19:29:06 - [TEST_STEP][PASSED] - global.verify_element.exist: global.verify_element.exist is PASSED

2018-11-16 19:29:09 - [MESSAGE][PASSED] - Element 'Object Repository/iOS/Registration screen/Customer Number button' is exist

2018-11-16 19:29:09 - [MESSAGE][PASSED] - global.verify_element.exist is PASSED

2018-11-16 19:29:09 - [TEST_STEP][PASSED] - global.verify_element.exist: global.verify_element.exist is PASSED

2018-11-16 19:29:11 - [MESSAGE][PASSED] - Element 'Object Repository/iOS/Registration screen/Mobile Number button' is exist

2018-11-16 19:29:11 - [MESSAGE][PASSED] - global.verify_element.exist is PASSED]]></system-out>
         <system-err><![CDATA[]]></system-err>
      </testcase>
      <testcase name="Test Cases/iOS/Registration/REG_02" classname="Test Cases/iOS/Registration/REG_02" status="FAILED">
         <failure type="FAILED" message="(Stack trace: com.kms.katalon.core.exception.StepFailedException: Element 'Object Repository/iOS/Registration screen/Generic text' not found
	at com.kms.katalon.core.keyword.internal.KeywordMain.stepFailed(KeywordMain.groovy:32)
	at com.kms.katalon.core.mobile.keyword.internal.MobileKeywordMain.stepFailed(MobileKeywordMain.groovy:40)
	at com.kms.katalon.core.mobile.keyword.builtin.VerifyElementExistKeyword$_verifyElementExist_closure1.doCall(VerifyElementExistKeyword.groovy:77)
	at com.kms.katalon.core.mobile.keyword.builtin.VerifyElementExistKeyword$_verifyElementExist_closure1.call(VerifyElementExistKeyword.groovy)
	at com.kms.katalon.core.mobile.keyword.internal.MobileKeywordMain.runKeyword(MobileKeywordMain.groovy:21)
	at com.kms.katalon.core.mobile.keyword.builtin.VerifyElementExistKeyword.verifyElementExist(VerifyElementExistKeyword.groovy:80)
	at com.kms.katalon.core.mobile.keyword.builtin.VerifyElementExistKeyword.execute(VerifyElementExistKeyword.groovy:64)
	at com.kms.katalon.core.keyword.internal.KeywordExecutor.executeKeywordForPlatform(KeywordExecutor.groovy:53)
	at com.kms.katalon.core.mobile.keyword.MobileBuiltInKeywords.verifyElementExist(MobileBuiltInKeywords.groovy:605)
	at com.kms.katalon.core.mobile.keyword.MobileBuiltInKeywords$verifyElementExist$1.call(Unknown Source)
	at global.verify_element.exist(verify_element.groovy:38)
	at sun.reflect.NativeMethodAccessorImpl.invoke0(Native Method)
	at sun.reflect.NativeMethodAccessorImpl.invoke(NativeMethodAccessorImpl.java:62)
	at sun.reflect.DelegatingMethodAccessorImpl.invoke(DelegatingMethodAccessorImpl.java:43)
	at java.lang.reflect.Method.invoke(Method.java:498)
	at org.codehaus.groovy.reflection.CachedMethod.invoke(CachedMethod.java:93)
	at groovy.lang.MetaMethod.doMethodInvoke(MetaMethod.java:325)
	at groovy.lang.MetaClassImpl.invokeMethod(MetaClassImpl.java:1215)
	at groovy.lang.MetaClassImpl.invokeMethod(MetaClassImpl.java:1024)
	at groovy.lang.MetaClassImpl.invokeMethod(MetaClassImpl.java:812)
	at groovy.lang.DelegatingMetaClass.invokeMethod(DelegatingMetaClass.java:144)
	at global.verify_element.invokeMethod(verify_element.groovy)
	at com.kms.katalon.core.main.CustomKeywordDelegatingMetaClass.invokeStaticMethod(CustomKeywordDelegatingMetaClass.java:46)
	at org.codehaus.groovy.runtime.callsite.StaticMetaClassSite.call(StaticMetaClassSite.java:53)
	at org.codehaus.groovy.runtime.callsite.CallSiteArray.defaultCall(CallSiteArray.java:48)
	at org.codehaus.groovy.runtime.callsite.AbstractCallSite.call(AbstractCallSite.java:113)
	at org.codehaus.groovy.runtime.callsite.AbstractCallSite.call(AbstractCallSite.java:125)
	at Script1542257476342.run(Script1542257476342.groovy:15)
	at com.kms.katalon.core.main.ScriptEngine.run(ScriptEngine.java:183)
	at com.kms.katalon.core.main.ScriptEngine.runScriptAsRawText(ScriptEngine.java:108)
	at com.kms.katalon.core.main.TestCaseExecutor.runScript(TestCaseExecutor.java:294)
	at com.kms.katalon.core.main.TestCaseExecutor.doExecute(TestCaseExecutor.java:285)
	at com.kms.katalon.core.main.TestCaseExecutor.processExecutionPhase(TestCaseExecutor.java:264)
	at com.kms.katalon.core.main.TestCaseExecutor.accessMainPhase(TestCaseExecutor.java:256)
	at com.kms.katalon.core.main.TestCaseExecutor.execute(TestCaseExecutor.java:200)
	at com.kms.katalon.core.main.TestSuiteExecutor.accessTestCaseMainPhase(TestSuiteExecutor.java:129)
	at com.kms.katalon.core.main.TestSuiteExecutor.accessTestSuiteMainPhase(TestSuiteExecutor.java:112)
	at com.kms.katalon.core.main.TestSuiteExecutor.execute(TestSuiteExecutor.java:81)
	at com.kms.katalon.core.main.TestCaseMain.startTestSuite(TestCaseMain.java:142)
	at com.kms.katalon.core.main.TestCaseMain$startTestSuite$0.call(Unknown Source)
	at org.codehaus.groovy.runtime.callsite.CallSiteArray.defaultCall(CallSiteArray.java:48)
	at org.codehaus.groovy.runtime.callsite.AbstractCallSite.call(AbstractCallSite.java:113)
	at org.codehaus.groovy.runtime.callsite.AbstractCallSite.call(AbstractCallSite.java:141)
	at TempTestSuite1542367705665.run(TempTestSuite1542367705665.groovy:36)
	at groovy.lang.GroovyShell.runScriptOrMainOrTestOrRunnable(GroovyShell.java:263)
	at groovy.lang.GroovyShell.run(GroovyShell.java:518)
	at groovy.lang.GroovyShell.run(GroovyShell.java:507)
	at groovy.ui.GroovyMain.processOnce(GroovyMain.java:653)
	at groovy.ui.GroovyMain.run(GroovyMain.java:384)
	at groovy.ui.GroovyMain.process(GroovyMain.java:370)
	at groovy.ui.GroovyMain.processArgs(GroovyMain.java:129)
	at groovy.ui.GroovyMain.main(GroovyMain.java:109)
	at sun.reflect.NativeMethodAccessorImpl.invoke0(Native Method)
	at sun.reflect.NativeMethodAccessorImpl.invoke(NativeMethodAccessorImpl.java:62)
	at sun.reflect.DelegatingMethodAccessorImpl.invoke(DelegatingMethodAccessorImpl.java:43)
	at java.lang.reflect.Method.invoke(Method.java:498)
	at org.codehaus.groovy.tools.GroovyStarter.rootLoader(GroovyStarter.java:109)
	at org.codehaus.groovy.tools.GroovyStarter.main(GroovyStarter.java:131)
)"/>
         <system-out><![CDATA[2018-11-16 19:29:11 - [TEST_CASE][FAILED] - Test Cases/iOS/Registration/REG_02: Test Cases/iOS/Registration/REG_02 FAILED because (of) (Stack trace: com.kms.katalon.core.exception.StepFailedException: Element 'Object Repository/iOS/Registration screen/Generic text' not found
	at com.kms.katalon.core.keyword.internal.KeywordMain.stepFailed(KeywordMain.groovy:32)
	at com.kms.katalon.core.mobile.keyword.internal.MobileKeywordMain.stepFailed(MobileKeywordMain.groovy:40)
	at com.kms.katalon.core.mobile.keyword.builtin.VerifyElementExistKeyword$_verifyElementExist_closure1.doCall(VerifyElementExistKeyword.groovy:77)
	at com.kms.katalon.core.mobile.keyword.builtin.VerifyElementExistKeyword$_verifyElementExist_closure1.call(VerifyElementExistKeyword.groovy)
	at com.kms.katalon.core.mobile.keyword.internal.MobileKeywordMain.runKeyword(MobileKeywordMain.groovy:21)
	at com.kms.katalon.core.mobile.keyword.builtin.VerifyElementExistKeyword.verifyElementExist(VerifyElementExistKeyword.groovy:80)
	at com.kms.katalon.core.mobile.keyword.builtin.VerifyElementExistKeyword.execute(VerifyElementExistKeyword.groovy:64)
	at com.kms.katalon.core.keyword.internal.KeywordExecutor.executeKeywordForPlatform(KeywordExecutor.groovy:53)
	at com.kms.katalon.core.mobile.keyword.MobileBuiltInKeywords.verifyElementExist(MobileBuiltInKeywords.groovy:605)
	at com.kms.katalon.core.mobile.keyword.MobileBuiltInKeywords$verifyElementExist$1.call(Unknown Source)
	at global.verify_element.exist(verify_element.groovy:38)
	at sun.reflect.NativeMethodAccessorImpl.invoke0(Native Method)
	at sun.reflect.NativeMethodAccessorImpl.invoke(NativeMethodAccessorImpl.java:62)
	at sun.reflect.DelegatingMethodAccessorImpl.invoke(DelegatingMethodAccessorImpl.java:43)
	at java.lang.reflect.Method.invoke(Method.java:498)
	at org.codehaus.groovy.reflection.CachedMethod.invoke(CachedMethod.java:93)
	at groovy.lang.MetaMethod.doMethodInvoke(MetaMethod.java:325)
	at groovy.lang.MetaClassImpl.invokeMethod(MetaClassImpl.java:1215)
	at groovy.lang.MetaClassImpl.invokeMethod(MetaClassImpl.java:1024)
	at groovy.lang.MetaClassImpl.invokeMethod(MetaClassImpl.java:812)
	at groovy.lang.DelegatingMetaClass.invokeMethod(DelegatingMetaClass.java:144)
	at global.verify_element.invokeMethod(verify_element.groovy)
	at com.kms.katalon.core.main.CustomKeywordDelegatingMetaClass.invokeStaticMethod(CustomKeywordDelegatingMetaClass.java:46)
	at org.codehaus.groovy.runtime.callsite.StaticMetaClassSite.call(StaticMetaClassSite.java:53)
	at org.codehaus.groovy.runtime.callsite.CallSiteArray.defaultCall(CallSiteArray.java:48)
	at org.codehaus.groovy.runtime.callsite.AbstractCallSite.call(AbstractCallSite.java:113)
	at org.codehaus.groovy.runtime.callsite.AbstractCallSite.call(AbstractCallSite.java:125)
	at Script1542257476342.run(Script1542257476342.groovy:15)
	at com.kms.katalon.core.main.ScriptEngine.run(ScriptEngine.java:183)
	at com.kms.katalon.core.main.ScriptEngine.runScriptAsRawText(ScriptEngine.java:108)
	at com.kms.katalon.core.main.TestCaseExecutor.runScript(TestCaseExecutor.java:294)
	at com.kms.katalon.core.main.TestCaseExecutor.doExecute(TestCaseExecutor.java:285)
	at com.kms.katalon.core.main.TestCaseExecutor.processExecutionPhase(TestCaseExecutor.java:264)
	at com.kms.katalon.core.main.TestCaseExecutor.accessMainPhase(TestCaseExecutor.java:256)
	at com.kms.katalon.core.main.TestCaseExecutor.execute(TestCaseExecutor.java:200)
	at com.kms.katalon.core.main.TestSuiteExecutor.accessTestCaseMainPhase(TestSuiteExecutor.java:129)
	at com.kms.katalon.core.main.TestSuiteExecutor.accessTestSuiteMainPhase(TestSuiteExecutor.java:112)
	at com.kms.katalon.core.main.TestSuiteExecutor.execute(TestSuiteExecutor.java:81)
	at com.kms.katalon.core.main.TestCaseMain.startTestSuite(TestCaseMain.java:142)
	at com.kms.katalon.core.main.TestCaseMain$startTestSuite$0.call(Unknown Source)
	at org.codehaus.groovy.runtime.callsite.CallSiteArray.defaultCall(CallSiteArray.java:48)
	at org.codehaus.groovy.runtime.callsite.AbstractCallSite.call(AbstractCallSite.java:113)
	at org.codehaus.groovy.runtime.callsite.AbstractCallSite.call(AbstractCallSite.java:141)
	at TempTestSuite1542367705665.run(TempTestSuite1542367705665.groovy:36)
	at groovy.lang.GroovyShell.runScriptOrMainOrTestOrRunnable(GroovyShell.java:263)
	at groovy.lang.GroovyShell.run(GroovyShell.java:518)
	at groovy.lang.GroovyShell.run(GroovyShell.java:507)
	at groovy.ui.GroovyMain.processOnce(GroovyMain.java:653)
	at groovy.ui.GroovyMain.run(GroovyMain.java:384)
	at groovy.ui.GroovyMain.process(GroovyMain.java:370)
	at groovy.ui.GroovyMain.processArgs(GroovyMain.java:129)
	at groovy.ui.GroovyMain.main(GroovyMain.java:109)
	at sun.reflect.NativeMethodAccessorImpl.invoke0(Native Method)
	at sun.reflect.NativeMethodAccessorImpl.invoke(NativeMethodAccessorImpl.java:62)
	at sun.reflect.DelegatingMethodAccessorImpl.invoke(DelegatingMethodAccessorImpl.java:43)
	at java.lang.reflect.Method.invoke(Method.java:498)
	at org.codehaus.groovy.tools.GroovyStarter.rootLoader(GroovyStarter.java:109)
	at org.codehaus.groovy.tools.GroovyStarter.main(GroovyStarter.java:131)
)

2018-11-16 19:29:11 - [TEST_STEP][PASSED] - iOS.registration_screen.tapUseMobileNumber: iOS.registration_screen.tapUseMobileNumber is PASSED

2018-11-16 19:29:13 - [MESSAGE][PASSED] - Tapped on element 'Object Repository/iOS/Registration screen/Mobile Number button'

2018-11-16 19:29:13 - [MESSAGE][PASSED] - iOS.registration_screen.tapUseMobileNumber is PASSED

2018-11-16 19:29:13 - [TEST_STEP][PASSED] - global.verify_element.exist: global.verify_element.exist is PASSED

2018-11-16 19:29:20 - [MESSAGE][PASSED] - Element 'Object Repository/iOS/Registration screen/Privacy Policy button' is exist

2018-11-16 19:29:20 - [MESSAGE][PASSED] - global.verify_element.exist is PASSED

2018-11-16 19:29:20 - [TEST_STEP][PASSED] - global.verify_element.exist: global.verify_element.exist is PASSED

2018-11-16 19:29:27 - [MESSAGE][PASSED] - Element 'Object Repository/iOS/Registration screen/Terms And Agreement button' is exist

2018-11-16 19:29:27 - [MESSAGE][PASSED] - global.verify_element.exist is PASSED

2018-11-16 19:29:27 - [TEST_STEP][PASSED] - global.verify_element.exist: global.verify_element.exist is PASSED

2018-11-16 19:29:35 - [MESSAGE][PASSED] - Element 'Object Repository/iOS/Registration screen/Terms And Agreement checkbox' is exist

2018-11-16 19:29:35 - [MESSAGE][PASSED] - global.verify_element.exist is PASSED

2018-11-16 19:29:35 - [TEST_STEP][PASSED] - iOS.registration_screen.tapPrivacyPolicy: iOS.registration_screen.tapPrivacyPolicy is PASSED

2018-11-16 19:29:43 - [MESSAGE][PASSED] - Tapped on element 'Object Repository/iOS/Registration screen/Privacy Policy button'

2018-11-16 19:29:43 - [MESSAGE][PASSED] - iOS.registration_screen.tapPrivacyPolicy is PASSED

2018-11-16 19:29:43 - [TEST_STEP][PASSED] - Statement - Privacy_Policy = com.kms.katalon.core.testobject.ObjectRepository.findTestObject(iOS/Registration screen/Generic text, [label:Privacy Policy]): Finding Test Object with id 'Object Repository/iOS/Registration screen/Generic text'

2018-11-16 19:29:43 - [TEST_STEP][PASSED] - global.verify_element.exist: global.verify_element.exist is PASSED

2018-11-16 19:30:00 - [MESSAGE][PASSED] - Element 'Object Repository/iOS/Registration screen/Generic text' is exist

2018-11-16 19:30:00 - [MESSAGE][PASSED] - global.verify_element.exist is PASSED

2018-11-16 19:30:00 - [TEST_STEP][PASSED] - iOS.registration_screen.tapTermsAndAgreement: iOS.registration_screen.tapTermsAndAgreement is PASSED

2018-11-16 19:30:08 - [MESSAGE][PASSED] - Tapped on element 'Object Repository/iOS/Registration screen/Terms And Agreement button'

2018-11-16 19:30:08 - [MESSAGE][PASSED] - iOS.registration_screen.tapTermsAndAgreement is PASSED

2018-11-16 19:30:08 - [TEST_STEP][PASSED] - Statement - Terms_And_Agreement = com.kms.katalon.core.testobject.ObjectRepository.findTestObject(iOS/Registration screen/Generic text, [label:Terms and Conditions]): Finding Test Object with id 'Object Repository/iOS/Registration screen/Generic text'

2018-11-16 19:30:08 - [TEST_STEP][FAILED] - global.verify_element.exist: Element 'Object Repository/iOS/Registration screen/Generic text' not found

2018-11-16 19:30:16 - [MESSAGE][FAILED] - Element 'Object Repository/iOS/Registration screen/Generic text' not found
[[ATTACHMENT|/Users/buenaanda/Documents/mobile-automation-katalon/Reports/iOS/PERA Hub Test Suite/20181116_192825/1542367815733.png]]

2018-11-16 19:30:16 - [MESSAGE][FAILED] - Element 'Object Repository/iOS/Registration screen/Generic text' not found

2018-11-16 19:30:16 - [TEST_STEP][PASSED] - iOS.registration_screen.checkTermsAndAgreement: iOS.registration_screen.checkTermsAndAgreement is PASSED

2018-11-16 19:30:28 - [MESSAGE][PASSED] - Tapped on element 'Object Repository/iOS/Registration screen/Terms And Agreement checkbox'

2018-11-16 19:30:28 - [MESSAGE][PASSED] - iOS.registration_screen.checkTermsAndAgreement is PASSED

2018-11-16 19:30:28 - [TEST_STEP][PASSED] - global.verify_element.exist: global.verify_element.exist is PASSED

2018-11-16 19:30:34 - [MESSAGE][PASSED] - Element 'Object Repository/iOS/Registration screen/Mobile Country Code' is exist

2018-11-16 19:30:34 - [MESSAGE][PASSED] - global.verify_element.exist is PASSED

2018-11-16 19:30:34 - [TEST_STEP][PASSED] - global.verify_element.exist: global.verify_element.exist is PASSED

2018-11-16 19:30:36 - [MESSAGE][PASSED] - Element 'Object Repository/iOS/Registration screen/Mobile Number field' is exist

2018-11-16 19:30:36 - [MESSAGE][PASSED] - global.verify_element.exist is PASSED

2018-11-16 19:30:36 - [TEST_STEP][PASSED] - global.verify_element.exist: global.verify_element.exist is PASSED

2018-11-16 19:30:39 - [MESSAGE][PASSED] - Element 'Object Repository/iOS/Registration screen/Login Now button' is exist

2018-11-16 19:30:39 - [MESSAGE][PASSED] - global.verify_element.exist is PASSED

2018-11-16 19:30:39 - [TEST_STEP][PASSED] - Statement - new global.object().hideKeypad(): Tapped on element 'Object Repository/iOS/Global/Toolbar Done Button'

2018-11-16 19:30:42 - [MESSAGE][PASSED] - Tapped on element 'Object Repository/iOS/Global/Toolbar Done Button'

2018-11-16 19:30:42 - [TEST_STEP][PASSED] - global.verify_element.exist: global.verify_element.exist is PASSED

2018-11-16 19:30:45 - [MESSAGE][PASSED] - Element 'Object Repository/iOS/Registration screen/Next button' is exist

2018-11-16 19:30:45 - [MESSAGE][PASSED] - global.verify_element.exist is PASSED

2018-11-16 19:30:45 - [TEST_STEP][PASSED] - global.verify_element.exist: global.verify_element.exist is PASSED

2018-11-16 19:30:47 - [MESSAGE][PASSED] - Element 'Object Repository/iOS/Registration screen/Close button' is exist

2018-11-16 19:30:47 - [MESSAGE][PASSED] - global.verify_element.exist is PASSED]]></system-out>
         <system-err><![CDATA[2018-11-16 19:29:11 - [TEST_CASE][FAILED] - Test Cases/iOS/Registration/REG_02: Test Cases/iOS/Registration/REG_02 FAILED because (of) (Stack trace: com.kms.katalon.core.exception.StepFailedException: Element 'Object Repository/iOS/Registration screen/Generic text' not found
	at com.kms.katalon.core.keyword.internal.KeywordMain.stepFailed(KeywordMain.groovy:32)
	at com.kms.katalon.core.mobile.keyword.internal.MobileKeywordMain.stepFailed(MobileKeywordMain.groovy:40)
	at com.kms.katalon.core.mobile.keyword.builtin.VerifyElementExistKeyword$_verifyElementExist_closure1.doCall(VerifyElementExistKeyword.groovy:77)
	at com.kms.katalon.core.mobile.keyword.builtin.VerifyElementExistKeyword$_verifyElementExist_closure1.call(VerifyElementExistKeyword.groovy)
	at com.kms.katalon.core.mobile.keyword.internal.MobileKeywordMain.runKeyword(MobileKeywordMain.groovy:21)
	at com.kms.katalon.core.mobile.keyword.builtin.VerifyElementExistKeyword.verifyElementExist(VerifyElementExistKeyword.groovy:80)
	at com.kms.katalon.core.mobile.keyword.builtin.VerifyElementExistKeyword.execute(VerifyElementExistKeyword.groovy:64)
	at com.kms.katalon.core.keyword.internal.KeywordExecutor.executeKeywordForPlatform(KeywordExecutor.groovy:53)
	at com.kms.katalon.core.mobile.keyword.MobileBuiltInKeywords.verifyElementExist(MobileBuiltInKeywords.groovy:605)
	at com.kms.katalon.core.mobile.keyword.MobileBuiltInKeywords$verifyElementExist$1.call(Unknown Source)
	at global.verify_element.exist(verify_element.groovy:38)
	at sun.reflect.NativeMethodAccessorImpl.invoke0(Native Method)
	at sun.reflect.NativeMethodAccessorImpl.invoke(NativeMethodAccessorImpl.java:62)
	at sun.reflect.DelegatingMethodAccessorImpl.invoke(DelegatingMethodAccessorImpl.java:43)
	at java.lang.reflect.Method.invoke(Method.java:498)
	at org.codehaus.groovy.reflection.CachedMethod.invoke(CachedMethod.java:93)
	at groovy.lang.MetaMethod.doMethodInvoke(MetaMethod.java:325)
	at groovy.lang.MetaClassImpl.invokeMethod(MetaClassImpl.java:1215)
	at groovy.lang.MetaClassImpl.invokeMethod(MetaClassImpl.java:1024)
	at groovy.lang.MetaClassImpl.invokeMethod(MetaClassImpl.java:812)
	at groovy.lang.DelegatingMetaClass.invokeMethod(DelegatingMetaClass.java:144)
	at global.verify_element.invokeMethod(verify_element.groovy)
	at com.kms.katalon.core.main.CustomKeywordDelegatingMetaClass.invokeStaticMethod(CustomKeywordDelegatingMetaClass.java:46)
	at org.codehaus.groovy.runtime.callsite.StaticMetaClassSite.call(StaticMetaClassSite.java:53)
	at org.codehaus.groovy.runtime.callsite.CallSiteArray.defaultCall(CallSiteArray.java:48)
	at org.codehaus.groovy.runtime.callsite.AbstractCallSite.call(AbstractCallSite.java:113)
	at org.codehaus.groovy.runtime.callsite.AbstractCallSite.call(AbstractCallSite.java:125)
	at Script1542257476342.run(Script1542257476342.groovy:15)
	at com.kms.katalon.core.main.ScriptEngine.run(ScriptEngine.java:183)
	at com.kms.katalon.core.main.ScriptEngine.runScriptAsRawText(ScriptEngine.java:108)
	at com.kms.katalon.core.main.TestCaseExecutor.runScript(TestCaseExecutor.java:294)
	at com.kms.katalon.core.main.TestCaseExecutor.doExecute(TestCaseExecutor.java:285)
	at com.kms.katalon.core.main.TestCaseExecutor.processExecutionPhase(TestCaseExecutor.java:264)
	at com.kms.katalon.core.main.TestCaseExecutor.accessMainPhase(TestCaseExecutor.java:256)
	at com.kms.katalon.core.main.TestCaseExecutor.execute(TestCaseExecutor.java:200)
	at com.kms.katalon.core.main.TestSuiteExecutor.accessTestCaseMainPhase(TestSuiteExecutor.java:129)
	at com.kms.katalon.core.main.TestSuiteExecutor.accessTestSuiteMainPhase(TestSuiteExecutor.java:112)
	at com.kms.katalon.core.main.TestSuiteExecutor.execute(TestSuiteExecutor.java:81)
	at com.kms.katalon.core.main.TestCaseMain.startTestSuite(TestCaseMain.java:142)
	at com.kms.katalon.core.main.TestCaseMain$startTestSuite$0.call(Unknown Source)
	at org.codehaus.groovy.runtime.callsite.CallSiteArray.defaultCall(CallSiteArray.java:48)
	at org.codehaus.groovy.runtime.callsite.AbstractCallSite.call(AbstractCallSite.java:113)
	at org.codehaus.groovy.runtime.callsite.AbstractCallSite.call(AbstractCallSite.java:141)
	at TempTestSuite1542367705665.run(TempTestSuite1542367705665.groovy:36)
	at groovy.lang.GroovyShell.runScriptOrMainOrTestOrRunnable(GroovyShell.java:263)
	at groovy.lang.GroovyShell.run(GroovyShell.java:518)
	at groovy.lang.GroovyShell.run(GroovyShell.java:507)
	at groovy.ui.GroovyMain.processOnce(GroovyMain.java:653)
	at groovy.ui.GroovyMain.run(GroovyMain.java:384)
	at groovy.ui.GroovyMain.process(GroovyMain.java:370)
	at groovy.ui.GroovyMain.processArgs(GroovyMain.java:129)
	at groovy.ui.GroovyMain.main(GroovyMain.java:109)
	at sun.reflect.NativeMethodAccessorImpl.invoke0(Native Method)
	at sun.reflect.NativeMethodAccessorImpl.invoke(NativeMethodAccessorImpl.java:62)
	at sun.reflect.DelegatingMethodAccessorImpl.invoke(DelegatingMethodAccessorImpl.java:43)
	at java.lang.reflect.Method.invoke(Method.java:498)
	at org.codehaus.groovy.tools.GroovyStarter.rootLoader(GroovyStarter.java:109)
	at org.codehaus.groovy.tools.GroovyStarter.main(GroovyStarter.java:131)
)]]></system-err>
      </testcase>
      <testcase name="Test Cases/iOS/Registration/REG_03" classname="Test Cases/iOS/Registration/REG_03" status="PASSED">
         <system-out><![CDATA[2018-11-16 19:30:47 - [TEST_CASE][PASSED] - Test Cases/iOS/Registration/REG_03: Test Cases/iOS/Registration/REG_03

2018-11-16 19:30:47 - [TEST_STEP][PASSED] - iOS.registration_screen.enterMobileNumber: iOS.registration_screen.enterMobileNumber is PASSED

2018-11-16 19:30:50 - [MESSAGE][PASSED] - Text '9271819134' has been set to element 'Object Repository/iOS/Registration screen/Mobile Number field'

2018-11-16 19:30:53 - [MESSAGE][PASSED] - Tapped on element 'Object Repository/iOS/Global/Toolbar Done Button'

2018-11-16 19:30:53 - [MESSAGE][PASSED] - iOS.registration_screen.enterMobileNumber is PASSED

2018-11-16 19:30:53 - [TEST_STEP][PASSED] - global.verify_element.text: global.verify_element.text is PASSED

2018-11-16 19:30:55 - [MESSAGE][PASSED] - Actual text and expected text of test object 'Object Repository/iOS/Registration screen/Mobile Number field' are matched.

2018-11-16 19:30:55 - [MESSAGE][PASSED] - global.verify_element.text is PASSED

2018-11-16 19:30:55 - [TEST_STEP][PASSED] - global.verify_element.enabled: global.verify_element.enabled is PASSED

2018-11-16 19:30:58 - [MESSAGE][PASSED] - Element 'Object Repository/iOS/Registration screen/Next button' has attribute 'enabled' is 'true'

2018-11-16 19:30:58 - [MESSAGE][PASSED] - Actual object 'true' and expected object 'true' are equal

2018-11-16 19:30:58 - [MESSAGE][PASSED] - global.verify_element.enabled is PASSED]]></system-out>
         <system-err><![CDATA[]]></system-err>
      </testcase>
      <testcase name="Test Cases/iOS/Registration/REG_04" classname="Test Cases/iOS/Registration/REG_04" status="PASSED">
         <system-out><![CDATA[2018-11-16 19:30:58 - [TEST_CASE][PASSED] - Test Cases/iOS/Registration/REG_04: Test Cases/iOS/Registration/REG_04

2018-11-16 19:30:58 - [TEST_STEP][PASSED] - iOS.registration_screen.enterMobileNumber: iOS.registration_screen.enterMobileNumber is PASSED

2018-11-16 19:31:02 - [MESSAGE][PASSED] - Text '!@#aBc:<?' has been set to element 'Object Repository/iOS/Registration screen/Mobile Number field'

2018-11-16 19:31:06 - [MESSAGE][PASSED] - Tapped on element 'Object Repository/iOS/Global/Toolbar Done Button'

2018-11-16 19:31:06 - [MESSAGE][PASSED] - iOS.registration_screen.enterMobileNumber is PASSED

2018-11-16 19:31:06 - [TEST_STEP][PASSED] - global.verify_element.text: global.verify_element.text is PASSED

2018-11-16 19:31:08 - [MESSAGE][PASSED] - Actual text and expected text of test object 'Object Repository/iOS/Registration screen/Mobile Number field' are matched.

2018-11-16 19:31:08 - [MESSAGE][PASSED] - global.verify_element.text is PASSED]]></system-out>
         <system-err><![CDATA[]]></system-err>
      </testcase>
      <testcase name="Test Cases/iOS/Registration/REG_05" classname="Test Cases/iOS/Registration/REG_05" status="PASSED">
         <system-out><![CDATA[2018-11-16 19:31:08 - [TEST_CASE][PASSED] - Test Cases/iOS/Registration/REG_05: Test Cases/iOS/Registration/REG_05

2018-11-16 19:31:08 - [TEST_STEP][PASSED] - iOS.registration_screen.enterMobileNumber: iOS.registration_screen.enterMobileNumber is PASSED

2018-11-16 19:31:11 - [MESSAGE][PASSED] - Text '927181913' has been set to element 'Object Repository/iOS/Registration screen/Mobile Number field'

2018-11-16 19:31:15 - [MESSAGE][PASSED] - Tapped on element 'Object Repository/iOS/Global/Toolbar Done Button'

2018-11-16 19:31:15 - [MESSAGE][PASSED] - iOS.registration_screen.enterMobileNumber is PASSED

2018-11-16 19:31:15 - [TEST_STEP][PASSED] - Statement - Mobile_Number_Error = com.kms.katalon.core.testobject.ObjectRepository.findTestObject(iOS/Registration screen/Generic text, [label:Mobile number should be at least 10-digit long.]): Finding Test Object with id 'Object Repository/iOS/Registration screen/Generic text'

2018-11-16 19:31:15 - [TEST_STEP][PASSED] - global.verify_element.exist: global.verify_element.exist is PASSED

2018-11-16 19:31:17 - [MESSAGE][PASSED] - Element 'Object Repository/iOS/Registration screen/Generic text' is exist

2018-11-16 19:31:17 - [MESSAGE][PASSED] - global.verify_element.exist is PASSED]]></system-out>
         <system-err><![CDATA[]]></system-err>
      </testcase>
      <testcase name="Test Cases/iOS/Registration/REG_06" classname="Test Cases/iOS/Registration/REG_06" status="PASSED">
         <system-out><![CDATA[2018-11-16 19:31:17 - [TEST_CASE][PASSED] - Test Cases/iOS/Registration/REG_06: Test Cases/iOS/Registration/REG_06

2018-11-16 19:31:17 - [TEST_STEP][PASSED] - iOS.registration_screen.enterMobileNumber: iOS.registration_screen.enterMobileNumber is PASSED

2018-11-16 19:31:22 - [MESSAGE][PASSED] - Text '0000000000' has been set to element 'Object Repository/iOS/Registration screen/Mobile Number field'

2018-11-16 19:31:25 - [MESSAGE][PASSED] - Tapped on element 'Object Repository/iOS/Global/Toolbar Done Button'

2018-11-16 19:31:25 - [MESSAGE][PASSED] - iOS.registration_screen.enterMobileNumber is PASSED

2018-11-16 19:31:25 - [TEST_STEP][PASSED] - iOS.registration_screen.tapNext: iOS.registration_screen.tapNext is PASSED

2018-11-16 19:31:27 - [MESSAGE][PASSED] - Tapped on element 'Object Repository/iOS/Registration screen/Next button'

2018-11-16 19:31:35 - [MESSAGE][PASSED] - Element 'Object Repository/iOS/Global/Loader' has attribute 'visible' is 'false'

2018-11-16 19:31:35 - [MESSAGE][PASSED] - iOS.registration_screen.tapNext is PASSED

2018-11-16 19:31:35 - [TEST_STEP][PASSED] - Statement - SMS_Sending_Error = com.kms.katalon.core.testobject.ObjectRepository.findTestObject(iOS/Registration screen/Generic text, [label:SMS sending error]): Finding Test Object with id 'Object Repository/iOS/Registration screen/Generic text'

2018-11-16 19:31:35 - [TEST_STEP][PASSED] - iOS.registration_screen.tapOK: iOS.registration_screen.tapOK is PASSED

2018-11-16 19:31:38 - [MESSAGE][PASSED] - Tapped on element 'Object Repository/iOS/Registration screen/OK button'

2018-11-16 19:31:38 - [MESSAGE][PASSED] - iOS.registration_screen.tapOK is PASSED]]></system-out>
         <system-err><![CDATA[]]></system-err>
      </testcase>
      <testcase name="Test Cases/iOS/Registration/REG_07" classname="Test Cases/iOS/Registration/REG_07" status="PASSED">
         <system-out><![CDATA[2018-11-16 19:31:38 - [TEST_CASE][PASSED] - Test Cases/iOS/Registration/REG_07: Test Cases/iOS/Registration/REG_07

2018-11-16 19:31:38 - [TEST_STEP][PASSED] - iOS.registration_screen.enterMobileNumber: iOS.registration_screen.enterMobileNumber is PASSED

2018-11-16 19:31:43 - [MESSAGE][PASSED] - Text '9271819134' has been set to element 'Object Repository/iOS/Registration screen/Mobile Number field'

2018-11-16 19:31:46 - [MESSAGE][PASSED] - Tapped on element 'Object Repository/iOS/Global/Toolbar Done Button'

2018-11-16 19:31:46 - [MESSAGE][PASSED] - iOS.registration_screen.enterMobileNumber is PASSED

2018-11-16 19:31:46 - [TEST_STEP][PASSED] - iOS.registration_screen.tapNext: iOS.registration_screen.tapNext is PASSED

2018-11-16 19:31:48 - [MESSAGE][PASSED] - Tapped on element 'Object Repository/iOS/Registration screen/Next button'

2018-11-16 19:31:53 - [MESSAGE][FAILED] - Object Object Repository/iOS/Global/Loader not found
[[ATTACHMENT|/Users/buenaanda/Documents/mobile-automation-katalon/Reports/iOS/PERA Hub Test Suite/20181116_192825/1542367913728.png]]

2018-11-16 19:31:53 - [MESSAGE][FAILED] - Failed to get attribute 'Object Repository/iOS/Global/Loader' on element 'visible' (Root cause: Object Object Repository/iOS/Global/Loader not found)
[[ATTACHMENT|/Users/buenaanda/Documents/mobile-automation-katalon/Reports/iOS/PERA Hub Test Suite/20181116_192825/1542367913840.png]]

2018-11-16 19:31:53 - [MESSAGE][PASSED] - iOS.registration_screen.tapNext is PASSED

2018-11-16 19:31:53 - [TEST_STEP][PASSED] - global.verify_element.exist: global.verify_element.exist is PASSED

2018-11-16 19:31:56 - [MESSAGE][PASSED] - Element 'Object Repository/iOS/OTP Verification screen/OTP Verification screen' is exist

2018-11-16 19:31:56 - [MESSAGE][PASSED] - global.verify_element.exist is PASSED]]></system-out>
         <system-err><![CDATA[]]></system-err>
      </testcase>
      <testcase name="Test Cases/iOS/Registration/REG_09" classname="Test Cases/iOS/Registration/REG_09" status="FAILED">
         <failure type="FAILED" message="(Stack trace: com.kms.katalon.core.exception.StepFailedException: Element 'Object Repository/iOS/OTP Verification screen/Error otp code' not found
	at com.kms.katalon.core.keyword.internal.KeywordMain.stepFailed(KeywordMain.groovy:32)
	at com.kms.katalon.core.mobile.keyword.internal.MobileKeywordMain.stepFailed(MobileKeywordMain.groovy:40)
	at com.kms.katalon.core.mobile.keyword.builtin.VerifyElementExistKeyword$_verifyElementExist_closure1.doCall(VerifyElementExistKeyword.groovy:77)
	at com.kms.katalon.core.mobile.keyword.builtin.VerifyElementExistKeyword$_verifyElementExist_closure1.call(VerifyElementExistKeyword.groovy)
	at com.kms.katalon.core.mobile.keyword.internal.MobileKeywordMain.runKeyword(MobileKeywordMain.groovy:21)
	at com.kms.katalon.core.mobile.keyword.builtin.VerifyElementExistKeyword.verifyElementExist(VerifyElementExistKeyword.groovy:80)
	at com.kms.katalon.core.mobile.keyword.builtin.VerifyElementExistKeyword.execute(VerifyElementExistKeyword.groovy:64)
	at com.kms.katalon.core.keyword.internal.KeywordExecutor.executeKeywordForPlatform(KeywordExecutor.groovy:53)
	at com.kms.katalon.core.mobile.keyword.MobileBuiltInKeywords.verifyElementExist(MobileBuiltInKeywords.groovy:605)
	at com.kms.katalon.core.mobile.keyword.MobileBuiltInKeywords$verifyElementExist$1.call(Unknown Source)
	at global.verify_element.exist(verify_element.groovy:38)
	at sun.reflect.NativeMethodAccessorImpl.invoke0(Native Method)
	at sun.reflect.NativeMethodAccessorImpl.invoke(NativeMethodAccessorImpl.java:62)
	at sun.reflect.DelegatingMethodAccessorImpl.invoke(DelegatingMethodAccessorImpl.java:43)
	at java.lang.reflect.Method.invoke(Method.java:498)
	at org.codehaus.groovy.reflection.CachedMethod.invoke(CachedMethod.java:93)
	at groovy.lang.MetaMethod.doMethodInvoke(MetaMethod.java:325)
	at groovy.lang.MetaClassImpl.invokeMethod(MetaClassImpl.java:1215)
	at groovy.lang.MetaClassImpl.invokeMethod(MetaClassImpl.java:1024)
	at groovy.lang.MetaClassImpl.invokeMethod(MetaClassImpl.java:812)
	at groovy.lang.DelegatingMetaClass.invokeMethod(DelegatingMetaClass.java:144)
	at global.verify_element.invokeMethod(verify_element.groovy)
	at com.kms.katalon.core.main.CustomKeywordDelegatingMetaClass.invokeStaticMethod(CustomKeywordDelegatingMetaClass.java:46)
	at org.codehaus.groovy.runtime.callsite.StaticMetaClassSite.call(StaticMetaClassSite.java:53)
	at org.codehaus.groovy.runtime.callsite.CallSiteArray.defaultCall(CallSiteArray.java:48)
	at org.codehaus.groovy.runtime.callsite.AbstractCallSite.call(AbstractCallSite.java:113)
	at org.codehaus.groovy.runtime.callsite.AbstractCallSite.call(AbstractCallSite.java:125)
	at Script1542273654338.run(Script1542273654338.groovy:4)
	at com.kms.katalon.core.main.ScriptEngine.run(ScriptEngine.java:183)
	at com.kms.katalon.core.main.ScriptEngine.runScriptAsRawText(ScriptEngine.java:108)
	at com.kms.katalon.core.main.TestCaseExecutor.runScript(TestCaseExecutor.java:294)
	at com.kms.katalon.core.main.TestCaseExecutor.doExecute(TestCaseExecutor.java:285)
	at com.kms.katalon.core.main.TestCaseExecutor.processExecutionPhase(TestCaseExecutor.java:264)
	at com.kms.katalon.core.main.TestCaseExecutor.accessMainPhase(TestCaseExecutor.java:256)
	at com.kms.katalon.core.main.TestCaseExecutor.execute(TestCaseExecutor.java:200)
	at com.kms.katalon.core.main.TestSuiteExecutor.accessTestCaseMainPhase(TestSuiteExecutor.java:129)
	at com.kms.katalon.core.main.TestSuiteExecutor.accessTestSuiteMainPhase(TestSuiteExecutor.java:112)
	at com.kms.katalon.core.main.TestSuiteExecutor.execute(TestSuiteExecutor.java:81)
	at com.kms.katalon.core.main.TestCaseMain.startTestSuite(TestCaseMain.java:142)
	at com.kms.katalon.core.main.TestCaseMain$startTestSuite$0.call(Unknown Source)
	at org.codehaus.groovy.runtime.callsite.CallSiteArray.defaultCall(CallSiteArray.java:48)
	at org.codehaus.groovy.runtime.callsite.AbstractCallSite.call(AbstractCallSite.java:113)
	at org.codehaus.groovy.runtime.callsite.AbstractCallSite.call(AbstractCallSite.java:141)
	at TempTestSuite1542367705665.run(TempTestSuite1542367705665.groovy:36)
	at groovy.lang.GroovyShell.runScriptOrMainOrTestOrRunnable(GroovyShell.java:263)
	at groovy.lang.GroovyShell.run(GroovyShell.java:518)
	at groovy.lang.GroovyShell.run(GroovyShell.java:507)
	at groovy.ui.GroovyMain.processOnce(GroovyMain.java:653)
	at groovy.ui.GroovyMain.run(GroovyMain.java:384)
	at groovy.ui.GroovyMain.process(GroovyMain.java:370)
	at groovy.ui.GroovyMain.processArgs(GroovyMain.java:129)
	at groovy.ui.GroovyMain.main(GroovyMain.java:109)
	at sun.reflect.NativeMethodAccessorImpl.invoke0(Native Method)
	at sun.reflect.NativeMethodAccessorImpl.invoke(NativeMethodAccessorImpl.java:62)
	at sun.reflect.DelegatingMethodAccessorImpl.invoke(DelegatingMethodAccessorImpl.java:43)
	at java.lang.reflect.Method.invoke(Method.java:498)
	at org.codehaus.groovy.tools.GroovyStarter.rootLoader(GroovyStarter.java:109)
	at org.codehaus.groovy.tools.GroovyStarter.main(GroovyStarter.java:131)
)"/>
         <system-out><![CDATA[2018-11-16 19:31:56 - [TEST_CASE][FAILED] - Test Cases/iOS/Registration/REG_09: Test Cases/iOS/Registration/REG_09 FAILED because (of) (Stack trace: com.kms.katalon.core.exception.StepFailedException: Element 'Object Repository/iOS/OTP Verification screen/Error otp code' not found
	at com.kms.katalon.core.keyword.internal.KeywordMain.stepFailed(KeywordMain.groovy:32)
	at com.kms.katalon.core.mobile.keyword.internal.MobileKeywordMain.stepFailed(MobileKeywordMain.groovy:40)
	at com.kms.katalon.core.mobile.keyword.builtin.VerifyElementExistKeyword$_verifyElementExist_closure1.doCall(VerifyElementExistKeyword.groovy:77)
	at com.kms.katalon.core.mobile.keyword.builtin.VerifyElementExistKeyword$_verifyElementExist_closure1.call(VerifyElementExistKeyword.groovy)
	at com.kms.katalon.core.mobile.keyword.internal.MobileKeywordMain.runKeyword(MobileKeywordMain.groovy:21)
	at com.kms.katalon.core.mobile.keyword.builtin.VerifyElementExistKeyword.verifyElementExist(VerifyElementExistKeyword.groovy:80)
	at com.kms.katalon.core.mobile.keyword.builtin.VerifyElementExistKeyword.execute(VerifyElementExistKeyword.groovy:64)
	at com.kms.katalon.core.keyword.internal.KeywordExecutor.executeKeywordForPlatform(KeywordExecutor.groovy:53)
	at com.kms.katalon.core.mobile.keyword.MobileBuiltInKeywords.verifyElementExist(MobileBuiltInKeywords.groovy:605)
	at com.kms.katalon.core.mobile.keyword.MobileBuiltInKeywords$verifyElementExist$1.call(Unknown Source)
	at global.verify_element.exist(verify_element.groovy:38)
	at sun.reflect.NativeMethodAccessorImpl.invoke0(Native Method)
	at sun.reflect.NativeMethodAccessorImpl.invoke(NativeMethodAccessorImpl.java:62)
	at sun.reflect.DelegatingMethodAccessorImpl.invoke(DelegatingMethodAccessorImpl.java:43)
	at java.lang.reflect.Method.invoke(Method.java:498)
	at org.codehaus.groovy.reflection.CachedMethod.invoke(CachedMethod.java:93)
	at groovy.lang.MetaMethod.doMethodInvoke(MetaMethod.java:325)
	at groovy.lang.MetaClassImpl.invokeMethod(MetaClassImpl.java:1215)
	at groovy.lang.MetaClassImpl.invokeMethod(MetaClassImpl.java:1024)
	at groovy.lang.MetaClassImpl.invokeMethod(MetaClassImpl.java:812)
	at groovy.lang.DelegatingMetaClass.invokeMethod(DelegatingMetaClass.java:144)
	at global.verify_element.invokeMethod(verify_element.groovy)
	at com.kms.katalon.core.main.CustomKeywordDelegatingMetaClass.invokeStaticMethod(CustomKeywordDelegatingMetaClass.java:46)
	at org.codehaus.groovy.runtime.callsite.StaticMetaClassSite.call(StaticMetaClassSite.java:53)
	at org.codehaus.groovy.runtime.callsite.CallSiteArray.defaultCall(CallSiteArray.java:48)
	at org.codehaus.groovy.runtime.callsite.AbstractCallSite.call(AbstractCallSite.java:113)
	at org.codehaus.groovy.runtime.callsite.AbstractCallSite.call(AbstractCallSite.java:125)
	at Script1542273654338.run(Script1542273654338.groovy:4)
	at com.kms.katalon.core.main.ScriptEngine.run(ScriptEngine.java:183)
	at com.kms.katalon.core.main.ScriptEngine.runScriptAsRawText(ScriptEngine.java:108)
	at com.kms.katalon.core.main.TestCaseExecutor.runScript(TestCaseExecutor.java:294)
	at com.kms.katalon.core.main.TestCaseExecutor.doExecute(TestCaseExecutor.java:285)
	at com.kms.katalon.core.main.TestCaseExecutor.processExecutionPhase(TestCaseExecutor.java:264)
	at com.kms.katalon.core.main.TestCaseExecutor.accessMainPhase(TestCaseExecutor.java:256)
	at com.kms.katalon.core.main.TestCaseExecutor.execute(TestCaseExecutor.java:200)
	at com.kms.katalon.core.main.TestSuiteExecutor.accessTestCaseMainPhase(TestSuiteExecutor.java:129)
	at com.kms.katalon.core.main.TestSuiteExecutor.accessTestSuiteMainPhase(TestSuiteExecutor.java:112)
	at com.kms.katalon.core.main.TestSuiteExecutor.execute(TestSuiteExecutor.java:81)
	at com.kms.katalon.core.main.TestCaseMain.startTestSuite(TestCaseMain.java:142)
	at com.kms.katalon.core.main.TestCaseMain$startTestSuite$0.call(Unknown Source)
	at org.codehaus.groovy.runtime.callsite.CallSiteArray.defaultCall(CallSiteArray.java:48)
	at org.codehaus.groovy.runtime.callsite.AbstractCallSite.call(AbstractCallSite.java:113)
	at org.codehaus.groovy.runtime.callsite.AbstractCallSite.call(AbstractCallSite.java:141)
	at TempTestSuite1542367705665.run(TempTestSuite1542367705665.groovy:36)
	at groovy.lang.GroovyShell.runScriptOrMainOrTestOrRunnable(GroovyShell.java:263)
	at groovy.lang.GroovyShell.run(GroovyShell.java:518)
	at groovy.lang.GroovyShell.run(GroovyShell.java:507)
	at groovy.ui.GroovyMain.processOnce(GroovyMain.java:653)
	at groovy.ui.GroovyMain.run(GroovyMain.java:384)
	at groovy.ui.GroovyMain.process(GroovyMain.java:370)
	at groovy.ui.GroovyMain.processArgs(GroovyMain.java:129)
	at groovy.ui.GroovyMain.main(GroovyMain.java:109)
	at sun.reflect.NativeMethodAccessorImpl.invoke0(Native Method)
	at sun.reflect.NativeMethodAccessorImpl.invoke(NativeMethodAccessorImpl.java:62)
	at sun.reflect.DelegatingMethodAccessorImpl.invoke(DelegatingMethodAccessorImpl.java:43)
	at java.lang.reflect.Method.invoke(Method.java:498)
	at org.codehaus.groovy.tools.GroovyStarter.rootLoader(GroovyStarter.java:109)
	at org.codehaus.groovy.tools.GroovyStarter.main(GroovyStarter.java:131)
)

2018-11-16 19:31:56 - [TEST_STEP][PASSED] - iOS.otp_verification_screen.enterOTP: iOS.otp_verification_screen.enterOTP is PASSED

2018-11-16 19:31:58 - [MESSAGE][PASSED] - Element 'Object Repository/iOS/OTP Verification screen/OTP Verification screen' is present

2018-11-16 19:31:58 - [MESSAGE][PASSED] - iOS.otp_verification_screen.enterOTP is PASSED

2018-11-16 19:31:58 - [TEST_STEP][FAILED] - global.verify_element.exist: Element 'Object Repository/iOS/OTP Verification screen/Error otp code' not found

2018-11-16 19:32:04 - [MESSAGE][FAILED] - Element 'Object Repository/iOS/OTP Verification screen/Error otp code' not found
[[ATTACHMENT|/Users/buenaanda/Documents/mobile-automation-katalon/Reports/iOS/PERA Hub Test Suite/20181116_192825/1542367924402.png]]

2018-11-16 19:32:04 - [MESSAGE][FAILED] - Element 'Object Repository/iOS/OTP Verification screen/Error otp code' not found

2018-11-16 19:32:04 - [TEST_STEP][PASSED] - iOS.registration_screen.tapOK: iOS.registration_screen.tapOK is PASSED

2018-11-16 19:32:07 - [MESSAGE][PASSED] - Tapped on element 'Object Repository/iOS/Registration screen/OK button'

2018-11-16 19:32:07 - [MESSAGE][PASSED] - iOS.registration_screen.tapOK is PASSED]]></system-out>
         <system-err><![CDATA[2018-11-16 19:31:56 - [TEST_CASE][FAILED] - Test Cases/iOS/Registration/REG_09: Test Cases/iOS/Registration/REG_09 FAILED because (of) (Stack trace: com.kms.katalon.core.exception.StepFailedException: Element 'Object Repository/iOS/OTP Verification screen/Error otp code' not found
	at com.kms.katalon.core.keyword.internal.KeywordMain.stepFailed(KeywordMain.groovy:32)
	at com.kms.katalon.core.mobile.keyword.internal.MobileKeywordMain.stepFailed(MobileKeywordMain.groovy:40)
	at com.kms.katalon.core.mobile.keyword.builtin.VerifyElementExistKeyword$_verifyElementExist_closure1.doCall(VerifyElementExistKeyword.groovy:77)
	at com.kms.katalon.core.mobile.keyword.builtin.VerifyElementExistKeyword$_verifyElementExist_closure1.call(VerifyElementExistKeyword.groovy)
	at com.kms.katalon.core.mobile.keyword.internal.MobileKeywordMain.runKeyword(MobileKeywordMain.groovy:21)
	at com.kms.katalon.core.mobile.keyword.builtin.VerifyElementExistKeyword.verifyElementExist(VerifyElementExistKeyword.groovy:80)
	at com.kms.katalon.core.mobile.keyword.builtin.VerifyElementExistKeyword.execute(VerifyElementExistKeyword.groovy:64)
	at com.kms.katalon.core.keyword.internal.KeywordExecutor.executeKeywordForPlatform(KeywordExecutor.groovy:53)
	at com.kms.katalon.core.mobile.keyword.MobileBuiltInKeywords.verifyElementExist(MobileBuiltInKeywords.groovy:605)
	at com.kms.katalon.core.mobile.keyword.MobileBuiltInKeywords$verifyElementExist$1.call(Unknown Source)
	at global.verify_element.exist(verify_element.groovy:38)
	at sun.reflect.NativeMethodAccessorImpl.invoke0(Native Method)
	at sun.reflect.NativeMethodAccessorImpl.invoke(NativeMethodAccessorImpl.java:62)
	at sun.reflect.DelegatingMethodAccessorImpl.invoke(DelegatingMethodAccessorImpl.java:43)
	at java.lang.reflect.Method.invoke(Method.java:498)
	at org.codehaus.groovy.reflection.CachedMethod.invoke(CachedMethod.java:93)
	at groovy.lang.MetaMethod.doMethodInvoke(MetaMethod.java:325)
	at groovy.lang.MetaClassImpl.invokeMethod(MetaClassImpl.java:1215)
	at groovy.lang.MetaClassImpl.invokeMethod(MetaClassImpl.java:1024)
	at groovy.lang.MetaClassImpl.invokeMethod(MetaClassImpl.java:812)
	at groovy.lang.DelegatingMetaClass.invokeMethod(DelegatingMetaClass.java:144)
	at global.verify_element.invokeMethod(verify_element.groovy)
	at com.kms.katalon.core.main.CustomKeywordDelegatingMetaClass.invokeStaticMethod(CustomKeywordDelegatingMetaClass.java:46)
	at org.codehaus.groovy.runtime.callsite.StaticMetaClassSite.call(StaticMetaClassSite.java:53)
	at org.codehaus.groovy.runtime.callsite.CallSiteArray.defaultCall(CallSiteArray.java:48)
	at org.codehaus.groovy.runtime.callsite.AbstractCallSite.call(AbstractCallSite.java:113)
	at org.codehaus.groovy.runtime.callsite.AbstractCallSite.call(AbstractCallSite.java:125)
	at Script1542273654338.run(Script1542273654338.groovy:4)
	at com.kms.katalon.core.main.ScriptEngine.run(ScriptEngine.java:183)
	at com.kms.katalon.core.main.ScriptEngine.runScriptAsRawText(ScriptEngine.java:108)
	at com.kms.katalon.core.main.TestCaseExecutor.runScript(TestCaseExecutor.java:294)
	at com.kms.katalon.core.main.TestCaseExecutor.doExecute(TestCaseExecutor.java:285)
	at com.kms.katalon.core.main.TestCaseExecutor.processExecutionPhase(TestCaseExecutor.java:264)
	at com.kms.katalon.core.main.TestCaseExecutor.accessMainPhase(TestCaseExecutor.java:256)
	at com.kms.katalon.core.main.TestCaseExecutor.execute(TestCaseExecutor.java:200)
	at com.kms.katalon.core.main.TestSuiteExecutor.accessTestCaseMainPhase(TestSuiteExecutor.java:129)
	at com.kms.katalon.core.main.TestSuiteExecutor.accessTestSuiteMainPhase(TestSuiteExecutor.java:112)
	at com.kms.katalon.core.main.TestSuiteExecutor.execute(TestSuiteExecutor.java:81)
	at com.kms.katalon.core.main.TestCaseMain.startTestSuite(TestCaseMain.java:142)
	at com.kms.katalon.core.main.TestCaseMain$startTestSuite$0.call(Unknown Source)
	at org.codehaus.groovy.runtime.callsite.CallSiteArray.defaultCall(CallSiteArray.java:48)
	at org.codehaus.groovy.runtime.callsite.AbstractCallSite.call(AbstractCallSite.java:113)
	at org.codehaus.groovy.runtime.callsite.AbstractCallSite.call(AbstractCallSite.java:141)
	at TempTestSuite1542367705665.run(TempTestSuite1542367705665.groovy:36)
	at groovy.lang.GroovyShell.runScriptOrMainOrTestOrRunnable(GroovyShell.java:263)
	at groovy.lang.GroovyShell.run(GroovyShell.java:518)
	at groovy.lang.GroovyShell.run(GroovyShell.java:507)
	at groovy.ui.GroovyMain.processOnce(GroovyMain.java:653)
	at groovy.ui.GroovyMain.run(GroovyMain.java:384)
	at groovy.ui.GroovyMain.process(GroovyMain.java:370)
	at groovy.ui.GroovyMain.processArgs(GroovyMain.java:129)
	at groovy.ui.GroovyMain.main(GroovyMain.java:109)
	at sun.reflect.NativeMethodAccessorImpl.invoke0(Native Method)
	at sun.reflect.NativeMethodAccessorImpl.invoke(NativeMethodAccessorImpl.java:62)
	at sun.reflect.DelegatingMethodAccessorImpl.invoke(DelegatingMethodAccessorImpl.java:43)
	at java.lang.reflect.Method.invoke(Method.java:498)
	at org.codehaus.groovy.tools.GroovyStarter.rootLoader(GroovyStarter.java:109)
	at org.codehaus.groovy.tools.GroovyStarter.main(GroovyStarter.java:131)
)]]></system-err>
      </testcase>
      <testcase name="Test Cases/iOS/Login/LOG_01" classname="Test Cases/iOS/Login/LOG_01" status="PASSED">
         <system-out><![CDATA[2018-11-16 19:32:07 - [TEST_CASE][PASSED] - Test Cases/iOS/Login/LOG_01: Test Cases/iOS/Login/LOG_01

2018-11-16 19:32:07 - [TEST_STEP][PASSED] - startApplication: Started app at: '/Users/buenaanda/Documents/mobile-automation-katalon/Data Files/PeraHub_v3.2.0-QAT.app'

2018-11-16 19:32:52 - [MESSAGE][PASSED] - Started app at: '/Users/buenaanda/Documents/mobile-automation-katalon/Data Files/PeraHub_v3.2.0-QAT.app'

2018-11-16 19:32:52 - [TEST_STEP][PASSED] - iOS.initial_screen.tapLogin: iOS.initial_screen.tapLogin is PASSED

2018-11-16 19:32:55 - [MESSAGE][PASSED] - Tapped on element 'Object Repository/iOS/Initial screen/Login button'

2018-11-16 19:32:55 - [MESSAGE][PASSED] - iOS.initial_screen.tapLogin is PASSED

2018-11-16 19:32:55 - [TEST_STEP][PASSED] - global.verify_element.exist: global.verify_element.exist is PASSED

2018-11-16 19:32:57 - [MESSAGE][PASSED] - Element 'Object Repository/iOS/Login screen/Username field' is exist

2018-11-16 19:32:57 - [MESSAGE][PASSED] - global.verify_element.exist is PASSED

2018-11-16 19:32:57 - [TEST_STEP][PASSED] - global.verify_element.exist: global.verify_element.exist is PASSED

2018-11-16 19:32:59 - [MESSAGE][PASSED] - Element 'Object Repository/iOS/Login screen/Password field' is exist

2018-11-16 19:32:59 - [MESSAGE][PASSED] - global.verify_element.exist is PASSED

2018-11-16 19:32:59 - [TEST_STEP][PASSED] - global.verify_element.exist: global.verify_element.exist is PASSED

2018-11-16 19:33:01 - [MESSAGE][PASSED] - Element 'Object Repository/iOS/Login screen/Login button' is exist

2018-11-16 19:33:01 - [MESSAGE][PASSED] - global.verify_element.exist is PASSED

2018-11-16 19:33:01 - [TEST_STEP][PASSED] - global.verify_element.exist: global.verify_element.exist is PASSED

2018-11-16 19:33:04 - [MESSAGE][PASSED] - Element 'Object Repository/iOS/Login screen/Register now button' is exist

2018-11-16 19:33:04 - [MESSAGE][PASSED] - global.verify_element.exist is PASSED]]></system-out>
         <system-err><![CDATA[]]></system-err>
      </testcase>
      <testcase name="Test Cases/iOS/Login/LOG_02" classname="Test Cases/iOS/Login/LOG_02" status="PASSED">
         <system-out><![CDATA[2018-11-16 19:33:04 - [TEST_CASE][PASSED] - Test Cases/iOS/Login/LOG_02: Test Cases/iOS/Login/LOG_02

2018-11-16 19:33:04 - [TEST_STEP][PASSED] - iOS.login_screen.enterUsername: iOS.login_screen.enterUsername is PASSED

2018-11-16 19:33:08 - [MESSAGE][PASSED] - Text 'allen_15' has been set to element 'Object Repository/iOS/Login screen/Username field'

2018-11-16 19:33:08 - [MESSAGE][PASSED] - iOS.login_screen.enterUsername is PASSED

2018-11-16 19:33:08 - [TEST_STEP][PASSED] - global.verify_element.text: global.verify_element.text is PASSED

2018-11-16 19:33:11 - [MESSAGE][PASSED] - Actual text and expected text of test object 'Object Repository/iOS/Login screen/Username field' are matched.

2018-11-16 19:33:11 - [MESSAGE][PASSED] - global.verify_element.text is PASSED

2018-11-16 19:33:11 - [TEST_STEP][PASSED] - global.verify_element.disabled: global.verify_element.disabled is PASSED

2018-11-16 19:33:14 - [MESSAGE][PASSED] - Element 'Object Repository/iOS/Login screen/Login button' has attribute 'enabled' is 'false'

2018-11-16 19:33:14 - [MESSAGE][PASSED] - Actual object 'false' and expected object 'false' are equal

2018-11-16 19:33:14 - [MESSAGE][PASSED] - global.verify_element.disabled is PASSED]]></system-out>
         <system-err><![CDATA[]]></system-err>
      </testcase>
      <testcase name="Test Cases/iOS/Login/LOG_03" classname="Test Cases/iOS/Login/LOG_03" status="PASSED">
         <system-out><![CDATA[2018-11-16 19:33:14 - [TEST_CASE][PASSED] - Test Cases/iOS/Login/LOG_03: Test Cases/iOS/Login/LOG_03

2018-11-16 19:33:14 - [TEST_STEP][PASSED] - iOS.login_screen.enterPassword: iOS.login_screen.enterPassword is PASSED

2018-11-16 19:33:18 - [MESSAGE][PASSED] - Text 'Hello!23' has been set to element 'Object Repository/iOS/Login screen/Password field'

2018-11-16 19:33:20 - [MESSAGE][PASSED] - Keyboard is hidden

2018-11-16 19:33:20 - [MESSAGE][PASSED] - iOS.login_screen.enterPassword is PASSED

2018-11-16 19:33:20 - [TEST_STEP][PASSED] - global.verify_element.text: global.verify_element.text is PASSED

2018-11-16 19:33:22 - [MESSAGE][PASSED] - Actual text and expected text of test object 'Object Repository/iOS/Login screen/Password field' are matched.

2018-11-16 19:33:22 - [MESSAGE][PASSED] - global.verify_element.text is PASSED

2018-11-16 19:33:22 - [TEST_STEP][PASSED] - global.verify_element.enabled: global.verify_element.enabled is PASSED

2018-11-16 19:33:25 - [MESSAGE][PASSED] - Element 'Object Repository/iOS/Login screen/Login button' has attribute 'enabled' is 'true'

2018-11-16 19:33:25 - [MESSAGE][PASSED] - Actual object 'true' and expected object 'true' are equal

2018-11-16 19:33:25 - [MESSAGE][PASSED] - global.verify_element.enabled is PASSED]]></system-out>
         <system-err><![CDATA[]]></system-err>
      </testcase>
      <testcase name="Test Cases/iOS/Login/LOG_04" classname="Test Cases/iOS/Login/LOG_04" status="PASSED">
         <system-out><![CDATA[2018-11-16 19:33:25 - [TEST_CASE][PASSED] - Test Cases/iOS/Login/LOG_04: Test Cases/iOS/Login/LOG_04

2018-11-16 19:33:25 - [TEST_STEP][PASSED] - iOS.login_screen.tapLogin: iOS.login_screen.tapLogin is PASSED

2018-11-16 19:33:27 - [MESSAGE][PASSED] - Tapped on element 'Object Repository/iOS/Login screen/Login button'

2018-11-16 19:33:30 - [MESSAGE][PASSED] - Delayed 3 second(s)

2018-11-16 19:33:30 - [MESSAGE][PASSED] - iOS.login_screen.tapLogin is PASSED

2018-11-16 19:33:30 - [TEST_STEP][PASSED] - global.wait_for_element.visible: global.wait_for_element.visible is PASSED

2018-11-16 19:33:32 - [MESSAGE][PASSED] - Element 'Object Repository/iOS/OTP Verification screen/OTP Verification screen' is present

2018-11-16 19:33:32 - [MESSAGE][PASSED] - global.wait_for_element.visible is PASSED

2018-11-16 19:33:32 - [TEST_STEP][PASSED] - global.verify_element.exist: global.verify_element.exist is PASSED

2018-11-16 19:33:35 - [MESSAGE][PASSED] - Element 'Object Repository/iOS/OTP Verification screen/OTP Verification screen' is exist

2018-11-16 19:33:35 - [MESSAGE][PASSED] - global.verify_element.exist is PASSED

2018-11-16 19:33:35 - [TEST_STEP][PASSED] - global.verify_element.disabled: global.verify_element.disabled is PASSED

2018-11-16 19:33:37 - [MESSAGE][PASSED] - Element 'Object Repository/iOS/OTP Verification screen/Resend button' has attribute 'enabled' is 'false'

2018-11-16 19:33:37 - [MESSAGE][PASSED] - Actual object 'false' and expected object 'false' are equal

2018-11-16 19:33:37 - [MESSAGE][PASSED] - global.verify_element.disabled is PASSED

2018-11-16 19:33:37 - [TEST_STEP][PASSED] - global.verify_element.exist: global.verify_element.exist is PASSED

2018-11-16 19:33:40 - [MESSAGE][PASSED] - Element 'Object Repository/iOS/OTP Verification screen/Close button' is exist

2018-11-16 19:33:40 - [MESSAGE][PASSED] - global.verify_element.exist is PASSED

2018-11-16 19:33:40 - [TEST_STEP][PASSED] - delay: Delayed 50 second(s)

2018-11-16 19:34:30 - [MESSAGE][PASSED] - Delayed 50 second(s)

2018-11-16 19:34:30 - [TEST_STEP][PASSED] - global.verify_element.enabled: global.verify_element.enabled is PASSED

2018-11-16 19:34:32 - [MESSAGE][PASSED] - Element 'Object Repository/iOS/OTP Verification screen/Resend button' has attribute 'enabled' is 'true'

2018-11-16 19:34:32 - [MESSAGE][PASSED] - Actual object 'true' and expected object 'true' are equal

2018-11-16 19:34:32 - [MESSAGE][PASSED] - global.verify_element.enabled is PASSED]]></system-out>
         <system-err><![CDATA[]]></system-err>
      </testcase>
      <testcase name="Test Cases/iOS/Login/LOG_05" classname="Test Cases/iOS/Login/LOG_05" status="PASSED">
         <system-out><![CDATA[2018-11-16 19:34:32 - [TEST_CASE][PASSED] - Test Cases/iOS/Login/LOG_05: Test Cases/iOS/Login/LOG_05

2018-11-16 19:34:32 - [TEST_STEP][PASSED] - iOS.otp_verification_screen.enterOTP: iOS.otp_verification_screen.enterOTP is PASSED

2018-11-16 19:34:35 - [MESSAGE][PASSED] - Element 'Object Repository/iOS/OTP Verification screen/OTP Verification screen' is present

2018-11-16 19:34:35 - [MESSAGE][PASSED] - iOS.otp_verification_screen.enterOTP is PASSED

2018-11-16 19:34:35 - [TEST_STEP][PASSED] - global.verify_element.text: global.verify_element.text is PASSED

2018-11-16 19:34:44 - [MESSAGE][PASSED] - Actual text and expected text of test object 'Object Repository/iOS/My Account screen/Account Name' are matched.

2018-11-16 19:34:44 - [MESSAGE][PASSED] - global.verify_element.text is PASSED

2018-11-16 19:34:44 - [TEST_STEP][PASSED] - closeApplication: Close app successfully

2018-11-16 19:34:44 - [MESSAGE][PASSED] - Close app successfully]]></system-out>
         <system-err><![CDATA[]]></system-err>
      </testcase>
      <testcase name="Test Cases/iOS/Login/LOG_06" classname="Test Cases/iOS/Login/LOG_06" status="PASSED">
         <system-out><![CDATA[2018-11-16 19:34:44 - [TEST_CASE][PASSED] - Test Cases/iOS/Login/LOG_06: Test Cases/iOS/Login/LOG_06

2018-11-16 19:34:44 - [TEST_STEP][PASSED] - startApplication: Started app at: '/Users/buenaanda/Documents/mobile-automation-katalon/Data Files/PeraHub_v3.2.0-QAT.app'

2018-11-16 19:34:59 - [MESSAGE][PASSED] - Started app at: '/Users/buenaanda/Documents/mobile-automation-katalon/Data Files/PeraHub_v3.2.0-QAT.app'

2018-11-16 19:34:59 - [TEST_STEP][PASSED] - iOS.login_screen.tapLogout: iOS.login_screen.tapLogout is PASSED

2018-11-16 19:35:02 - [MESSAGE][PASSED] - Tapped on element 'Object Repository/iOS/Login screen/Logout button'

2018-11-16 19:35:02 - [MESSAGE][PASSED] - iOS.login_screen.tapLogout is PASSED

2018-11-16 19:35:02 - [TEST_STEP][PASSED] - iOS.initial_screen.tapLogin: iOS.initial_screen.tapLogin is PASSED

2018-11-16 19:35:07 - [MESSAGE][PASSED] - Tapped on element 'Object Repository/iOS/Initial screen/Login button'

2018-11-16 19:35:07 - [MESSAGE][PASSED] - iOS.initial_screen.tapLogin is PASSED

2018-11-16 19:35:07 - [TEST_STEP][PASSED] - iOS.login_screen.enterUsername: iOS.login_screen.enterUsername is PASSED

2018-11-16 19:35:11 - [MESSAGE][PASSED] - Text '1nvalid' has been set to element 'Object Repository/iOS/Login screen/Username field'

2018-11-16 19:35:11 - [MESSAGE][PASSED] - iOS.login_screen.enterUsername is PASSED

2018-11-16 19:35:11 - [TEST_STEP][PASSED] - iOS.login_screen.enterPassword: iOS.login_screen.enterPassword is PASSED

2018-11-16 19:35:16 - [MESSAGE][PASSED] - Text 'Hello!23' has been set to element 'Object Repository/iOS/Login screen/Password field'

2018-11-16 19:35:17 - [MESSAGE][PASSED] - Keyboard is hidden

2018-11-16 19:35:17 - [MESSAGE][PASSED] - iOS.login_screen.enterPassword is PASSED

2018-11-16 19:35:17 - [TEST_STEP][PASSED] - iOS.login_screen.tapLogin: iOS.login_screen.tapLogin is PASSED

2018-11-16 19:35:20 - [MESSAGE][PASSED] - Tapped on element 'Object Repository/iOS/Login screen/Login button'

2018-11-16 19:35:23 - [MESSAGE][PASSED] - Delayed 3 second(s)

2018-11-16 19:35:23 - [MESSAGE][PASSED] - iOS.login_screen.tapLogin is PASSED

2018-11-16 19:35:23 - [TEST_STEP][PASSED] - global.verify_element.text: global.verify_element.text is PASSED

2018-11-16 19:35:26 - [MESSAGE][PASSED] - Actual text and expected text of test object 'Object Repository/iOS/Login screen/Error username and password' are matched.

2018-11-16 19:35:26 - [MESSAGE][PASSED] - global.verify_element.text is PASSED

2018-11-16 19:35:26 - [TEST_STEP][PASSED] - iOS.login_screen.tapOK: iOS.login_screen.tapOK is PASSED

2018-11-16 19:35:29 - [MESSAGE][PASSED] - Tapped on element 'Object Repository/iOS/Login screen/OK button'

2018-11-16 19:35:29 - [MESSAGE][PASSED] - iOS.login_screen.tapOK is PASSED]]></system-out>
         <system-err><![CDATA[]]></system-err>
      </testcase>
      <testcase name="Test Cases/iOS/Login/LOG_07" classname="Test Cases/iOS/Login/LOG_07" status="PASSED">
         <system-out><![CDATA[2018-11-16 19:35:29 - [TEST_CASE][PASSED] - Test Cases/iOS/Login/LOG_07: Test Cases/iOS/Login/LOG_07

2018-11-16 19:35:29 - [TEST_STEP][PASSED] - iOS.login_screen.enterUsername: iOS.login_screen.enterUsername is PASSED

2018-11-16 19:35:34 - [MESSAGE][PASSED] - Text '' has been set to element 'Object Repository/iOS/Login screen/Username field'

2018-11-16 19:35:34 - [MESSAGE][PASSED] - iOS.login_screen.enterUsername is PASSED

2018-11-16 19:35:34 - [TEST_STEP][PASSED] - global.verify_element.disabled: global.verify_element.disabled is PASSED

2018-11-16 19:35:37 - [MESSAGE][PASSED] - Element 'Object Repository/iOS/Login screen/Login button' has attribute 'enabled' is 'false'

2018-11-16 19:35:37 - [MESSAGE][PASSED] - Actual object 'false' and expected object 'false' are equal

2018-11-16 19:35:37 - [MESSAGE][PASSED] - global.verify_element.disabled is PASSED]]></system-out>
         <system-err><![CDATA[]]></system-err>
      </testcase>
      <testcase name="Test Cases/iOS/Login/LOG_08" classname="Test Cases/iOS/Login/LOG_08" status="PASSED">
         <system-out><![CDATA[2018-11-16 19:35:37 - [TEST_CASE][PASSED] - Test Cases/iOS/Login/LOG_08: Test Cases/iOS/Login/LOG_08

2018-11-16 19:35:37 - [TEST_STEP][PASSED] - iOS.login_screen.enterUsername: iOS.login_screen.enterUsername is PASSED

2018-11-16 19:35:41 - [MESSAGE][PASSED] - Text 'allen_15' has been set to element 'Object Repository/iOS/Login screen/Username field'

2018-11-16 19:35:41 - [MESSAGE][PASSED] - iOS.login_screen.enterUsername is PASSED

2018-11-16 19:35:41 - [TEST_STEP][PASSED] - iOS.login_screen.enterPassword: iOS.login_screen.enterPassword is PASSED

2018-11-16 19:35:46 - [MESSAGE][PASSED] - Text '1ncorrect' has been set to element 'Object Repository/iOS/Login screen/Password field'

2018-11-16 19:35:47 - [MESSAGE][PASSED] - Keyboard is hidden

2018-11-16 19:35:47 - [MESSAGE][PASSED] - iOS.login_screen.enterPassword is PASSED

2018-11-16 19:35:47 - [TEST_STEP][PASSED] - iOS.login_screen.tapLogin: iOS.login_screen.tapLogin is PASSED

2018-11-16 19:35:50 - [MESSAGE][PASSED] - Tapped on element 'Object Repository/iOS/Login screen/Login button'

2018-11-16 19:35:53 - [MESSAGE][PASSED] - Delayed 3 second(s)

2018-11-16 19:35:53 - [MESSAGE][PASSED] - iOS.login_screen.tapLogin is PASSED

2018-11-16 19:35:53 - [TEST_STEP][PASSED] - global.verify_element.text: global.verify_element.text is PASSED

2018-11-16 19:35:57 - [MESSAGE][PASSED] - Actual text and expected text of test object 'Object Repository/iOS/Login screen/Error username and password' are matched.

2018-11-16 19:35:57 - [MESSAGE][PASSED] - global.verify_element.text is PASSED

2018-11-16 19:35:57 - [TEST_STEP][PASSED] - iOS.login_screen.tapOK: iOS.login_screen.tapOK is PASSED

2018-11-16 19:36:00 - [MESSAGE][PASSED] - Tapped on element 'Object Repository/iOS/Login screen/OK button'

2018-11-16 19:36:00 - [MESSAGE][PASSED] - iOS.login_screen.tapOK is PASSED]]></system-out>
         <system-err><![CDATA[]]></system-err>
      </testcase>
      <testcase name="Test Cases/iOS/Login/LOG_09" classname="Test Cases/iOS/Login/LOG_09" status="PASSED">
         <system-out><![CDATA[2018-11-16 19:36:00 - [TEST_CASE][PASSED] - Test Cases/iOS/Login/LOG_09: Test Cases/iOS/Login/LOG_09

2018-11-16 19:36:00 - [TEST_STEP][PASSED] - iOS.login_screen.enterPassword: iOS.login_screen.enterPassword is PASSED

2018-11-16 19:36:05 - [MESSAGE][PASSED] - Text '' has been set to element 'Object Repository/iOS/Login screen/Password field'

2018-11-16 19:36:06 - [MESSAGE][PASSED] - Keyboard is hidden

2018-11-16 19:36:06 - [MESSAGE][PASSED] - iOS.login_screen.enterPassword is PASSED

2018-11-16 19:36:06 - [TEST_STEP][PASSED] - global.verify_element.disabled: global.verify_element.disabled is PASSED

2018-11-16 19:36:09 - [MESSAGE][PASSED] - Element 'Object Repository/iOS/Login screen/Login button' has attribute 'enabled' is 'false'

2018-11-16 19:36:09 - [MESSAGE][PASSED] - Actual object 'false' and expected object 'false' are equal

2018-11-16 19:36:09 - [MESSAGE][PASSED] - global.verify_element.disabled is PASSED]]></system-out>
         <system-err><![CDATA[]]></system-err>
      </testcase>
      <testcase name="Test Cases/iOS/Login/LOG_10" classname="Test Cases/iOS/Login/LOG_10" status="FAILED">
         <failure type="FAILED" message="(Stack trace: com.kms.katalon.core.exception.StepFailedException: Element 'Object Repository/iOS/OTP Verification screen/Error otp code' not found
	at com.kms.katalon.core.keyword.internal.KeywordMain.stepFailed(KeywordMain.groovy:32)
	at com.kms.katalon.core.mobile.keyword.internal.MobileKeywordMain.stepFailed(MobileKeywordMain.groovy:40)
	at com.kms.katalon.core.mobile.keyword.builtin.VerifyElementTextKeyword$_verifyElementText_closure1.doCall(VerifyElementTextKeyword.groovy:49)
	at com.kms.katalon.core.mobile.keyword.builtin.VerifyElementTextKeyword$_verifyElementText_closure1.call(VerifyElementTextKeyword.groovy)
	at com.kms.katalon.core.mobile.keyword.internal.MobileKeywordMain.runKeyword(MobileKeywordMain.groovy:21)
	at com.kms.katalon.core.mobile.keyword.builtin.VerifyElementTextKeyword.verifyElementText(VerifyElementTextKeyword.groovy:62)
	at com.kms.katalon.core.mobile.keyword.builtin.VerifyElementTextKeyword.execute(VerifyElementTextKeyword.groovy:39)
	at com.kms.katalon.core.keyword.internal.KeywordExecutor.executeKeywordForPlatform(KeywordExecutor.groovy:53)
	at com.kms.katalon.core.mobile.keyword.MobileBuiltInKeywords.verifyElementText(MobileBuiltInKeywords.groovy:1751)
	at com.kms.katalon.core.mobile.keyword.MobileBuiltInKeywords$verifyElementText$4.call(Unknown Source)
	at global.verify_element.text(verify_element.groovy:28)
	at sun.reflect.NativeMethodAccessorImpl.invoke0(Native Method)
	at sun.reflect.NativeMethodAccessorImpl.invoke(NativeMethodAccessorImpl.java:62)
	at sun.reflect.DelegatingMethodAccessorImpl.invoke(DelegatingMethodAccessorImpl.java:43)
	at java.lang.reflect.Method.invoke(Method.java:498)
	at org.codehaus.groovy.reflection.CachedMethod.invoke(CachedMethod.java:93)
	at groovy.lang.MetaMethod.doMethodInvoke(MetaMethod.java:325)
	at groovy.lang.MetaClassImpl.invokeMethod(MetaClassImpl.java:1215)
	at groovy.lang.MetaClassImpl.invokeMethod(MetaClassImpl.java:1024)
	at groovy.lang.MetaClassImpl.invokeMethod(MetaClassImpl.java:812)
	at groovy.lang.DelegatingMetaClass.invokeMethod(DelegatingMetaClass.java:144)
	at global.verify_element.invokeMethod(verify_element.groovy)
	at com.kms.katalon.core.main.CustomKeywordDelegatingMetaClass.invokeStaticMethod(CustomKeywordDelegatingMetaClass.java:46)
	at org.codehaus.groovy.runtime.callsite.StaticMetaClassSite.call(StaticMetaClassSite.java:53)
	at org.codehaus.groovy.runtime.callsite.CallSiteArray.defaultCall(CallSiteArray.java:48)
	at org.codehaus.groovy.runtime.callsite.AbstractCallSite.call(AbstractCallSite.java:113)
	at org.codehaus.groovy.runtime.callsite.AbstractCallSite.call(AbstractCallSite.java:133)
	at Script1539834651692.run(Script1539834651692.groovy:17)
	at com.kms.katalon.core.main.ScriptEngine.run(ScriptEngine.java:183)
	at com.kms.katalon.core.main.ScriptEngine.runScriptAsRawText(ScriptEngine.java:108)
	at com.kms.katalon.core.main.TestCaseExecutor.runScript(TestCaseExecutor.java:294)
	at com.kms.katalon.core.main.TestCaseExecutor.doExecute(TestCaseExecutor.java:285)
	at com.kms.katalon.core.main.TestCaseExecutor.processExecutionPhase(TestCaseExecutor.java:264)
	at com.kms.katalon.core.main.TestCaseExecutor.accessMainPhase(TestCaseExecutor.java:256)
	at com.kms.katalon.core.main.TestCaseExecutor.execute(TestCaseExecutor.java:200)
	at com.kms.katalon.core.main.TestSuiteExecutor.accessTestCaseMainPhase(TestSuiteExecutor.java:129)
	at com.kms.katalon.core.main.TestSuiteExecutor.accessTestSuiteMainPhase(TestSuiteExecutor.java:112)
	at com.kms.katalon.core.main.TestSuiteExecutor.execute(TestSuiteExecutor.java:81)
	at com.kms.katalon.core.main.TestCaseMain.startTestSuite(TestCaseMain.java:142)
	at com.kms.katalon.core.main.TestCaseMain$startTestSuite$0.call(Unknown Source)
	at org.codehaus.groovy.runtime.callsite.CallSiteArray.defaultCall(CallSiteArray.java:48)
	at org.codehaus.groovy.runtime.callsite.AbstractCallSite.call(AbstractCallSite.java:113)
	at org.codehaus.groovy.runtime.callsite.AbstractCallSite.call(AbstractCallSite.java:141)
	at TempTestSuite1542367705665.run(TempTestSuite1542367705665.groovy:36)
	at groovy.lang.GroovyShell.runScriptOrMainOrTestOrRunnable(GroovyShell.java:263)
	at groovy.lang.GroovyShell.run(GroovyShell.java:518)
	at groovy.lang.GroovyShell.run(GroovyShell.java:507)
	at groovy.ui.GroovyMain.processOnce(GroovyMain.java:653)
	at groovy.ui.GroovyMain.run(GroovyMain.java:384)
	at groovy.ui.GroovyMain.process(GroovyMain.java:370)
	at groovy.ui.GroovyMain.processArgs(GroovyMain.java:129)
	at groovy.ui.GroovyMain.main(GroovyMain.java:109)
	at sun.reflect.NativeMethodAccessorImpl.invoke0(Native Method)
	at sun.reflect.NativeMethodAccessorImpl.invoke(NativeMethodAccessorImpl.java:62)
	at sun.reflect.DelegatingMethodAccessorImpl.invoke(DelegatingMethodAccessorImpl.java:43)
	at java.lang.reflect.Method.invoke(Method.java:498)
	at org.codehaus.groovy.tools.GroovyStarter.rootLoader(GroovyStarter.java:109)
	at org.codehaus.groovy.tools.GroovyStarter.main(GroovyStarter.java:131)
)"/>
         <system-out><![CDATA[2018-11-16 19:36:09 - [TEST_CASE][FAILED] - Test Cases/iOS/Login/LOG_10: Test Cases/iOS/Login/LOG_10 FAILED because (of) (Stack trace: com.kms.katalon.core.exception.StepFailedException: Element 'Object Repository/iOS/OTP Verification screen/Error otp code' not found
	at com.kms.katalon.core.keyword.internal.KeywordMain.stepFailed(KeywordMain.groovy:32)
	at com.kms.katalon.core.mobile.keyword.internal.MobileKeywordMain.stepFailed(MobileKeywordMain.groovy:40)
	at com.kms.katalon.core.mobile.keyword.builtin.VerifyElementTextKeyword$_verifyElementText_closure1.doCall(VerifyElementTextKeyword.groovy:49)
	at com.kms.katalon.core.mobile.keyword.builtin.VerifyElementTextKeyword$_verifyElementText_closure1.call(VerifyElementTextKeyword.groovy)
	at com.kms.katalon.core.mobile.keyword.internal.MobileKeywordMain.runKeyword(MobileKeywordMain.groovy:21)
	at com.kms.katalon.core.mobile.keyword.builtin.VerifyElementTextKeyword.verifyElementText(VerifyElementTextKeyword.groovy:62)
	at com.kms.katalon.core.mobile.keyword.builtin.VerifyElementTextKeyword.execute(VerifyElementTextKeyword.groovy:39)
	at com.kms.katalon.core.keyword.internal.KeywordExecutor.executeKeywordForPlatform(KeywordExecutor.groovy:53)
	at com.kms.katalon.core.mobile.keyword.MobileBuiltInKeywords.verifyElementText(MobileBuiltInKeywords.groovy:1751)
	at com.kms.katalon.core.mobile.keyword.MobileBuiltInKeywords$verifyElementText$4.call(Unknown Source)
	at global.verify_element.text(verify_element.groovy:28)
	at sun.reflect.NativeMethodAccessorImpl.invoke0(Native Method)
	at sun.reflect.NativeMethodAccessorImpl.invoke(NativeMethodAccessorImpl.java:62)
	at sun.reflect.DelegatingMethodAccessorImpl.invoke(DelegatingMethodAccessorImpl.java:43)
	at java.lang.reflect.Method.invoke(Method.java:498)
	at org.codehaus.groovy.reflection.CachedMethod.invoke(CachedMethod.java:93)
	at groovy.lang.MetaMethod.doMethodInvoke(MetaMethod.java:325)
	at groovy.lang.MetaClassImpl.invokeMethod(MetaClassImpl.java:1215)
	at groovy.lang.MetaClassImpl.invokeMethod(MetaClassImpl.java:1024)
	at groovy.lang.MetaClassImpl.invokeMethod(MetaClassImpl.java:812)
	at groovy.lang.DelegatingMetaClass.invokeMethod(DelegatingMetaClass.java:144)
	at global.verify_element.invokeMethod(verify_element.groovy)
	at com.kms.katalon.core.main.CustomKeywordDelegatingMetaClass.invokeStaticMethod(CustomKeywordDelegatingMetaClass.java:46)
	at org.codehaus.groovy.runtime.callsite.StaticMetaClassSite.call(StaticMetaClassSite.java:53)
	at org.codehaus.groovy.runtime.callsite.CallSiteArray.defaultCall(CallSiteArray.java:48)
	at org.codehaus.groovy.runtime.callsite.AbstractCallSite.call(AbstractCallSite.java:113)
	at org.codehaus.groovy.runtime.callsite.AbstractCallSite.call(AbstractCallSite.java:133)
	at Script1539834651692.run(Script1539834651692.groovy:17)
	at com.kms.katalon.core.main.ScriptEngine.run(ScriptEngine.java:183)
	at com.kms.katalon.core.main.ScriptEngine.runScriptAsRawText(ScriptEngine.java:108)
	at com.kms.katalon.core.main.TestCaseExecutor.runScript(TestCaseExecutor.java:294)
	at com.kms.katalon.core.main.TestCaseExecutor.doExecute(TestCaseExecutor.java:285)
	at com.kms.katalon.core.main.TestCaseExecutor.processExecutionPhase(TestCaseExecutor.java:264)
	at com.kms.katalon.core.main.TestCaseExecutor.accessMainPhase(TestCaseExecutor.java:256)
	at com.kms.katalon.core.main.TestCaseExecutor.execute(TestCaseExecutor.java:200)
	at com.kms.katalon.core.main.TestSuiteExecutor.accessTestCaseMainPhase(TestSuiteExecutor.java:129)
	at com.kms.katalon.core.main.TestSuiteExecutor.accessTestSuiteMainPhase(TestSuiteExecutor.java:112)
	at com.kms.katalon.core.main.TestSuiteExecutor.execute(TestSuiteExecutor.java:81)
	at com.kms.katalon.core.main.TestCaseMain.startTestSuite(TestCaseMain.java:142)
	at com.kms.katalon.core.main.TestCaseMain$startTestSuite$0.call(Unknown Source)
	at org.codehaus.groovy.runtime.callsite.CallSiteArray.defaultCall(CallSiteArray.java:48)
	at org.codehaus.groovy.runtime.callsite.AbstractCallSite.call(AbstractCallSite.java:113)
	at org.codehaus.groovy.runtime.callsite.AbstractCallSite.call(AbstractCallSite.java:141)
	at TempTestSuite1542367705665.run(TempTestSuite1542367705665.groovy:36)
	at groovy.lang.GroovyShell.runScriptOrMainOrTestOrRunnable(GroovyShell.java:263)
	at groovy.lang.GroovyShell.run(GroovyShell.java:518)
	at groovy.lang.GroovyShell.run(GroovyShell.java:507)
	at groovy.ui.GroovyMain.processOnce(GroovyMain.java:653)
	at groovy.ui.GroovyMain.run(GroovyMain.java:384)
	at groovy.ui.GroovyMain.process(GroovyMain.java:370)
	at groovy.ui.GroovyMain.processArgs(GroovyMain.java:129)
	at groovy.ui.GroovyMain.main(GroovyMain.java:109)
	at sun.reflect.NativeMethodAccessorImpl.invoke0(Native Method)
	at sun.reflect.NativeMethodAccessorImpl.invoke(NativeMethodAccessorImpl.java:62)
	at sun.reflect.DelegatingMethodAccessorImpl.invoke(DelegatingMethodAccessorImpl.java:43)
	at java.lang.reflect.Method.invoke(Method.java:498)
	at org.codehaus.groovy.tools.GroovyStarter.rootLoader(GroovyStarter.java:109)
	at org.codehaus.groovy.tools.GroovyStarter.main(GroovyStarter.java:131)
)

2018-11-16 19:36:09 - [TEST_STEP][PASSED] - iOS.login_screen.enterUsername: iOS.login_screen.enterUsername is PASSED

2018-11-16 19:36:13 - [MESSAGE][PASSED] - Text 'allen_15' has been set to element 'Object Repository/iOS/Login screen/Username field'

2018-11-16 19:36:13 - [MESSAGE][PASSED] - iOS.login_screen.enterUsername is PASSED

2018-11-16 19:36:13 - [TEST_STEP][PASSED] - iOS.login_screen.enterPassword: iOS.login_screen.enterPassword is PASSED

2018-11-16 19:36:18 - [MESSAGE][PASSED] - Text 'Hello!23' has been set to element 'Object Repository/iOS/Login screen/Password field'

2018-11-16 19:36:19 - [MESSAGE][PASSED] - Keyboard is hidden

2018-11-16 19:36:19 - [MESSAGE][PASSED] - iOS.login_screen.enterPassword is PASSED

2018-11-16 19:36:19 - [TEST_STEP][PASSED] - iOS.login_screen.tapLogin: iOS.login_screen.tapLogin is PASSED

2018-11-16 19:36:21 - [MESSAGE][PASSED] - Tapped on element 'Object Repository/iOS/Login screen/Login button'

2018-11-16 19:36:24 - [MESSAGE][PASSED] - Delayed 3 second(s)

2018-11-16 19:36:24 - [MESSAGE][PASSED] - iOS.login_screen.tapLogin is PASSED

2018-11-16 19:36:24 - [TEST_STEP][PASSED] - iOS.otp_verification_screen.enterOTP: iOS.otp_verification_screen.enterOTP is PASSED

2018-11-16 19:36:28 - [MESSAGE][PASSED] - Element 'Object Repository/iOS/OTP Verification screen/OTP Verification screen' is present

2018-11-16 19:36:28 - [MESSAGE][PASSED] - iOS.otp_verification_screen.enterOTP is PASSED

2018-11-16 19:36:28 - [TEST_STEP][FAILED] - global.verify_element.text: Element 'Object Repository/iOS/OTP Verification screen/Error otp code' not found

2018-11-16 19:36:44 - [MESSAGE][FAILED] - Element 'Object Repository/iOS/OTP Verification screen/Error otp code' not found
[[ATTACHMENT|/Users/buenaanda/Documents/mobile-automation-katalon/Reports/iOS/PERA Hub Test Suite/20181116_192825/1542368204069.png]]

2018-11-16 19:36:44 - [MESSAGE][FAILED] - Element 'Object Repository/iOS/OTP Verification screen/Error otp code' not found

2018-11-16 19:36:44 - [TEST_STEP][FAILED] - iOS.login_screen.tapOK: Failed to tap on element 'Object Repository/iOS/Login screen/OK button' (Root cause: Object Object Repository/iOS/Login screen/OK button not found)

2018-11-16 19:36:50 - [MESSAGE][FAILED] - Object Object Repository/iOS/Login screen/OK button not found
[[ATTACHMENT|/Users/buenaanda/Documents/mobile-automation-katalon/Reports/iOS/PERA Hub Test Suite/20181116_192825/1542368209901.png]]

2018-11-16 19:36:50 - [MESSAGE][FAILED] - Failed to tap on element 'Object Repository/iOS/Login screen/OK button' (Root cause: Object Object Repository/iOS/Login screen/OK button not found)
[[ATTACHMENT|/Users/buenaanda/Documents/mobile-automation-katalon/Reports/iOS/PERA Hub Test Suite/20181116_192825/1542368210040.png]]

2018-11-16 19:36:50 - [MESSAGE][FAILED] - Failed to tap on element 'Object Repository/iOS/Login screen/OK button' (Root cause: Object Object Repository/iOS/Login screen/OK button not found)]]></system-out>
         <system-err><![CDATA[2018-11-16 19:36:09 - [TEST_CASE][FAILED] - Test Cases/iOS/Login/LOG_10: Test Cases/iOS/Login/LOG_10 FAILED because (of) (Stack trace: com.kms.katalon.core.exception.StepFailedException: Element 'Object Repository/iOS/OTP Verification screen/Error otp code' not found
	at com.kms.katalon.core.keyword.internal.KeywordMain.stepFailed(KeywordMain.groovy:32)
	at com.kms.katalon.core.mobile.keyword.internal.MobileKeywordMain.stepFailed(MobileKeywordMain.groovy:40)
	at com.kms.katalon.core.mobile.keyword.builtin.VerifyElementTextKeyword$_verifyElementText_closure1.doCall(VerifyElementTextKeyword.groovy:49)
	at com.kms.katalon.core.mobile.keyword.builtin.VerifyElementTextKeyword$_verifyElementText_closure1.call(VerifyElementTextKeyword.groovy)
	at com.kms.katalon.core.mobile.keyword.internal.MobileKeywordMain.runKeyword(MobileKeywordMain.groovy:21)
	at com.kms.katalon.core.mobile.keyword.builtin.VerifyElementTextKeyword.verifyElementText(VerifyElementTextKeyword.groovy:62)
	at com.kms.katalon.core.mobile.keyword.builtin.VerifyElementTextKeyword.execute(VerifyElementTextKeyword.groovy:39)
	at com.kms.katalon.core.keyword.internal.KeywordExecutor.executeKeywordForPlatform(KeywordExecutor.groovy:53)
	at com.kms.katalon.core.mobile.keyword.MobileBuiltInKeywords.verifyElementText(MobileBuiltInKeywords.groovy:1751)
	at com.kms.katalon.core.mobile.keyword.MobileBuiltInKeywords$verifyElementText$4.call(Unknown Source)
	at global.verify_element.text(verify_element.groovy:28)
	at sun.reflect.NativeMethodAccessorImpl.invoke0(Native Method)
	at sun.reflect.NativeMethodAccessorImpl.invoke(NativeMethodAccessorImpl.java:62)
	at sun.reflect.DelegatingMethodAccessorImpl.invoke(DelegatingMethodAccessorImpl.java:43)
	at java.lang.reflect.Method.invoke(Method.java:498)
	at org.codehaus.groovy.reflection.CachedMethod.invoke(CachedMethod.java:93)
	at groovy.lang.MetaMethod.doMethodInvoke(MetaMethod.java:325)
	at groovy.lang.MetaClassImpl.invokeMethod(MetaClassImpl.java:1215)
	at groovy.lang.MetaClassImpl.invokeMethod(MetaClassImpl.java:1024)
	at groovy.lang.MetaClassImpl.invokeMethod(MetaClassImpl.java:812)
	at groovy.lang.DelegatingMetaClass.invokeMethod(DelegatingMetaClass.java:144)
	at global.verify_element.invokeMethod(verify_element.groovy)
	at com.kms.katalon.core.main.CustomKeywordDelegatingMetaClass.invokeStaticMethod(CustomKeywordDelegatingMetaClass.java:46)
	at org.codehaus.groovy.runtime.callsite.StaticMetaClassSite.call(StaticMetaClassSite.java:53)
	at org.codehaus.groovy.runtime.callsite.CallSiteArray.defaultCall(CallSiteArray.java:48)
	at org.codehaus.groovy.runtime.callsite.AbstractCallSite.call(AbstractCallSite.java:113)
	at org.codehaus.groovy.runtime.callsite.AbstractCallSite.call(AbstractCallSite.java:133)
	at Script1539834651692.run(Script1539834651692.groovy:17)
	at com.kms.katalon.core.main.ScriptEngine.run(ScriptEngine.java:183)
	at com.kms.katalon.core.main.ScriptEngine.runScriptAsRawText(ScriptEngine.java:108)
	at com.kms.katalon.core.main.TestCaseExecutor.runScript(TestCaseExecutor.java:294)
	at com.kms.katalon.core.main.TestCaseExecutor.doExecute(TestCaseExecutor.java:285)
	at com.kms.katalon.core.main.TestCaseExecutor.processExecutionPhase(TestCaseExecutor.java:264)
	at com.kms.katalon.core.main.TestCaseExecutor.accessMainPhase(TestCaseExecutor.java:256)
	at com.kms.katalon.core.main.TestCaseExecutor.execute(TestCaseExecutor.java:200)
	at com.kms.katalon.core.main.TestSuiteExecutor.accessTestCaseMainPhase(TestSuiteExecutor.java:129)
	at com.kms.katalon.core.main.TestSuiteExecutor.accessTestSuiteMainPhase(TestSuiteExecutor.java:112)
	at com.kms.katalon.core.main.TestSuiteExecutor.execute(TestSuiteExecutor.java:81)
	at com.kms.katalon.core.main.TestCaseMain.startTestSuite(TestCaseMain.java:142)
	at com.kms.katalon.core.main.TestCaseMain$startTestSuite$0.call(Unknown Source)
	at org.codehaus.groovy.runtime.callsite.CallSiteArray.defaultCall(CallSiteArray.java:48)
	at org.codehaus.groovy.runtime.callsite.AbstractCallSite.call(AbstractCallSite.java:113)
	at org.codehaus.groovy.runtime.callsite.AbstractCallSite.call(AbstractCallSite.java:141)
	at TempTestSuite1542367705665.run(TempTestSuite1542367705665.groovy:36)
	at groovy.lang.GroovyShell.runScriptOrMainOrTestOrRunnable(GroovyShell.java:263)
	at groovy.lang.GroovyShell.run(GroovyShell.java:518)
	at groovy.lang.GroovyShell.run(GroovyShell.java:507)
	at groovy.ui.GroovyMain.processOnce(GroovyMain.java:653)
	at groovy.ui.GroovyMain.run(GroovyMain.java:384)
	at groovy.ui.GroovyMain.process(GroovyMain.java:370)
	at groovy.ui.GroovyMain.processArgs(GroovyMain.java:129)
	at groovy.ui.GroovyMain.main(GroovyMain.java:109)
	at sun.reflect.NativeMethodAccessorImpl.invoke0(Native Method)
	at sun.reflect.NativeMethodAccessorImpl.invoke(NativeMethodAccessorImpl.java:62)
	at sun.reflect.DelegatingMethodAccessorImpl.invoke(DelegatingMethodAccessorImpl.java:43)
	at java.lang.reflect.Method.invoke(Method.java:498)
	at org.codehaus.groovy.tools.GroovyStarter.rootLoader(GroovyStarter.java:109)
	at org.codehaus.groovy.tools.GroovyStarter.main(GroovyStarter.java:131)
)]]></system-err>
      </testcase>
      <testcase name="Test Cases/iOS/Login/LOG_11" classname="Test Cases/iOS/Login/LOG_11" status="FAILED">
         <failure type="FAILED" message="(Stack trace: com.kms.katalon.core.exception.StepFailedException: Failed to tap on element 'Object Repository/iOS/OTP Verification screen/Resend button' (Root cause: Object Object Repository/iOS/OTP Verification screen/Resend button not found)
	at com.kms.katalon.core.keyword.internal.KeywordMain.stepFailed(KeywordMain.groovy:36)
	at com.kms.katalon.core.mobile.keyword.internal.MobileKeywordMain.stepFailed(MobileKeywordMain.groovy:40)
	at com.kms.katalon.core.mobile.keyword.internal.MobileKeywordMain.runKeyword(MobileKeywordMain.groovy:23)
	at com.kms.katalon.core.mobile.keyword.builtin.TapKeyword.tap(TapKeyword.groovy:83)
	at com.kms.katalon.core.mobile.keyword.builtin.TapKeyword.execute(TapKeyword.groovy:66)
	at com.kms.katalon.core.keyword.internal.KeywordExecutor.executeKeywordForPlatform(KeywordExecutor.groovy:53)
	at com.kms.katalon.core.mobile.keyword.MobileBuiltInKeywords.tap(MobileBuiltInKeywords.groovy:471)
	at com.kms.katalon.core.mobile.keyword.MobileBuiltInKeywords$tap$0.call(Unknown Source)
	at org.codehaus.groovy.runtime.callsite.CallSiteArray.defaultCall(CallSiteArray.java:48)
	at org.codehaus.groovy.runtime.callsite.AbstractCallSite.call(AbstractCallSite.java:113)
	at org.codehaus.groovy.runtime.callsite.AbstractCallSite.call(AbstractCallSite.java:141)
	at iOS.otp_verification_screen.tapResend(otp_verification_screen.groovy:27)
	at sun.reflect.NativeMethodAccessorImpl.invoke0(Native Method)
	at sun.reflect.NativeMethodAccessorImpl.invoke(NativeMethodAccessorImpl.java:62)
	at sun.reflect.DelegatingMethodAccessorImpl.invoke(DelegatingMethodAccessorImpl.java:43)
	at java.lang.reflect.Method.invoke(Method.java:498)
	at org.codehaus.groovy.reflection.CachedMethod.invoke(CachedMethod.java:93)
	at groovy.lang.MetaMethod.doMethodInvoke(MetaMethod.java:325)
	at groovy.lang.MetaClassImpl.invokeMethod(MetaClassImpl.java:1215)
	at groovy.lang.MetaClassImpl.invokeMethod(MetaClassImpl.java:1024)
	at groovy.lang.MetaClassImpl.invokeMethod(MetaClassImpl.java:812)
	at groovy.lang.DelegatingMetaClass.invokeMethod(DelegatingMetaClass.java:144)
	at iOS.otp_verification_screen.invokeMethod(otp_verification_screen.groovy)
	at com.kms.katalon.core.main.CustomKeywordDelegatingMetaClass.invokeStaticMethod(CustomKeywordDelegatingMetaClass.java:46)
	at org.codehaus.groovy.runtime.callsite.StaticMetaClassSite.call(StaticMetaClassSite.java:53)
	at org.codehaus.groovy.runtime.callsite.CallSiteArray.defaultCall(CallSiteArray.java:48)
	at org.codehaus.groovy.runtime.callsite.AbstractCallSite.call(AbstractCallSite.java:113)
	at org.codehaus.groovy.runtime.callsite.AbstractCallSite.call(AbstractCallSite.java:117)
	at Script1539834709354.run(Script1539834709354.groovy:9)
	at com.kms.katalon.core.main.ScriptEngine.run(ScriptEngine.java:183)
	at com.kms.katalon.core.main.ScriptEngine.runScriptAsRawText(ScriptEngine.java:108)
	at com.kms.katalon.core.main.TestCaseExecutor.runScript(TestCaseExecutor.java:294)
	at com.kms.katalon.core.main.TestCaseExecutor.doExecute(TestCaseExecutor.java:285)
	at com.kms.katalon.core.main.TestCaseExecutor.processExecutionPhase(TestCaseExecutor.java:264)
	at com.kms.katalon.core.main.TestCaseExecutor.accessMainPhase(TestCaseExecutor.java:256)
	at com.kms.katalon.core.main.TestCaseExecutor.execute(TestCaseExecutor.java:200)
	at com.kms.katalon.core.main.TestSuiteExecutor.accessTestCaseMainPhase(TestSuiteExecutor.java:129)
	at com.kms.katalon.core.main.TestSuiteExecutor.accessTestSuiteMainPhase(TestSuiteExecutor.java:112)
	at com.kms.katalon.core.main.TestSuiteExecutor.execute(TestSuiteExecutor.java:81)
	at com.kms.katalon.core.main.TestCaseMain.startTestSuite(TestCaseMain.java:142)
	at com.kms.katalon.core.main.TestCaseMain$startTestSuite$0.call(Unknown Source)
	at org.codehaus.groovy.runtime.callsite.CallSiteArray.defaultCall(CallSiteArray.java:48)
	at org.codehaus.groovy.runtime.callsite.AbstractCallSite.call(AbstractCallSite.java:113)
	at org.codehaus.groovy.runtime.callsite.AbstractCallSite.call(AbstractCallSite.java:141)
	at TempTestSuite1542367705665.run(TempTestSuite1542367705665.groovy:36)
	at groovy.lang.GroovyShell.runScriptOrMainOrTestOrRunnable(GroovyShell.java:263)
	at groovy.lang.GroovyShell.run(GroovyShell.java:518)
	at groovy.lang.GroovyShell.run(GroovyShell.java:507)
	at groovy.ui.GroovyMain.processOnce(GroovyMain.java:653)
	at groovy.ui.GroovyMain.run(GroovyMain.java:384)
	at groovy.ui.GroovyMain.process(GroovyMain.java:370)
	at groovy.ui.GroovyMain.processArgs(GroovyMain.java:129)
	at groovy.ui.GroovyMain.main(GroovyMain.java:109)
	at sun.reflect.NativeMethodAccessorImpl.invoke0(Native Method)
	at sun.reflect.NativeMethodAccessorImpl.invoke(NativeMethodAccessorImpl.java:62)
	at sun.reflect.DelegatingMethodAccessorImpl.invoke(DelegatingMethodAccessorImpl.java:43)
	at java.lang.reflect.Method.invoke(Method.java:498)
	at org.codehaus.groovy.tools.GroovyStarter.rootLoader(GroovyStarter.java:109)
	at org.codehaus.groovy.tools.GroovyStarter.main(GroovyStarter.java:131)
)"/>
         <system-out><![CDATA[2018-11-16 19:36:50 - [TEST_CASE][FAILED] - Test Cases/iOS/Login/LOG_11: Test Cases/iOS/Login/LOG_11 FAILED because (of) (Stack trace: com.kms.katalon.core.exception.StepFailedException: Failed to tap on element 'Object Repository/iOS/OTP Verification screen/Resend button' (Root cause: Object Object Repository/iOS/OTP Verification screen/Resend button not found)
	at com.kms.katalon.core.keyword.internal.KeywordMain.stepFailed(KeywordMain.groovy:36)
	at com.kms.katalon.core.mobile.keyword.internal.MobileKeywordMain.stepFailed(MobileKeywordMain.groovy:40)
	at com.kms.katalon.core.mobile.keyword.internal.MobileKeywordMain.runKeyword(MobileKeywordMain.groovy:23)
	at com.kms.katalon.core.mobile.keyword.builtin.TapKeyword.tap(TapKeyword.groovy:83)
	at com.kms.katalon.core.mobile.keyword.builtin.TapKeyword.execute(TapKeyword.groovy:66)
	at com.kms.katalon.core.keyword.internal.KeywordExecutor.executeKeywordForPlatform(KeywordExecutor.groovy:53)
	at com.kms.katalon.core.mobile.keyword.MobileBuiltInKeywords.tap(MobileBuiltInKeywords.groovy:471)
	at com.kms.katalon.core.mobile.keyword.MobileBuiltInKeywords$tap$0.call(Unknown Source)
	at org.codehaus.groovy.runtime.callsite.CallSiteArray.defaultCall(CallSiteArray.java:48)
	at org.codehaus.groovy.runtime.callsite.AbstractCallSite.call(AbstractCallSite.java:113)
	at org.codehaus.groovy.runtime.callsite.AbstractCallSite.call(AbstractCallSite.java:141)
	at iOS.otp_verification_screen.tapResend(otp_verification_screen.groovy:27)
	at sun.reflect.NativeMethodAccessorImpl.invoke0(Native Method)
	at sun.reflect.NativeMethodAccessorImpl.invoke(NativeMethodAccessorImpl.java:62)
	at sun.reflect.DelegatingMethodAccessorImpl.invoke(DelegatingMethodAccessorImpl.java:43)
	at java.lang.reflect.Method.invoke(Method.java:498)
	at org.codehaus.groovy.reflection.CachedMethod.invoke(CachedMethod.java:93)
	at groovy.lang.MetaMethod.doMethodInvoke(MetaMethod.java:325)
	at groovy.lang.MetaClassImpl.invokeMethod(MetaClassImpl.java:1215)
	at groovy.lang.MetaClassImpl.invokeMethod(MetaClassImpl.java:1024)
	at groovy.lang.MetaClassImpl.invokeMethod(MetaClassImpl.java:812)
	at groovy.lang.DelegatingMetaClass.invokeMethod(DelegatingMetaClass.java:144)
	at iOS.otp_verification_screen.invokeMethod(otp_verification_screen.groovy)
	at com.kms.katalon.core.main.CustomKeywordDelegatingMetaClass.invokeStaticMethod(CustomKeywordDelegatingMetaClass.java:46)
	at org.codehaus.groovy.runtime.callsite.StaticMetaClassSite.call(StaticMetaClassSite.java:53)
	at org.codehaus.groovy.runtime.callsite.CallSiteArray.defaultCall(CallSiteArray.java:48)
	at org.codehaus.groovy.runtime.callsite.AbstractCallSite.call(AbstractCallSite.java:113)
	at org.codehaus.groovy.runtime.callsite.AbstractCallSite.call(AbstractCallSite.java:117)
	at Script1539834709354.run(Script1539834709354.groovy:9)
	at com.kms.katalon.core.main.ScriptEngine.run(ScriptEngine.java:183)
	at com.kms.katalon.core.main.ScriptEngine.runScriptAsRawText(ScriptEngine.java:108)
	at com.kms.katalon.core.main.TestCaseExecutor.runScript(TestCaseExecutor.java:294)
	at com.kms.katalon.core.main.TestCaseExecutor.doExecute(TestCaseExecutor.java:285)
	at com.kms.katalon.core.main.TestCaseExecutor.processExecutionPhase(TestCaseExecutor.java:264)
	at com.kms.katalon.core.main.TestCaseExecutor.accessMainPhase(TestCaseExecutor.java:256)
	at com.kms.katalon.core.main.TestCaseExecutor.execute(TestCaseExecutor.java:200)
	at com.kms.katalon.core.main.TestSuiteExecutor.accessTestCaseMainPhase(TestSuiteExecutor.java:129)
	at com.kms.katalon.core.main.TestSuiteExecutor.accessTestSuiteMainPhase(TestSuiteExecutor.java:112)
	at com.kms.katalon.core.main.TestSuiteExecutor.execute(TestSuiteExecutor.java:81)
	at com.kms.katalon.core.main.TestCaseMain.startTestSuite(TestCaseMain.java:142)
	at com.kms.katalon.core.main.TestCaseMain$startTestSuite$0.call(Unknown Source)
	at org.codehaus.groovy.runtime.callsite.CallSiteArray.defaultCall(CallSiteArray.java:48)
	at org.codehaus.groovy.runtime.callsite.AbstractCallSite.call(AbstractCallSite.java:113)
	at org.codehaus.groovy.runtime.callsite.AbstractCallSite.call(AbstractCallSite.java:141)
	at TempTestSuite1542367705665.run(TempTestSuite1542367705665.groovy:36)
	at groovy.lang.GroovyShell.runScriptOrMainOrTestOrRunnable(GroovyShell.java:263)
	at groovy.lang.GroovyShell.run(GroovyShell.java:518)
	at groovy.lang.GroovyShell.run(GroovyShell.java:507)
	at groovy.ui.GroovyMain.processOnce(GroovyMain.java:653)
	at groovy.ui.GroovyMain.run(GroovyMain.java:384)
	at groovy.ui.GroovyMain.process(GroovyMain.java:370)
	at groovy.ui.GroovyMain.processArgs(GroovyMain.java:129)
	at groovy.ui.GroovyMain.main(GroovyMain.java:109)
	at sun.reflect.NativeMethodAccessorImpl.invoke0(Native Method)
	at sun.reflect.NativeMethodAccessorImpl.invoke(NativeMethodAccessorImpl.java:62)
	at sun.reflect.DelegatingMethodAccessorImpl.invoke(DelegatingMethodAccessorImpl.java:43)
	at java.lang.reflect.Method.invoke(Method.java:498)
	at org.codehaus.groovy.tools.GroovyStarter.rootLoader(GroovyStarter.java:109)
	at org.codehaus.groovy.tools.GroovyStarter.main(GroovyStarter.java:131)
)

2018-11-16 19:36:50 - [TEST_STEP][PASSED] - delay: Delayed 50 second(s)

2018-11-16 19:37:40 - [MESSAGE][PASSED] - Delayed 50 second(s)

2018-11-16 19:37:40 - [TEST_STEP][FAILED] - iOS.otp_verification_screen.tapResend: Failed to tap on element 'Object Repository/iOS/OTP Verification screen/Resend button' (Root cause: Object Object Repository/iOS/OTP Verification screen/Resend button not found)

2018-11-16 19:37:40 - [MESSAGE][WARNING] - Timeout '0' is invalid. Using default page load timeout: '15'

2018-11-16 19:37:56 - [MESSAGE][FAILED] - Object Object Repository/iOS/OTP Verification screen/Resend button not found
[[ATTACHMENT|/Users/buenaanda/Documents/mobile-automation-katalon/Reports/iOS/PERA Hub Test Suite/20181116_192825/1542368276234.png]]

2018-11-16 19:37:56 - [MESSAGE][FAILED] - Failed to tap on element 'Object Repository/iOS/OTP Verification screen/Resend button' (Root cause: Object Object Repository/iOS/OTP Verification screen/Resend button not found)
[[ATTACHMENT|/Users/buenaanda/Documents/mobile-automation-katalon/Reports/iOS/PERA Hub Test Suite/20181116_192825/1542368276373.png]]

2018-11-16 19:37:56 - [MESSAGE][FAILED] - Failed to tap on element 'Object Repository/iOS/OTP Verification screen/Resend button' (Root cause: Object Object Repository/iOS/OTP Verification screen/Resend button not found)]]></system-out>
         <system-err><![CDATA[2018-11-16 19:36:50 - [TEST_CASE][FAILED] - Test Cases/iOS/Login/LOG_11: Test Cases/iOS/Login/LOG_11 FAILED because (of) (Stack trace: com.kms.katalon.core.exception.StepFailedException: Failed to tap on element 'Object Repository/iOS/OTP Verification screen/Resend button' (Root cause: Object Object Repository/iOS/OTP Verification screen/Resend button not found)
	at com.kms.katalon.core.keyword.internal.KeywordMain.stepFailed(KeywordMain.groovy:36)
	at com.kms.katalon.core.mobile.keyword.internal.MobileKeywordMain.stepFailed(MobileKeywordMain.groovy:40)
	at com.kms.katalon.core.mobile.keyword.internal.MobileKeywordMain.runKeyword(MobileKeywordMain.groovy:23)
	at com.kms.katalon.core.mobile.keyword.builtin.TapKeyword.tap(TapKeyword.groovy:83)
	at com.kms.katalon.core.mobile.keyword.builtin.TapKeyword.execute(TapKeyword.groovy:66)
	at com.kms.katalon.core.keyword.internal.KeywordExecutor.executeKeywordForPlatform(KeywordExecutor.groovy:53)
	at com.kms.katalon.core.mobile.keyword.MobileBuiltInKeywords.tap(MobileBuiltInKeywords.groovy:471)
	at com.kms.katalon.core.mobile.keyword.MobileBuiltInKeywords$tap$0.call(Unknown Source)
	at org.codehaus.groovy.runtime.callsite.CallSiteArray.defaultCall(CallSiteArray.java:48)
	at org.codehaus.groovy.runtime.callsite.AbstractCallSite.call(AbstractCallSite.java:113)
	at org.codehaus.groovy.runtime.callsite.AbstractCallSite.call(AbstractCallSite.java:141)
	at iOS.otp_verification_screen.tapResend(otp_verification_screen.groovy:27)
	at sun.reflect.NativeMethodAccessorImpl.invoke0(Native Method)
	at sun.reflect.NativeMethodAccessorImpl.invoke(NativeMethodAccessorImpl.java:62)
	at sun.reflect.DelegatingMethodAccessorImpl.invoke(DelegatingMethodAccessorImpl.java:43)
	at java.lang.reflect.Method.invoke(Method.java:498)
	at org.codehaus.groovy.reflection.CachedMethod.invoke(CachedMethod.java:93)
	at groovy.lang.MetaMethod.doMethodInvoke(MetaMethod.java:325)
	at groovy.lang.MetaClassImpl.invokeMethod(MetaClassImpl.java:1215)
	at groovy.lang.MetaClassImpl.invokeMethod(MetaClassImpl.java:1024)
	at groovy.lang.MetaClassImpl.invokeMethod(MetaClassImpl.java:812)
	at groovy.lang.DelegatingMetaClass.invokeMethod(DelegatingMetaClass.java:144)
	at iOS.otp_verification_screen.invokeMethod(otp_verification_screen.groovy)
	at com.kms.katalon.core.main.CustomKeywordDelegatingMetaClass.invokeStaticMethod(CustomKeywordDelegatingMetaClass.java:46)
	at org.codehaus.groovy.runtime.callsite.StaticMetaClassSite.call(StaticMetaClassSite.java:53)
	at org.codehaus.groovy.runtime.callsite.CallSiteArray.defaultCall(CallSiteArray.java:48)
	at org.codehaus.groovy.runtime.callsite.AbstractCallSite.call(AbstractCallSite.java:113)
	at org.codehaus.groovy.runtime.callsite.AbstractCallSite.call(AbstractCallSite.java:117)
	at Script1539834709354.run(Script1539834709354.groovy:9)
	at com.kms.katalon.core.main.ScriptEngine.run(ScriptEngine.java:183)
	at com.kms.katalon.core.main.ScriptEngine.runScriptAsRawText(ScriptEngine.java:108)
	at com.kms.katalon.core.main.TestCaseExecutor.runScript(TestCaseExecutor.java:294)
	at com.kms.katalon.core.main.TestCaseExecutor.doExecute(TestCaseExecutor.java:285)
	at com.kms.katalon.core.main.TestCaseExecutor.processExecutionPhase(TestCaseExecutor.java:264)
	at com.kms.katalon.core.main.TestCaseExecutor.accessMainPhase(TestCaseExecutor.java:256)
	at com.kms.katalon.core.main.TestCaseExecutor.execute(TestCaseExecutor.java:200)
	at com.kms.katalon.core.main.TestSuiteExecutor.accessTestCaseMainPhase(TestSuiteExecutor.java:129)
	at com.kms.katalon.core.main.TestSuiteExecutor.accessTestSuiteMainPhase(TestSuiteExecutor.java:112)
	at com.kms.katalon.core.main.TestSuiteExecutor.execute(TestSuiteExecutor.java:81)
	at com.kms.katalon.core.main.TestCaseMain.startTestSuite(TestCaseMain.java:142)
	at com.kms.katalon.core.main.TestCaseMain$startTestSuite$0.call(Unknown Source)
	at org.codehaus.groovy.runtime.callsite.CallSiteArray.defaultCall(CallSiteArray.java:48)
	at org.codehaus.groovy.runtime.callsite.AbstractCallSite.call(AbstractCallSite.java:113)
	at org.codehaus.groovy.runtime.callsite.AbstractCallSite.call(AbstractCallSite.java:141)
	at TempTestSuite1542367705665.run(TempTestSuite1542367705665.groovy:36)
	at groovy.lang.GroovyShell.runScriptOrMainOrTestOrRunnable(GroovyShell.java:263)
	at groovy.lang.GroovyShell.run(GroovyShell.java:518)
	at groovy.lang.GroovyShell.run(GroovyShell.java:507)
	at groovy.ui.GroovyMain.processOnce(GroovyMain.java:653)
	at groovy.ui.GroovyMain.run(GroovyMain.java:384)
	at groovy.ui.GroovyMain.process(GroovyMain.java:370)
	at groovy.ui.GroovyMain.processArgs(GroovyMain.java:129)
	at groovy.ui.GroovyMain.main(GroovyMain.java:109)
	at sun.reflect.NativeMethodAccessorImpl.invoke0(Native Method)
	at sun.reflect.NativeMethodAccessorImpl.invoke(NativeMethodAccessorImpl.java:62)
	at sun.reflect.DelegatingMethodAccessorImpl.invoke(DelegatingMethodAccessorImpl.java:43)
	at java.lang.reflect.Method.invoke(Method.java:498)
	at org.codehaus.groovy.tools.GroovyStarter.rootLoader(GroovyStarter.java:109)
	at org.codehaus.groovy.tools.GroovyStarter.main(GroovyStarter.java:131)
)]]></system-err>
      </testcase>
      <testcase name="Test Cases/iOS/Login/LOG_12" classname="Test Cases/iOS/Login/LOG_12" status="PASSED">
         <system-out><![CDATA[2018-11-16 19:37:56 - [TEST_CASE][PASSED] - Test Cases/iOS/Login/LOG_12: Test Cases/iOS/Login/LOG_12

2018-11-16 19:37:56 - [TEST_STEP][PASSED] - iOS.otp_verification_screen.enterOTP: iOS.otp_verification_screen.enterOTP is PASSED

2018-11-16 19:38:27 - [MESSAGE][WARNING] - Object Object Repository/iOS/OTP Verification screen/OTP Verification screen not found

2018-11-16 19:38:27 - [MESSAGE][PASSED] - iOS.otp_verification_screen.enterOTP is PASSED

2018-11-16 19:38:27 - [TEST_STEP][PASSED] - global.wait_for_element.visible: global.wait_for_element.visible is PASSED

2018-11-16 19:38:31 - [MESSAGE][PASSED] - Element 'Object Repository/iOS/Navigation menu/My Account menu' is present

2018-11-16 19:38:31 - [MESSAGE][PASSED] - global.wait_for_element.visible is PASSED

2018-11-16 19:38:31 - [TEST_STEP][PASSED] - closeApplication: Close app successfully

2018-11-16 19:38:31 - [MESSAGE][PASSED] - Close app successfully

2018-11-16 19:38:31 - [TEST_STEP][PASSED] - startApplication: Started app at: '/Users/buenaanda/Documents/mobile-automation-katalon/Data Files/PeraHub_v3.2.0-QAT.app'

2018-11-16 19:38:45 - [MESSAGE][PASSED] - Started app at: '/Users/buenaanda/Documents/mobile-automation-katalon/Data Files/PeraHub_v3.2.0-QAT.app'

2018-11-16 19:38:45 - [TEST_STEP][PASSED] - global.verify_element.text: global.verify_element.text is PASSED

2018-11-16 19:38:48 - [MESSAGE][PASSED] - Actual text and expected text of test object 'Object Repository/iOS/Login screen/Account Name' are matched.

2018-11-16 19:38:48 - [MESSAGE][PASSED] - global.verify_element.text is PASSED

2018-11-16 19:38:48 - [TEST_STEP][PASSED] - global.verify_element.exist: global.verify_element.exist is PASSED

2018-11-16 19:38:51 - [MESSAGE][PASSED] - Element 'Object Repository/iOS/Login screen/Password field' is exist

2018-11-16 19:38:51 - [MESSAGE][PASSED] - global.verify_element.exist is PASSED]]></system-out>
         <system-err><![CDATA[]]></system-err>
      </testcase>
      <testcase name="Test Cases/iOS/Login/LOG_13" classname="Test Cases/iOS/Login/LOG_13" status="PASSED">
         <system-out><![CDATA[2018-11-16 19:38:51 - [TEST_CASE][PASSED] - Test Cases/iOS/Login/LOG_13: Test Cases/iOS/Login/LOG_13

2018-11-16 19:38:51 - [TEST_STEP][PASSED] - iOS.login_screen.enterPassword: iOS.login_screen.enterPassword is PASSED

2018-11-16 19:38:55 - [MESSAGE][PASSED] - Text 'Hello!23' has been set to element 'Object Repository/iOS/Login screen/Password field'

2018-11-16 19:38:56 - [MESSAGE][PASSED] - Keyboard is hidden

2018-11-16 19:38:56 - [MESSAGE][PASSED] - iOS.login_screen.enterPassword is PASSED

2018-11-16 19:38:56 - [TEST_STEP][PASSED] - iOS.login_screen.tapSignIn: iOS.login_screen.tapSignIn is PASSED

2018-11-16 19:38:58 - [MESSAGE][PASSED] - Tapped on element 'Object Repository/iOS/Login screen/Sign in button'

2018-11-16 19:39:01 - [MESSAGE][PASSED] - Delayed 3 second(s)

2018-11-16 19:39:01 - [MESSAGE][PASSED] - iOS.login_screen.tapSignIn is PASSED

2018-11-16 19:39:01 - [TEST_STEP][PASSED] - iOS.otp_verification_screen.enterOTP: iOS.otp_verification_screen.enterOTP is PASSED

2018-11-16 19:39:04 - [MESSAGE][PASSED] - Element 'Object Repository/iOS/OTP Verification screen/OTP Verification screen' is present

2018-11-16 19:39:04 - [MESSAGE][PASSED] - iOS.otp_verification_screen.enterOTP is PASSED

2018-11-16 19:39:04 - [TEST_STEP][PASSED] - global.verify_element.text: global.verify_element.text is PASSED

2018-11-16 19:39:10 - [MESSAGE][PASSED] - Actual text and expected text of test object 'Object Repository/iOS/My Account screen/Account Name' are matched.

2018-11-16 19:39:10 - [MESSAGE][PASSED] - global.verify_element.text is PASSED

2018-11-16 19:39:10 - [TEST_STEP][PASSED] - closeApplication: Close app successfully

2018-11-16 19:39:10 - [MESSAGE][PASSED] - Close app successfully]]></system-out>
         <system-err><![CDATA[]]></system-err>
      </testcase>
      <testcase name="Test Cases/iOS/Login/LOG_14" classname="Test Cases/iOS/Login/LOG_14" status="PASSED">
         <system-out><![CDATA[2018-11-16 19:39:10 - [TEST_CASE][PASSED] - Test Cases/iOS/Login/LOG_14: Test Cases/iOS/Login/LOG_14

2018-11-16 19:39:11 - [TEST_STEP][PASSED] - startApplication: Started app at: '/Users/buenaanda/Documents/mobile-automation-katalon/Data Files/PeraHub_v3.2.0-QAT.app'

2018-11-16 19:39:20 - [MESSAGE][PASSED] - Started app at: '/Users/buenaanda/Documents/mobile-automation-katalon/Data Files/PeraHub_v3.2.0-QAT.app'

2018-11-16 19:39:20 - [TEST_STEP][PASSED] - iOS.login_screen.enterPassword: iOS.login_screen.enterPassword is PASSED

2018-11-16 19:39:23 - [MESSAGE][PASSED] - Text '1nvalid' has been set to element 'Object Repository/iOS/Login screen/Password field'

2018-11-16 19:39:24 - [MESSAGE][PASSED] - Keyboard is hidden

2018-11-16 19:39:24 - [MESSAGE][PASSED] - iOS.login_screen.enterPassword is PASSED

2018-11-16 19:39:24 - [TEST_STEP][PASSED] - iOS.login_screen.tapSignIn: iOS.login_screen.tapSignIn is PASSED

2018-11-16 19:39:27 - [MESSAGE][PASSED] - Tapped on element 'Object Repository/iOS/Login screen/Sign in button'

2018-11-16 19:39:30 - [MESSAGE][PASSED] - Delayed 3 second(s)

2018-11-16 19:39:30 - [MESSAGE][PASSED] - iOS.login_screen.tapSignIn is PASSED

2018-11-16 19:39:30 - [TEST_STEP][PASSED] - global.verify_element.text: global.verify_element.text is PASSED

2018-11-16 19:39:33 - [MESSAGE][PASSED] - Actual text and expected text of test object 'Object Repository/iOS/Login screen/Error username and password' are matched.

2018-11-16 19:39:33 - [MESSAGE][PASSED] - global.verify_element.text is PASSED

2018-11-16 19:39:33 - [TEST_STEP][PASSED] - iOS.login_screen.tapOK: iOS.login_screen.tapOK is PASSED

2018-11-16 19:39:36 - [MESSAGE][PASSED] - Tapped on element 'Object Repository/iOS/Login screen/OK button'

2018-11-16 19:39:36 - [MESSAGE][PASSED] - iOS.login_screen.tapOK is PASSED

2018-11-16 19:39:36 - [TEST_STEP][PASSED] - iOS.login_screen.tapLogout: iOS.login_screen.tapLogout is PASSED

2018-11-16 19:39:38 - [MESSAGE][PASSED] - Tapped on element 'Object Repository/iOS/Login screen/Logout button'

2018-11-16 19:39:38 - [MESSAGE][PASSED] - iOS.login_screen.tapLogout is PASSED

2018-11-16 19:39:38 - [TEST_STEP][PASSED] - closeApplication: Close app successfully

2018-11-16 19:39:39 - [MESSAGE][PASSED] - Close app successfully]]></system-out>
         <system-err><![CDATA[]]></system-err>
      </testcase>
      <testcase name="Test Cases/iOS/Login/LOG_20" classname="Test Cases/iOS/Login/LOG_20" status="PASSED">
         <system-out><![CDATA[2018-11-16 19:39:39 - [TEST_CASE][PASSED] - Test Cases/iOS/Login/LOG_20: Test Cases/iOS/Login/LOG_20

2018-11-16 19:39:39 - [TEST_STEP][PASSED] - startApplication: Started app at: '/Users/buenaanda/Documents/mobile-automation-katalon/Data Files/PeraHub_v3.2.0-QAT.app'

2018-11-16 19:39:52 - [MESSAGE][PASSED] - Started app at: '/Users/buenaanda/Documents/mobile-automation-katalon/Data Files/PeraHub_v3.2.0-QAT.app'

2018-11-16 19:39:52 - [TEST_STEP][PASSED] - iOS.initial_screen.tapLogin: iOS.initial_screen.tapLogin is PASSED

2018-11-16 19:39:53 - [MESSAGE][PASSED] - Tapped on element 'Object Repository/iOS/Initial screen/Login button'

2018-11-16 19:39:53 - [MESSAGE][PASSED] - iOS.initial_screen.tapLogin is PASSED

2018-11-16 19:39:53 - [TEST_STEP][PASSED] - iOS.login_screen.enterUsername: iOS.login_screen.enterUsername is PASSED

2018-11-16 19:39:57 - [MESSAGE][PASSED] - Text 'allen_15' has been set to element 'Object Repository/iOS/Login screen/Username field'

2018-11-16 19:39:57 - [MESSAGE][PASSED] - iOS.login_screen.enterUsername is PASSED

2018-11-16 19:39:57 - [TEST_STEP][PASSED] - iOS.login_screen.enterPassword: iOS.login_screen.enterPassword is PASSED

2018-11-16 19:40:01 - [MESSAGE][PASSED] - Text 'Hello!23' has been set to element 'Object Repository/iOS/Login screen/Password field'

2018-11-16 19:40:03 - [MESSAGE][PASSED] - Keyboard is hidden

2018-11-16 19:40:03 - [MESSAGE][PASSED] - iOS.login_screen.enterPassword is PASSED

2018-11-16 19:40:03 - [TEST_STEP][PASSED] - iOS.login_screen.tapLogin: iOS.login_screen.tapLogin is PASSED

2018-11-16 19:40:05 - [MESSAGE][PASSED] - Tapped on element 'Object Repository/iOS/Login screen/Login button'

2018-11-16 19:40:08 - [MESSAGE][PASSED] - Delayed 3 second(s)

2018-11-16 19:40:08 - [MESSAGE][PASSED] - iOS.login_screen.tapLogin is PASSED

2018-11-16 19:40:08 - [TEST_STEP][PASSED] - iOS.otp_verification_screen.enterOTP: iOS.otp_verification_screen.enterOTP is PASSED

2018-11-16 19:40:11 - [MESSAGE][PASSED] - Element 'Object Repository/iOS/OTP Verification screen/OTP Verification screen' is present

2018-11-16 19:40:11 - [MESSAGE][PASSED] - iOS.otp_verification_screen.enterOTP is PASSED

2018-11-16 19:40:11 - [TEST_STEP][PASSED] - delay: Delayed 400 second(s)

2018-11-16 19:46:51 - [MESSAGE][PASSED] - Delayed 400 second(s)

2018-11-16 19:46:51 - [TEST_STEP][PASSED] - iOS.navigation_menu.tapTransferMoney: iOS.navigation_menu.tapTransferMoney is PASSED

2018-11-16 19:46:51 - [MESSAGE][WARNING] - Timeout '0' is invalid. Using default page load timeout: '15'

2018-11-16 19:46:54 - [MESSAGE][PASSED] - Tapped on element 'Object Repository/iOS/Navigation menu/Transfer Money menu'

2018-11-16 19:46:54 - [MESSAGE][PASSED] - iOS.navigation_menu.tapTransferMoney is PASSED

2018-11-16 19:46:54 - [TEST_STEP][PASSED] - iOS.transfer_money_screen.tapSendMoney: iOS.transfer_money_screen.tapSendMoney is PASSED

2018-11-16 19:46:54 - [MESSAGE][WARNING] - Timeout '0' is invalid. Using default page load timeout: '15'

2018-11-16 19:46:57 - [MESSAGE][PASSED] - Tapped on element 'Object Repository/iOS/Transfer Money screen/Send Money button'

2018-11-16 19:46:57 - [MESSAGE][PASSED] - iOS.transfer_money_screen.tapSendMoney is PASSED

2018-11-16 19:46:57 - [TEST_STEP][PASSED] - global.verify_element.text: global.verify_element.text is PASSED

2018-11-16 19:47:05 - [MESSAGE][PASSED] - Actual text and expected text of test object 'Object Repository/iOS/Transfer Money screen/Error inactive' are matched.

2018-11-16 19:47:05 - [MESSAGE][PASSED] - global.verify_element.text is PASSED

2018-11-16 19:47:05 - [TEST_STEP][PASSED] - iOS.transfer_money_screen.tapOK: iOS.transfer_money_screen.tapOK is PASSED

2018-11-16 19:47:05 - [MESSAGE][WARNING] - Timeout '0' is invalid. Using default page load timeout: '15'

2018-11-16 19:47:09 - [MESSAGE][PASSED] - Tapped on element 'Object Repository/iOS/Transfer Money screen/OK button'

2018-11-16 19:47:09 - [MESSAGE][WARNING] - Timeout '0' is invalid. Using default page load timeout: '15'

2018-11-16 19:47:14 - [MESSAGE][PASSED] - Element 'Object Repository/iOS/Login screen/Password field' is present

2018-11-16 19:47:14 - [MESSAGE][PASSED] - iOS.transfer_money_screen.tapOK is PASSED

2018-11-16 19:47:14 - [TEST_STEP][PASSED] - global.verify_element.exist: global.verify_element.exist is PASSED

2018-11-16 19:47:17 - [MESSAGE][PASSED] - Element 'Object Repository/iOS/Login screen/Password field' is exist

2018-11-16 19:47:17 - [MESSAGE][PASSED] - global.verify_element.exist is PASSED

2018-11-16 19:47:17 - [TEST_STEP][PASSED] - iOS.login_screen.tapLogout: iOS.login_screen.tapLogout is PASSED

2018-11-16 19:47:20 - [MESSAGE][PASSED] - Tapped on element 'Object Repository/iOS/Login screen/Logout button'

2018-11-16 19:47:20 - [MESSAGE][PASSED] - iOS.login_screen.tapLogout is PASSED

2018-11-16 19:47:20 - [TEST_STEP][PASSED] - closeApplication: Close app successfully

2018-11-16 19:47:21 - [MESSAGE][PASSED] - Close app successfully]]></system-out>
         <system-err><![CDATA[]]></system-err>
      </testcase>
      <testcase name="Test Cases/iOS/Send Money Branch/SMB_01" classname="Test Cases/iOS/Send Money Branch/SMB_01" status="PASSED">
         <system-out><![CDATA[2018-11-16 19:47:21 - [TEST_CASE][PASSED] - Test Cases/iOS/Send Money Branch/SMB_01: Test Cases/iOS/Send Money Branch/SMB_01

2018-11-16 19:47:21 - [TEST_STEP][PASSED] - startApplication: Started app at: '/Users/buenaanda/Documents/mobile-automation-katalon/Data Files/PeraHub_v3.2.0-QAT.app'

2018-11-16 19:47:38 - [MESSAGE][PASSED] - Started app at: '/Users/buenaanda/Documents/mobile-automation-katalon/Data Files/PeraHub_v3.2.0-QAT.app'

2018-11-16 19:47:38 - [TEST_STEP][PASSED] - iOS.initial_screen.tapLogin: iOS.initial_screen.tapLogin is PASSED

2018-11-16 19:47:40 - [MESSAGE][PASSED] - Tapped on element 'Object Repository/iOS/Initial screen/Login button'

2018-11-16 19:47:40 - [MESSAGE][PASSED] - iOS.initial_screen.tapLogin is PASSED

2018-11-16 19:47:40 - [TEST_STEP][PASSED] - iOS.login_screen.enterUsername: iOS.login_screen.enterUsername is PASSED

2018-11-16 19:47:44 - [MESSAGE][PASSED] - Text 'allen_15' has been set to element 'Object Repository/iOS/Login screen/Username field'

2018-11-16 19:47:44 - [MESSAGE][PASSED] - iOS.login_screen.enterUsername is PASSED

2018-11-16 19:47:44 - [TEST_STEP][PASSED] - iOS.login_screen.enterPassword: iOS.login_screen.enterPassword is PASSED

2018-11-16 19:47:48 - [MESSAGE][PASSED] - Text 'Hello!23' has been set to element 'Object Repository/iOS/Login screen/Password field'

2018-11-16 19:47:50 - [MESSAGE][PASSED] - Keyboard is hidden

2018-11-16 19:47:50 - [MESSAGE][PASSED] - iOS.login_screen.enterPassword is PASSED

2018-11-16 19:47:50 - [TEST_STEP][PASSED] - iOS.login_screen.tapLogin: iOS.login_screen.tapLogin is PASSED

2018-11-16 19:47:52 - [MESSAGE][PASSED] - Tapped on element 'Object Repository/iOS/Login screen/Login button'

2018-11-16 19:47:55 - [MESSAGE][PASSED] - Delayed 3 second(s)

2018-11-16 19:47:55 - [MESSAGE][PASSED] - iOS.login_screen.tapLogin is PASSED

2018-11-16 19:47:55 - [TEST_STEP][PASSED] - iOS.otp_verification_screen.enterOTP: iOS.otp_verification_screen.enterOTP is PASSED

2018-11-16 19:47:58 - [MESSAGE][PASSED] - Element 'Object Repository/iOS/OTP Verification screen/OTP Verification screen' is present

2018-11-16 19:47:59 - [MESSAGE][PASSED] - iOS.otp_verification_screen.enterOTP is PASSED

2018-11-16 19:47:59 - [TEST_STEP][PASSED] - iOS.navigation_menu.tapTransferMoney: iOS.navigation_menu.tapTransferMoney is PASSED

2018-11-16 19:47:59 - [MESSAGE][WARNING] - Timeout '0' is invalid. Using default page load timeout: '15'

2018-11-16 19:48:08 - [MESSAGE][PASSED] - Tapped on element 'Object Repository/iOS/Navigation menu/Transfer Money menu'

2018-11-16 19:48:08 - [MESSAGE][PASSED] - iOS.navigation_menu.tapTransferMoney is PASSED

2018-11-16 19:48:08 - [TEST_STEP][PASSED] - iOS.transfer_money_screen.tapSendMoney: iOS.transfer_money_screen.tapSendMoney is PASSED

2018-11-16 19:48:08 - [MESSAGE][WARNING] - Timeout '0' is invalid. Using default page load timeout: '15'

2018-11-16 19:48:11 - [MESSAGE][PASSED] - Tapped on element 'Object Repository/iOS/Transfer Money screen/Send Money button'

2018-11-16 19:48:11 - [MESSAGE][PASSED] - iOS.transfer_money_screen.tapSendMoney is PASSED

2018-11-16 19:48:11 - [TEST_STEP][PASSED] - iOS.transfer_money_screen.tapBranchTransaction: iOS.transfer_money_screen.tapBranchTransaction is PASSED

2018-11-16 19:48:17 - [MESSAGE][PASSED] - Tapped on element 'Object Repository/iOS/Transfer Money screen/Branch Transaction button'

2018-11-16 19:48:17 - [MESSAGE][PASSED] - iOS.transfer_money_screen.tapBranchTransaction is PASSED

2018-11-16 19:48:17 - [TEST_STEP][PASSED] - global.verify_element.exist: global.verify_element.exist is PASSED

2018-11-16 19:48:22 - [MESSAGE][PASSED] - Element 'Object Repository/iOS/Send Money screen/Send Via Branch screen' is exist

2018-11-16 19:48:22 - [MESSAGE][PASSED] - global.verify_element.exist is PASSED]]></system-out>
         <system-err><![CDATA[]]></system-err>
      </testcase>
      <testcase name="Test Cases/iOS/Send Money Branch/SMB_07" classname="Test Cases/iOS/Send Money Branch/SMB_07" status="PASSED">
         <system-out><![CDATA[2018-11-16 19:48:22 - [TEST_CASE][PASSED] - Test Cases/iOS/Send Money Branch/SMB_07: Test Cases/iOS/Send Money Branch/SMB_07

2018-11-16 19:48:22 - [TEST_STEP][PASSED] - Statement - Receiver_label = com.kms.katalon.core.testobject.ObjectRepository.findTestObject(iOS/Send Money screen/Generic text, [label:Receiver:]): Finding Test Object with id 'Object Repository/iOS/Send Money screen/Generic text'

2018-11-16 19:48:22 - [TEST_STEP][PASSED] - Statement - Contact_label = com.kms.katalon.core.testobject.ObjectRepository.findTestObject(iOS/Send Money screen/Generic text, [label:Contact:]): Finding Test Object with id 'Object Repository/iOS/Send Money screen/Generic text'

2018-11-16 19:48:22 - [TEST_STEP][PASSED] - iOS.send_money_screen.tapPersonalInformation: iOS.send_money_screen.tapPersonalInformation is PASSED

2018-11-16 19:48:25 - [MESSAGE][PASSED] - Tapped on element 'Object Repository/iOS/Send Money screen/Personal Information button'

2018-11-16 19:48:25 - [MESSAGE][PASSED] - iOS.send_money_screen.tapPersonalInformation is PASSED

2018-11-16 19:48:25 - [TEST_STEP][PASSED] - iOS.send_money_screen.tapClose: iOS.send_money_screen.tapClose is PASSED

2018-11-16 19:48:28 - [MESSAGE][PASSED] - Tapped on element 'Object Repository/iOS/Send Money screen/Close button'

2018-11-16 19:48:28 - [MESSAGE][PASSED] - iOS.send_money_screen.tapClose is PASSED

2018-11-16 19:48:28 - [TEST_STEP][PASSED] - global.verify_element.notExist: global.verify_element.notExist is PASSED

2018-11-16 19:48:33 - [MESSAGE][PASSED] - Element 'Object Repository/iOS/Send Money screen/Generic text' not found

2018-11-16 19:48:33 - [MESSAGE][PASSED] - global.verify_element.notExist is PASSED

2018-11-16 19:48:33 - [TEST_STEP][PASSED] - global.verify_element.notExist: global.verify_element.notExist is PASSED

2018-11-16 19:48:39 - [MESSAGE][PASSED] - Element 'Object Repository/iOS/Send Money screen/Generic text' not found

2018-11-16 19:48:39 - [MESSAGE][PASSED] - global.verify_element.notExist is PASSED]]></system-out>
         <system-err><![CDATA[]]></system-err>
      </testcase>
      <testcase name="Test Cases/iOS/Send Money Branch/SMB_02" classname="Test Cases/iOS/Send Money Branch/SMB_02" status="PASSED">
         <system-out><![CDATA[2018-11-16 19:48:39 - [TEST_CASE][PASSED] - Test Cases/iOS/Send Money Branch/SMB_02: Test Cases/iOS/Send Money Branch/SMB_02

2018-11-16 19:48:39 - [TEST_STEP][PASSED] - iOS.send_money_screen.tapPersonalInformation: iOS.send_money_screen.tapPersonalInformation is PASSED

2018-11-16 19:48:42 - [MESSAGE][PASSED] - Tapped on element 'Object Repository/iOS/Send Money screen/Personal Information button'

2018-11-16 19:48:42 - [MESSAGE][PASSED] - iOS.send_money_screen.tapPersonalInformation is PASSED

2018-11-16 19:48:42 - [TEST_STEP][PASSED] - global.verify_element.exist: global.verify_element.exist is PASSED

2018-11-16 19:48:45 - [MESSAGE][PASSED] - Element 'Object Repository/iOS/Send Money screen/First Name field' is exist

2018-11-16 19:48:45 - [MESSAGE][PASSED] - global.verify_element.exist is PASSED

2018-11-16 19:48:45 - [TEST_STEP][PASSED] - global.verify_element.exist: global.verify_element.exist is PASSED

2018-11-16 19:48:47 - [MESSAGE][PASSED] - Element 'Object Repository/iOS/Send Money screen/Middle Name field' is exist

2018-11-16 19:48:47 - [MESSAGE][PASSED] - global.verify_element.exist is PASSED

2018-11-16 19:48:47 - [TEST_STEP][PASSED] - global.verify_element.exist: global.verify_element.exist is PASSED

2018-11-16 19:48:49 - [MESSAGE][PASSED] - Element 'Object Repository/iOS/Send Money screen/Last Name field' is exist

2018-11-16 19:48:49 - [MESSAGE][PASSED] - global.verify_element.exist is PASSED

2018-11-16 19:48:49 - [TEST_STEP][PASSED] - global.verify_element.exist: global.verify_element.exist is PASSED

2018-11-16 19:48:52 - [MESSAGE][PASSED] - Element 'Object Repository/iOS/Send Money screen/Mobile Number field' is exist

2018-11-16 19:48:52 - [MESSAGE][PASSED] - global.verify_element.exist is PASSED

2018-11-16 19:48:52 - [TEST_STEP][PASSED] - global.verify_element.exist: global.verify_element.exist is PASSED

2018-11-16 19:48:54 - [MESSAGE][PASSED] - Element 'Object Repository/iOS/Send Money screen/Phone Number field' is exist

2018-11-16 19:48:54 - [MESSAGE][PASSED] - global.verify_element.exist is PASSED

2018-11-16 19:48:54 - [TEST_STEP][PASSED] - global.verify_element.exist: global.verify_element.exist is PASSED

2018-11-16 19:48:56 - [MESSAGE][PASSED] - Element 'Object Repository/iOS/Send Money screen/Save button' is exist

2018-11-16 19:48:56 - [MESSAGE][PASSED] - global.verify_element.exist is PASSED

2018-11-16 19:48:56 - [TEST_STEP][PASSED] - global.verify_element.exist: global.verify_element.exist is PASSED

2018-11-16 19:48:58 - [MESSAGE][PASSED] - Element 'Object Repository/iOS/Send Money screen/Close button' is exist

2018-11-16 19:48:58 - [MESSAGE][PASSED] - global.verify_element.exist is PASSED]]></system-out>
         <system-err><![CDATA[]]></system-err>
      </testcase>
      <testcase name="Test Cases/iOS/Send Money Branch/SMB_03" classname="Test Cases/iOS/Send Money Branch/SMB_03" status="PASSED">
         <system-out><![CDATA[2018-11-16 19:48:58 - [TEST_CASE][PASSED] - Test Cases/iOS/Send Money Branch/SMB_03: Test Cases/iOS/Send Money Branch/SMB_03

2018-11-16 19:48:58 - [TEST_STEP][PASSED] - Statement - randomFirstName = new global.random_data().firstName(): null

2018-11-16 19:48:59 - [TEST_STEP][PASSED] - Statement - randomLastName = new global.random_data().lastName(): null

2018-11-16 19:48:59 - [TEST_STEP][PASSED] - Statement - randomMobileNumber = new global.random_data().mobileNumber(): null

2018-11-16 19:48:59 - [TEST_STEP][PASSED] - Statement - firstName = randomFirstName: null

2018-11-16 19:48:59 - [TEST_STEP][PASSED] - Statement - lastName = randomLastName: null

2018-11-16 19:48:59 - [TEST_STEP][PASSED] - Statement - mobileNumber = randomMobileNumber: null

2018-11-16 19:48:59 - [TEST_STEP][PASSED] - Statement - receiverName = firstName + "  " + lastName: null

2018-11-16 19:48:59 - [TEST_STEP][PASSED] - Statement - Receiver_Name = com.kms.katalon.core.testobject.ObjectRepository.findTestObject(iOS/Send Money screen/Generic text, [label:receiverName]): Finding Test Object with id 'Object Repository/iOS/Send Money screen/Generic text'

2018-11-16 19:48:59 - [TEST_STEP][PASSED] - Statement - Receiver_Contact = com.kms.katalon.core.testobject.ObjectRepository.findTestObject(iOS/Send Money screen/Generic text, [label:mobileNumber]): Finding Test Object with id 'Object Repository/iOS/Send Money screen/Generic text'

2018-11-16 19:48:59 - [TEST_STEP][PASSED] - iOS.send_money_screen.enterFirstName: iOS.send_money_screen.enterFirstName is PASSED

2018-11-16 19:49:03 - [MESSAGE][PASSED] - Text 'Oda' has been set to element 'Object Repository/iOS/Send Money screen/First Name field'

2018-11-16 19:49:03 - [MESSAGE][PASSED] - iOS.send_money_screen.enterFirstName is PASSED

2018-11-16 19:49:03 - [TEST_STEP][PASSED] - iOS.send_money_screen.enterLastName: iOS.send_money_screen.enterLastName is PASSED

2018-11-16 19:49:07 - [MESSAGE][PASSED] - Text 'Hartmann' has been set to element 'Object Repository/iOS/Send Money screen/Last Name field'

2018-11-16 19:49:07 - [MESSAGE][PASSED] - iOS.send_money_screen.enterLastName is PASSED

2018-11-16 19:49:07 - [TEST_STEP][PASSED] - iOS.send_money_screen.enterMobileNumber: iOS.send_money_screen.enterMobileNumber is PASSED

2018-11-16 19:49:12 - [MESSAGE][PASSED] - Text '6519965249' has been set to element 'Object Repository/iOS/Send Money screen/Mobile Number field'

2018-11-16 19:49:16 - [MESSAGE][PASSED] - Tapped on element 'Object Repository/iOS/Global/Toolbar Done Button'

2018-11-16 19:49:16 - [MESSAGE][PASSED] - iOS.send_money_screen.enterMobileNumber is PASSED

2018-11-16 19:49:16 - [TEST_STEP][PASSED] - iOS.send_money_screen.tapSave: iOS.send_money_screen.tapSave is PASSED

2018-11-16 19:49:19 - [MESSAGE][PASSED] - Tapped on element 'Object Repository/iOS/Send Money screen/Save button'

2018-11-16 19:49:22 - [MESSAGE][PASSED] - Delayed 3 second(s)

2018-11-16 19:49:22 - [MESSAGE][PASSED] - iOS.send_money_screen.tapSave is PASSED

2018-11-16 19:49:22 - [TEST_STEP][PASSED] - global.verify_element.exist: global.verify_element.exist is PASSED

2018-11-16 19:49:25 - [MESSAGE][PASSED] - Element 'Object Repository/iOS/Send Money screen/Generic text' is exist

2018-11-16 19:49:25 - [MESSAGE][PASSED] - global.verify_element.exist is PASSED

2018-11-16 19:49:25 - [TEST_STEP][PASSED] - global.verify_element.exist: global.verify_element.exist is PASSED

2018-11-16 19:49:28 - [MESSAGE][PASSED] - Element 'Object Repository/iOS/Send Money screen/Generic text' is exist

2018-11-16 19:49:28 - [MESSAGE][PASSED] - global.verify_element.exist is PASSED]]></system-out>
         <system-err><![CDATA[]]></system-err>
      </testcase>
      <testcase name="Test Cases/iOS/Send Money Branch/SMB_04" classname="Test Cases/iOS/Send Money Branch/SMB_04" status="PASSED">
         <system-out><![CDATA[2018-11-16 19:49:28 - [TEST_CASE][PASSED] - Test Cases/iOS/Send Money Branch/SMB_04: Test Cases/iOS/Send Money Branch/SMB_04

2018-11-16 19:49:28 - [TEST_STEP][PASSED] - Statement - First_name_field = com.kms.katalon.core.testobject.ObjectRepository.findTestObject(iOS/Send Money screen/Generic field, [value:internal.GlobalVariable.randomFirstName]): Finding Test Object with id 'Object Repository/iOS/Send Money screen/Generic field'

2018-11-16 19:49:28 - [TEST_STEP][PASSED] - Statement - Last_name_field = com.kms.katalon.core.testobject.ObjectRepository.findTestObject(iOS/Send Money screen/Generic field, [value:internal.GlobalVariable.randomLastName]): Finding Test Object with id 'Object Repository/iOS/Send Money screen/Generic field'

2018-11-16 19:49:28 - [TEST_STEP][PASSED] - Statement - Mobile_number_field = com.kms.katalon.core.testobject.ObjectRepository.findTestObject(iOS/Send Money screen/Generic field, [value:internal.GlobalVariable.randomMobileNumber]): Finding Test Object with id 'Object Repository/iOS/Send Money screen/Generic field'

2018-11-16 19:49:28 - [TEST_STEP][PASSED] - Statement - Firstname_is_required_error = com.kms.katalon.core.testobject.ObjectRepository.findTestObject(iOS/Send Money screen/Generic text, [label:Firstname is required]): Finding Test Object with id 'Object Repository/iOS/Send Money screen/Generic text'

2018-11-16 19:49:28 - [TEST_STEP][PASSED] - Statement - Lastname_is_required_error = com.kms.katalon.core.testobject.ObjectRepository.findTestObject(iOS/Send Money screen/Generic text, [label:Lastname is required]): Finding Test Object with id 'Object Repository/iOS/Send Money screen/Generic text'

2018-11-16 19:49:28 - [TEST_STEP][PASSED] - Statement - Mobile_number_is_required_error = com.kms.katalon.core.testobject.ObjectRepository.findTestObject(iOS/Send Money screen/Generic text, [label:Mobile number is required]): Finding Test Object with id 'Object Repository/iOS/Send Money screen/Generic text'

2018-11-16 19:49:28 - [TEST_STEP][PASSED] - iOS.send_money_screen.tapPersonalInformation: iOS.send_money_screen.tapPersonalInformation is PASSED

2018-11-16 19:49:31 - [MESSAGE][PASSED] - Tapped on element 'Object Repository/iOS/Send Money screen/Personal Information button'

2018-11-16 19:49:31 - [MESSAGE][PASSED] - iOS.send_money_screen.tapPersonalInformation is PASSED

2018-11-16 19:49:31 - [TEST_STEP][PASSED] - iOS.send_money_screen.enterField: iOS.send_money_screen.enterField is PASSED

2018-11-16 19:49:36 - [MESSAGE][PASSED] - Text '' has been set to element 'Object Repository/iOS/Send Money screen/Generic field'

2018-11-16 19:49:40 - [MESSAGE][PASSED] - Tapped on element 'Object Repository/iOS/Send Money screen/Toolbar Done button'

2018-11-16 19:49:40 - [MESSAGE][PASSED] - iOS.send_money_screen.enterField is PASSED

2018-11-16 19:49:40 - [TEST_STEP][PASSED] - iOS.send_money_screen.enterField: iOS.send_money_screen.enterField is PASSED

2018-11-16 19:49:45 - [MESSAGE][PASSED] - Text '' has been set to element 'Object Repository/iOS/Send Money screen/Generic field'

2018-11-16 19:49:49 - [MESSAGE][PASSED] - Tapped on element 'Object Repository/iOS/Send Money screen/Toolbar Done button'

2018-11-16 19:49:49 - [MESSAGE][PASSED] - iOS.send_money_screen.enterField is PASSED

2018-11-16 19:49:49 - [TEST_STEP][PASSED] - iOS.send_money_screen.enterField: iOS.send_money_screen.enterField is PASSED

2018-11-16 19:49:54 - [MESSAGE][PASSED] - Text '' has been set to element 'Object Repository/iOS/Send Money screen/Generic field'

2018-11-16 19:49:58 - [MESSAGE][PASSED] - Tapped on element 'Object Repository/iOS/Send Money screen/Toolbar Done button'

2018-11-16 19:49:58 - [MESSAGE][PASSED] - iOS.send_money_screen.enterField is PASSED

2018-11-16 19:49:58 - [TEST_STEP][PASSED] - iOS.send_money_screen.tapSave: iOS.send_money_screen.tapSave is PASSED

2018-11-16 19:50:01 - [MESSAGE][PASSED] - Tapped on element 'Object Repository/iOS/Send Money screen/Save button'

2018-11-16 19:50:04 - [MESSAGE][PASSED] - Delayed 3 second(s)

2018-11-16 19:50:04 - [MESSAGE][PASSED] - iOS.send_money_screen.tapSave is PASSED

2018-11-16 19:50:04 - [TEST_STEP][PASSED] - global.verify_element.exist: global.verify_element.exist is PASSED

2018-11-16 19:50:06 - [MESSAGE][PASSED] - Element 'Object Repository/iOS/Send Money screen/Generic text' is exist

2018-11-16 19:50:06 - [MESSAGE][PASSED] - global.verify_element.exist is PASSED

2018-11-16 19:50:06 - [TEST_STEP][PASSED] - global.verify_element.exist: global.verify_element.exist is PASSED

2018-11-16 19:50:08 - [MESSAGE][PASSED] - Element 'Object Repository/iOS/Send Money screen/Generic text' is exist

2018-11-16 19:50:08 - [MESSAGE][PASSED] - global.verify_element.exist is PASSED

2018-11-16 19:50:08 - [TEST_STEP][PASSED] - global.verify_element.exist: global.verify_element.exist is PASSED

2018-11-16 19:50:11 - [MESSAGE][PASSED] - Element 'Object Repository/iOS/Send Money screen/Generic text' is exist

2018-11-16 19:50:11 - [MESSAGE][PASSED] - global.verify_element.exist is PASSED]]></system-out>
         <system-err><![CDATA[]]></system-err>
      </testcase>
      <testcase name="Test Cases/iOS/Send Money Branch/SMB_05" classname="Test Cases/iOS/Send Money Branch/SMB_05" status="PASSED">
         <system-out><![CDATA[2018-11-16 19:50:11 - [TEST_CASE][PASSED] - Test Cases/iOS/Send Money Branch/SMB_05: Test Cases/iOS/Send Money Branch/SMB_05

2018-11-16 19:50:11 - [TEST_STEP][PASSED] - Statement - randomMiddleName = new global.random_data().middleName(): null

2018-11-16 19:50:11 - [TEST_STEP][PASSED] - Statement - randomPhoneNumber = new global.random_data().phoneNumber(): null

2018-11-16 19:50:11 - [TEST_STEP][PASSED] - Statement - firstName = randomFirstName: null

2018-11-16 19:50:11 - [TEST_STEP][PASSED] - Statement - middleName = randomMiddleName: null

2018-11-16 19:50:11 - [TEST_STEP][PASSED] - Statement - lastName = randomLastName: null

2018-11-16 19:50:11 - [TEST_STEP][PASSED] - Statement - mobileNumber = randomMobileNumber: null

2018-11-16 19:50:11 - [TEST_STEP][PASSED] - Statement - phoneNumber = randomPhoneNumber: null

2018-11-16 19:50:11 - [TEST_STEP][PASSED] - Statement - fullName = firstName + " " + middleName + " " + lastName: null

2018-11-16 19:50:11 - [TEST_STEP][PASSED] - Statement - contact = mobileNumber + " " + phoneNumber: null

2018-11-16 19:50:11 - [TEST_STEP][PASSED] - Statement - firstNameLastName = firstName + "  " + lastName: null

2018-11-16 19:50:11 - [TEST_STEP][PASSED] - Statement - Receiver_Name = com.kms.katalon.core.testobject.ObjectRepository.findTestObject(iOS/Send Money screen/Generic text, [label:fullName]): Finding Test Object with id 'Object Repository/iOS/Send Money screen/Generic text'

2018-11-16 19:50:11 - [TEST_STEP][PASSED] - Statement - Receiver_Contact = com.kms.katalon.core.testobject.ObjectRepository.findTestObject(iOS/Send Money screen/Generic text, [label:contact]): Finding Test Object with id 'Object Repository/iOS/Send Money screen/Generic text'

2018-11-16 19:50:11 - [TEST_STEP][PASSED] - iOS.send_money_screen.enterFirstName: iOS.send_money_screen.enterFirstName is PASSED

2018-11-16 19:50:15 - [MESSAGE][PASSED] - Text 'Oda' has been set to element 'Object Repository/iOS/Send Money screen/First Name field'

2018-11-16 19:50:15 - [MESSAGE][PASSED] - iOS.send_money_screen.enterFirstName is PASSED

2018-11-16 19:50:15 - [TEST_STEP][PASSED] - iOS.send_money_screen.enterMiddleName: iOS.send_money_screen.enterMiddleName is PASSED

2018-11-16 19:50:20 - [MESSAGE][PASSED] - Text 'Spencer' has been set to element 'Object Repository/iOS/Send Money screen/Middle Name field'

2018-11-16 19:50:20 - [MESSAGE][PASSED] - iOS.send_money_screen.enterMiddleName is PASSED

2018-11-16 19:50:20 - [TEST_STEP][PASSED] - iOS.send_money_screen.enterLastName: iOS.send_money_screen.enterLastName is PASSED

2018-11-16 19:50:24 - [MESSAGE][PASSED] - Text 'Hartmann' has been set to element 'Object Repository/iOS/Send Money screen/Last Name field'

2018-11-16 19:50:24 - [MESSAGE][PASSED] - iOS.send_money_screen.enterLastName is PASSED

2018-11-16 19:50:24 - [TEST_STEP][PASSED] - iOS.send_money_screen.enterMobileNumber: iOS.send_money_screen.enterMobileNumber is PASSED

2018-11-16 19:50:29 - [MESSAGE][PASSED] - Text '6519965249' has been set to element 'Object Repository/iOS/Send Money screen/Mobile Number field'

2018-11-16 19:50:33 - [MESSAGE][PASSED] - Tapped on element 'Object Repository/iOS/Global/Toolbar Done Button'

2018-11-16 19:50:33 - [MESSAGE][PASSED] - iOS.send_money_screen.enterMobileNumber is PASSED

2018-11-16 19:50:33 - [TEST_STEP][PASSED] - iOS.send_money_screen.enterPhoneNumber: iOS.send_money_screen.enterPhoneNumber is PASSED

2018-11-16 19:50:37 - [MESSAGE][PASSED] - Text '418579' has been set to element 'Object Repository/iOS/Send Money screen/Phone Number field'

2018-11-16 19:50:37 - [MESSAGE][PASSED] - iOS.send_money_screen.enterPhoneNumber is PASSED

2018-11-16 19:50:37 - [TEST_STEP][PASSED] - iOS.send_money_screen.tapSave: iOS.send_money_screen.tapSave is PASSED

2018-11-16 19:50:40 - [MESSAGE][PASSED] - Tapped on element 'Object Repository/iOS/Send Money screen/Save button'

2018-11-16 19:50:43 - [MESSAGE][PASSED] - Delayed 3 second(s)

2018-11-16 19:50:43 - [MESSAGE][PASSED] - iOS.send_money_screen.tapSave is PASSED

2018-11-16 19:50:43 - [TEST_STEP][PASSED] - global.verify_element.exist: global.verify_element.exist is PASSED

2018-11-16 19:50:46 - [MESSAGE][PASSED] - Element 'Object Repository/iOS/Send Money screen/Generic text' is exist

2018-11-16 19:50:46 - [MESSAGE][PASSED] - global.verify_element.exist is PASSED

2018-11-16 19:50:46 - [TEST_STEP][PASSED] - global.verify_element.exist: global.verify_element.exist is PASSED

2018-11-16 19:50:49 - [MESSAGE][PASSED] - Element 'Object Repository/iOS/Send Money screen/Generic text' is exist

2018-11-16 19:50:49 - [MESSAGE][PASSED] - global.verify_element.exist is PASSED]]></system-out>
         <system-err><![CDATA[]]></system-err>
      </testcase>
      <testcase name="Test Cases/iOS/Send Money Branch/SMB_06" classname="Test Cases/iOS/Send Money Branch/SMB_06" status="PASSED">
         <system-out><![CDATA[2018-11-16 19:50:49 - [TEST_CASE][PASSED] - Test Cases/iOS/Send Money Branch/SMB_06: Test Cases/iOS/Send Money Branch/SMB_06

2018-11-16 19:50:49 - [TEST_STEP][PASSED] - Statement - firstName = randomFirstName: null

2018-11-16 19:50:49 - [TEST_STEP][PASSED] - Statement - middleName = randomMiddleName: null

2018-11-16 19:50:49 - [TEST_STEP][PASSED] - Statement - lastName = randomLastName: null

2018-11-16 19:50:49 - [TEST_STEP][PASSED] - Statement - mobileNumber = randomMobileNumber + " ": null

2018-11-16 19:50:49 - [TEST_STEP][PASSED] - Statement - phoneNumber = randomPhoneNumber: null

2018-11-16 19:50:49 - [TEST_STEP][PASSED] - Statement - firstNameLastName = firstName + "  " + lastName: null

2018-11-16 19:50:49 - [TEST_STEP][PASSED] - Statement - Middle_name_field = com.kms.katalon.core.testobject.ObjectRepository.findTestObject(iOS/Send Money screen/Generic field, [value:middleName]): Finding Test Object with id 'Object Repository/iOS/Send Money screen/Generic field'

2018-11-16 19:50:49 - [TEST_STEP][PASSED] - Statement - Phone_number_field = com.kms.katalon.core.testobject.ObjectRepository.findTestObject(iOS/Send Money screen/Generic field, [value:phoneNumber]): Finding Test Object with id 'Object Repository/iOS/Send Money screen/Generic field'

2018-11-16 19:50:49 - [TEST_STEP][PASSED] - Statement - Receiver_Name = com.kms.katalon.core.testobject.ObjectRepository.findTestObject(iOS/Send Money screen/Generic text, [label:firstNameLastName]): Finding Test Object with id 'Object Repository/iOS/Send Money screen/Generic text'

2018-11-16 19:50:49 - [TEST_STEP][PASSED] - Statement - Receiver_Contact = com.kms.katalon.core.testobject.ObjectRepository.findTestObject(iOS/Send Money screen/Generic text, [label:mobileNumber]): Finding Test Object with id 'Object Repository/iOS/Send Money screen/Generic text'

2018-11-16 19:50:49 - [TEST_STEP][PASSED] - iOS.send_money_screen.tapPersonalInformation: iOS.send_money_screen.tapPersonalInformation is PASSED

2018-11-16 19:50:53 - [MESSAGE][PASSED] - Tapped on element 'Object Repository/iOS/Send Money screen/Personal Information button'

2018-11-16 19:50:53 - [MESSAGE][PASSED] - iOS.send_money_screen.tapPersonalInformation is PASSED

2018-11-16 19:50:53 - [TEST_STEP][PASSED] - iOS.send_money_screen.enterField: iOS.send_money_screen.enterField is PASSED

2018-11-16 19:50:58 - [MESSAGE][PASSED] - Text '' has been set to element 'Object Repository/iOS/Send Money screen/Generic field'

2018-11-16 19:51:02 - [MESSAGE][PASSED] - Tapped on element 'Object Repository/iOS/Send Money screen/Toolbar Done button'

2018-11-16 19:51:02 - [MESSAGE][PASSED] - iOS.send_money_screen.enterField is PASSED

2018-11-16 19:51:02 - [TEST_STEP][PASSED] - iOS.send_money_screen.enterField: iOS.send_money_screen.enterField is PASSED

2018-11-16 19:51:07 - [MESSAGE][PASSED] - Text '' has been set to element 'Object Repository/iOS/Send Money screen/Generic field'

2018-11-16 19:51:11 - [MESSAGE][PASSED] - Tapped on element 'Object Repository/iOS/Send Money screen/Toolbar Done button'

2018-11-16 19:51:11 - [MESSAGE][PASSED] - iOS.send_money_screen.enterField is PASSED

2018-11-16 19:51:11 - [TEST_STEP][PASSED] - iOS.send_money_screen.tapSave: iOS.send_money_screen.tapSave is PASSED

2018-11-16 19:51:13 - [MESSAGE][PASSED] - Tapped on element 'Object Repository/iOS/Send Money screen/Save button'

2018-11-16 19:51:16 - [MESSAGE][PASSED] - Delayed 3 second(s)

2018-11-16 19:51:16 - [MESSAGE][PASSED] - iOS.send_money_screen.tapSave is PASSED

2018-11-16 19:51:16 - [TEST_STEP][PASSED] - global.verify_element.exist: global.verify_element.exist is PASSED

2018-11-16 19:51:20 - [MESSAGE][PASSED] - Element 'Object Repository/iOS/Send Money screen/Generic text' is exist

2018-11-16 19:51:20 - [MESSAGE][PASSED] - global.verify_element.exist is PASSED

2018-11-16 19:51:20 - [TEST_STEP][PASSED] - global.verify_element.exist: global.verify_element.exist is PASSED

2018-11-16 19:51:23 - [MESSAGE][PASSED] - Element 'Object Repository/iOS/Send Money screen/Generic text' is exist

2018-11-16 19:51:23 - [MESSAGE][PASSED] - global.verify_element.exist is PASSED]]></system-out>
         <system-err><![CDATA[]]></system-err>
      </testcase>
      <testcase name="Test Cases/iOS/Send Money Branch/SMB_08" classname="Test Cases/iOS/Send Money Branch/SMB_08" status="PASSED">
         <system-out><![CDATA[2018-11-16 19:51:23 - [TEST_CASE][PASSED] - Test Cases/iOS/Send Money Branch/SMB_08: Test Cases/iOS/Send Money Branch/SMB_08

2018-11-16 19:51:23 - [TEST_STEP][PASSED] - Statement - firstName = randomFirstName: null

2018-11-16 19:51:23 - [TEST_STEP][PASSED] - Statement - lastName = randomLastName: null

2018-11-16 19:51:23 - [TEST_STEP][PASSED] - Statement - mobileNumber = randomMobileNumber + " ": null

2018-11-16 19:51:23 - [TEST_STEP][PASSED] - Statement - randomFirstName = new global.random_data().firstName(): null

2018-11-16 19:51:23 - [TEST_STEP][PASSED] - Statement - randomLastName = new global.random_data().lastName(): null

2018-11-16 19:51:23 - [TEST_STEP][PASSED] - Statement - newFirstName = randomFirstName: null

2018-11-16 19:51:23 - [TEST_STEP][PASSED] - Statement - newLastName = randomLastName: null

2018-11-16 19:51:23 - [TEST_STEP][PASSED] - Statement - newFirstNameLastName = newFirstName + "  " + newLastName: null

2018-11-16 19:51:23 - [TEST_STEP][PASSED] - Statement - First_name_field = com.kms.katalon.core.testobject.ObjectRepository.findTestObject(iOS/Send Money screen/Generic field, [value:firstName]): Finding Test Object with id 'Object Repository/iOS/Send Money screen/Generic field'

2018-11-16 19:51:23 - [TEST_STEP][PASSED] - Statement - Last_name_field = com.kms.katalon.core.testobject.ObjectRepository.findTestObject(iOS/Send Money screen/Generic field, [value:lastName]): Finding Test Object with id 'Object Repository/iOS/Send Money screen/Generic field'

2018-11-16 19:51:23 - [TEST_STEP][PASSED] - Statement - Receiver_Name = com.kms.katalon.core.testobject.ObjectRepository.findTestObject(iOS/Send Money screen/Generic text, [label:newFirstNameLastName]): Finding Test Object with id 'Object Repository/iOS/Send Money screen/Generic text'

2018-11-16 19:51:23 - [TEST_STEP][PASSED] - Statement - Receiver_Contact = com.kms.katalon.core.testobject.ObjectRepository.findTestObject(iOS/Send Money screen/Generic text, [label:mobileNumber]): Finding Test Object with id 'Object Repository/iOS/Send Money screen/Generic text'

2018-11-16 19:51:23 - [TEST_STEP][PASSED] - iOS.send_money_screen.tapPersonalInformation: iOS.send_money_screen.tapPersonalInformation is PASSED

2018-11-16 19:51:26 - [MESSAGE][PASSED] - Tapped on element 'Object Repository/iOS/Send Money screen/Personal Information button'

2018-11-16 19:51:26 - [MESSAGE][PASSED] - iOS.send_money_screen.tapPersonalInformation is PASSED

2018-11-16 19:51:26 - [TEST_STEP][PASSED] - iOS.send_money_screen.enterField: iOS.send_money_screen.enterField is PASSED

2018-11-16 19:51:32 - [MESSAGE][PASSED] - Text 'Dallin' has been set to element 'Object Repository/iOS/Send Money screen/Generic field'

2018-11-16 19:51:36 - [MESSAGE][PASSED] - Tapped on element 'Object Repository/iOS/Send Money screen/Toolbar Done button'

2018-11-16 19:51:36 - [MESSAGE][PASSED] - iOS.send_money_screen.enterField is PASSED

2018-11-16 19:51:36 - [TEST_STEP][PASSED] - iOS.send_money_screen.enterField: iOS.send_money_screen.enterField is PASSED

2018-11-16 19:51:41 - [MESSAGE][PASSED] - Text 'Kuvalis' has been set to element 'Object Repository/iOS/Send Money screen/Generic field'

2018-11-16 19:51:45 - [MESSAGE][PASSED] - Tapped on element 'Object Repository/iOS/Send Money screen/Toolbar Done button'

2018-11-16 19:51:45 - [MESSAGE][PASSED] - iOS.send_money_screen.enterField is PASSED

2018-11-16 19:51:45 - [TEST_STEP][PASSED] - iOS.send_money_screen.tapSave: iOS.send_money_screen.tapSave is PASSED

2018-11-16 19:51:48 - [MESSAGE][PASSED] - Tapped on element 'Object Repository/iOS/Send Money screen/Save button'

2018-11-16 19:51:51 - [MESSAGE][PASSED] - Delayed 3 second(s)

2018-11-16 19:51:51 - [MESSAGE][PASSED] - iOS.send_money_screen.tapSave is PASSED

2018-11-16 19:51:51 - [TEST_STEP][PASSED] - global.verify_element.exist: global.verify_element.exist is PASSED

2018-11-16 19:51:54 - [MESSAGE][PASSED] - Element 'Object Repository/iOS/Send Money screen/Generic text' is exist

2018-11-16 19:51:54 - [MESSAGE][PASSED] - global.verify_element.exist is PASSED

2018-11-16 19:51:54 - [TEST_STEP][PASSED] - global.verify_element.exist: global.verify_element.exist is PASSED

2018-11-16 19:51:57 - [MESSAGE][PASSED] - Element 'Object Repository/iOS/Send Money screen/Generic text' is exist

2018-11-16 19:51:57 - [MESSAGE][PASSED] - global.verify_element.exist is PASSED]]></system-out>
         <system-err><![CDATA[]]></system-err>
      </testcase>
      <testcase name="Test Cases/iOS/Send Money Branch/SMB_09" classname="Test Cases/iOS/Send Money Branch/SMB_09" status="PASSED">
         <system-out><![CDATA[2018-11-16 19:51:57 - [TEST_CASE][PASSED] - Test Cases/iOS/Send Money Branch/SMB_09: Test Cases/iOS/Send Money Branch/SMB_09

2018-11-16 19:51:57 - [TEST_STEP][PASSED] - iOS.send_money_screen.tapCurrentAddress: iOS.send_money_screen.tapCurrentAddress is PASSED

2018-11-16 19:52:01 - [MESSAGE][PASSED] - Element 'Object Repository/iOS/Send Money screen/Current Address button' is present

2018-11-16 19:52:04 - [MESSAGE][PASSED] - Tapped on element 'Object Repository/iOS/Send Money screen/Current Address button'

2018-11-16 19:52:04 - [MESSAGE][PASSED] - iOS.send_money_screen.tapCurrentAddress is PASSED

2018-11-16 19:52:04 - [TEST_STEP][PASSED] - global.verify_element.exist: global.verify_element.exist is PASSED

2018-11-16 19:52:10 - [MESSAGE][PASSED] - Element 'Object Repository/iOS/Send Money screen/Country field' is exist

2018-11-16 19:52:10 - [MESSAGE][PASSED] - global.verify_element.exist is PASSED

2018-11-16 19:52:10 - [TEST_STEP][PASSED] - global.verify_element.exist: global.verify_element.exist is PASSED

2018-11-16 19:52:14 - [MESSAGE][PASSED] - Element 'Object Repository/iOS/Send Money screen/ProvinceState field' is exist

2018-11-16 19:52:14 - [MESSAGE][PASSED] - global.verify_element.exist is PASSED

2018-11-16 19:52:14 - [TEST_STEP][PASSED] - global.verify_element.exist: global.verify_element.exist is PASSED

2018-11-16 19:52:17 - [MESSAGE][PASSED] - Element 'Object Repository/iOS/Send Money screen/DistrictCity field' is exist

2018-11-16 19:52:17 - [MESSAGE][PASSED] - global.verify_element.exist is PASSED

2018-11-16 19:52:17 - [TEST_STEP][PASSED] - global.verify_element.exist: global.verify_element.exist is PASSED

2018-11-16 19:52:21 - [MESSAGE][PASSED] - Element 'Object Repository/iOS/Send Money screen/Postal field' is exist

2018-11-16 19:52:21 - [MESSAGE][PASSED] - global.verify_element.exist is PASSED

2018-11-16 19:52:21 - [TEST_STEP][PASSED] - global.verify_element.exist: global.verify_element.exist is PASSED

2018-11-16 19:52:24 - [MESSAGE][PASSED] - Element 'Object Repository/iOS/Send Money screen/UnitHouse NumberBuildingStreet field' is exist

2018-11-16 19:52:24 - [MESSAGE][PASSED] - global.verify_element.exist is PASSED

2018-11-16 19:52:24 - [TEST_STEP][PASSED] - global.verify_element.exist: global.verify_element.exist is PASSED

2018-11-16 19:52:29 - [MESSAGE][PASSED] - Element 'Object Repository/iOS/Send Money screen/Destination Country field' is exist

2018-11-16 19:52:29 - [MESSAGE][PASSED] - global.verify_element.exist is PASSED]]></system-out>
         <system-err><![CDATA[]]></system-err>
      </testcase>
      <testcase name="Test Cases/iOS/Send Money Branch/SMB_17" classname="Test Cases/iOS/Send Money Branch/SMB_17" status="PASSED">
         <system-out><![CDATA[2018-11-16 19:52:29 - [TEST_CASE][PASSED] - Test Cases/iOS/Send Money Branch/SMB_17: Test Cases/iOS/Send Money Branch/SMB_17

2018-11-16 19:52:30 - [TEST_STEP][PASSED] - Statement - Country_is_required_error = com.kms.katalon.core.testobject.ObjectRepository.findTestObject(iOS/Send Money screen/Generic text, [label:Country is required]): Finding Test Object with id 'Object Repository/iOS/Send Money screen/Generic text'

2018-11-16 19:52:30 - [TEST_STEP][PASSED] - Statement - Postal_is_required_error = com.kms.katalon.core.testobject.ObjectRepository.findTestObject(iOS/Send Money screen/Generic text, [label:Postal is required]): Finding Test Object with id 'Object Repository/iOS/Send Money screen/Generic text'

2018-11-16 19:52:30 - [TEST_STEP][PASSED] - Statement - Present_address_is_required_error = com.kms.katalon.core.testobject.ObjectRepository.findTestObject(iOS/Send Money screen/Generic text, [label:Present address is required]): Finding Test Object with id 'Object Repository/iOS/Send Money screen/Generic text'

2018-11-16 19:52:30 - [TEST_STEP][PASSED] - Statement - Destination_country_is_required_error = com.kms.katalon.core.testobject.ObjectRepository.findTestObject(iOS/Send Money screen/Generic text, [label:Destination country is required]): Finding Test Object with id 'Object Repository/iOS/Send Money screen/Generic text'

2018-11-16 19:52:30 - [TEST_STEP][PASSED] - iOS.send_money_screen.tapSave: iOS.send_money_screen.tapSave is PASSED

2018-11-16 19:52:33 - [MESSAGE][PASSED] - Tapped on element 'Object Repository/iOS/Send Money screen/Save button'

2018-11-16 19:52:36 - [MESSAGE][PASSED] - Delayed 3 second(s)

2018-11-16 19:52:36 - [MESSAGE][PASSED] - iOS.send_money_screen.tapSave is PASSED

2018-11-16 19:52:36 - [TEST_STEP][PASSED] - global.verify_element.exist: global.verify_element.exist is PASSED

2018-11-16 19:52:40 - [MESSAGE][PASSED] - Element 'Object Repository/iOS/Send Money screen/Generic text' is exist

2018-11-16 19:52:40 - [MESSAGE][PASSED] - global.verify_element.exist is PASSED

2018-11-16 19:52:40 - [TEST_STEP][PASSED] - global.verify_element.exist: global.verify_element.exist is PASSED

2018-11-16 19:52:44 - [MESSAGE][PASSED] - Element 'Object Repository/iOS/Send Money screen/Generic text' is exist

2018-11-16 19:52:44 - [MESSAGE][PASSED] - global.verify_element.exist is PASSED

2018-11-16 19:52:44 - [TEST_STEP][PASSED] - global.verify_element.exist: global.verify_element.exist is PASSED

2018-11-16 19:52:47 - [MESSAGE][PASSED] - Element 'Object Repository/iOS/Send Money screen/Generic text' is exist

2018-11-16 19:52:47 - [MESSAGE][PASSED] - global.verify_element.exist is PASSED

2018-11-16 19:52:47 - [TEST_STEP][PASSED] - global.verify_element.exist: global.verify_element.exist is PASSED

2018-11-16 19:52:51 - [MESSAGE][PASSED] - Element 'Object Repository/iOS/Send Money screen/Generic text' is exist

2018-11-16 19:52:51 - [MESSAGE][PASSED] - global.verify_element.exist is PASSED]]></system-out>
         <system-err><![CDATA[]]></system-err>
      </testcase>
      <testcase name="Test Cases/iOS/Send Money Branch/SMB_18" classname="Test Cases/iOS/Send Money Branch/SMB_18" status="PASSED">
         <system-out><![CDATA[2018-11-16 19:52:51 - [TEST_CASE][PASSED] - Test Cases/iOS/Send Money Branch/SMB_18: Test Cases/iOS/Send Money Branch/SMB_18

2018-11-16 19:52:51 - [TEST_STEP][PASSED] - Statement - Receiver_Current_Address = com.kms.katalon.core.testobject.ObjectRepository.findTestObject(iOS/Send Money screen/Generic text, [label:503 Tindalo, 1442, Cambodia]): Finding Test Object with id 'Object Repository/iOS/Send Money screen/Generic text'

2018-11-16 19:52:51 - [TEST_STEP][PASSED] - Statement - Destination_Country = com.kms.katalon.core.testobject.ObjectRepository.findTestObject(iOS/Send Money screen/Generic text, [label:Cambodia]): Finding Test Object with id 'Object Repository/iOS/Send Money screen/Generic text'

2018-11-16 19:52:51 - [TEST_STEP][PASSED] - iOS.send_money_screen.selectCountry: iOS.send_money_screen.selectCountry is PASSED

2018-11-16 19:52:56 - [MESSAGE][PASSED] - Tapped on element 'Object Repository/iOS/Send Money screen/Country field'

2018-11-16 19:53:10 - [MESSAGE][PASSED] - iOS.send_money_screen.selectCountry is PASSED

2018-11-16 19:53:10 - [TEST_STEP][PASSED] - iOS.send_money_screen.enterPostal: iOS.send_money_screen.enterPostal is PASSED

2018-11-16 19:53:15 - [MESSAGE][PASSED] - Text '1442' has been set to element 'Object Repository/iOS/Send Money screen/Postal field'

2018-11-16 19:53:19 - [MESSAGE][PASSED] - Tapped on element 'Object Repository/iOS/Global/Toolbar Done Button'

2018-11-16 19:53:19 - [MESSAGE][PASSED] - iOS.send_money_screen.enterPostal is PASSED

2018-11-16 19:53:19 - [TEST_STEP][PASSED] - iOS.send_money_screen.enterUnitHouseNumberBuildingStreet: iOS.send_money_screen.enterUnitHouseNumberBuildingStreet is PASSED

2018-11-16 19:53:24 - [MESSAGE][PASSED] - Text '503 Tindalo' has been set to element 'Object Repository/iOS/Send Money screen/UnitHouse NumberBuildingStreet field'

2018-11-16 19:53:29 - [MESSAGE][PASSED] - Tapped on element 'Object Repository/iOS/Send Money screen/Toolbar Done button'

2018-11-16 19:53:29 - [MESSAGE][PASSED] - iOS.send_money_screen.enterUnitHouseNumberBuildingStreet is PASSED

2018-11-16 19:53:29 - [TEST_STEP][PASSED] - iOS.send_money_screen.selectDestinationCountry: iOS.send_money_screen.selectDestinationCountry is PASSED

2018-11-16 19:53:33 - [MESSAGE][PASSED] - Tapped on element 'Object Repository/iOS/Send Money screen/Destination Country field'

2018-11-16 19:54:05 - [MESSAGE][PASSED] - iOS.send_money_screen.selectDestinationCountry is PASSED

2018-11-16 19:54:05 - [TEST_STEP][PASSED] - iOS.send_money_screen.tapSave: iOS.send_money_screen.tapSave is PASSED

2018-11-16 19:54:09 - [MESSAGE][PASSED] - Tapped on element 'Object Repository/iOS/Send Money screen/Save button'

2018-11-16 19:54:12 - [MESSAGE][PASSED] - Delayed 3 second(s)

2018-11-16 19:54:12 - [MESSAGE][PASSED] - iOS.send_money_screen.tapSave is PASSED

2018-11-16 19:54:12 - [TEST_STEP][PASSED] - global.verify_element.exist: global.verify_element.exist is PASSED

2018-11-16 19:54:15 - [MESSAGE][PASSED] - Element 'Object Repository/iOS/Send Money screen/Generic text' is exist

2018-11-16 19:54:15 - [MESSAGE][PASSED] - global.verify_element.exist is PASSED

2018-11-16 19:54:15 - [TEST_STEP][PASSED] - global.verify_element.exist: global.verify_element.exist is PASSED

2018-11-16 19:54:19 - [MESSAGE][PASSED] - Element 'Object Repository/iOS/Send Money screen/Generic text' is exist

2018-11-16 19:54:19 - [MESSAGE][PASSED] - global.verify_element.exist is PASSED]]></system-out>
         <system-err><![CDATA[]]></system-err>
      </testcase>
      <testcase name="Test Cases/iOS/Send Money Branch/SMB_19" classname="Test Cases/iOS/Send Money Branch/SMB_19" status="PASSED">
         <system-out><![CDATA[2018-11-16 19:54:19 - [TEST_CASE][PASSED] - Test Cases/iOS/Send Money Branch/SMB_19: Test Cases/iOS/Send Money Branch/SMB_19

2018-11-16 19:54:19 - [TEST_STEP][PASSED] - Statement - Receiver_Current_Address = com.kms.katalon.core.testobject.ObjectRepository.findTestObject(iOS/Send Money Screen/Generic text, [label:086 Bgy Loob, 3117, Vietnam]): Finding Test Object with id 'Object Repository/iOS/Send Money Screen/Generic text'

2018-11-16 19:54:19 - [TEST_STEP][PASSED] - Statement - Destination_Country = com.kms.katalon.core.testobject.ObjectRepository.findTestObject(iOS/Send Money Screen/Generic text, [label:Vietnam]): Finding Test Object with id 'Object Repository/iOS/Send Money Screen/Generic text'

2018-11-16 19:54:19 - [TEST_STEP][PASSED] - iOS.send_money_screen.tapCurrentAddress: iOS.send_money_screen.tapCurrentAddress is PASSED

2018-11-16 19:54:23 - [MESSAGE][PASSED] - Element 'Object Repository/iOS/Send Money screen/Current Address button' is present

2018-11-16 19:54:26 - [MESSAGE][PASSED] - Tapped on element 'Object Repository/iOS/Send Money screen/Current Address button'

2018-11-16 19:54:26 - [MESSAGE][PASSED] - iOS.send_money_screen.tapCurrentAddress is PASSED

2018-11-16 19:54:26 - [TEST_STEP][PASSED] - Statement - Country_field = com.kms.katalon.core.testobject.ObjectRepository.findTestObject(iOS/Send Money screen/Generic field, [value:Cambodia]): Finding Test Object with id 'Object Repository/iOS/Send Money screen/Generic field'

2018-11-16 19:54:26 - [TEST_STEP][PASSED] - iOS.send_money_screen.selectDropdown: iOS.send_money_screen.selectDropdown is PASSED

2018-11-16 19:54:33 - [MESSAGE][PASSED] - Tapped on element 'Object Repository/iOS/Send Money screen/Generic field'

2018-11-16 19:55:05 - [MESSAGE][PASSED] - iOS.send_money_screen.selectDropdown is PASSED

2018-11-16 19:55:05 - [TEST_STEP][PASSED] - Statement - Postal_field = com.kms.katalon.core.testobject.ObjectRepository.findTestObject(iOS/Send Money screen/Generic field, [value:1442]): Finding Test Object with id 'Object Repository/iOS/Send Money screen/Generic field'

2018-11-16 19:55:05 - [TEST_STEP][PASSED] - iOS.send_money_screen.enterField: iOS.send_money_screen.enterField is PASSED

2018-11-16 19:55:11 - [MESSAGE][PASSED] - Text '3117' has been set to element 'Object Repository/iOS/Send Money screen/Generic field'

2018-11-16 19:55:15 - [MESSAGE][PASSED] - Tapped on element 'Object Repository/iOS/Send Money screen/Toolbar Done button'

2018-11-16 19:55:15 - [MESSAGE][PASSED] - iOS.send_money_screen.enterField is PASSED

2018-11-16 19:55:15 - [TEST_STEP][PASSED] - Statement - UnitHouse_NumberBuildingStreet_field = com.kms.katalon.core.testobject.ObjectRepository.findTestObject(iOS/Send Money screen/Generic field, [value:503 Tindalo]): Finding Test Object with id 'Object Repository/iOS/Send Money screen/Generic field'

2018-11-16 19:55:15 - [TEST_STEP][PASSED] - iOS.send_money_screen.enterField: iOS.send_money_screen.enterField is PASSED

2018-11-16 19:55:21 - [MESSAGE][PASSED] - Text '086 Bgy Loob' has been set to element 'Object Repository/iOS/Send Money screen/Generic field'

2018-11-16 19:55:26 - [MESSAGE][PASSED] - Tapped on element 'Object Repository/iOS/Send Money screen/Toolbar Done button'

2018-11-16 19:55:26 - [MESSAGE][PASSED] - iOS.send_money_screen.enterField is PASSED

2018-11-16 19:55:26 - [TEST_STEP][PASSED] - Statement - Destination_Country_field = com.kms.katalon.core.testobject.ObjectRepository.findTestObject(iOS/Send Money screen/Generic field, [value:Cambodia]): Finding Test Object with id 'Object Repository/iOS/Send Money screen/Generic field'

2018-11-16 19:55:26 - [TEST_STEP][PASSED] - iOS.send_money_screen.selectDropdown: iOS.send_money_screen.selectDropdown is PASSED

2018-11-16 19:55:30 - [MESSAGE][PASSED] - Tapped on element 'Object Repository/iOS/Send Money screen/Generic field'

2018-11-16 19:56:02 - [MESSAGE][PASSED] - iOS.send_money_screen.selectDropdown is PASSED

2018-11-16 19:56:02 - [TEST_STEP][PASSED] - iOS.send_money_screen.tapSave: iOS.send_money_screen.tapSave is PASSED

2018-11-16 19:56:06 - [MESSAGE][PASSED] - Tapped on element 'Object Repository/iOS/Send Money screen/Save button'

2018-11-16 19:56:09 - [MESSAGE][PASSED] - Delayed 3 second(s)

2018-11-16 19:56:09 - [MESSAGE][PASSED] - iOS.send_money_screen.tapSave is PASSED

2018-11-16 19:56:09 - [TEST_STEP][PASSED] - global.verify_element.exist: global.verify_element.exist is PASSED

2018-11-16 19:56:13 - [MESSAGE][PASSED] - Element 'Object Repository/iOS/Send Money Screen/Generic text' is exist

2018-11-16 19:56:13 - [MESSAGE][PASSED] - global.verify_element.exist is PASSED

2018-11-16 19:56:13 - [TEST_STEP][PASSED] - global.verify_element.exist: global.verify_element.exist is PASSED

2018-11-16 19:56:16 - [MESSAGE][PASSED] - Element 'Object Repository/iOS/Send Money Screen/Generic text' is exist

2018-11-16 19:56:16 - [MESSAGE][PASSED] - global.verify_element.exist is PASSED]]></system-out>
         <system-err><![CDATA[]]></system-err>
      </testcase>
      <testcase name="Test Cases/iOS/Send Money Branch/SMB_10" classname="Test Cases/iOS/Send Money Branch/SMB_10" status="PASSED">
         <system-out><![CDATA[2018-11-16 19:56:16 - [TEST_CASE][PASSED] - Test Cases/iOS/Send Money Branch/SMB_10: Test Cases/iOS/Send Money Branch/SMB_10

2018-11-16 19:56:16 - [TEST_STEP][PASSED] - Statement - Country_dropdown = com.kms.katalon.core.testobject.ObjectRepository.findTestObject(iOS/Send Money screen/Generic field, [value:Vietnam]): Finding Test Object with id 'Object Repository/iOS/Send Money screen/Generic field'

2018-11-16 19:56:16 - [TEST_STEP][PASSED] - iOS.send_money_screen.tapCurrentAddress: iOS.send_money_screen.tapCurrentAddress is PASSED

2018-11-16 19:56:20 - [MESSAGE][PASSED] - Element 'Object Repository/iOS/Send Money screen/Current Address button' is present

2018-11-16 19:56:23 - [MESSAGE][PASSED] - Tapped on element 'Object Repository/iOS/Send Money screen/Current Address button'

2018-11-16 19:56:23 - [MESSAGE][PASSED] - iOS.send_money_screen.tapCurrentAddress is PASSED

2018-11-16 19:56:23 - [TEST_STEP][PASSED] - global.verify_element.text: global.verify_element.text is PASSED

2018-11-16 19:56:30 - [MESSAGE][PASSED] - Actual text and expected text of test object 'Object Repository/iOS/Send Money screen/Generic field' are matched.

2018-11-16 19:56:30 - [MESSAGE][PASSED] - global.verify_element.text is PASSED]]></system-out>
         <system-err><![CDATA[]]></system-err>
      </testcase>
      <testcase name="Test Cases/iOS/Send Money Branch/SMB_11" classname="Test Cases/iOS/Send Money Branch/SMB_11" status="PASSED">
         <system-out><![CDATA[2018-11-16 19:56:30 - [TEST_CASE][PASSED] - Test Cases/iOS/Send Money Branch/SMB_11: Test Cases/iOS/Send Money Branch/SMB_11

2018-11-16 19:56:30 - [TEST_STEP][PASSED] - global.verify_element.exist: global.verify_element.exist is PASSED

2018-11-16 19:56:33 - [MESSAGE][PASSED] - Element 'Object Repository/iOS/Send Money screen/ProvinceState field' is exist

2018-11-16 19:56:33 - [MESSAGE][PASSED] - global.verify_element.exist is PASSED

2018-11-16 19:56:33 - [TEST_STEP][PASSED] - global.verify_element.exist: global.verify_element.exist is PASSED

2018-11-16 19:56:36 - [MESSAGE][PASSED] - Element 'Object Repository/iOS/Send Money screen/DistrictCity field' is exist

2018-11-16 19:56:36 - [MESSAGE][PASSED] - global.verify_element.exist is PASSED

2018-11-16 19:56:36 - [TEST_STEP][PASSED] - Statement - Country_dropdown = com.kms.katalon.core.testobject.ObjectRepository.findTestObject(iOS/Send Money screen/Generic field, [value:Vietnam]): Finding Test Object with id 'Object Repository/iOS/Send Money screen/Generic field'

2018-11-16 19:56:36 - [TEST_STEP][PASSED] - iOS.send_money_screen.selectDropdown: iOS.send_money_screen.selectDropdown is PASSED

2018-11-16 19:56:41 - [MESSAGE][PASSED] - Tapped on element 'Object Repository/iOS/Send Money screen/Generic field'

2018-11-16 19:57:13 - [MESSAGE][PASSED] - iOS.send_money_screen.selectDropdown is PASSED

2018-11-16 19:57:13 - [TEST_STEP][PASSED] - global.verify_element.notExist: global.verify_element.notExist is PASSED

2018-11-16 19:57:19 - [MESSAGE][PASSED] - Element 'Object Repository/iOS/Send Money screen/ProvinceState field' not found

2018-11-16 19:57:19 - [MESSAGE][PASSED] - global.verify_element.notExist is PASSED

2018-11-16 19:57:19 - [TEST_STEP][PASSED] - global.verify_element.notExist: global.verify_element.notExist is PASSED

2018-11-16 19:57:24 - [MESSAGE][PASSED] - Element 'Object Repository/iOS/Send Money screen/DistrictCity field' not found

2018-11-16 19:57:24 - [MESSAGE][PASSED] - global.verify_element.notExist is PASSED

2018-11-16 19:57:24 - [TEST_STEP][PASSED] - global.verify_element.exist: global.verify_element.exist is PASSED

2018-11-16 19:57:28 - [MESSAGE][PASSED] - Element 'Object Repository/iOS/Send Money screen/ProvinceState required field' is exist

2018-11-16 19:57:28 - [MESSAGE][PASSED] - global.verify_element.exist is PASSED

2018-11-16 19:57:28 - [TEST_STEP][PASSED] - global.verify_element.exist: global.verify_element.exist is PASSED

2018-11-16 19:57:31 - [MESSAGE][PASSED] - Element 'Object Repository/iOS/Send Money screen/DistrictCity required field' is exist

2018-11-16 19:57:31 - [MESSAGE][PASSED] - global.verify_element.exist is PASSED]]></system-out>
         <system-err><![CDATA[]]></system-err>
      </testcase>
      <testcase name="Test Cases/iOS/Send Money Branch/SMB_12" classname="Test Cases/iOS/Send Money Branch/SMB_12" status="PASSED">
         <system-out><![CDATA[2018-11-16 19:57:31 - [TEST_CASE][PASSED] - Test Cases/iOS/Send Money Branch/SMB_12: Test Cases/iOS/Send Money Branch/SMB_12

2018-11-16 19:57:31 - [TEST_STEP][PASSED] - Statement - Country_dropdown = <not implemented yet for class: org.codehaus.groovy.ast.expr.EmptyExpression>: null

2018-11-16 19:57:31 - [TEST_STEP][PASSED] - Statement - Country_dropdown = com.kms.katalon.core.testobject.ObjectRepository.findTestObject(iOS/Send Money screen/Generic field, [value:Mexico]): Finding Test Object with id 'Object Repository/iOS/Send Money screen/Generic field'

2018-11-16 19:57:31 - [TEST_STEP][PASSED] - iOS.send_money_screen.selectDropdown: iOS.send_money_screen.selectDropdown is PASSED

2018-11-16 19:57:35 - [MESSAGE][PASSED] - Tapped on element 'Object Repository/iOS/Send Money screen/Generic field'

2018-11-16 19:58:08 - [MESSAGE][PASSED] - iOS.send_money_screen.selectDropdown is PASSED

2018-11-16 19:58:08 - [TEST_STEP][PASSED] - global.verify_element.notExist: global.verify_element.notExist is PASSED

2018-11-16 19:58:13 - [MESSAGE][PASSED] - Element 'Object Repository/iOS/Send Money screen/ProvinceState field' not found

2018-11-16 19:58:13 - [MESSAGE][PASSED] - global.verify_element.notExist is PASSED

2018-11-16 19:58:13 - [TEST_STEP][PASSED] - global.verify_element.notExist: global.verify_element.notExist is PASSED

2018-11-16 19:58:19 - [MESSAGE][PASSED] - Element 'Object Repository/iOS/Send Money screen/DistrictCity field' not found

2018-11-16 19:58:19 - [MESSAGE][PASSED] - global.verify_element.notExist is PASSED

2018-11-16 19:58:19 - [TEST_STEP][PASSED] - global.verify_element.exist: global.verify_element.exist is PASSED

2018-11-16 19:58:23 - [MESSAGE][PASSED] - Element 'Object Repository/iOS/Send Money screen/ProvinceState required field' is exist

2018-11-16 19:58:23 - [MESSAGE][PASSED] - global.verify_element.exist is PASSED

2018-11-16 19:58:23 - [TEST_STEP][PASSED] - global.verify_element.exist: global.verify_element.exist is PASSED

2018-11-16 19:58:26 - [MESSAGE][PASSED] - Element 'Object Repository/iOS/Send Money screen/DistrictCity required field' is exist

2018-11-16 19:58:26 - [MESSAGE][PASSED] - global.verify_element.exist is PASSED

2018-11-16 19:58:26 - [TEST_STEP][PASSED] - Statement - Country_dropdown = com.kms.katalon.core.testobject.ObjectRepository.findTestObject(iOS/Send Money screen/Generic field, [value:United States]): Finding Test Object with id 'Object Repository/iOS/Send Money screen/Generic field'

2018-11-16 19:58:26 - [TEST_STEP][PASSED] - iOS.send_money_screen.selectDropdown: iOS.send_money_screen.selectDropdown is PASSED

2018-11-16 19:58:30 - [MESSAGE][PASSED] - Tapped on element 'Object Repository/iOS/Send Money screen/Generic field'

2018-11-16 19:59:02 - [MESSAGE][PASSED] - iOS.send_money_screen.selectDropdown is PASSED

2018-11-16 19:59:02 - [TEST_STEP][PASSED] - global.verify_element.notExist: global.verify_element.notExist is PASSED

2018-11-16 19:59:08 - [MESSAGE][PASSED] - Element 'Object Repository/iOS/Send Money screen/ProvinceState field' not found

2018-11-16 19:59:08 - [MESSAGE][PASSED] - global.verify_element.notExist is PASSED

2018-11-16 19:59:08 - [TEST_STEP][PASSED] - global.verify_element.notExist: global.verify_element.notExist is PASSED

2018-11-16 19:59:13 - [MESSAGE][PASSED] - Element 'Object Repository/iOS/Send Money screen/DistrictCity field' not found

2018-11-16 19:59:13 - [MESSAGE][PASSED] - global.verify_element.notExist is PASSED

2018-11-16 19:59:13 - [TEST_STEP][PASSED] - global.verify_element.exist: global.verify_element.exist is PASSED

2018-11-16 19:59:17 - [MESSAGE][PASSED] - Element 'Object Repository/iOS/Send Money screen/ProvinceState required field' is exist

2018-11-16 19:59:17 - [MESSAGE][PASSED] - global.verify_element.exist is PASSED

2018-11-16 19:59:17 - [TEST_STEP][PASSED] - global.verify_element.exist: global.verify_element.exist is PASSED

2018-11-16 19:59:20 - [MESSAGE][PASSED] - Element 'Object Repository/iOS/Send Money screen/DistrictCity required field' is exist

2018-11-16 19:59:20 - [MESSAGE][PASSED] - global.verify_element.exist is PASSED]]></system-out>
         <system-err><![CDATA[]]></system-err>
      </testcase>
      <testcase name="Test Cases/iOS/Send Money Branch/SMB_13" classname="Test Cases/iOS/Send Money Branch/SMB_13" status="PASSED">
         <system-out><![CDATA[2018-11-16 19:59:20 - [TEST_CASE][PASSED] - Test Cases/iOS/Send Money Branch/SMB_13: Test Cases/iOS/Send Money Branch/SMB_13

2018-11-16 19:59:21 - [TEST_STEP][PASSED] - Statement - Postal_field = com.kms.katalon.core.testobject.ObjectRepository.findTestObject(iOS/Send Money screen/Generic field, [value:3117]): Finding Test Object with id 'Object Repository/iOS/Send Money screen/Generic field'

2018-11-16 19:59:21 - [TEST_STEP][PASSED] - iOS.send_money_screen.enterField: iOS.send_money_screen.enterField is PASSED

2018-11-16 19:59:26 - [MESSAGE][PASSED] - Text '1234567890' has been set to element 'Object Repository/iOS/Send Money screen/Generic field'

2018-11-16 19:59:31 - [MESSAGE][PASSED] - Tapped on element 'Object Repository/iOS/Send Money screen/Toolbar Done button'

2018-11-16 19:59:31 - [MESSAGE][PASSED] - iOS.send_money_screen.enterField is PASSED

2018-11-16 19:59:31 - [TEST_STEP][PASSED] - Statement - Postal_Field = com.kms.katalon.core.testobject.ObjectRepository.findTestObject(iOS/Send Money screen/Generic field, [value:123456789]): Finding Test Object with id 'Object Repository/iOS/Send Money screen/Generic field'

2018-11-16 19:59:31 - [TEST_STEP][PASSED] - global.verify_element.text: global.verify_element.text is PASSED

2018-11-16 19:59:35 - [MESSAGE][PASSED] - Actual text and expected text of test object 'Object Repository/iOS/Send Money screen/Generic field' are matched.

2018-11-16 19:59:35 - [MESSAGE][PASSED] - global.verify_element.text is PASSED]]></system-out>
         <system-err><![CDATA[]]></system-err>
      </testcase>
      <testcase name="Test Cases/iOS/Send Money Branch/SMB_14" classname="Test Cases/iOS/Send Money Branch/SMB_14" status="PASSED">
         <system-out><![CDATA[2018-11-16 19:59:35 - [TEST_CASE][PASSED] - Test Cases/iOS/Send Money Branch/SMB_14: Test Cases/iOS/Send Money Branch/SMB_14

2018-11-16 19:59:35 - [TEST_STEP][PASSED] - Statement - UnitHouse_NumberBuildingStreet_field = <not implemented yet for class: org.codehaus.groovy.ast.expr.EmptyExpression>: null

2018-11-16 19:59:35 - [TEST_STEP][PASSED] - Statement - UnitHouse_NumberBuildingStreet_field = com.kms.katalon.core.testobject.ObjectRepository.findTestObject(iOS/Send Money screen/Generic field, [value:086 Bgy Loob]): Finding Test Object with id 'Object Repository/iOS/Send Money screen/Generic field'

2018-11-16 19:59:35 - [TEST_STEP][PASSED] - iOS.send_money_screen.enterField: iOS.send_money_screen.enterField is PASSED

2018-11-16 19:59:42 - [MESSAGE][PASSED] - Text '123qwertyuiopasdfghjklzxcvbnmqwertyuirtrt' has been set to element 'Object Repository/iOS/Send Money screen/Generic field'

2018-11-16 19:59:48 - [MESSAGE][PASSED] - Tapped on element 'Object Repository/iOS/Send Money screen/Toolbar Done button'

2018-11-16 19:59:48 - [MESSAGE][PASSED] - iOS.send_money_screen.enterField is PASSED

2018-11-16 19:59:48 - [TEST_STEP][PASSED] - Statement - UnitHouse_NumberBuildingStreet_field = com.kms.katalon.core.testobject.ObjectRepository.findTestObject(iOS/Send Money screen/Generic field, [value:123qwertyuiopasdfghjklzxcvbnmqwertyuirtr]): Finding Test Object with id 'Object Repository/iOS/Send Money screen/Generic field'

2018-11-16 19:59:48 - [TEST_STEP][PASSED] - global.verify_element.text: global.verify_element.text is PASSED

2018-11-16 19:59:52 - [MESSAGE][PASSED] - Actual text and expected text of test object 'Object Repository/iOS/Send Money screen/Generic field' are matched.

2018-11-16 19:59:52 - [MESSAGE][PASSED] - global.verify_element.text is PASSED]]></system-out>
         <system-err><![CDATA[]]></system-err>
      </testcase>
      <testcase name="Test Cases/iOS/Send Money Branch/SMB_15" classname="Test Cases/iOS/Send Money Branch/SMB_15" status="PASSED">
         <system-out><![CDATA[2018-11-16 19:59:52 - [TEST_CASE][PASSED] - Test Cases/iOS/Send Money Branch/SMB_15: Test Cases/iOS/Send Money Branch/SMB_15

2018-11-16 19:59:52 - [TEST_STEP][PASSED] - Statement - Destination_Country_field = <not implemented yet for class: org.codehaus.groovy.ast.expr.EmptyExpression>: null

2018-11-16 19:59:52 - [TEST_STEP][PASSED] - Statement - Destination_Country_field = com.kms.katalon.core.testobject.ObjectRepository.findTestObject(iOS/Send Money screen/Generic field, [value:Vietnam]): Finding Test Object with id 'Object Repository/iOS/Send Money screen/Generic field'

2018-11-16 19:59:52 - [TEST_STEP][PASSED] - iOS.send_money_screen.selectDropdown: iOS.send_money_screen.selectDropdown is PASSED

2018-11-16 19:59:56 - [MESSAGE][PASSED] - Tapped on element 'Object Repository/iOS/Send Money screen/Generic field'

2018-11-16 20:00:28 - [MESSAGE][PASSED] - iOS.send_money_screen.selectDropdown is PASSED

2018-11-16 20:00:28 - [TEST_STEP][PASSED] - Statement - Destination_Country_field = com.kms.katalon.core.testobject.ObjectRepository.findTestObject(iOS/Send Money screen/Generic field, [value:Mexico]): Finding Test Object with id 'Object Repository/iOS/Send Money screen/Generic field'

2018-11-16 20:00:28 - [TEST_STEP][PASSED] - global.verify_element.text: global.verify_element.text is PASSED

2018-11-16 20:00:33 - [MESSAGE][PASSED] - Actual text and expected text of test object 'Object Repository/iOS/Send Money screen/Generic field' are matched.

2018-11-16 20:00:33 - [MESSAGE][PASSED] - global.verify_element.text is PASSED]]></system-out>
         <system-err><![CDATA[]]></system-err>
      </testcase>
      <testcase name="Test Cases/iOS/Send Money Branch/SMB_16" classname="Test Cases/iOS/Send Money Branch/SMB_16" status="PASSED">
         <system-out><![CDATA[2018-11-16 20:00:33 - [TEST_CASE][PASSED] - Test Cases/iOS/Send Money Branch/SMB_16: Test Cases/iOS/Send Money Branch/SMB_16

2018-11-16 20:00:33 - [TEST_STEP][PASSED] - global.verify_element.exist: global.verify_element.exist is PASSED

2018-11-16 20:00:40 - [MESSAGE][PASSED] - Element 'Object Repository/iOS/Send Money screen/Destination ProvinceState required field' is exist

2018-11-16 20:00:40 - [MESSAGE][PASSED] - global.verify_element.exist is PASSED

2018-11-16 20:00:40 - [TEST_STEP][PASSED] - global.verify_element.exist: global.verify_element.exist is PASSED

2018-11-16 20:00:46 - [MESSAGE][PASSED] - Element 'Object Repository/iOS/Send Money screen/Destination DistrictCity required field' is exist

2018-11-16 20:00:46 - [MESSAGE][PASSED] - global.verify_element.exist is PASSED]]></system-out>
         <system-err><![CDATA[]]></system-err>
      </testcase>
      <testcase name="Test Cases/iOS/Send Money Branch/SMB_20" classname="Test Cases/iOS/Send Money Branch/SMB_20" status="PASSED">
         <system-out><![CDATA[2018-11-16 20:00:46 - [TEST_CASE][PASSED] - Test Cases/iOS/Send Money Branch/SMB_20: Test Cases/iOS/Send Money Branch/SMB_20

2018-11-16 20:00:46 - [TEST_STEP][PASSED] - iOS.send_money_screen.tapClose: iOS.send_money_screen.tapClose is PASSED

2018-11-16 20:00:50 - [MESSAGE][PASSED] - Tapped on element 'Object Repository/iOS/Send Money screen/Close button'

2018-11-16 20:00:50 - [MESSAGE][PASSED] - iOS.send_money_screen.tapClose is PASSED

2018-11-16 20:00:50 - [TEST_STEP][PASSED] - iOS.send_money_screen.tapSenderEmploymentInformation: iOS.send_money_screen.tapSenderEmploymentInformation is PASSED

2018-11-16 20:00:55 - [MESSAGE][PASSED] - Tapped on element 'Object Repository/iOS/Send Money screen/Sender Employment Information button'

2018-11-16 20:00:55 - [MESSAGE][PASSED] - iOS.send_money_screen.tapSenderEmploymentInformation is PASSED

2018-11-16 20:00:55 - [TEST_STEP][PASSED] - global.verify_element.exist: global.verify_element.exist is PASSED

2018-11-16 20:00:59 - [MESSAGE][PASSED] - Element 'Object Repository/iOS/Send Money screen/Occupation field' is exist

2018-11-16 20:00:59 - [MESSAGE][PASSED] - global.verify_element.exist is PASSED

2018-11-16 20:00:59 - [TEST_STEP][PASSED] - global.verify_element.exist: global.verify_element.exist is PASSED

2018-11-16 20:01:02 - [MESSAGE][PASSED] - Element 'Object Repository/iOS/Send Money screen/Source of Funds field' is exist

2018-11-16 20:01:02 - [MESSAGE][PASSED] - global.verify_element.exist is PASSED]]></system-out>
         <system-err><![CDATA[]]></system-err>
      </testcase>
      <testcase name="Test Cases/iOS/Send Money Branch/SMB_25" classname="Test Cases/iOS/Send Money Branch/SMB_25" status="PASSED">
         <system-out><![CDATA[2018-11-16 20:01:02 - [TEST_CASE][PASSED] - Test Cases/iOS/Send Money Branch/SMB_25: Test Cases/iOS/Send Money Branch/SMB_25

2018-11-16 20:01:02 - [TEST_STEP][PASSED] - Statement - Occupation_is_required_error = com.kms.katalon.core.testobject.ObjectRepository.findTestObject(iOS/Send Money screen/Generic text, [label:Occupation is required]): Finding Test Object with id 'Object Repository/iOS/Send Money screen/Generic text'

2018-11-16 20:01:02 - [TEST_STEP][PASSED] - Statement - Position_is_required_error = com.kms.katalon.core.testobject.ObjectRepository.findTestObject(iOS/Send Money screen/Generic text, [label:Position is required]): Finding Test Object with id 'Object Repository/iOS/Send Money screen/Generic text'

2018-11-16 20:01:02 - [TEST_STEP][PASSED] - Statement - Source_of_funds_is_required_error = com.kms.katalon.core.testobject.ObjectRepository.findTestObject(iOS/Send Money screen/Generic text, [label:Source of funds is required]): Finding Test Object with id 'Object Repository/iOS/Send Money screen/Generic text'

2018-11-16 20:01:02 - [TEST_STEP][PASSED] - Statement - Employer_is_required_error = com.kms.katalon.core.testobject.ObjectRepository.findTestObject(iOS/Send Money screen/Generic text, [label:Employer is required]): Finding Test Object with id 'Object Repository/iOS/Send Money screen/Generic text'

2018-11-16 20:01:02 - [TEST_STEP][PASSED] - iOS.send_money_screen.tapSave: iOS.send_money_screen.tapSave is PASSED

2018-11-16 20:01:05 - [MESSAGE][PASSED] - Tapped on element 'Object Repository/iOS/Send Money screen/Save button'

2018-11-16 20:01:08 - [MESSAGE][PASSED] - Delayed 3 second(s)

2018-11-16 20:01:08 - [MESSAGE][PASSED] - iOS.send_money_screen.tapSave is PASSED

2018-11-16 20:01:08 - [TEST_STEP][PASSED] - global.verify_element.exist: global.verify_element.exist is PASSED

2018-11-16 20:01:11 - [MESSAGE][PASSED] - Element 'Object Repository/iOS/Send Money screen/Generic text' is exist

2018-11-16 20:01:11 - [MESSAGE][PASSED] - global.verify_element.exist is PASSED

2018-11-16 20:01:11 - [TEST_STEP][PASSED] - global.verify_element.exist: global.verify_element.exist is PASSED

2018-11-16 20:01:14 - [MESSAGE][PASSED] - Element 'Object Repository/iOS/Send Money screen/Generic text' is exist

2018-11-16 20:01:14 - [MESSAGE][PASSED] - global.verify_element.exist is PASSED

2018-11-16 20:01:14 - [TEST_STEP][PASSED] - global.verify_element.exist: global.verify_element.exist is PASSED

2018-11-16 20:01:17 - [MESSAGE][PASSED] - Element 'Object Repository/iOS/Send Money screen/Generic text' is exist

2018-11-16 20:01:17 - [MESSAGE][PASSED] - global.verify_element.exist is PASSED

2018-11-16 20:01:17 - [TEST_STEP][PASSED] - global.verify_element.exist: global.verify_element.exist is PASSED

2018-11-16 20:01:20 - [MESSAGE][PASSED] - Element 'Object Repository/iOS/Send Money screen/Generic text' is exist

2018-11-16 20:01:20 - [MESSAGE][PASSED] - global.verify_element.exist is PASSED]]></system-out>
         <system-err><![CDATA[]]></system-err>
      </testcase>
      <testcase name="Test Cases/iOS/Send Money Branch/SMB_21" classname="Test Cases/iOS/Send Money Branch/SMB_21" status="PASSED">
         <system-out><![CDATA[2018-11-16 20:01:20 - [TEST_CASE][PASSED] - Test Cases/iOS/Send Money Branch/SMB_21: Test Cases/iOS/Send Money Branch/SMB_21

2018-11-16 20:01:20 - [TEST_STEP][PASSED] - Statement - sendMoneyScreen = sendMoneyScreen_iOS: null

2018-11-16 20:01:20 - [TEST_STEP][PASSED] - iOS.send_money_screen.selectOccupation: iOS.send_money_screen.selectOccupation is PASSED

2018-11-16 20:01:23 - [MESSAGE][PASSED] - Tapped on element 'Object Repository/iOS/Send Money screen/Occupation field'

2018-11-16 20:01:34 - [MESSAGE][PASSED] - iOS.send_money_screen.selectOccupation is PASSED

2018-11-16 20:01:34 - [TEST_STEP][PASSED] - global.verify_element.exist: global.verify_element.exist is PASSED

2018-11-16 20:01:37 - [MESSAGE][PASSED] - Element 'Object Repository/iOS/Send Money screen/Source of Funds field' is exist

2018-11-16 20:01:37 - [MESSAGE][PASSED] - global.verify_element.exist is PASSED

2018-11-16 20:01:37 - [TEST_STEP][PASSED] - global.verify_element.notExist: global.verify_element.notExist is PASSED

2018-11-16 20:01:43 - [MESSAGE][PASSED] - Element 'Object Repository/iOS/Send Money screen/Position field' not found

2018-11-16 20:01:43 - [MESSAGE][PASSED] - global.verify_element.notExist is PASSED

2018-11-16 20:01:43 - [TEST_STEP][PASSED] - global.verify_element.notExist: global.verify_element.notExist is PASSED

2018-11-16 20:01:48 - [MESSAGE][PASSED] - Element 'Object Repository/iOS/Send Money screen/Employer Name field' not found

2018-11-16 20:01:48 - [MESSAGE][PASSED] - global.verify_element.notExist is PASSED

2018-11-16 20:01:48 - [TEST_STEP][PASSED] - Statement - Occupation_field = com.kms.katalon.core.testobject.ObjectRepository.findTestObject((sendMoneyScreen + Generic field), [value:Unemployed]): Finding Test Object with id 'Object Repository/iOS/Send Money screen/Generic field'

2018-11-16 20:01:48 - [TEST_STEP][PASSED] - iOS.send_money_screen.selectDropdown: iOS.send_money_screen.selectDropdown is PASSED

2018-11-16 20:01:51 - [MESSAGE][PASSED] - Tapped on element 'Object Repository/iOS/Send Money screen/Generic field'

2018-11-16 20:02:02 - [MESSAGE][PASSED] - iOS.send_money_screen.selectDropdown is PASSED

2018-11-16 20:02:02 - [TEST_STEP][PASSED] - global.verify_element.exist: global.verify_element.exist is PASSED

2018-11-16 20:02:06 - [MESSAGE][PASSED] - Element 'Object Repository/iOS/Send Money screen/Source of Funds field' is exist

2018-11-16 20:02:06 - [MESSAGE][PASSED] - global.verify_element.exist is PASSED

2018-11-16 20:02:06 - [TEST_STEP][PASSED] - global.verify_element.notExist: global.verify_element.notExist is PASSED

2018-11-16 20:02:11 - [MESSAGE][PASSED] - Element 'Object Repository/iOS/Send Money screen/Position field' not found

2018-11-16 20:02:11 - [MESSAGE][PASSED] - global.verify_element.notExist is PASSED

2018-11-16 20:02:11 - [TEST_STEP][PASSED] - global.verify_element.exist: global.verify_element.exist is PASSED

2018-11-16 20:02:14 - [MESSAGE][PASSED] - Element 'Object Repository/iOS/Send Money screen/School Name field' is exist

2018-11-16 20:02:14 - [MESSAGE][PASSED] - global.verify_element.exist is PASSED

2018-11-16 20:02:14 - [TEST_STEP][PASSED] - Statement - Occupation_field = com.kms.katalon.core.testobject.ObjectRepository.findTestObject((sendMoneyScreen + Generic field), [value:Student]): Finding Test Object with id 'Object Repository/iOS/Send Money screen/Generic field'

2018-11-16 20:02:14 - [TEST_STEP][PASSED] - iOS.send_money_screen.selectDropdown: iOS.send_money_screen.selectDropdown is PASSED

2018-11-16 20:02:17 - [MESSAGE][PASSED] - Tapped on element 'Object Repository/iOS/Send Money screen/Generic field'

2018-11-16 20:02:28 - [MESSAGE][PASSED] - iOS.send_money_screen.selectDropdown is PASSED

2018-11-16 20:02:28 - [TEST_STEP][PASSED] - global.verify_element.exist: global.verify_element.exist is PASSED

2018-11-16 20:02:32 - [MESSAGE][PASSED] - Element 'Object Repository/iOS/Send Money screen/Source of Funds field' is exist

2018-11-16 20:02:32 - [MESSAGE][PASSED] - global.verify_element.exist is PASSED

2018-11-16 20:02:32 - [TEST_STEP][PASSED] - global.verify_element.notExist: global.verify_element.notExist is PASSED

2018-11-16 20:02:37 - [MESSAGE][PASSED] - Element 'Object Repository/iOS/Send Money screen/Position field' not found

2018-11-16 20:02:37 - [MESSAGE][PASSED] - global.verify_element.notExist is PASSED

2018-11-16 20:02:37 - [TEST_STEP][PASSED] - global.verify_element.exist: global.verify_element.exist is PASSED

2018-11-16 20:02:39 - [MESSAGE][PASSED] - Element 'Object Repository/iOS/Send Money screen/Employer Name field' is exist

2018-11-16 20:02:39 - [MESSAGE][PASSED] - global.verify_element.exist is PASSED

2018-11-16 20:02:39 - [TEST_STEP][PASSED] - Statement - Occupation_field = com.kms.katalon.core.testobject.ObjectRepository.findTestObject((sendMoneyScreen + Generic field), [value:Driver]): Finding Test Object with id 'Object Repository/iOS/Send Money screen/Generic field'

2018-11-16 20:02:39 - [TEST_STEP][PASSED] - iOS.send_money_screen.selectDropdown: iOS.send_money_screen.selectDropdown is PASSED

2018-11-16 20:02:42 - [MESSAGE][PASSED] - Tapped on element 'Object Repository/iOS/Send Money screen/Generic field'

2018-11-16 20:02:54 - [MESSAGE][PASSED] - iOS.send_money_screen.selectDropdown is PASSED

2018-11-16 20:02:54 - [TEST_STEP][PASSED] - global.verify_element.exist: global.verify_element.exist is PASSED

2018-11-16 20:02:58 - [MESSAGE][PASSED] - Element 'Object Repository/iOS/Send Money screen/Source of Funds field' is exist

2018-11-16 20:02:58 - [MESSAGE][PASSED] - global.verify_element.exist is PASSED

2018-11-16 20:02:58 - [TEST_STEP][PASSED] - global.verify_element.exist: global.verify_element.exist is PASSED

2018-11-16 20:03:01 - [MESSAGE][PASSED] - Element 'Object Repository/iOS/Send Money screen/Position field' is exist

2018-11-16 20:03:01 - [MESSAGE][PASSED] - global.verify_element.exist is PASSED

2018-11-16 20:03:01 - [TEST_STEP][PASSED] - global.verify_element.exist: global.verify_element.exist is PASSED

2018-11-16 20:03:04 - [MESSAGE][PASSED] - Element 'Object Repository/iOS/Send Money screen/Employer Name field' is exist

2018-11-16 20:03:04 - [MESSAGE][PASSED] - global.verify_element.exist is PASSED]]></system-out>
         <system-err><![CDATA[]]></system-err>
      </testcase>
      <testcase name="Test Cases/iOS/Send Money Branch/SMB_22" classname="Test Cases/iOS/Send Money Branch/SMB_22" status="PASSED">
         <system-out><![CDATA[2018-11-16 20:03:04 - [TEST_CASE][PASSED] - Test Cases/iOS/Send Money Branch/SMB_22: Test Cases/iOS/Send Money Branch/SMB_22

2018-11-16 20:03:04 - [TEST_STEP][PASSED] - Statement - Position_field = com.kms.katalon.core.testobject.ObjectRepository.findTestObject(iOS/Send Money screen/Generic field, [value:Entry Level]): Finding Test Object with id 'Object Repository/iOS/Send Money screen/Generic field'

2018-11-16 20:03:04 - [TEST_STEP][PASSED] - iOS.send_money_screen.selectPosition: iOS.send_money_screen.selectPosition is PASSED

2018-11-16 20:03:07 - [MESSAGE][PASSED] - Tapped on element 'Object Repository/iOS/Send Money screen/Position field'

2018-11-16 20:03:15 - [MESSAGE][PASSED] - iOS.send_money_screen.selectPosition is PASSED

2018-11-16 20:03:15 - [TEST_STEP][PASSED] - global.verify_element.text: global.verify_element.text is PASSED

2018-11-16 20:03:19 - [MESSAGE][PASSED] - Actual text and expected text of test object 'Object Repository/iOS/Send Money screen/Generic field' are matched.

2018-11-16 20:03:19 - [MESSAGE][PASSED] - global.verify_element.text is PASSED]]></system-out>
         <system-err><![CDATA[]]></system-err>
      </testcase>
      <testcase name="Test Cases/iOS/Send Money Branch/SMB_23" classname="Test Cases/iOS/Send Money Branch/SMB_23" status="PASSED">
         <system-out><![CDATA[2018-11-16 20:03:19 - [TEST_CASE][PASSED] - Test Cases/iOS/Send Money Branch/SMB_23: Test Cases/iOS/Send Money Branch/SMB_23

2018-11-16 20:03:19 - [TEST_STEP][PASSED] - iOS.send_money_screen.selectSourceOfFunds: iOS.send_money_screen.selectSourceOfFunds is PASSED

2018-11-16 20:03:22 - [MESSAGE][PASSED] - Tapped on element 'Object Repository/iOS/Send Money screen/Source of Funds field'

2018-11-16 20:03:30 - [MESSAGE][PASSED] - iOS.send_money_screen.selectSourceOfFunds is PASSED

2018-11-16 20:03:30 - [TEST_STEP][PASSED] - Statement - Source_of_Funds_field = com.kms.katalon.core.testobject.ObjectRepository.findTestObject(iOS/Send Money screen/Generic field, [value:Salary/Income]): Finding Test Object with id 'Object Repository/iOS/Send Money screen/Generic field'

2018-11-16 20:03:30 - [TEST_STEP][PASSED] - global.verify_element.text: global.verify_element.text is PASSED

2018-11-16 20:03:34 - [MESSAGE][PASSED] - Actual text and expected text of test object 'Object Repository/iOS/Send Money screen/Generic field' are matched.

2018-11-16 20:03:34 - [MESSAGE][PASSED] - global.verify_element.text is PASSED]]></system-out>
         <system-err><![CDATA[]]></system-err>
      </testcase>
      <testcase name="Test Cases/iOS/Send Money Branch/SMB_24" classname="Test Cases/iOS/Send Money Branch/SMB_24" status="PASSED">
         <system-out><![CDATA[2018-11-16 20:03:34 - [TEST_CASE][PASSED] - Test Cases/iOS/Send Money Branch/SMB_24: Test Cases/iOS/Send Money Branch/SMB_24

2018-11-16 20:03:34 - [TEST_STEP][PASSED] - iOS.send_money_screen.enterEmployerName: iOS.send_money_screen.enterEmployerName is PASSED

2018-11-16 20:03:39 - [MESSAGE][PASSED] - Text 'White Cloak Inc.' has been set to element 'Object Repository/iOS/Send Money screen/Employer Name field'

2018-11-16 20:03:39 - [MESSAGE][PASSED] - iOS.send_money_screen.enterEmployerName is PASSED

2018-11-16 20:03:39 - [TEST_STEP][PASSED] - Statement - Employer_Name_field = com.kms.katalon.core.testobject.ObjectRepository.findTestObject(iOS/Send Money screen/Generic field, [value:White Cloak Inc.]): Finding Test Object with id 'Object Repository/iOS/Send Money screen/Generic field'

2018-11-16 20:03:39 - [TEST_STEP][PASSED] - global.verify_element.text: global.verify_element.text is PASSED

2018-11-16 20:03:43 - [MESSAGE][PASSED] - Actual text and expected text of test object 'Object Repository/iOS/Send Money screen/Generic field' are matched.

2018-11-16 20:03:43 - [MESSAGE][PASSED] - global.verify_element.text is PASSED]]></system-out>
         <system-err><![CDATA[]]></system-err>
      </testcase>
      <testcase name="Test Cases/iOS/Send Money Branch/SMB_26" classname="Test Cases/iOS/Send Money Branch/SMB_26" status="PASSED">
         <system-out><![CDATA[2018-11-16 20:03:43 - [TEST_CASE][PASSED] - Test Cases/iOS/Send Money Branch/SMB_26: Test Cases/iOS/Send Money Branch/SMB_26

2018-11-16 20:03:43 - [TEST_STEP][PASSED] - Statement - Occupation_and_Level = com.kms.katalon.core.testobject.ObjectRepository.findTestObject(iOS/Send Money screen/Generic text, [label:IT and Tech Professional, Entry Level]): Finding Test Object with id 'Object Repository/iOS/Send Money screen/Generic text'

2018-11-16 20:03:43 - [TEST_STEP][PASSED] - Statement - Source_of_Funds = com.kms.katalon.core.testobject.ObjectRepository.findTestObject(iOS/Send Money screen/Generic text, [label:Salary/Income]): Finding Test Object with id 'Object Repository/iOS/Send Money screen/Generic text'

2018-11-16 20:03:43 - [TEST_STEP][PASSED] - Statement - Employer_Name = com.kms.katalon.core.testobject.ObjectRepository.findTestObject(iOS/Send Money screen/Generic text, [label:White Cloak Inc.]): Finding Test Object with id 'Object Repository/iOS/Send Money screen/Generic text'

2018-11-16 20:03:43 - [TEST_STEP][PASSED] - iOS.send_money_screen.tapSave: iOS.send_money_screen.tapSave is PASSED

2018-11-16 20:03:47 - [MESSAGE][PASSED] - Tapped on element 'Object Repository/iOS/Send Money screen/Save button'

2018-11-16 20:03:50 - [MESSAGE][PASSED] - Delayed 3 second(s)

2018-11-16 20:03:50 - [MESSAGE][PASSED] - iOS.send_money_screen.tapSave is PASSED

2018-11-16 20:03:50 - [TEST_STEP][PASSED] - global.verify_element.exist: global.verify_element.exist is PASSED

2018-11-16 20:03:58 - [MESSAGE][PASSED] - Element 'Object Repository/iOS/Send Money screen/Generic text' is exist

2018-11-16 20:03:58 - [MESSAGE][PASSED] - global.verify_element.exist is PASSED

2018-11-16 20:03:58 - [TEST_STEP][PASSED] - global.verify_element.exist: global.verify_element.exist is PASSED

2018-11-16 20:04:06 - [MESSAGE][PASSED] - Element 'Object Repository/iOS/Send Money screen/Generic text' is exist

2018-11-16 20:04:06 - [MESSAGE][PASSED] - global.verify_element.exist is PASSED

2018-11-16 20:04:06 - [TEST_STEP][PASSED] - global.verify_element.exist: global.verify_element.exist is PASSED

2018-11-16 20:04:13 - [MESSAGE][PASSED] - Element 'Object Repository/iOS/Send Money screen/Generic text' is exist

2018-11-16 20:04:13 - [MESSAGE][PASSED] - global.verify_element.exist is PASSED

2018-11-16 20:04:13 - [TEST_STEP][PASSED] - closeApplication: Close app successfully

2018-11-16 20:04:14 - [MESSAGE][PASSED] - Close app successfully]]></system-out>
         <system-err><![CDATA[]]></system-err>
      </testcase>
      <testcase name="Test Cases/iOS/Send Money Branch/SMB_29" classname="Test Cases/iOS/Send Money Branch/SMB_29" status="PASSED">
         <system-out><![CDATA[2018-11-16 20:04:14 - [TEST_CASE][PASSED] - Test Cases/iOS/Send Money Branch/SMB_29: Test Cases/iOS/Send Money Branch/SMB_29

2018-11-16 20:04:14 - [TEST_STEP][PASSED] - Statement - randomFirstName = new global.random_data().firstName(): null

2018-11-16 20:04:14 - [TEST_STEP][PASSED] - Statement - randomMiddleName = new global.random_data().middleName(): null

2018-11-16 20:04:14 - [TEST_STEP][PASSED] - Statement - randomLastName = new global.random_data().lastName(): null

2018-11-16 20:04:14 - [TEST_STEP][PASSED] - Statement - randomMobileNumber = new global.random_data().mobileNumber(): null

2018-11-16 20:04:14 - [TEST_STEP][PASSED] - Statement - randomPhoneNumber = new global.random_data().phoneNumber(): null

2018-11-16 20:04:14 - [TEST_STEP][PASSED] - Statement - randomSourceOfFunds = new global.random_data().sourceOfFunds(): null

2018-11-16 20:04:14 - [TEST_STEP][PASSED] - Statement - firstName = randomFirstName: null

2018-11-16 20:04:14 - [TEST_STEP][PASSED] - Statement - middleName = randomMiddleName: null

2018-11-16 20:04:14 - [TEST_STEP][PASSED] - Statement - lastName = randomLastName: null

2018-11-16 20:04:14 - [TEST_STEP][PASSED] - Statement - mobileNumber = randomMobileNumber: null

2018-11-16 20:04:14 - [TEST_STEP][PASSED] - Statement - phoneNumber = randomPhoneNumber: null

2018-11-16 20:04:14 - [TEST_STEP][PASSED] - Statement - sourceOfFunds = randomSourceOfFunds: null

2018-11-16 20:04:14 - [TEST_STEP][PASSED] - Statement - Enter_amount_first_error = com.kms.katalon.core.testobject.ObjectRepository.findTestObject(iOS/Send Money screen/Generic text, [label:Please enter amount first]): Finding Test Object with id 'Object Repository/iOS/Send Money screen/Generic text'

2018-11-16 20:04:14 - [TEST_STEP][PASSED] - startApplication: Started app at: '/Users/buenaanda/Documents/mobile-automation-katalon/Data Files/PeraHub_v3.2.0-QAT.app'

2018-11-16 20:04:32 - [MESSAGE][PASSED] - Started app at: '/Users/buenaanda/Documents/mobile-automation-katalon/Data Files/PeraHub_v3.2.0-QAT.app'

2018-11-16 20:04:32 - [TEST_STEP][PASSED] - iOS.login_screen.enterPassword: iOS.login_screen.enterPassword is PASSED

2018-11-16 20:04:36 - [MESSAGE][PASSED] - Text 'Hello!23' has been set to element 'Object Repository/iOS/Login screen/Password field'

2018-11-16 20:04:37 - [MESSAGE][PASSED] - Keyboard is hidden

2018-11-16 20:04:37 - [MESSAGE][PASSED] - iOS.login_screen.enterPassword is PASSED

2018-11-16 20:04:37 - [TEST_STEP][PASSED] - iOS.login_screen.tapSignIn: iOS.login_screen.tapSignIn is PASSED

2018-11-16 20:04:40 - [MESSAGE][PASSED] - Tapped on element 'Object Repository/iOS/Login screen/Sign in button'

2018-11-16 20:04:43 - [MESSAGE][PASSED] - Delayed 3 second(s)

2018-11-16 20:04:43 - [MESSAGE][PASSED] - iOS.login_screen.tapSignIn is PASSED

2018-11-16 20:04:43 - [TEST_STEP][PASSED] - iOS.otp_verification_screen.enterOTP: iOS.otp_verification_screen.enterOTP is PASSED

2018-11-16 20:04:45 - [MESSAGE][PASSED] - Element 'Object Repository/iOS/OTP Verification screen/OTP Verification screen' is present

2018-11-16 20:04:46 - [MESSAGE][PASSED] - iOS.otp_verification_screen.enterOTP is PASSED

2018-11-16 20:04:46 - [TEST_STEP][PASSED] - iOS.navigation_menu.tapTransferMoney: iOS.navigation_menu.tapTransferMoney is PASSED

2018-11-16 20:04:46 - [MESSAGE][WARNING] - Timeout '0' is invalid. Using default page load timeout: '15'

2018-11-16 20:04:53 - [MESSAGE][PASSED] - Tapped on element 'Object Repository/iOS/Navigation menu/Transfer Money menu'

2018-11-16 20:04:53 - [MESSAGE][PASSED] - iOS.navigation_menu.tapTransferMoney is PASSED

2018-11-16 20:04:53 - [TEST_STEP][PASSED] - iOS.transfer_money_screen.tapSendMoney: iOS.transfer_money_screen.tapSendMoney is PASSED

2018-11-16 20:04:53 - [MESSAGE][WARNING] - Timeout '0' is invalid. Using default page load timeout: '15'

2018-11-16 20:04:56 - [MESSAGE][PASSED] - Tapped on element 'Object Repository/iOS/Transfer Money screen/Send Money button'

2018-11-16 20:04:56 - [MESSAGE][PASSED] - iOS.transfer_money_screen.tapSendMoney is PASSED

2018-11-16 20:04:56 - [TEST_STEP][PASSED] - iOS.transfer_money_screen.tapBranchTransaction: iOS.transfer_money_screen.tapBranchTransaction is PASSED

2018-11-16 20:05:04 - [MESSAGE][PASSED] - Tapped on element 'Object Repository/iOS/Transfer Money screen/Branch Transaction button'

2018-11-16 20:05:04 - [MESSAGE][PASSED] - iOS.transfer_money_screen.tapBranchTransaction is PASSED

2018-11-16 20:05:04 - [TEST_STEP][PASSED] - iOS.send_money_screen.tapPersonalInformation: iOS.send_money_screen.tapPersonalInformation is PASSED

2018-11-16 20:05:09 - [MESSAGE][PASSED] - Tapped on element 'Object Repository/iOS/Send Money screen/Personal Information button'

2018-11-16 20:05:09 - [MESSAGE][PASSED] - iOS.send_money_screen.tapPersonalInformation is PASSED

2018-11-16 20:05:09 - [TEST_STEP][PASSED] - iOS.send_money_screen.enterFirstName: iOS.send_money_screen.enterFirstName is PASSED

2018-11-16 20:05:13 - [MESSAGE][PASSED] - Text 'Marcella' has been set to element 'Object Repository/iOS/Send Money screen/First Name field'

2018-11-16 20:05:13 - [MESSAGE][PASSED] - iOS.send_money_screen.enterFirstName is PASSED

2018-11-16 20:05:13 - [TEST_STEP][PASSED] - iOS.send_money_screen.enterMiddleName: iOS.send_money_screen.enterMiddleName is PASSED

2018-11-16 20:05:17 - [MESSAGE][PASSED] - Text 'DuBuque' has been set to element 'Object Repository/iOS/Send Money screen/Middle Name field'

2018-11-16 20:05:17 - [MESSAGE][PASSED] - iOS.send_money_screen.enterMiddleName is PASSED

2018-11-16 20:05:17 - [TEST_STEP][PASSED] - iOS.send_money_screen.enterLastName: iOS.send_money_screen.enterLastName is PASSED

2018-11-16 20:05:22 - [MESSAGE][PASSED] - Text 'Bashirian' has been set to element 'Object Repository/iOS/Send Money screen/Last Name field'

2018-11-16 20:05:22 - [MESSAGE][PASSED] - iOS.send_money_screen.enterLastName is PASSED

2018-11-16 20:05:22 - [TEST_STEP][PASSED] - iOS.send_money_screen.enterMobileNumber: iOS.send_money_screen.enterMobileNumber is PASSED

2018-11-16 20:05:27 - [MESSAGE][PASSED] - Text '58520439619' has been set to element 'Object Repository/iOS/Send Money screen/Mobile Number field'

2018-11-16 20:05:30 - [MESSAGE][PASSED] - Tapped on element 'Object Repository/iOS/Global/Toolbar Done Button'

2018-11-16 20:05:30 - [MESSAGE][PASSED] - iOS.send_money_screen.enterMobileNumber is PASSED

2018-11-16 20:05:30 - [TEST_STEP][PASSED] - iOS.send_money_screen.enterPhoneNumber: iOS.send_money_screen.enterPhoneNumber is PASSED

2018-11-16 20:05:35 - [MESSAGE][PASSED] - Text '87731978' has been set to element 'Object Repository/iOS/Send Money screen/Phone Number field'

2018-11-16 20:05:35 - [MESSAGE][PASSED] - iOS.send_money_screen.enterPhoneNumber is PASSED

2018-11-16 20:05:35 - [TEST_STEP][PASSED] - iOS.send_money_screen.tapSave: iOS.send_money_screen.tapSave is PASSED

2018-11-16 20:05:38 - [MESSAGE][PASSED] - Tapped on element 'Object Repository/iOS/Send Money screen/Save button'

2018-11-16 20:05:41 - [MESSAGE][PASSED] - Delayed 3 second(s)

2018-11-16 20:05:41 - [MESSAGE][PASSED] - iOS.send_money_screen.tapSave is PASSED

2018-11-16 20:05:41 - [TEST_STEP][PASSED] - iOS.send_money_screen.tapCurrentAddress: iOS.send_money_screen.tapCurrentAddress is PASSED

2018-11-16 20:05:44 - [MESSAGE][PASSED] - Element 'Object Repository/iOS/Send Money screen/Current Address button' is present

2018-11-16 20:05:48 - [MESSAGE][PASSED] - Tapped on element 'Object Repository/iOS/Send Money screen/Current Address button'

2018-11-16 20:05:48 - [MESSAGE][PASSED] - iOS.send_money_screen.tapCurrentAddress is PASSED

2018-11-16 20:05:48 - [TEST_STEP][PASSED] - iOS.send_money_screen.selectCountry: iOS.send_money_screen.selectCountry is PASSED

2018-11-16 20:05:54 - [MESSAGE][PASSED] - Tapped on element 'Object Repository/iOS/Send Money screen/Country field'

2018-11-16 20:06:15 - [MESSAGE][PASSED] - iOS.send_money_screen.selectCountry is PASSED

2018-11-16 20:06:15 - [TEST_STEP][PASSED] - iOS.send_money_screen.enterPostal: iOS.send_money_screen.enterPostal is PASSED

2018-11-16 20:06:20 - [MESSAGE][PASSED] - Text '1442' has been set to element 'Object Repository/iOS/Send Money screen/Postal field'

2018-11-16 20:06:25 - [MESSAGE][PASSED] - Tapped on element 'Object Repository/iOS/Global/Toolbar Done Button'

2018-11-16 20:06:25 - [MESSAGE][PASSED] - iOS.send_money_screen.enterPostal is PASSED

2018-11-16 20:06:25 - [TEST_STEP][PASSED] - iOS.send_money_screen.enterUnitHouseNumberBuildingStreet: iOS.send_money_screen.enterUnitHouseNumberBuildingStreet is PASSED

2018-11-16 20:06:30 - [MESSAGE][PASSED] - Text '503 Tindalo St.' has been set to element 'Object Repository/iOS/Send Money screen/UnitHouse NumberBuildingStreet field'

2018-11-16 20:06:34 - [MESSAGE][PASSED] - Tapped on element 'Object Repository/iOS/Send Money screen/Toolbar Done button'

2018-11-16 20:06:34 - [MESSAGE][PASSED] - iOS.send_money_screen.enterUnitHouseNumberBuildingStreet is PASSED

2018-11-16 20:06:34 - [TEST_STEP][PASSED] - iOS.send_money_screen.selectDestinationCountry: iOS.send_money_screen.selectDestinationCountry is PASSED

2018-11-16 20:06:38 - [MESSAGE][PASSED] - Tapped on element 'Object Repository/iOS/Send Money screen/Destination Country field'

2018-11-16 20:07:10 - [MESSAGE][PASSED] - iOS.send_money_screen.selectDestinationCountry is PASSED

2018-11-16 20:07:10 - [TEST_STEP][PASSED] - iOS.send_money_screen.tapSave: iOS.send_money_screen.tapSave is PASSED

2018-11-16 20:07:14 - [MESSAGE][PASSED] - Tapped on element 'Object Repository/iOS/Send Money screen/Save button'

2018-11-16 20:07:17 - [MESSAGE][PASSED] - Delayed 3 second(s)

2018-11-16 20:07:17 - [MESSAGE][PASSED] - iOS.send_money_screen.tapSave is PASSED

2018-11-16 20:07:17 - [TEST_STEP][PASSED] - iOS.send_money_screen.tapSenderEmploymentInformation: iOS.send_money_screen.tapSenderEmploymentInformation is PASSED

2018-11-16 20:07:21 - [MESSAGE][PASSED] - Tapped on element 'Object Repository/iOS/Send Money screen/Sender Employment Information button'

2018-11-16 20:07:21 - [MESSAGE][PASSED] - iOS.send_money_screen.tapSenderEmploymentInformation is PASSED

2018-11-16 20:07:21 - [TEST_STEP][PASSED] - iOS.send_money_screen.selectOccupation: iOS.send_money_screen.selectOccupation is PASSED

2018-11-16 20:07:25 - [MESSAGE][PASSED] - Tapped on element 'Object Repository/iOS/Send Money screen/Occupation field'

2018-11-16 20:07:33 - [MESSAGE][PASSED] - iOS.send_money_screen.selectOccupation is PASSED

2018-11-16 20:07:33 - [TEST_STEP][PASSED] - iOS.send_money_screen.selectSourceOfFunds: iOS.send_money_screen.selectSourceOfFunds is PASSED

2018-11-16 20:07:37 - [MESSAGE][PASSED] - Tapped on element 'Object Repository/iOS/Send Money screen/Source of Funds field'

2018-11-16 20:07:45 - [MESSAGE][PASSED] - iOS.send_money_screen.selectSourceOfFunds is PASSED

2018-11-16 20:07:45 - [TEST_STEP][PASSED] - iOS.send_money_screen.tapSave: iOS.send_money_screen.tapSave is PASSED

2018-11-16 20:07:48 - [MESSAGE][PASSED] - Tapped on element 'Object Repository/iOS/Send Money screen/Save button'

2018-11-16 20:07:51 - [MESSAGE][PASSED] - Delayed 3 second(s)

2018-11-16 20:07:51 - [MESSAGE][PASSED] - iOS.send_money_screen.tapSave is PASSED

2018-11-16 20:07:51 - [TEST_STEP][PASSED] - global.scroll_to_element.down: global.scroll_to_element.down is PASSED

2018-11-16 20:07:58 - [MESSAGE][PASSED] - Element 'Object Repository/iOS/Send Money screen/Amount field' has attribute 'visible' is 'false'

2018-11-16 20:08:08 - [MESSAGE][PASSED] - Element 'Object Repository/iOS/Send Money screen/Amount field' has attribute 'visible' is 'true'

2018-11-16 20:08:08 - [MESSAGE][PASSED] - global.scroll_to_element.down is PASSED

2018-11-16 20:08:08 - [TEST_STEP][PASSED] - iOS.send_money_screen.tapCurrency: iOS.send_money_screen.tapCurrency is PASSED

2018-11-16 20:08:12 - [MESSAGE][PASSED] - Tapped on element 'Object Repository/iOS/Send Money screen/Currency button'

2018-11-16 20:08:12 - [MESSAGE][PASSED] - iOS.send_money_screen.tapCurrency is PASSED

2018-11-16 20:08:12 - [TEST_STEP][PASSED] - global.verify_element.exist: global.verify_element.exist is PASSED

2018-11-16 20:08:17 - [MESSAGE][PASSED] - Element 'Object Repository/iOS/Send Money screen/Generic text' is exist

2018-11-16 20:08:17 - [MESSAGE][PASSED] - global.verify_element.exist is PASSED

2018-11-16 20:08:17 - [TEST_STEP][PASSED] - iOS.send_money_screen.tapOK: iOS.send_money_screen.tapOK is PASSED

2018-11-16 20:08:23 - [MESSAGE][PASSED] - Tapped on element 'Object Repository/iOS/Send Money screen/OK button'

2018-11-16 20:08:23 - [MESSAGE][PASSED] - iOS.send_money_screen.tapOK is PASSED]]></system-out>
         <system-err><![CDATA[]]></system-err>
      </testcase>
      <testcase name="Test Cases/iOS/Send Money Branch/SMB_28" classname="Test Cases/iOS/Send Money Branch/SMB_28" status="PASSED">
         <system-out><![CDATA[2018-11-16 20:08:23 - [TEST_CASE][PASSED] - Test Cases/iOS/Send Money Branch/SMB_28: Test Cases/iOS/Send Money Branch/SMB_28

2018-11-16 20:08:23 - [TEST_STEP][PASSED] - Statement - randomAmount = new global.random_data().amount(): null

2018-11-16 20:08:23 - [TEST_STEP][PASSED] - Statement - amount = randomAmount: null

2018-11-16 20:08:23 - [TEST_STEP][PASSED] - iOS.send_money_screen.enterAmount: iOS.send_money_screen.enterAmount is PASSED

2018-11-16 20:08:30 - [MESSAGE][PASSED] - Element 'Object Repository/iOS/Send Money screen/Amount field' has attribute 'visible' is 'true'

2018-11-16 20:08:35 - [MESSAGE][PASSED] - Text '1760' has been set to element 'Object Repository/iOS/Send Money screen/Amount field'

2018-11-16 20:08:41 - [MESSAGE][PASSED] - Tapped on element 'Object Repository/iOS/Send Money screen/Toolbar Done button'

2018-11-16 20:08:46 - [MESSAGE][PASSED] - Element 'Object Repository/iOS/Global/Loader' has attribute 'visible' is 'true'

2018-11-16 20:08:47 - [MESSAGE][PASSED] - Delayed 1 second(s)

2018-11-16 20:08:57 - [MESSAGE][PASSED] - Element 'Object Repository/iOS/Global/Loader' has attribute 'visible' is 'false'

2018-11-16 20:08:57 - [MESSAGE][PASSED] - iOS.send_money_screen.enterAmount is PASSED

2018-11-16 20:08:57 - [TEST_STEP][PASSED] - takeScreenshot: Screenshot is taken

2018-11-16 20:08:57 - [MESSAGE][PASSED] - Screenshot is taken
[[ATTACHMENT|/Users/buenaanda/Documents/mobile-automation-katalon/Reports/iOS/PERA Hub Test Suite/20181116_192825/1542370137588.png]]

2018-11-16 20:08:57 - [TEST_STEP][PASSED] - global.verify_element.exist: global.verify_element.exist is PASSED

2018-11-16 20:09:01 - [MESSAGE][PASSED] - Element 'Object Repository/iOS/Send Money screen/Generic text' is exist

2018-11-16 20:09:01 - [MESSAGE][PASSED] - global.verify_element.exist is PASSED]]></system-out>
         <system-err><![CDATA[]]></system-err>
      </testcase>
      <testcase name="Test Cases/iOS/Send Money Branch/SMB_33" classname="Test Cases/iOS/Send Money Branch/SMB_33" status="PASSED">
         <system-out><![CDATA[2018-11-16 20:09:01 - [TEST_CASE][PASSED] - Test Cases/iOS/Send Money Branch/SMB_33: Test Cases/iOS/Send Money Branch/SMB_33

2018-11-16 20:09:01 - [TEST_STEP][PASSED] - Statement - sendMoneyObject = sendMoneyScreen_iOS: null

2018-11-16 20:09:01 - [TEST_STEP][PASSED] - Statement - firstName = randomFirstName: null

2018-11-16 20:09:01 - [TEST_STEP][PASSED] - Statement - middleName = randomMiddleName: null

2018-11-16 20:09:01 - [TEST_STEP][PASSED] - Statement - lastName = randomLastName: null

2018-11-16 20:09:01 - [TEST_STEP][PASSED] - Statement - mobileNumber = randomMobileNumber: null

2018-11-16 20:09:01 - [TEST_STEP][PASSED] - Statement - phoneNumber = randomPhoneNumber: null

2018-11-16 20:09:01 - [TEST_STEP][PASSED] - Statement - fullName = firstName + " " + middleName + " " + lastName: null

2018-11-16 20:09:01 - [TEST_STEP][PASSED] - Statement - address = "503 Tindalo St, 1442, Thailand": null

2018-11-16 20:09:01 - [TEST_STEP][PASSED] - Statement - country = "Thailand": null

2018-11-16 20:09:01 - [TEST_STEP][PASSED] - Statement - occupation = "Unemployed": null

2018-11-16 20:09:01 - [TEST_STEP][PASSED] - Statement - sourceOfFunds = randomSourceOfFunds: null

2018-11-16 20:09:01 - [TEST_STEP][PASSED] - Statement - sendAmount = "PHP " + randomAmount + ".00": null

2018-11-16 20:09:01 - [TEST_STEP][PASSED] - Statement - serviceFee = internationalServiceFee: null

2018-11-16 20:09:01 - [TEST_STEP][PASSED] - iOS.send_money_screen.tapNext: iOS.send_money_screen.tapNext is PASSED

2018-11-16 20:09:06 - [MESSAGE][PASSED] - Tapped on element 'Object Repository/iOS/Send Money screen/Next button'

2018-11-16 20:09:12 - [MESSAGE][FAILED] - Object Object Repository/iOS/Global/Loader not found
[[ATTACHMENT|/Users/buenaanda/Documents/mobile-automation-katalon/Reports/iOS/PERA Hub Test Suite/20181116_192825/1542370152176.png]]

2018-11-16 20:09:12 - [MESSAGE][FAILED] - Failed to get attribute 'Object Repository/iOS/Global/Loader' on element 'visible' (Root cause: Object Object Repository/iOS/Global/Loader not found)
[[ATTACHMENT|/Users/buenaanda/Documents/mobile-automation-katalon/Reports/iOS/PERA Hub Test Suite/20181116_192825/1542370152301.png]]

2018-11-16 20:09:12 - [MESSAGE][PASSED] - iOS.send_money_screen.tapNext is PASSED

2018-11-16 20:09:12 - [TEST_STEP][PASSED] - global.verify_element.exist: global.verify_element.exist is PASSED

2018-11-16 20:09:15 - [MESSAGE][PASSED] - Element 'Object Repository/iOS/Send Money screen/Generic text' is exist

2018-11-16 20:09:15 - [MESSAGE][PASSED] - global.verify_element.exist is PASSED

2018-11-16 20:09:15 - [TEST_STEP][PASSED] - global.verify_element.exist: global.verify_element.exist is PASSED

2018-11-16 20:09:18 - [MESSAGE][PASSED] - Element 'Object Repository/iOS/Send Money screen/Generic text' is exist

2018-11-16 20:09:18 - [MESSAGE][PASSED] - global.verify_element.exist is PASSED

2018-11-16 20:09:18 - [TEST_STEP][PASSED] - global.verify_element.exist: global.verify_element.exist is PASSED

2018-11-16 20:09:21 - [MESSAGE][PASSED] - Element 'Object Repository/iOS/Send Money screen/Generic text' is exist

2018-11-16 20:09:21 - [MESSAGE][PASSED] - global.verify_element.exist is PASSED

2018-11-16 20:09:21 - [TEST_STEP][PASSED] - global.verify_element.exist: global.verify_element.exist is PASSED

2018-11-16 20:09:24 - [MESSAGE][PASSED] - Element 'Object Repository/iOS/Send Money screen/Generic text' is exist

2018-11-16 20:09:24 - [MESSAGE][PASSED] - global.verify_element.exist is PASSED

2018-11-16 20:09:24 - [TEST_STEP][PASSED] - global.verify_element.exist: global.verify_element.exist is PASSED

2018-11-16 20:09:27 - [MESSAGE][PASSED] - Element 'Object Repository/iOS/Send Money screen/Generic text' is exist

2018-11-16 20:09:27 - [MESSAGE][PASSED] - global.verify_element.exist is PASSED

2018-11-16 20:09:27 - [TEST_STEP][PASSED] - global.verify_element.exist: global.verify_element.exist is PASSED

2018-11-16 20:09:29 - [MESSAGE][PASSED] - Element 'Object Repository/iOS/Send Money screen/Generic text' is exist

2018-11-16 20:09:30 - [MESSAGE][PASSED] - global.verify_element.exist is PASSED

2018-11-16 20:09:30 - [TEST_STEP][PASSED] - global.verify_element.exist: global.verify_element.exist is PASSED

2018-11-16 20:09:35 - [MESSAGE][PASSED] - Element 'Object Repository/iOS/Send Money screen/Generic text' is exist

2018-11-16 20:09:35 - [MESSAGE][PASSED] - global.verify_element.exist is PASSED

2018-11-16 20:09:35 - [TEST_STEP][PASSED] - global.scroll_to_element.down: global.scroll_to_element.down is PASSED

2018-11-16 20:09:41 - [MESSAGE][PASSED] - Element 'Object Repository/iOS/Send Money screen/Terms and Agreement checkbox' has attribute 'visible' is 'false'

2018-11-16 20:09:50 - [MESSAGE][PASSED] - Element 'Object Repository/iOS/Send Money screen/Terms and Agreement checkbox' has attribute 'visible' is 'true'

2018-11-16 20:09:50 - [MESSAGE][PASSED] - global.scroll_to_element.down is PASSED

2018-11-16 20:09:50 - [TEST_STEP][PASSED] - global.verify_element.exist: global.verify_element.exist is PASSED

2018-11-16 20:09:53 - [MESSAGE][PASSED] - Element 'Object Repository/iOS/Send Money screen/Generic text' is exist

2018-11-16 20:09:53 - [MESSAGE][PASSED] - global.verify_element.exist is PASSED

2018-11-16 20:09:53 - [TEST_STEP][PASSED] - global.verify_element.exist: global.verify_element.exist is PASSED

2018-11-16 20:09:56 - [MESSAGE][PASSED] - Element 'Object Repository/iOS/Send Money screen/Generic text' is exist

2018-11-16 20:09:56 - [MESSAGE][PASSED] - global.verify_element.exist is PASSED

2018-11-16 20:09:56 - [TEST_STEP][PASSED] - global.verify_element.exist: global.verify_element.exist is PASSED

2018-11-16 20:09:59 - [MESSAGE][PASSED] - Element 'Object Repository/iOS/Send Money screen/Generic text' is exist

2018-11-16 20:09:59 - [MESSAGE][PASSED] - global.verify_element.exist is PASSED

2018-11-16 20:09:59 - [TEST_STEP][PASSED] - global.verify_element.exist: global.verify_element.exist is PASSED

2018-11-16 20:10:02 - [MESSAGE][PASSED] - Element 'Object Repository/iOS/Send Money screen/Terms and Agreement button' is exist

2018-11-16 20:10:02 - [MESSAGE][PASSED] - global.verify_element.exist is PASSED

2018-11-16 20:10:02 - [TEST_STEP][PASSED] - global.verify_element.exist: global.verify_element.exist is PASSED

2018-11-16 20:10:05 - [MESSAGE][PASSED] - Element 'Object Repository/iOS/Send Money screen/Terms and Agreement checkbox' is exist

2018-11-16 20:10:05 - [MESSAGE][PASSED] - global.verify_element.exist is PASSED

2018-11-16 20:10:05 - [TEST_STEP][PASSED] - global.verify_element.exist: global.verify_element.exist is PASSED

2018-11-16 20:10:08 - [MESSAGE][PASSED] - Element 'Object Repository/iOS/Send Money screen/Complete Branch Transaction button' is exist

2018-11-16 20:10:08 - [MESSAGE][PASSED] - global.verify_element.exist is PASSED]]></system-out>
         <system-err><![CDATA[]]></system-err>
      </testcase>
      <testcase name="Test Cases/iOS/Send Money Branch/SMB_34" classname="Test Cases/iOS/Send Money Branch/SMB_34" status="PASSED">
         <system-out><![CDATA[2018-11-16 20:10:08 - [TEST_CASE][PASSED] - Test Cases/iOS/Send Money Branch/SMB_34: Test Cases/iOS/Send Money Branch/SMB_34

2018-11-16 20:10:08 - [TEST_STEP][PASSED] - global.verify_element.disabled: global.verify_element.disabled is PASSED

2018-11-16 20:10:11 - [MESSAGE][PASSED] - Element 'Object Repository/iOS/Send Money screen/Complete Branch Transaction button' has attribute 'enabled' is 'false'

2018-11-16 20:10:11 - [MESSAGE][PASSED] - Actual object 'false' and expected object 'false' are equal

2018-11-16 20:10:11 - [MESSAGE][PASSED] - global.verify_element.disabled is PASSED]]></system-out>
         <system-err><![CDATA[]]></system-err>
      </testcase>
      <testcase name="Test Cases/iOS/Send Money Branch/SMB_38" classname="Test Cases/iOS/Send Money Branch/SMB_38" status="PASSED">
         <system-out><![CDATA[2018-11-16 20:10:11 - [TEST_CASE][PASSED] - Test Cases/iOS/Send Money Branch/SMB_38: Test Cases/iOS/Send Money Branch/SMB_38

2018-11-16 20:10:11 - [TEST_STEP][PASSED] - iOS.send_money_screen.tapBack: iOS.send_money_screen.tapBack is PASSED

2018-11-16 20:10:14 - [MESSAGE][PASSED] - Tapped on element 'Object Repository/iOS/Send Money screen/Back button'

2018-11-16 20:10:14 - [MESSAGE][PASSED] - iOS.send_money_screen.tapBack is PASSED

2018-11-16 20:10:14 - [TEST_STEP][PASSED] - global.verify_element.notExist: global.verify_element.notExist is PASSED

2018-11-16 20:10:20 - [MESSAGE][PASSED] - Element 'Object Repository/iOS/Send Money screen/Complete Branch Transaction button' not found

2018-11-16 20:10:20 - [MESSAGE][PASSED] - global.verify_element.notExist is PASSED]]></system-out>
         <system-err><![CDATA[]]></system-err>
      </testcase>
      <testcase name="Test Cases/iOS/Send Money Branch/SMB_37" classname="Test Cases/iOS/Send Money Branch/SMB_37" status="PASSED">
         <system-out><![CDATA[2018-11-16 20:10:20 - [TEST_CASE][PASSED] - Test Cases/iOS/Send Money Branch/SMB_37: Test Cases/iOS/Send Money Branch/SMB_37

2018-11-16 20:10:20 - [TEST_STEP][PASSED] - Statement - senderMobileNumber = "63" + mobileNumber: null

2018-11-16 20:10:20 - [TEST_STEP][PASSED] - iOS.send_money_screen.tapNext: iOS.send_money_screen.tapNext is PASSED

2018-11-16 20:10:25 - [MESSAGE][PASSED] - Tapped on element 'Object Repository/iOS/Send Money screen/Next button'

2018-11-16 20:10:31 - [MESSAGE][FAILED] - Object Object Repository/iOS/Global/Loader not found
[[ATTACHMENT|/Users/buenaanda/Documents/mobile-automation-katalon/Reports/iOS/PERA Hub Test Suite/20181116_192825/1542370231127.png]]

2018-11-16 20:10:31 - [MESSAGE][FAILED] - Failed to get attribute 'Object Repository/iOS/Global/Loader' on element 'visible' (Root cause: Object Object Repository/iOS/Global/Loader not found)
[[ATTACHMENT|/Users/buenaanda/Documents/mobile-automation-katalon/Reports/iOS/PERA Hub Test Suite/20181116_192825/1542370231253.png]]

2018-11-16 20:10:31 - [MESSAGE][PASSED] - iOS.send_money_screen.tapNext is PASSED

2018-11-16 20:10:31 - [TEST_STEP][PASSED] - iOS.send_money_screen.checkTermsAndAgreement: iOS.send_money_screen.checkTermsAndAgreement is PASSED

2018-11-16 20:10:37 - [MESSAGE][PASSED] - Element 'Object Repository/iOS/Send Money screen/Terms and Agreement checkbox' has attribute 'visible' is 'false'

2018-11-16 20:10:46 - [MESSAGE][PASSED] - Element 'Object Repository/iOS/Send Money screen/Terms and Agreement checkbox' has attribute 'visible' is 'true'

2018-11-16 20:10:49 - [MESSAGE][PASSED] - Tapped on element 'Object Repository/iOS/Send Money screen/Terms and Agreement checkbox'

2018-11-16 20:10:49 - [MESSAGE][PASSED] - iOS.send_money_screen.checkTermsAndAgreement is PASSED

2018-11-16 20:10:49 - [TEST_STEP][PASSED] - iOS.send_money_screen.tapCompleteBranchTransaction: iOS.send_money_screen.tapCompleteBranchTransaction is PASSED

2018-11-16 20:10:52 - [MESSAGE][PASSED] - Element 'Object Repository/iOS/Send Money screen/Complete Branch Transaction button' has attribute 'visible' is 'true'

2018-11-16 20:10:55 - [MESSAGE][PASSED] - Tapped on element 'Object Repository/iOS/Send Money screen/Complete Branch Transaction button'

2018-11-16 20:10:59 - [MESSAGE][PASSED] - Element 'Object Repository/iOS/Global/Loader' has attribute 'visible' is 'true'

2018-11-16 20:11:00 - [MESSAGE][PASSED] - Delayed 1 second(s)

2018-11-16 20:11:04 - [MESSAGE][PASSED] - Element 'Object Repository/iOS/Global/Loader' has attribute 'visible' is 'true'

2018-11-16 20:11:05 - [MESSAGE][PASSED] - Delayed 1 second(s)

2018-11-16 20:11:09 - [MESSAGE][PASSED] - Element 'Object Repository/iOS/Global/Loader' has attribute 'visible' is 'true'

2018-11-16 20:11:10 - [MESSAGE][PASSED] - Delayed 1 second(s)

2018-11-16 20:11:14 - [MESSAGE][PASSED] - Element 'Object Repository/iOS/Global/Loader' has attribute 'visible' is 'true'

2018-11-16 20:11:15 - [MESSAGE][PASSED] - Delayed 1 second(s)

2018-11-16 20:11:20 - [MESSAGE][FAILED] - Object Object Repository/iOS/Global/Loader not found
[[ATTACHMENT|/Users/buenaanda/Documents/mobile-automation-katalon/Reports/iOS/PERA Hub Test Suite/20181116_192825/1542370280338.png]]

2018-11-16 20:11:20 - [MESSAGE][FAILED] - Failed to get attribute 'Object Repository/iOS/Global/Loader' on element 'visible' (Root cause: Object Object Repository/iOS/Global/Loader not found)
[[ATTACHMENT|/Users/buenaanda/Documents/mobile-automation-katalon/Reports/iOS/PERA Hub Test Suite/20181116_192825/1542370280466.png]]

2018-11-16 20:11:20 - [MESSAGE][PASSED] - iOS.send_money_screen.tapCompleteBranchTransaction is PASSED

2018-11-16 20:11:20 - [TEST_STEP][PASSED] - Statement - Success_screen_message = com.kms.katalon.core.testobject.ObjectRepository.findTestObject(iOS/Send Money screen/Generic text, [label:You can now go to a branch to send your money!]): Finding Test Object with id 'Object Repository/iOS/Send Money screen/Generic text'

2018-11-16 20:11:20 - [TEST_STEP][PASSED] - global.verify_element.exist: global.verify_element.exist is PASSED

2018-11-16 20:11:22 - [MESSAGE][PASSED] - Element 'Object Repository/iOS/Send Money screen/Generic text' is exist

2018-11-16 20:11:22 - [MESSAGE][PASSED] - global.verify_element.exist is PASSED

2018-11-16 20:11:22 - [TEST_STEP][PASSED] - Statement - Success_screen_message = com.kms.katalon.core.testobject.ObjectRepository.findTestObject(iOS/Send Money screen/Generic text, [label:To complete your transaction, please present your mobile number along with the required documents at a PERA HUB branch]): Finding Test Object with id 'Object Repository/iOS/Send Money screen/Generic text'

2018-11-16 20:11:22 - [TEST_STEP][PASSED] - global.verify_element.exist: global.verify_element.exist is PASSED

2018-11-16 20:11:24 - [MESSAGE][PASSED] - Element 'Object Repository/iOS/Send Money screen/Generic text' is exist

2018-11-16 20:11:24 - [MESSAGE][PASSED] - global.verify_element.exist is PASSED

2018-11-16 20:11:24 - [TEST_STEP][PASSED] - Statement - Success_screen_message = com.kms.katalon.core.testobject.ObjectRepository.findTestObject(iOS/Send Money screen/Generic text, [label:Present your mobile # to Pera Hub Branch]): Finding Test Object with id 'Object Repository/iOS/Send Money screen/Generic text'

2018-11-16 20:11:24 - [TEST_STEP][PASSED] - global.verify_element.exist: global.verify_element.exist is PASSED

2018-11-16 20:11:25 - [MESSAGE][PASSED] - Element 'Object Repository/iOS/Send Money screen/Generic text' is exist

2018-11-16 20:11:25 - [MESSAGE][PASSED] - global.verify_element.exist is PASSED

2018-11-16 20:11:25 - [TEST_STEP][PASSED] - Statement - Mobile_Number = com.kms.katalon.core.testobject.ObjectRepository.findTestObject(iOS/Send Money screen/Generic text, [label:senderMobileNumber]): Finding Test Object with id 'Object Repository/iOS/Send Money screen/Generic text'

2018-11-16 20:11:25 - [TEST_STEP][PASSED] - global.verify_element.exist: global.verify_element.exist is PASSED

2018-11-16 20:11:27 - [MESSAGE][PASSED] - Element 'Object Repository/iOS/Send Money screen/Generic text' is exist

2018-11-16 20:11:27 - [MESSAGE][PASSED] - global.verify_element.exist is PASSED]]></system-out>
         <system-err><![CDATA[]]></system-err>
      </testcase>
      <testcase name="Test Cases/iOS/Send Money Branch/SMB_42" classname="Test Cases/iOS/Send Money Branch/SMB_42" status="FAILED">
         <failure type="FAILED" message="(Stack trace: com.kms.katalon.core.exception.StepFailedException: Failed to get attribute 'Object Repository/iOS/Send Money screen/Generic text' on element 'visible' (Root cause: Object Object Repository/iOS/Send Money screen/Generic text not found)
	at com.kms.katalon.core.keyword.internal.KeywordMain.stepFailed(KeywordMain.groovy:36)
	at com.kms.katalon.core.mobile.keyword.internal.MobileKeywordMain.stepFailed(MobileKeywordMain.groovy:40)
	at com.kms.katalon.core.mobile.keyword.internal.MobileKeywordMain.runKeyword(MobileKeywordMain.groovy:23)
	at com.kms.katalon.core.mobile.keyword.builtin.GetAttributeKeyword.getAttribute(GetAttributeKeyword.groovy:82)
	at com.kms.katalon.core.mobile.keyword.builtin.GetAttributeKeyword.execute(GetAttributeKeyword.groovy:66)
	at com.kms.katalon.core.keyword.internal.KeywordExecutor.executeKeywordForPlatform(KeywordExecutor.groovy:53)
	at com.kms.katalon.core.mobile.keyword.MobileBuiltInKeywords.getAttribute(MobileBuiltInKeywords.groovy:555)
	at com.kms.katalon.core.mobile.keyword.MobileBuiltInKeywords$getAttribute$5.call(Unknown Source)
	at global.scroll_to_element.down(scroll_to_element.groovy:23)
	at sun.reflect.NativeMethodAccessorImpl.invoke0(Native Method)
	at sun.reflect.NativeMethodAccessorImpl.invoke(NativeMethodAccessorImpl.java:62)
	at sun.reflect.DelegatingMethodAccessorImpl.invoke(DelegatingMethodAccessorImpl.java:43)
	at java.lang.reflect.Method.invoke(Method.java:498)
	at org.codehaus.groovy.reflection.CachedMethod.invoke(CachedMethod.java:93)
	at groovy.lang.MetaMethod.doMethodInvoke(MetaMethod.java:325)
	at groovy.lang.MetaClassImpl.invokeMethod(MetaClassImpl.java:1215)
	at groovy.lang.MetaClassImpl.invokeMethod(MetaClassImpl.java:1024)
	at groovy.lang.MetaClassImpl.invokeMethod(MetaClassImpl.java:812)
	at groovy.lang.DelegatingMetaClass.invokeMethod(DelegatingMetaClass.java:144)
	at global.scroll_to_element.invokeMethod(scroll_to_element.groovy)
	at com.kms.katalon.core.main.CustomKeywordDelegatingMetaClass.invokeStaticMethod(CustomKeywordDelegatingMetaClass.java:46)
	at org.codehaus.groovy.runtime.callsite.StaticMetaClassSite.call(StaticMetaClassSite.java:53)
	at org.codehaus.groovy.runtime.callsite.CallSiteArray.defaultCall(CallSiteArray.java:48)
	at org.codehaus.groovy.runtime.callsite.AbstractCallSite.call(AbstractCallSite.java:113)
	at org.codehaus.groovy.runtime.callsite.AbstractCallSite.call(AbstractCallSite.java:125)
	at Script1541663263215.run(Script1541663263215.groovy:32)
	at com.kms.katalon.core.main.ScriptEngine.run(ScriptEngine.java:183)
	at com.kms.katalon.core.main.ScriptEngine.runScriptAsRawText(ScriptEngine.java:108)
	at com.kms.katalon.core.main.TestCaseExecutor.runScript(TestCaseExecutor.java:294)
	at com.kms.katalon.core.main.TestCaseExecutor.doExecute(TestCaseExecutor.java:285)
	at com.kms.katalon.core.main.TestCaseExecutor.processExecutionPhase(TestCaseExecutor.java:264)
	at com.kms.katalon.core.main.TestCaseExecutor.accessMainPhase(TestCaseExecutor.java:256)
	at com.kms.katalon.core.main.TestCaseExecutor.execute(TestCaseExecutor.java:200)
	at com.kms.katalon.core.main.TestSuiteExecutor.accessTestCaseMainPhase(TestSuiteExecutor.java:129)
	at com.kms.katalon.core.main.TestSuiteExecutor.accessTestSuiteMainPhase(TestSuiteExecutor.java:112)
	at com.kms.katalon.core.main.TestSuiteExecutor.execute(TestSuiteExecutor.java:81)
	at com.kms.katalon.core.main.TestCaseMain.startTestSuite(TestCaseMain.java:142)
	at com.kms.katalon.core.main.TestCaseMain$startTestSuite$0.call(Unknown Source)
	at org.codehaus.groovy.runtime.callsite.CallSiteArray.defaultCall(CallSiteArray.java:48)
	at org.codehaus.groovy.runtime.callsite.AbstractCallSite.call(AbstractCallSite.java:113)
	at org.codehaus.groovy.runtime.callsite.AbstractCallSite.call(AbstractCallSite.java:141)
	at TempTestSuite1542367705665.run(TempTestSuite1542367705665.groovy:36)
	at groovy.lang.GroovyShell.runScriptOrMainOrTestOrRunnable(GroovyShell.java:263)
	at groovy.lang.GroovyShell.run(GroovyShell.java:518)
	at groovy.lang.GroovyShell.run(GroovyShell.java:507)
	at groovy.ui.GroovyMain.processOnce(GroovyMain.java:653)
	at groovy.ui.GroovyMain.run(GroovyMain.java:384)
	at groovy.ui.GroovyMain.process(GroovyMain.java:370)
	at groovy.ui.GroovyMain.processArgs(GroovyMain.java:129)
	at groovy.ui.GroovyMain.main(GroovyMain.java:109)
	at sun.reflect.NativeMethodAccessorImpl.invoke0(Native Method)
	at sun.reflect.NativeMethodAccessorImpl.invoke(NativeMethodAccessorImpl.java:62)
	at sun.reflect.DelegatingMethodAccessorImpl.invoke(DelegatingMethodAccessorImpl.java:43)
	at java.lang.reflect.Method.invoke(Method.java:498)
	at org.codehaus.groovy.tools.GroovyStarter.rootLoader(GroovyStarter.java:109)
	at org.codehaus.groovy.tools.GroovyStarter.main(GroovyStarter.java:131)
)"/>
         <system-out><![CDATA[2018-11-16 20:11:27 - [TEST_CASE][FAILED] - Test Cases/iOS/Send Money Branch/SMB_42: Test Cases/iOS/Send Money Branch/SMB_42 FAILED because (of) (Stack trace: com.kms.katalon.core.exception.StepFailedException: Failed to get attribute 'Object Repository/iOS/Send Money screen/Generic text' on element 'visible' (Root cause: Object Object Repository/iOS/Send Money screen/Generic text not found)
	at com.kms.katalon.core.keyword.internal.KeywordMain.stepFailed(KeywordMain.groovy:36)
	at com.kms.katalon.core.mobile.keyword.internal.MobileKeywordMain.stepFailed(MobileKeywordMain.groovy:40)
	at com.kms.katalon.core.mobile.keyword.internal.MobileKeywordMain.runKeyword(MobileKeywordMain.groovy:23)
	at com.kms.katalon.core.mobile.keyword.builtin.GetAttributeKeyword.getAttribute(GetAttributeKeyword.groovy:82)
	at com.kms.katalon.core.mobile.keyword.builtin.GetAttributeKeyword.execute(GetAttributeKeyword.groovy:66)
	at com.kms.katalon.core.keyword.internal.KeywordExecutor.executeKeywordForPlatform(KeywordExecutor.groovy:53)
	at com.kms.katalon.core.mobile.keyword.MobileBuiltInKeywords.getAttribute(MobileBuiltInKeywords.groovy:555)
	at com.kms.katalon.core.mobile.keyword.MobileBuiltInKeywords$getAttribute$5.call(Unknown Source)
	at global.scroll_to_element.down(scroll_to_element.groovy:23)
	at sun.reflect.NativeMethodAccessorImpl.invoke0(Native Method)
	at sun.reflect.NativeMethodAccessorImpl.invoke(NativeMethodAccessorImpl.java:62)
	at sun.reflect.DelegatingMethodAccessorImpl.invoke(DelegatingMethodAccessorImpl.java:43)
	at java.lang.reflect.Method.invoke(Method.java:498)
	at org.codehaus.groovy.reflection.CachedMethod.invoke(CachedMethod.java:93)
	at groovy.lang.MetaMethod.doMethodInvoke(MetaMethod.java:325)
	at groovy.lang.MetaClassImpl.invokeMethod(MetaClassImpl.java:1215)
	at groovy.lang.MetaClassImpl.invokeMethod(MetaClassImpl.java:1024)
	at groovy.lang.MetaClassImpl.invokeMethod(MetaClassImpl.java:812)
	at groovy.lang.DelegatingMetaClass.invokeMethod(DelegatingMetaClass.java:144)
	at global.scroll_to_element.invokeMethod(scroll_to_element.groovy)
	at com.kms.katalon.core.main.CustomKeywordDelegatingMetaClass.invokeStaticMethod(CustomKeywordDelegatingMetaClass.java:46)
	at org.codehaus.groovy.runtime.callsite.StaticMetaClassSite.call(StaticMetaClassSite.java:53)
	at org.codehaus.groovy.runtime.callsite.CallSiteArray.defaultCall(CallSiteArray.java:48)
	at org.codehaus.groovy.runtime.callsite.AbstractCallSite.call(AbstractCallSite.java:113)
	at org.codehaus.groovy.runtime.callsite.AbstractCallSite.call(AbstractCallSite.java:125)
	at Script1541663263215.run(Script1541663263215.groovy:32)
	at com.kms.katalon.core.main.ScriptEngine.run(ScriptEngine.java:183)
	at com.kms.katalon.core.main.ScriptEngine.runScriptAsRawText(ScriptEngine.java:108)
	at com.kms.katalon.core.main.TestCaseExecutor.runScript(TestCaseExecutor.java:294)
	at com.kms.katalon.core.main.TestCaseExecutor.doExecute(TestCaseExecutor.java:285)
	at com.kms.katalon.core.main.TestCaseExecutor.processExecutionPhase(TestCaseExecutor.java:264)
	at com.kms.katalon.core.main.TestCaseExecutor.accessMainPhase(TestCaseExecutor.java:256)
	at com.kms.katalon.core.main.TestCaseExecutor.execute(TestCaseExecutor.java:200)
	at com.kms.katalon.core.main.TestSuiteExecutor.accessTestCaseMainPhase(TestSuiteExecutor.java:129)
	at com.kms.katalon.core.main.TestSuiteExecutor.accessTestSuiteMainPhase(TestSuiteExecutor.java:112)
	at com.kms.katalon.core.main.TestSuiteExecutor.execute(TestSuiteExecutor.java:81)
	at com.kms.katalon.core.main.TestCaseMain.startTestSuite(TestCaseMain.java:142)
	at com.kms.katalon.core.main.TestCaseMain$startTestSuite$0.call(Unknown Source)
	at org.codehaus.groovy.runtime.callsite.CallSiteArray.defaultCall(CallSiteArray.java:48)
	at org.codehaus.groovy.runtime.callsite.AbstractCallSite.call(AbstractCallSite.java:113)
	at org.codehaus.groovy.runtime.callsite.AbstractCallSite.call(AbstractCallSite.java:141)
	at TempTestSuite1542367705665.run(TempTestSuite1542367705665.groovy:36)
	at groovy.lang.GroovyShell.runScriptOrMainOrTestOrRunnable(GroovyShell.java:263)
	at groovy.lang.GroovyShell.run(GroovyShell.java:518)
	at groovy.lang.GroovyShell.run(GroovyShell.java:507)
	at groovy.ui.GroovyMain.processOnce(GroovyMain.java:653)
	at groovy.ui.GroovyMain.run(GroovyMain.java:384)
	at groovy.ui.GroovyMain.process(GroovyMain.java:370)
	at groovy.ui.GroovyMain.processArgs(GroovyMain.java:129)
	at groovy.ui.GroovyMain.main(GroovyMain.java:109)
	at sun.reflect.NativeMethodAccessorImpl.invoke0(Native Method)
	at sun.reflect.NativeMethodAccessorImpl.invoke(NativeMethodAccessorImpl.java:62)
	at sun.reflect.DelegatingMethodAccessorImpl.invoke(DelegatingMethodAccessorImpl.java:43)
	at java.lang.reflect.Method.invoke(Method.java:498)
	at org.codehaus.groovy.tools.GroovyStarter.rootLoader(GroovyStarter.java:109)
	at org.codehaus.groovy.tools.GroovyStarter.main(GroovyStarter.java:131)
)

2018-11-16 20:11:27 - [TEST_STEP][PASSED] - Statement - senderName = "Allen Pogi Crisostomo": null

2018-11-16 20:11:27 - [TEST_STEP][PASSED] - Statement - receiverName = randomFirstName + " " + randomMiddleName + " " + randomLastName: null

2018-11-16 20:11:27 - [TEST_STEP][PASSED] - Statement - receiverMobileNumber = "66" + randomMobileNumber: null

2018-11-16 20:11:27 - [TEST_STEP][PASSED] - Statement - serviceFee = internationalServiceFee: null

2018-11-16 20:11:27 - [TEST_STEP][PASSED] - Statement - sendAmount = randomAmount: null

2018-11-16 20:11:27 - [TEST_STEP][PASSED] - Statement - senderMobileNumber = "63" + mobileNumber: null

2018-11-16 20:11:27 - [TEST_STEP][PASSED] - Statement - Sender_Mobile_Number = com.kms.katalon.core.testobject.ObjectRepository.findTestObject(iOS/Send Money screen/Generic text, [label:senderMobileNumber]): Finding Test Object with id 'Object Repository/iOS/Send Money screen/Generic text'

2018-11-16 20:11:27 - [TEST_STEP][PASSED] - Statement - Sender_Name = com.kms.katalon.core.testobject.ObjectRepository.findTestObject(iOS/Send Money screen/Generic text, [label:senderName]): Finding Test Object with id 'Object Repository/iOS/Send Money screen/Generic text'

2018-11-16 20:11:27 - [TEST_STEP][PASSED] - Statement - Sender_Country = com.kms.katalon.core.testobject.ObjectRepository.findTestObject(iOS/Send Money screen/Generic text, [label:Philippines]): Finding Test Object with id 'Object Repository/iOS/Send Money screen/Generic text'

2018-11-16 20:11:27 - [TEST_STEP][PASSED] - Statement - Receiver_Name = com.kms.katalon.core.testobject.ObjectRepository.findTestObject(iOS/Send Money screen/Generic text, [label:receiverName]): Finding Test Object with id 'Object Repository/iOS/Send Money screen/Generic text'

2018-11-16 20:11:27 - [TEST_STEP][PASSED] - Statement - Receiver_Country = com.kms.katalon.core.testobject.ObjectRepository.findTestObject(iOS/Send Money screen/Generic text, [label:Thailand]): Finding Test Object with id 'Object Repository/iOS/Send Money screen/Generic text'

2018-11-16 20:11:27 - [TEST_STEP][PASSED] - Statement - Receiver_Mobile_Number = com.kms.katalon.core.testobject.ObjectRepository.findTestObject(iOS/Send Money screen/Generic text, [label:receiverMobileNumber]): Finding Test Object with id 'Object Repository/iOS/Send Money screen/Generic text'

2018-11-16 20:11:27 - [TEST_STEP][PASSED] - Statement - Send_Amount = com.kms.katalon.core.testobject.ObjectRepository.findTestObject(iOS/Send Money screen/Generic text, [label:sendAmount]): Finding Test Object with id 'Object Repository/iOS/Send Money screen/Generic text'

2018-11-16 20:11:27 - [TEST_STEP][PASSED] - Statement - Service_Fee = com.kms.katalon.core.testobject.ObjectRepository.findTestObject(iOS/Send Money screen/Generic text, [label:serviceFee]): Finding Test Object with id 'Object Repository/iOS/Send Money screen/Generic text'

2018-11-16 20:11:27 - [TEST_STEP][PASSED] - Statement - Message_Charge = com.kms.katalon.core.testobject.ObjectRepository.findTestObject(iOS/Send Money screen/Generic text, [label:0.00 PHP]): Finding Test Object with id 'Object Repository/iOS/Send Money screen/Generic text'

2018-11-16 20:11:27 - [TEST_STEP][PASSED] - iOS.send_money_screen.tapViewDetails: iOS.send_money_screen.tapViewDetails is PASSED

2018-11-16 20:11:29 - [MESSAGE][PASSED] - Tapped on element 'Object Repository/iOS/Send Money screen/View Details button'

2018-11-16 20:11:29 - [MESSAGE][PASSED] - iOS.send_money_screen.tapViewDetails is PASSED

2018-11-16 20:11:29 - [TEST_STEP][PASSED] - global.verify_element.exist: global.verify_element.exist is PASSED

2018-11-16 20:11:32 - [MESSAGE][PASSED] - Element 'Object Repository/iOS/Send Money screen/Generic text' is exist

2018-11-16 20:11:32 - [MESSAGE][PASSED] - global.verify_element.exist is PASSED

2018-11-16 20:11:32 - [TEST_STEP][PASSED] - global.verify_element.exist: global.verify_element.exist is PASSED

2018-11-16 20:11:34 - [MESSAGE][PASSED] - Element 'Object Repository/iOS/Send Money screen/Generic text' is exist

2018-11-16 20:11:34 - [MESSAGE][PASSED] - global.verify_element.exist is PASSED

2018-11-16 20:11:34 - [TEST_STEP][PASSED] - global.verify_element.exist: global.verify_element.exist is PASSED

2018-11-16 20:11:37 - [MESSAGE][PASSED] - Element 'Object Repository/iOS/Send Money screen/Generic text' is exist

2018-11-16 20:11:37 - [MESSAGE][PASSED] - global.verify_element.exist is PASSED

2018-11-16 20:11:37 - [TEST_STEP][PASSED] - global.verify_element.exist: global.verify_element.exist is PASSED

2018-11-16 20:11:40 - [MESSAGE][PASSED] - Element 'Object Repository/iOS/Send Money screen/Generic text' is exist

2018-11-16 20:11:40 - [MESSAGE][PASSED] - global.verify_element.exist is PASSED

2018-11-16 20:11:40 - [TEST_STEP][FAILED] - global.scroll_to_element.down: Failed to get attribute 'Object Repository/iOS/Send Money screen/Generic text' on element 'visible' (Root cause: Object Object Repository/iOS/Send Money screen/Generic text not found)

2018-11-16 20:11:45 - [MESSAGE][FAILED] - Object Object Repository/iOS/Send Money screen/Generic text not found
[[ATTACHMENT|/Users/buenaanda/Documents/mobile-automation-katalon/Reports/iOS/PERA Hub Test Suite/20181116_192825/1542370305275.png]]

2018-11-16 20:11:45 - [MESSAGE][FAILED] - Failed to get attribute 'Object Repository/iOS/Send Money screen/Generic text' on element 'visible' (Root cause: Object Object Repository/iOS/Send Money screen/Generic text not found)
[[ATTACHMENT|/Users/buenaanda/Documents/mobile-automation-katalon/Reports/iOS/PERA Hub Test Suite/20181116_192825/1542370305390.png]]

2018-11-16 20:11:45 - [MESSAGE][FAILED] - Failed to get attribute 'Object Repository/iOS/Send Money screen/Generic text' on element 'visible' (Root cause: Object Object Repository/iOS/Send Money screen/Generic text not found)]]></system-out>
         <system-err><![CDATA[2018-11-16 20:11:27 - [TEST_CASE][FAILED] - Test Cases/iOS/Send Money Branch/SMB_42: Test Cases/iOS/Send Money Branch/SMB_42 FAILED because (of) (Stack trace: com.kms.katalon.core.exception.StepFailedException: Failed to get attribute 'Object Repository/iOS/Send Money screen/Generic text' on element 'visible' (Root cause: Object Object Repository/iOS/Send Money screen/Generic text not found)
	at com.kms.katalon.core.keyword.internal.KeywordMain.stepFailed(KeywordMain.groovy:36)
	at com.kms.katalon.core.mobile.keyword.internal.MobileKeywordMain.stepFailed(MobileKeywordMain.groovy:40)
	at com.kms.katalon.core.mobile.keyword.internal.MobileKeywordMain.runKeyword(MobileKeywordMain.groovy:23)
	at com.kms.katalon.core.mobile.keyword.builtin.GetAttributeKeyword.getAttribute(GetAttributeKeyword.groovy:82)
	at com.kms.katalon.core.mobile.keyword.builtin.GetAttributeKeyword.execute(GetAttributeKeyword.groovy:66)
	at com.kms.katalon.core.keyword.internal.KeywordExecutor.executeKeywordForPlatform(KeywordExecutor.groovy:53)
	at com.kms.katalon.core.mobile.keyword.MobileBuiltInKeywords.getAttribute(MobileBuiltInKeywords.groovy:555)
	at com.kms.katalon.core.mobile.keyword.MobileBuiltInKeywords$getAttribute$5.call(Unknown Source)
	at global.scroll_to_element.down(scroll_to_element.groovy:23)
	at sun.reflect.NativeMethodAccessorImpl.invoke0(Native Method)
	at sun.reflect.NativeMethodAccessorImpl.invoke(NativeMethodAccessorImpl.java:62)
	at sun.reflect.DelegatingMethodAccessorImpl.invoke(DelegatingMethodAccessorImpl.java:43)
	at java.lang.reflect.Method.invoke(Method.java:498)
	at org.codehaus.groovy.reflection.CachedMethod.invoke(CachedMethod.java:93)
	at groovy.lang.MetaMethod.doMethodInvoke(MetaMethod.java:325)
	at groovy.lang.MetaClassImpl.invokeMethod(MetaClassImpl.java:1215)
	at groovy.lang.MetaClassImpl.invokeMethod(MetaClassImpl.java:1024)
	at groovy.lang.MetaClassImpl.invokeMethod(MetaClassImpl.java:812)
	at groovy.lang.DelegatingMetaClass.invokeMethod(DelegatingMetaClass.java:144)
	at global.scroll_to_element.invokeMethod(scroll_to_element.groovy)
	at com.kms.katalon.core.main.CustomKeywordDelegatingMetaClass.invokeStaticMethod(CustomKeywordDelegatingMetaClass.java:46)
	at org.codehaus.groovy.runtime.callsite.StaticMetaClassSite.call(StaticMetaClassSite.java:53)
	at org.codehaus.groovy.runtime.callsite.CallSiteArray.defaultCall(CallSiteArray.java:48)
	at org.codehaus.groovy.runtime.callsite.AbstractCallSite.call(AbstractCallSite.java:113)
	at org.codehaus.groovy.runtime.callsite.AbstractCallSite.call(AbstractCallSite.java:125)
	at Script1541663263215.run(Script1541663263215.groovy:32)
	at com.kms.katalon.core.main.ScriptEngine.run(ScriptEngine.java:183)
	at com.kms.katalon.core.main.ScriptEngine.runScriptAsRawText(ScriptEngine.java:108)
	at com.kms.katalon.core.main.TestCaseExecutor.runScript(TestCaseExecutor.java:294)
	at com.kms.katalon.core.main.TestCaseExecutor.doExecute(TestCaseExecutor.java:285)
	at com.kms.katalon.core.main.TestCaseExecutor.processExecutionPhase(TestCaseExecutor.java:264)
	at com.kms.katalon.core.main.TestCaseExecutor.accessMainPhase(TestCaseExecutor.java:256)
	at com.kms.katalon.core.main.TestCaseExecutor.execute(TestCaseExecutor.java:200)
	at com.kms.katalon.core.main.TestSuiteExecutor.accessTestCaseMainPhase(TestSuiteExecutor.java:129)
	at com.kms.katalon.core.main.TestSuiteExecutor.accessTestSuiteMainPhase(TestSuiteExecutor.java:112)
	at com.kms.katalon.core.main.TestSuiteExecutor.execute(TestSuiteExecutor.java:81)
	at com.kms.katalon.core.main.TestCaseMain.startTestSuite(TestCaseMain.java:142)
	at com.kms.katalon.core.main.TestCaseMain$startTestSuite$0.call(Unknown Source)
	at org.codehaus.groovy.runtime.callsite.CallSiteArray.defaultCall(CallSiteArray.java:48)
	at org.codehaus.groovy.runtime.callsite.AbstractCallSite.call(AbstractCallSite.java:113)
	at org.codehaus.groovy.runtime.callsite.AbstractCallSite.call(AbstractCallSite.java:141)
	at TempTestSuite1542367705665.run(TempTestSuite1542367705665.groovy:36)
	at groovy.lang.GroovyShell.runScriptOrMainOrTestOrRunnable(GroovyShell.java:263)
	at groovy.lang.GroovyShell.run(GroovyShell.java:518)
	at groovy.lang.GroovyShell.run(GroovyShell.java:507)
	at groovy.ui.GroovyMain.processOnce(GroovyMain.java:653)
	at groovy.ui.GroovyMain.run(GroovyMain.java:384)
	at groovy.ui.GroovyMain.process(GroovyMain.java:370)
	at groovy.ui.GroovyMain.processArgs(GroovyMain.java:129)
	at groovy.ui.GroovyMain.main(GroovyMain.java:109)
	at sun.reflect.NativeMethodAccessorImpl.invoke0(Native Method)
	at sun.reflect.NativeMethodAccessorImpl.invoke(NativeMethodAccessorImpl.java:62)
	at sun.reflect.DelegatingMethodAccessorImpl.invoke(DelegatingMethodAccessorImpl.java:43)
	at java.lang.reflect.Method.invoke(Method.java:498)
	at org.codehaus.groovy.tools.GroovyStarter.rootLoader(GroovyStarter.java:109)
	at org.codehaus.groovy.tools.GroovyStarter.main(GroovyStarter.java:131)
)]]></system-err>
      </testcase>
      <testcase name="Test Cases/iOS/Send Money Branch/SMB_43" classname="Test Cases/iOS/Send Money Branch/SMB_43" status="PASSED">
         <system-out><![CDATA[2018-11-16 20:11:45 - [TEST_CASE][PASSED] - Test Cases/iOS/Send Money Branch/SMB_43: Test Cases/iOS/Send Money Branch/SMB_43

2018-11-16 20:11:45 - [TEST_STEP][PASSED] - iOS.send_money_screen.tapBack: iOS.send_money_screen.tapBack is PASSED

2018-11-16 20:11:48 - [MESSAGE][PASSED] - Tapped on element 'Object Repository/iOS/Send Money screen/Back button'

2018-11-16 20:11:48 - [MESSAGE][PASSED] - iOS.send_money_screen.tapBack is PASSED

2018-11-16 20:11:48 - [TEST_STEP][PASSED] - iOS.send_money_screen.tapViewDashboard: iOS.send_money_screen.tapViewDashboard is PASSED

2018-11-16 20:11:50 - [MESSAGE][PASSED] - Tapped on element 'Object Repository/iOS/Send Money screen/View Dashboard button'

2018-11-16 20:11:50 - [MESSAGE][PASSED] - iOS.send_money_screen.tapViewDashboard is PASSED

2018-11-16 20:11:50 - [TEST_STEP][PASSED] - global.verify_element.exist: global.verify_element.exist is PASSED

2018-11-16 20:11:54 - [MESSAGE][PASSED] - Element 'Object Repository/iOS/Navigation menu/My Account menu' is exist

2018-11-16 20:11:54 - [MESSAGE][PASSED] - global.verify_element.exist is PASSED]]></system-out>
         <system-err><![CDATA[]]></system-err>
      </testcase>
      <testcase name="Test Cases/iOS/Send Money Branch/SMB_31" classname="Test Cases/iOS/Send Money Branch/SMB_31" status="FAILED">
         <failure type="FAILED" message="(Stack trace: com.kms.katalon.core.exception.StepFailedException: Failed to tap on element 'Object Repository/iOS/Navigation menu/Transfer Money menu' (Root cause: Object Object Repository/iOS/Navigation menu/Transfer Money menu not found)
	at com.kms.katalon.core.keyword.internal.KeywordMain.stepFailed(KeywordMain.groovy:36)
	at com.kms.katalon.core.mobile.keyword.internal.MobileKeywordMain.stepFailed(MobileKeywordMain.groovy:40)
	at com.kms.katalon.core.mobile.keyword.internal.MobileKeywordMain.runKeyword(MobileKeywordMain.groovy:23)
	at com.kms.katalon.core.mobile.keyword.builtin.TapKeyword.tap(TapKeyword.groovy:83)
	at com.kms.katalon.core.mobile.keyword.builtin.TapKeyword.execute(TapKeyword.groovy:66)
	at com.kms.katalon.core.keyword.internal.KeywordExecutor.executeKeywordForPlatform(KeywordExecutor.groovy:53)
	at com.kms.katalon.core.mobile.keyword.MobileBuiltInKeywords.tap(MobileBuiltInKeywords.groovy:471)
	at com.kms.katalon.core.mobile.keyword.MobileBuiltInKeywords$tap$0.call(Unknown Source)
	at iOS.navigation_menu.tapTransferMoney(navigation_menu.groovy:15)
	at sun.reflect.NativeMethodAccessorImpl.invoke0(Native Method)
	at sun.reflect.NativeMethodAccessorImpl.invoke(NativeMethodAccessorImpl.java:62)
	at sun.reflect.DelegatingMethodAccessorImpl.invoke(DelegatingMethodAccessorImpl.java:43)
	at java.lang.reflect.Method.invoke(Method.java:498)
	at org.codehaus.groovy.reflection.CachedMethod.invoke(CachedMethod.java:93)
	at groovy.lang.MetaMethod.doMethodInvoke(MetaMethod.java:325)
	at groovy.lang.MetaClassImpl.invokeMethod(MetaClassImpl.java:1215)
	at groovy.lang.MetaClassImpl.invokeMethod(MetaClassImpl.java:1024)
	at groovy.lang.MetaClassImpl.invokeMethod(MetaClassImpl.java:812)
	at groovy.lang.DelegatingMetaClass.invokeMethod(DelegatingMetaClass.java:144)
	at iOS.navigation_menu.invokeMethod(navigation_menu.groovy)
	at com.kms.katalon.core.main.CustomKeywordDelegatingMetaClass.invokeStaticMethod(CustomKeywordDelegatingMetaClass.java:46)
	at org.codehaus.groovy.runtime.callsite.StaticMetaClassSite.call(StaticMetaClassSite.java:53)
	at org.codehaus.groovy.runtime.callsite.CallSiteArray.defaultCall(CallSiteArray.java:48)
	at org.codehaus.groovy.runtime.callsite.AbstractCallSite.call(AbstractCallSite.java:113)
	at org.codehaus.groovy.runtime.callsite.AbstractCallSite.call(AbstractCallSite.java:117)
	at Script1541667457825.run(Script1541667457825.groovy:32)
	at com.kms.katalon.core.main.ScriptEngine.run(ScriptEngine.java:183)
	at com.kms.katalon.core.main.ScriptEngine.runScriptAsRawText(ScriptEngine.java:108)
	at com.kms.katalon.core.main.TestCaseExecutor.runScript(TestCaseExecutor.java:294)
	at com.kms.katalon.core.main.TestCaseExecutor.doExecute(TestCaseExecutor.java:285)
	at com.kms.katalon.core.main.TestCaseExecutor.processExecutionPhase(TestCaseExecutor.java:264)
	at com.kms.katalon.core.main.TestCaseExecutor.accessMainPhase(TestCaseExecutor.java:256)
	at com.kms.katalon.core.main.TestCaseExecutor.execute(TestCaseExecutor.java:200)
	at com.kms.katalon.core.main.TestSuiteExecutor.accessTestCaseMainPhase(TestSuiteExecutor.java:129)
	at com.kms.katalon.core.main.TestSuiteExecutor.accessTestSuiteMainPhase(TestSuiteExecutor.java:112)
	at com.kms.katalon.core.main.TestSuiteExecutor.execute(TestSuiteExecutor.java:81)
	at com.kms.katalon.core.main.TestCaseMain.startTestSuite(TestCaseMain.java:142)
	at com.kms.katalon.core.main.TestCaseMain$startTestSuite$0.call(Unknown Source)
	at org.codehaus.groovy.runtime.callsite.CallSiteArray.defaultCall(CallSiteArray.java:48)
	at org.codehaus.groovy.runtime.callsite.AbstractCallSite.call(AbstractCallSite.java:113)
	at org.codehaus.groovy.runtime.callsite.AbstractCallSite.call(AbstractCallSite.java:141)
	at TempTestSuite1542367705665.run(TempTestSuite1542367705665.groovy:36)
	at groovy.lang.GroovyShell.runScriptOrMainOrTestOrRunnable(GroovyShell.java:263)
	at groovy.lang.GroovyShell.run(GroovyShell.java:518)
	at groovy.lang.GroovyShell.run(GroovyShell.java:507)
	at groovy.ui.GroovyMain.processOnce(GroovyMain.java:653)
	at groovy.ui.GroovyMain.run(GroovyMain.java:384)
	at groovy.ui.GroovyMain.process(GroovyMain.java:370)
	at groovy.ui.GroovyMain.processArgs(GroovyMain.java:129)
	at groovy.ui.GroovyMain.main(GroovyMain.java:109)
	at sun.reflect.NativeMethodAccessorImpl.invoke0(Native Method)
	at sun.reflect.NativeMethodAccessorImpl.invoke(NativeMethodAccessorImpl.java:62)
	at sun.reflect.DelegatingMethodAccessorImpl.invoke(DelegatingMethodAccessorImpl.java:43)
	at java.lang.reflect.Method.invoke(Method.java:498)
	at org.codehaus.groovy.tools.GroovyStarter.rootLoader(GroovyStarter.java:109)
	at org.codehaus.groovy.tools.GroovyStarter.main(GroovyStarter.java:131)
)"/>
         <system-out><![CDATA[2018-11-16 20:11:54 - [TEST_CASE][FAILED] - Test Cases/iOS/Send Money Branch/SMB_31: Test Cases/iOS/Send Money Branch/SMB_31 FAILED because (of) (Stack trace: com.kms.katalon.core.exception.StepFailedException: Failed to tap on element 'Object Repository/iOS/Navigation menu/Transfer Money menu' (Root cause: Object Object Repository/iOS/Navigation menu/Transfer Money menu not found)
	at com.kms.katalon.core.keyword.internal.KeywordMain.stepFailed(KeywordMain.groovy:36)
	at com.kms.katalon.core.mobile.keyword.internal.MobileKeywordMain.stepFailed(MobileKeywordMain.groovy:40)
	at com.kms.katalon.core.mobile.keyword.internal.MobileKeywordMain.runKeyword(MobileKeywordMain.groovy:23)
	at com.kms.katalon.core.mobile.keyword.builtin.TapKeyword.tap(TapKeyword.groovy:83)
	at com.kms.katalon.core.mobile.keyword.builtin.TapKeyword.execute(TapKeyword.groovy:66)
	at com.kms.katalon.core.keyword.internal.KeywordExecutor.executeKeywordForPlatform(KeywordExecutor.groovy:53)
	at com.kms.katalon.core.mobile.keyword.MobileBuiltInKeywords.tap(MobileBuiltInKeywords.groovy:471)
	at com.kms.katalon.core.mobile.keyword.MobileBuiltInKeywords$tap$0.call(Unknown Source)
	at iOS.navigation_menu.tapTransferMoney(navigation_menu.groovy:15)
	at sun.reflect.NativeMethodAccessorImpl.invoke0(Native Method)
	at sun.reflect.NativeMethodAccessorImpl.invoke(NativeMethodAccessorImpl.java:62)
	at sun.reflect.DelegatingMethodAccessorImpl.invoke(DelegatingMethodAccessorImpl.java:43)
	at java.lang.reflect.Method.invoke(Method.java:498)
	at org.codehaus.groovy.reflection.CachedMethod.invoke(CachedMethod.java:93)
	at groovy.lang.MetaMethod.doMethodInvoke(MetaMethod.java:325)
	at groovy.lang.MetaClassImpl.invokeMethod(MetaClassImpl.java:1215)
	at groovy.lang.MetaClassImpl.invokeMethod(MetaClassImpl.java:1024)
	at groovy.lang.MetaClassImpl.invokeMethod(MetaClassImpl.java:812)
	at groovy.lang.DelegatingMetaClass.invokeMethod(DelegatingMetaClass.java:144)
	at iOS.navigation_menu.invokeMethod(navigation_menu.groovy)
	at com.kms.katalon.core.main.CustomKeywordDelegatingMetaClass.invokeStaticMethod(CustomKeywordDelegatingMetaClass.java:46)
	at org.codehaus.groovy.runtime.callsite.StaticMetaClassSite.call(StaticMetaClassSite.java:53)
	at org.codehaus.groovy.runtime.callsite.CallSiteArray.defaultCall(CallSiteArray.java:48)
	at org.codehaus.groovy.runtime.callsite.AbstractCallSite.call(AbstractCallSite.java:113)
	at org.codehaus.groovy.runtime.callsite.AbstractCallSite.call(AbstractCallSite.java:117)
	at Script1541667457825.run(Script1541667457825.groovy:32)
	at com.kms.katalon.core.main.ScriptEngine.run(ScriptEngine.java:183)
	at com.kms.katalon.core.main.ScriptEngine.runScriptAsRawText(ScriptEngine.java:108)
	at com.kms.katalon.core.main.TestCaseExecutor.runScript(TestCaseExecutor.java:294)
	at com.kms.katalon.core.main.TestCaseExecutor.doExecute(TestCaseExecutor.java:285)
	at com.kms.katalon.core.main.TestCaseExecutor.processExecutionPhase(TestCaseExecutor.java:264)
	at com.kms.katalon.core.main.TestCaseExecutor.accessMainPhase(TestCaseExecutor.java:256)
	at com.kms.katalon.core.main.TestCaseExecutor.execute(TestCaseExecutor.java:200)
	at com.kms.katalon.core.main.TestSuiteExecutor.accessTestCaseMainPhase(TestSuiteExecutor.java:129)
	at com.kms.katalon.core.main.TestSuiteExecutor.accessTestSuiteMainPhase(TestSuiteExecutor.java:112)
	at com.kms.katalon.core.main.TestSuiteExecutor.execute(TestSuiteExecutor.java:81)
	at com.kms.katalon.core.main.TestCaseMain.startTestSuite(TestCaseMain.java:142)
	at com.kms.katalon.core.main.TestCaseMain$startTestSuite$0.call(Unknown Source)
	at org.codehaus.groovy.runtime.callsite.CallSiteArray.defaultCall(CallSiteArray.java:48)
	at org.codehaus.groovy.runtime.callsite.AbstractCallSite.call(AbstractCallSite.java:113)
	at org.codehaus.groovy.runtime.callsite.AbstractCallSite.call(AbstractCallSite.java:141)
	at TempTestSuite1542367705665.run(TempTestSuite1542367705665.groovy:36)
	at groovy.lang.GroovyShell.runScriptOrMainOrTestOrRunnable(GroovyShell.java:263)
	at groovy.lang.GroovyShell.run(GroovyShell.java:518)
	at groovy.lang.GroovyShell.run(GroovyShell.java:507)
	at groovy.ui.GroovyMain.processOnce(GroovyMain.java:653)
	at groovy.ui.GroovyMain.run(GroovyMain.java:384)
	at groovy.ui.GroovyMain.process(GroovyMain.java:370)
	at groovy.ui.GroovyMain.processArgs(GroovyMain.java:129)
	at groovy.ui.GroovyMain.main(GroovyMain.java:109)
	at sun.reflect.NativeMethodAccessorImpl.invoke0(Native Method)
	at sun.reflect.NativeMethodAccessorImpl.invoke(NativeMethodAccessorImpl.java:62)
	at sun.reflect.DelegatingMethodAccessorImpl.invoke(DelegatingMethodAccessorImpl.java:43)
	at java.lang.reflect.Method.invoke(Method.java:498)
	at org.codehaus.groovy.tools.GroovyStarter.rootLoader(GroovyStarter.java:109)
	at org.codehaus.groovy.tools.GroovyStarter.main(GroovyStarter.java:131)
)

2018-11-16 20:11:54 - [TEST_STEP][PASSED] - Statement - randomFirstName = new global.random_data().firstName(): null

2018-11-16 20:11:54 - [TEST_STEP][PASSED] - Statement - randomMiddleName = new global.random_data().middleName(): null

2018-11-16 20:11:54 - [TEST_STEP][PASSED] - Statement - randomLastName = new global.random_data().lastName(): null

2018-11-16 20:11:54 - [TEST_STEP][PASSED] - Statement - randomMobileNumber = new global.random_data().mobileNumber(): null

2018-11-16 20:11:54 - [TEST_STEP][PASSED] - Statement - randomPhoneNumber = new global.random_data().phoneNumber(): null

2018-11-16 20:11:54 - [TEST_STEP][PASSED] - Statement - randomSourceOfFunds = new global.random_data().sourceOfFunds(): null

2018-11-16 20:11:54 - [TEST_STEP][PASSED] - Statement - randomAmount = new global.random_data().amount(): null

2018-11-16 20:11:54 - [TEST_STEP][PASSED] - Statement - randomSentence = new global.random_data().message(): null

2018-11-16 20:11:54 - [TEST_STEP][PASSED] - Statement - firstName = randomFirstName: null

2018-11-16 20:11:54 - [TEST_STEP][PASSED] - Statement - middleName = randomMiddleName: null

2018-11-16 20:11:54 - [TEST_STEP][PASSED] - Statement - lastName = randomLastName: null

2018-11-16 20:11:54 - [TEST_STEP][PASSED] - Statement - mobileNumber = randomMobileNumber: null

2018-11-16 20:11:54 - [TEST_STEP][PASSED] - Statement - phoneNumber = randomPhoneNumber: null

2018-11-16 20:11:54 - [TEST_STEP][PASSED] - Statement - sourceOfFunds = randomSourceOfFunds: null

2018-11-16 20:11:54 - [TEST_STEP][PASSED] - Statement - amount = randomAmount: null

2018-11-16 20:11:54 - [TEST_STEP][PASSED] - Statement - message = randomSentence: null

2018-11-16 20:11:54 - [TEST_STEP][PASSED] - startApplication: Started app at: '/Users/buenaanda/Documents/mobile-automation-katalon/Data Files/PeraHub_v3.2.0-QAT.app'

2018-11-16 20:12:07 - [MESSAGE][PASSED] - Started app at: '/Users/buenaanda/Documents/mobile-automation-katalon/Data Files/PeraHub_v3.2.0-QAT.app'

2018-11-16 20:12:07 - [TEST_STEP][PASSED] - delay: Delayed 20 second(s)

2018-11-16 20:12:27 - [MESSAGE][PASSED] - Delayed 20 second(s)

2018-11-16 20:12:27 - [TEST_STEP][FAILED] - iOS.navigation_menu.tapTransferMoney: Failed to tap on element 'Object Repository/iOS/Navigation menu/Transfer Money menu' (Root cause: Object Object Repository/iOS/Navigation menu/Transfer Money menu not found)

2018-11-16 20:12:27 - [MESSAGE][WARNING] - Timeout '0' is invalid. Using default page load timeout: '15'

2018-11-16 20:12:43 - [MESSAGE][FAILED] - Object Object Repository/iOS/Navigation menu/Transfer Money menu not found
[[ATTACHMENT|/Users/buenaanda/Documents/mobile-automation-katalon/Reports/iOS/PERA Hub Test Suite/20181116_192825/1542370363270.png]]

2018-11-16 20:12:43 - [MESSAGE][FAILED] - Failed to tap on element 'Object Repository/iOS/Navigation menu/Transfer Money menu' (Root cause: Object Object Repository/iOS/Navigation menu/Transfer Money menu not found)
[[ATTACHMENT|/Users/buenaanda/Documents/mobile-automation-katalon/Reports/iOS/PERA Hub Test Suite/20181116_192825/1542370363443.png]]

2018-11-16 20:12:43 - [MESSAGE][FAILED] - Failed to tap on element 'Object Repository/iOS/Navigation menu/Transfer Money menu' (Root cause: Object Object Repository/iOS/Navigation menu/Transfer Money menu not found)]]></system-out>
         <system-err><![CDATA[2018-11-16 20:11:54 - [TEST_CASE][FAILED] - Test Cases/iOS/Send Money Branch/SMB_31: Test Cases/iOS/Send Money Branch/SMB_31 FAILED because (of) (Stack trace: com.kms.katalon.core.exception.StepFailedException: Failed to tap on element 'Object Repository/iOS/Navigation menu/Transfer Money menu' (Root cause: Object Object Repository/iOS/Navigation menu/Transfer Money menu not found)
	at com.kms.katalon.core.keyword.internal.KeywordMain.stepFailed(KeywordMain.groovy:36)
	at com.kms.katalon.core.mobile.keyword.internal.MobileKeywordMain.stepFailed(MobileKeywordMain.groovy:40)
	at com.kms.katalon.core.mobile.keyword.internal.MobileKeywordMain.runKeyword(MobileKeywordMain.groovy:23)
	at com.kms.katalon.core.mobile.keyword.builtin.TapKeyword.tap(TapKeyword.groovy:83)
	at com.kms.katalon.core.mobile.keyword.builtin.TapKeyword.execute(TapKeyword.groovy:66)
	at com.kms.katalon.core.keyword.internal.KeywordExecutor.executeKeywordForPlatform(KeywordExecutor.groovy:53)
	at com.kms.katalon.core.mobile.keyword.MobileBuiltInKeywords.tap(MobileBuiltInKeywords.groovy:471)
	at com.kms.katalon.core.mobile.keyword.MobileBuiltInKeywords$tap$0.call(Unknown Source)
	at iOS.navigation_menu.tapTransferMoney(navigation_menu.groovy:15)
	at sun.reflect.NativeMethodAccessorImpl.invoke0(Native Method)
	at sun.reflect.NativeMethodAccessorImpl.invoke(NativeMethodAccessorImpl.java:62)
	at sun.reflect.DelegatingMethodAccessorImpl.invoke(DelegatingMethodAccessorImpl.java:43)
	at java.lang.reflect.Method.invoke(Method.java:498)
	at org.codehaus.groovy.reflection.CachedMethod.invoke(CachedMethod.java:93)
	at groovy.lang.MetaMethod.doMethodInvoke(MetaMethod.java:325)
	at groovy.lang.MetaClassImpl.invokeMethod(MetaClassImpl.java:1215)
	at groovy.lang.MetaClassImpl.invokeMethod(MetaClassImpl.java:1024)
	at groovy.lang.MetaClassImpl.invokeMethod(MetaClassImpl.java:812)
	at groovy.lang.DelegatingMetaClass.invokeMethod(DelegatingMetaClass.java:144)
	at iOS.navigation_menu.invokeMethod(navigation_menu.groovy)
	at com.kms.katalon.core.main.CustomKeywordDelegatingMetaClass.invokeStaticMethod(CustomKeywordDelegatingMetaClass.java:46)
	at org.codehaus.groovy.runtime.callsite.StaticMetaClassSite.call(StaticMetaClassSite.java:53)
	at org.codehaus.groovy.runtime.callsite.CallSiteArray.defaultCall(CallSiteArray.java:48)
	at org.codehaus.groovy.runtime.callsite.AbstractCallSite.call(AbstractCallSite.java:113)
	at org.codehaus.groovy.runtime.callsite.AbstractCallSite.call(AbstractCallSite.java:117)
	at Script1541667457825.run(Script1541667457825.groovy:32)
	at com.kms.katalon.core.main.ScriptEngine.run(ScriptEngine.java:183)
	at com.kms.katalon.core.main.ScriptEngine.runScriptAsRawText(ScriptEngine.java:108)
	at com.kms.katalon.core.main.TestCaseExecutor.runScript(TestCaseExecutor.java:294)
	at com.kms.katalon.core.main.TestCaseExecutor.doExecute(TestCaseExecutor.java:285)
	at com.kms.katalon.core.main.TestCaseExecutor.processExecutionPhase(TestCaseExecutor.java:264)
	at com.kms.katalon.core.main.TestCaseExecutor.accessMainPhase(TestCaseExecutor.java:256)
	at com.kms.katalon.core.main.TestCaseExecutor.execute(TestCaseExecutor.java:200)
	at com.kms.katalon.core.main.TestSuiteExecutor.accessTestCaseMainPhase(TestSuiteExecutor.java:129)
	at com.kms.katalon.core.main.TestSuiteExecutor.accessTestSuiteMainPhase(TestSuiteExecutor.java:112)
	at com.kms.katalon.core.main.TestSuiteExecutor.execute(TestSuiteExecutor.java:81)
	at com.kms.katalon.core.main.TestCaseMain.startTestSuite(TestCaseMain.java:142)
	at com.kms.katalon.core.main.TestCaseMain$startTestSuite$0.call(Unknown Source)
	at org.codehaus.groovy.runtime.callsite.CallSiteArray.defaultCall(CallSiteArray.java:48)
	at org.codehaus.groovy.runtime.callsite.AbstractCallSite.call(AbstractCallSite.java:113)
	at org.codehaus.groovy.runtime.callsite.AbstractCallSite.call(AbstractCallSite.java:141)
	at TempTestSuite1542367705665.run(TempTestSuite1542367705665.groovy:36)
	at groovy.lang.GroovyShell.runScriptOrMainOrTestOrRunnable(GroovyShell.java:263)
	at groovy.lang.GroovyShell.run(GroovyShell.java:518)
	at groovy.lang.GroovyShell.run(GroovyShell.java:507)
	at groovy.ui.GroovyMain.processOnce(GroovyMain.java:653)
	at groovy.ui.GroovyMain.run(GroovyMain.java:384)
	at groovy.ui.GroovyMain.process(GroovyMain.java:370)
	at groovy.ui.GroovyMain.processArgs(GroovyMain.java:129)
	at groovy.ui.GroovyMain.main(GroovyMain.java:109)
	at sun.reflect.NativeMethodAccessorImpl.invoke0(Native Method)
	at sun.reflect.NativeMethodAccessorImpl.invoke(NativeMethodAccessorImpl.java:62)
	at sun.reflect.DelegatingMethodAccessorImpl.invoke(DelegatingMethodAccessorImpl.java:43)
	at java.lang.reflect.Method.invoke(Method.java:498)
	at org.codehaus.groovy.tools.GroovyStarter.rootLoader(GroovyStarter.java:109)
	at org.codehaus.groovy.tools.GroovyStarter.main(GroovyStarter.java:131)
)]]></system-err>
      </testcase>
      <testcase name="Test Cases/iOS/Send Money Branch/SMB_32" classname="Test Cases/iOS/Send Money Branch/SMB_32" status="FAILED">
         <failure type="FAILED" message="(Stack trace: com.kms.katalon.core.exception.StepFailedException: Failed to set text into element (Root cause: Object Object Repository/iOS/Send Money screen/Promo Code field not found)
	at com.kms.katalon.core.keyword.internal.KeywordMain.stepFailed(KeywordMain.groovy:36)
	at com.kms.katalon.core.mobile.keyword.internal.MobileKeywordMain.stepFailed(MobileKeywordMain.groovy:40)
	at com.kms.katalon.core.mobile.keyword.internal.MobileKeywordMain.runKeyword(MobileKeywordMain.groovy:23)
	at com.kms.katalon.core.mobile.keyword.builtin.SetTextKeyword.setText(SetTextKeyword.groovy:83)
	at com.kms.katalon.core.mobile.keyword.builtin.SetTextKeyword.execute(SetTextKeyword.groovy:66)
	at com.kms.katalon.core.keyword.internal.KeywordExecutor.executeKeywordForPlatform(KeywordExecutor.groovy:53)
	at com.kms.katalon.core.mobile.keyword.MobileBuiltInKeywords.setText(MobileBuiltInKeywords.groovy:440)
	at com.kms.katalon.core.mobile.keyword.MobileBuiltInKeywords$setText$3.call(Unknown Source)
	at global.object.setText(object.groovy:26)
	at global.object$setText$1.call(Unknown Source)
	at iOS.send_money_screen.setText(send_money_screen.groovy:212)
	at sun.reflect.GeneratedMethodAccessor20.invoke(Unknown Source)
	at sun.reflect.DelegatingMethodAccessorImpl.invoke(DelegatingMethodAccessorImpl.java:43)
	at java.lang.reflect.Method.invoke(Method.java:498)
	at org.codehaus.groovy.reflection.CachedMethod.invoke(CachedMethod.java:93)
	at groovy.lang.MetaMethod.doMethodInvoke(MetaMethod.java:325)
	at groovy.lang.MetaClassImpl.invokeMethod(MetaClassImpl.java:1215)
	at groovy.lang.MetaClassImpl.invokeMethod(MetaClassImpl.java:1024)
	at groovy.lang.DelegatingMetaClass.invokeMethod(DelegatingMetaClass.java:151)
	at org.codehaus.groovy.runtime.callsite.PogoMetaClassSite.callCurrent(PogoMetaClassSite.java:69)
	at org.codehaus.groovy.runtime.callsite.CallSiteArray.defaultCallCurrent(CallSiteArray.java:52)
	at org.codehaus.groovy.runtime.callsite.AbstractCallSite.callCurrent(AbstractCallSite.java:154)
	at org.codehaus.groovy.runtime.callsite.AbstractCallSite.callCurrent(AbstractCallSite.java:174)
	at iOS.send_money_screen.enterPromoCode(send_money_screen.groovy:147)
	at sun.reflect.NativeMethodAccessorImpl.invoke0(Native Method)
	at sun.reflect.NativeMethodAccessorImpl.invoke(NativeMethodAccessorImpl.java:62)
	at sun.reflect.DelegatingMethodAccessorImpl.invoke(DelegatingMethodAccessorImpl.java:43)
	at java.lang.reflect.Method.invoke(Method.java:498)
	at org.codehaus.groovy.reflection.CachedMethod.invoke(CachedMethod.java:93)
	at groovy.lang.MetaMethod.doMethodInvoke(MetaMethod.java:325)
	at groovy.lang.MetaClassImpl.invokeMethod(MetaClassImpl.java:1215)
	at groovy.lang.MetaClassImpl.invokeMethod(MetaClassImpl.java:1024)
	at groovy.lang.MetaClassImpl.invokeMethod(MetaClassImpl.java:812)
	at groovy.lang.DelegatingMetaClass.invokeMethod(DelegatingMetaClass.java:144)
	at iOS.send_money_screen.invokeMethod(send_money_screen.groovy)
	at com.kms.katalon.core.main.CustomKeywordDelegatingMetaClass.invokeStaticMethod(CustomKeywordDelegatingMetaClass.java:46)
	at org.codehaus.groovy.runtime.callsite.StaticMetaClassSite.call(StaticMetaClassSite.java:53)
	at org.codehaus.groovy.runtime.callsite.CallSiteArray.defaultCall(CallSiteArray.java:48)
	at org.codehaus.groovy.runtime.callsite.AbstractCallSite.call(AbstractCallSite.java:113)
	at org.codehaus.groovy.runtime.callsite.AbstractCallSite.call(AbstractCallSite.java:125)
	at Script1541669326999.run(Script1541669326999.groovy:7)
	at com.kms.katalon.core.main.ScriptEngine.run(ScriptEngine.java:183)
	at com.kms.katalon.core.main.ScriptEngine.runScriptAsRawText(ScriptEngine.java:108)
	at com.kms.katalon.core.main.TestCaseExecutor.runScript(TestCaseExecutor.java:294)
	at com.kms.katalon.core.main.TestCaseExecutor.doExecute(TestCaseExecutor.java:285)
	at com.kms.katalon.core.main.TestCaseExecutor.processExecutionPhase(TestCaseExecutor.java:264)
	at com.kms.katalon.core.main.TestCaseExecutor.accessMainPhase(TestCaseExecutor.java:256)
	at com.kms.katalon.core.main.TestCaseExecutor.execute(TestCaseExecutor.java:200)
	at com.kms.katalon.core.main.TestSuiteExecutor.accessTestCaseMainPhase(TestSuiteExecutor.java:129)
	at com.kms.katalon.core.main.TestSuiteExecutor.accessTestSuiteMainPhase(TestSuiteExecutor.java:112)
	at com.kms.katalon.core.main.TestSuiteExecutor.execute(TestSuiteExecutor.java:81)
	at com.kms.katalon.core.main.TestCaseMain.startTestSuite(TestCaseMain.java:142)
	at com.kms.katalon.core.main.TestCaseMain$startTestSuite$0.call(Unknown Source)
	at org.codehaus.groovy.runtime.callsite.CallSiteArray.defaultCall(CallSiteArray.java:48)
	at org.codehaus.groovy.runtime.callsite.AbstractCallSite.call(AbstractCallSite.java:113)
	at org.codehaus.groovy.runtime.callsite.AbstractCallSite.call(AbstractCallSite.java:141)
	at TempTestSuite1542367705665.run(TempTestSuite1542367705665.groovy:36)
	at groovy.lang.GroovyShell.runScriptOrMainOrTestOrRunnable(GroovyShell.java:263)
	at groovy.lang.GroovyShell.run(GroovyShell.java:518)
	at groovy.lang.GroovyShell.run(GroovyShell.java:507)
	at groovy.ui.GroovyMain.processOnce(GroovyMain.java:653)
	at groovy.ui.GroovyMain.run(GroovyMain.java:384)
	at groovy.ui.GroovyMain.process(GroovyMain.java:370)
	at groovy.ui.GroovyMain.processArgs(GroovyMain.java:129)
	at groovy.ui.GroovyMain.main(GroovyMain.java:109)
	at sun.reflect.NativeMethodAccessorImpl.invoke0(Native Method)
	at sun.reflect.NativeMethodAccessorImpl.invoke(NativeMethodAccessorImpl.java:62)
	at sun.reflect.DelegatingMethodAccessorImpl.invoke(DelegatingMethodAccessorImpl.java:43)
	at java.lang.reflect.Method.invoke(Method.java:498)
	at org.codehaus.groovy.tools.GroovyStarter.rootLoader(GroovyStarter.java:109)
	at org.codehaus.groovy.tools.GroovyStarter.main(GroovyStarter.java:131)
)"/>
         <system-out><![CDATA[2018-11-16 20:12:43 - [TEST_CASE][FAILED] - Test Cases/iOS/Send Money Branch/SMB_32: Test Cases/iOS/Send Money Branch/SMB_32 FAILED because (of) (Stack trace: com.kms.katalon.core.exception.StepFailedException: Failed to set text into element (Root cause: Object Object Repository/iOS/Send Money screen/Promo Code field not found)
	at com.kms.katalon.core.keyword.internal.KeywordMain.stepFailed(KeywordMain.groovy:36)
	at com.kms.katalon.core.mobile.keyword.internal.MobileKeywordMain.stepFailed(MobileKeywordMain.groovy:40)
	at com.kms.katalon.core.mobile.keyword.internal.MobileKeywordMain.runKeyword(MobileKeywordMain.groovy:23)
	at com.kms.katalon.core.mobile.keyword.builtin.SetTextKeyword.setText(SetTextKeyword.groovy:83)
	at com.kms.katalon.core.mobile.keyword.builtin.SetTextKeyword.execute(SetTextKeyword.groovy:66)
	at com.kms.katalon.core.keyword.internal.KeywordExecutor.executeKeywordForPlatform(KeywordExecutor.groovy:53)
	at com.kms.katalon.core.mobile.keyword.MobileBuiltInKeywords.setText(MobileBuiltInKeywords.groovy:440)
	at com.kms.katalon.core.mobile.keyword.MobileBuiltInKeywords$setText$3.call(Unknown Source)
	at global.object.setText(object.groovy:26)
	at global.object$setText$1.call(Unknown Source)
	at iOS.send_money_screen.setText(send_money_screen.groovy:212)
	at sun.reflect.GeneratedMethodAccessor20.invoke(Unknown Source)
	at sun.reflect.DelegatingMethodAccessorImpl.invoke(DelegatingMethodAccessorImpl.java:43)
	at java.lang.reflect.Method.invoke(Method.java:498)
	at org.codehaus.groovy.reflection.CachedMethod.invoke(CachedMethod.java:93)
	at groovy.lang.MetaMethod.doMethodInvoke(MetaMethod.java:325)
	at groovy.lang.MetaClassImpl.invokeMethod(MetaClassImpl.java:1215)
	at groovy.lang.MetaClassImpl.invokeMethod(MetaClassImpl.java:1024)
	at groovy.lang.DelegatingMetaClass.invokeMethod(DelegatingMetaClass.java:151)
	at org.codehaus.groovy.runtime.callsite.PogoMetaClassSite.callCurrent(PogoMetaClassSite.java:69)
	at org.codehaus.groovy.runtime.callsite.CallSiteArray.defaultCallCurrent(CallSiteArray.java:52)
	at org.codehaus.groovy.runtime.callsite.AbstractCallSite.callCurrent(AbstractCallSite.java:154)
	at org.codehaus.groovy.runtime.callsite.AbstractCallSite.callCurrent(AbstractCallSite.java:174)
	at iOS.send_money_screen.enterPromoCode(send_money_screen.groovy:147)
	at sun.reflect.NativeMethodAccessorImpl.invoke0(Native Method)
	at sun.reflect.NativeMethodAccessorImpl.invoke(NativeMethodAccessorImpl.java:62)
	at sun.reflect.DelegatingMethodAccessorImpl.invoke(DelegatingMethodAccessorImpl.java:43)
	at java.lang.reflect.Method.invoke(Method.java:498)
	at org.codehaus.groovy.reflection.CachedMethod.invoke(CachedMethod.java:93)
	at groovy.lang.MetaMethod.doMethodInvoke(MetaMethod.java:325)
	at groovy.lang.MetaClassImpl.invokeMethod(MetaClassImpl.java:1215)
	at groovy.lang.MetaClassImpl.invokeMethod(MetaClassImpl.java:1024)
	at groovy.lang.MetaClassImpl.invokeMethod(MetaClassImpl.java:812)
	at groovy.lang.DelegatingMetaClass.invokeMethod(DelegatingMetaClass.java:144)
	at iOS.send_money_screen.invokeMethod(send_money_screen.groovy)
	at com.kms.katalon.core.main.CustomKeywordDelegatingMetaClass.invokeStaticMethod(CustomKeywordDelegatingMetaClass.java:46)
	at org.codehaus.groovy.runtime.callsite.StaticMetaClassSite.call(StaticMetaClassSite.java:53)
	at org.codehaus.groovy.runtime.callsite.CallSiteArray.defaultCall(CallSiteArray.java:48)
	at org.codehaus.groovy.runtime.callsite.AbstractCallSite.call(AbstractCallSite.java:113)
	at org.codehaus.groovy.runtime.callsite.AbstractCallSite.call(AbstractCallSite.java:125)
	at Script1541669326999.run(Script1541669326999.groovy:7)
	at com.kms.katalon.core.main.ScriptEngine.run(ScriptEngine.java:183)
	at com.kms.katalon.core.main.ScriptEngine.runScriptAsRawText(ScriptEngine.java:108)
	at com.kms.katalon.core.main.TestCaseExecutor.runScript(TestCaseExecutor.java:294)
	at com.kms.katalon.core.main.TestCaseExecutor.doExecute(TestCaseExecutor.java:285)
	at com.kms.katalon.core.main.TestCaseExecutor.processExecutionPhase(TestCaseExecutor.java:264)
	at com.kms.katalon.core.main.TestCaseExecutor.accessMainPhase(TestCaseExecutor.java:256)
	at com.kms.katalon.core.main.TestCaseExecutor.execute(TestCaseExecutor.java:200)
	at com.kms.katalon.core.main.TestSuiteExecutor.accessTestCaseMainPhase(TestSuiteExecutor.java:129)
	at com.kms.katalon.core.main.TestSuiteExecutor.accessTestSuiteMainPhase(TestSuiteExecutor.java:112)
	at com.kms.katalon.core.main.TestSuiteExecutor.execute(TestSuiteExecutor.java:81)
	at com.kms.katalon.core.main.TestCaseMain.startTestSuite(TestCaseMain.java:142)
	at com.kms.katalon.core.main.TestCaseMain$startTestSuite$0.call(Unknown Source)
	at org.codehaus.groovy.runtime.callsite.CallSiteArray.defaultCall(CallSiteArray.java:48)
	at org.codehaus.groovy.runtime.callsite.AbstractCallSite.call(AbstractCallSite.java:113)
	at org.codehaus.groovy.runtime.callsite.AbstractCallSite.call(AbstractCallSite.java:141)
	at TempTestSuite1542367705665.run(TempTestSuite1542367705665.groovy:36)
	at groovy.lang.GroovyShell.runScriptOrMainOrTestOrRunnable(GroovyShell.java:263)
	at groovy.lang.GroovyShell.run(GroovyShell.java:518)
	at groovy.lang.GroovyShell.run(GroovyShell.java:507)
	at groovy.ui.GroovyMain.processOnce(GroovyMain.java:653)
	at groovy.ui.GroovyMain.run(GroovyMain.java:384)
	at groovy.ui.GroovyMain.process(GroovyMain.java:370)
	at groovy.ui.GroovyMain.processArgs(GroovyMain.java:129)
	at groovy.ui.GroovyMain.main(GroovyMain.java:109)
	at sun.reflect.NativeMethodAccessorImpl.invoke0(Native Method)
	at sun.reflect.NativeMethodAccessorImpl.invoke(NativeMethodAccessorImpl.java:62)
	at sun.reflect.DelegatingMethodAccessorImpl.invoke(DelegatingMethodAccessorImpl.java:43)
	at java.lang.reflect.Method.invoke(Method.java:498)
	at org.codehaus.groovy.tools.GroovyStarter.rootLoader(GroovyStarter.java:109)
	at org.codehaus.groovy.tools.GroovyStarter.main(GroovyStarter.java:131)
)

2018-11-16 20:12:43 - [TEST_STEP][PASSED] - Statement - promoCode = promoCode1: null

2018-11-16 20:12:43 - [TEST_STEP][FAILED] - iOS.send_money_screen.enterPromoCode: Failed to set text into element (Root cause: Object Object Repository/iOS/Send Money screen/Promo Code field not found)

2018-11-16 20:12:49 - [MESSAGE][FAILED] - Object Object Repository/iOS/Send Money screen/Promo Code field not found
[[ATTACHMENT|/Users/buenaanda/Documents/mobile-automation-katalon/Reports/iOS/PERA Hub Test Suite/20181116_192825/1542370369470.png]]

2018-11-16 20:12:49 - [MESSAGE][FAILED] - Failed to set text into element (Root cause: Object Object Repository/iOS/Send Money screen/Promo Code field not found)
[[ATTACHMENT|/Users/buenaanda/Documents/mobile-automation-katalon/Reports/iOS/PERA Hub Test Suite/20181116_192825/1542370369617.png]]

2018-11-16 20:12:49 - [MESSAGE][FAILED] - Failed to set text into element (Root cause: Object Object Repository/iOS/Send Money screen/Promo Code field not found)]]></system-out>
         <system-err><![CDATA[2018-11-16 20:12:43 - [TEST_CASE][FAILED] - Test Cases/iOS/Send Money Branch/SMB_32: Test Cases/iOS/Send Money Branch/SMB_32 FAILED because (of) (Stack trace: com.kms.katalon.core.exception.StepFailedException: Failed to set text into element (Root cause: Object Object Repository/iOS/Send Money screen/Promo Code field not found)
	at com.kms.katalon.core.keyword.internal.KeywordMain.stepFailed(KeywordMain.groovy:36)
	at com.kms.katalon.core.mobile.keyword.internal.MobileKeywordMain.stepFailed(MobileKeywordMain.groovy:40)
	at com.kms.katalon.core.mobile.keyword.internal.MobileKeywordMain.runKeyword(MobileKeywordMain.groovy:23)
	at com.kms.katalon.core.mobile.keyword.builtin.SetTextKeyword.setText(SetTextKeyword.groovy:83)
	at com.kms.katalon.core.mobile.keyword.builtin.SetTextKeyword.execute(SetTextKeyword.groovy:66)
	at com.kms.katalon.core.keyword.internal.KeywordExecutor.executeKeywordForPlatform(KeywordExecutor.groovy:53)
	at com.kms.katalon.core.mobile.keyword.MobileBuiltInKeywords.setText(MobileBuiltInKeywords.groovy:440)
	at com.kms.katalon.core.mobile.keyword.MobileBuiltInKeywords$setText$3.call(Unknown Source)
	at global.object.setText(object.groovy:26)
	at global.object$setText$1.call(Unknown Source)
	at iOS.send_money_screen.setText(send_money_screen.groovy:212)
	at sun.reflect.GeneratedMethodAccessor20.invoke(Unknown Source)
	at sun.reflect.DelegatingMethodAccessorImpl.invoke(DelegatingMethodAccessorImpl.java:43)
	at java.lang.reflect.Method.invoke(Method.java:498)
	at org.codehaus.groovy.reflection.CachedMethod.invoke(CachedMethod.java:93)
	at groovy.lang.MetaMethod.doMethodInvoke(MetaMethod.java:325)
	at groovy.lang.MetaClassImpl.invokeMethod(MetaClassImpl.java:1215)
	at groovy.lang.MetaClassImpl.invokeMethod(MetaClassImpl.java:1024)
	at groovy.lang.DelegatingMetaClass.invokeMethod(DelegatingMetaClass.java:151)
	at org.codehaus.groovy.runtime.callsite.PogoMetaClassSite.callCurrent(PogoMetaClassSite.java:69)
	at org.codehaus.groovy.runtime.callsite.CallSiteArray.defaultCallCurrent(CallSiteArray.java:52)
	at org.codehaus.groovy.runtime.callsite.AbstractCallSite.callCurrent(AbstractCallSite.java:154)
	at org.codehaus.groovy.runtime.callsite.AbstractCallSite.callCurrent(AbstractCallSite.java:174)
	at iOS.send_money_screen.enterPromoCode(send_money_screen.groovy:147)
	at sun.reflect.NativeMethodAccessorImpl.invoke0(Native Method)
	at sun.reflect.NativeMethodAccessorImpl.invoke(NativeMethodAccessorImpl.java:62)
	at sun.reflect.DelegatingMethodAccessorImpl.invoke(DelegatingMethodAccessorImpl.java:43)
	at java.lang.reflect.Method.invoke(Method.java:498)
	at org.codehaus.groovy.reflection.CachedMethod.invoke(CachedMethod.java:93)
	at groovy.lang.MetaMethod.doMethodInvoke(MetaMethod.java:325)
	at groovy.lang.MetaClassImpl.invokeMethod(MetaClassImpl.java:1215)
	at groovy.lang.MetaClassImpl.invokeMethod(MetaClassImpl.java:1024)
	at groovy.lang.MetaClassImpl.invokeMethod(MetaClassImpl.java:812)
	at groovy.lang.DelegatingMetaClass.invokeMethod(DelegatingMetaClass.java:144)
	at iOS.send_money_screen.invokeMethod(send_money_screen.groovy)
	at com.kms.katalon.core.main.CustomKeywordDelegatingMetaClass.invokeStaticMethod(CustomKeywordDelegatingMetaClass.java:46)
	at org.codehaus.groovy.runtime.callsite.StaticMetaClassSite.call(StaticMetaClassSite.java:53)
	at org.codehaus.groovy.runtime.callsite.CallSiteArray.defaultCall(CallSiteArray.java:48)
	at org.codehaus.groovy.runtime.callsite.AbstractCallSite.call(AbstractCallSite.java:113)
	at org.codehaus.groovy.runtime.callsite.AbstractCallSite.call(AbstractCallSite.java:125)
	at Script1541669326999.run(Script1541669326999.groovy:7)
	at com.kms.katalon.core.main.ScriptEngine.run(ScriptEngine.java:183)
	at com.kms.katalon.core.main.ScriptEngine.runScriptAsRawText(ScriptEngine.java:108)
	at com.kms.katalon.core.main.TestCaseExecutor.runScript(TestCaseExecutor.java:294)
	at com.kms.katalon.core.main.TestCaseExecutor.doExecute(TestCaseExecutor.java:285)
	at com.kms.katalon.core.main.TestCaseExecutor.processExecutionPhase(TestCaseExecutor.java:264)
	at com.kms.katalon.core.main.TestCaseExecutor.accessMainPhase(TestCaseExecutor.java:256)
	at com.kms.katalon.core.main.TestCaseExecutor.execute(TestCaseExecutor.java:200)
	at com.kms.katalon.core.main.TestSuiteExecutor.accessTestCaseMainPhase(TestSuiteExecutor.java:129)
	at com.kms.katalon.core.main.TestSuiteExecutor.accessTestSuiteMainPhase(TestSuiteExecutor.java:112)
	at com.kms.katalon.core.main.TestSuiteExecutor.execute(TestSuiteExecutor.java:81)
	at com.kms.katalon.core.main.TestCaseMain.startTestSuite(TestCaseMain.java:142)
	at com.kms.katalon.core.main.TestCaseMain$startTestSuite$0.call(Unknown Source)
	at org.codehaus.groovy.runtime.callsite.CallSiteArray.defaultCall(CallSiteArray.java:48)
	at org.codehaus.groovy.runtime.callsite.AbstractCallSite.call(AbstractCallSite.java:113)
	at org.codehaus.groovy.runtime.callsite.AbstractCallSite.call(AbstractCallSite.java:141)
	at TempTestSuite1542367705665.run(TempTestSuite1542367705665.groovy:36)
	at groovy.lang.GroovyShell.runScriptOrMainOrTestOrRunnable(GroovyShell.java:263)
	at groovy.lang.GroovyShell.run(GroovyShell.java:518)
	at groovy.lang.GroovyShell.run(GroovyShell.java:507)
	at groovy.ui.GroovyMain.processOnce(GroovyMain.java:653)
	at groovy.ui.GroovyMain.run(GroovyMain.java:384)
	at groovy.ui.GroovyMain.process(GroovyMain.java:370)
	at groovy.ui.GroovyMain.processArgs(GroovyMain.java:129)
	at groovy.ui.GroovyMain.main(GroovyMain.java:109)
	at sun.reflect.NativeMethodAccessorImpl.invoke0(Native Method)
	at sun.reflect.NativeMethodAccessorImpl.invoke(NativeMethodAccessorImpl.java:62)
	at sun.reflect.DelegatingMethodAccessorImpl.invoke(DelegatingMethodAccessorImpl.java:43)
	at java.lang.reflect.Method.invoke(Method.java:498)
	at org.codehaus.groovy.tools.GroovyStarter.rootLoader(GroovyStarter.java:109)
	at org.codehaus.groovy.tools.GroovyStarter.main(GroovyStarter.java:131)
)]]></system-err>
      </testcase>
      <testcase name="Test Cases/iOS/Send Money Branch/SMB_35" classname="Test Cases/iOS/Send Money Branch/SMB_35" status="FAILED">
         <failure type="FAILED" message="(Stack trace: com.kms.katalon.core.exception.StepFailedException: Failed to tap on element 'Object Repository/iOS/Send Money screen/Next button' (Root cause: Object Object Repository/iOS/Send Money screen/Next button not found)
	at com.kms.katalon.core.keyword.internal.KeywordMain.stepFailed(KeywordMain.groovy:36)
	at com.kms.katalon.core.mobile.keyword.internal.MobileKeywordMain.stepFailed(MobileKeywordMain.groovy:40)
	at com.kms.katalon.core.mobile.keyword.internal.MobileKeywordMain.runKeyword(MobileKeywordMain.groovy:23)
	at com.kms.katalon.core.mobile.keyword.builtin.TapKeyword.tap(TapKeyword.groovy:83)
	at com.kms.katalon.core.mobile.keyword.builtin.TapKeyword.execute(TapKeyword.groovy:66)
	at com.kms.katalon.core.keyword.internal.KeywordExecutor.executeKeywordForPlatform(KeywordExecutor.groovy:53)
	at com.kms.katalon.core.mobile.keyword.MobileBuiltInKeywords.tap(MobileBuiltInKeywords.groovy:471)
	at com.kms.katalon.core.mobile.keyword.MobileBuiltInKeywords$tap$0.call(Unknown Source)
	at global.object.tap(object.groovy:22)
	at global.object$tap.call(Unknown Source)
	at iOS.send_money_screen.tap(send_money_screen.groovy:208)
	at sun.reflect.GeneratedMethodAccessor18.invoke(Unknown Source)
	at sun.reflect.DelegatingMethodAccessorImpl.invoke(DelegatingMethodAccessorImpl.java:43)
	at java.lang.reflect.Method.invoke(Method.java:498)
	at org.codehaus.groovy.reflection.CachedMethod.invoke(CachedMethod.java:93)
	at groovy.lang.MetaMethod.doMethodInvoke(MetaMethod.java:325)
	at groovy.lang.MetaClassImpl.invokeMethod(MetaClassImpl.java:1215)
	at groovy.lang.MetaClassImpl.invokeMethod(MetaClassImpl.java:1024)
	at groovy.lang.DelegatingMetaClass.invokeMethod(DelegatingMetaClass.java:151)
	at org.codehaus.groovy.runtime.callsite.PogoMetaClassSite.callCurrent(PogoMetaClassSite.java:69)
	at org.codehaus.groovy.runtime.callsite.AbstractCallSite.callCurrent(AbstractCallSite.java:166)
	at iOS.send_money_screen.tapNext(send_money_screen.groovy:175)
	at sun.reflect.NativeMethodAccessorImpl.invoke0(Native Method)
	at sun.reflect.NativeMethodAccessorImpl.invoke(NativeMethodAccessorImpl.java:62)
	at sun.reflect.DelegatingMethodAccessorImpl.invoke(DelegatingMethodAccessorImpl.java:43)
	at java.lang.reflect.Method.invoke(Method.java:498)
	at org.codehaus.groovy.reflection.CachedMethod.invoke(CachedMethod.java:93)
	at groovy.lang.MetaMethod.doMethodInvoke(MetaMethod.java:325)
	at groovy.lang.MetaClassImpl.invokeMethod(MetaClassImpl.java:1215)
	at groovy.lang.MetaClassImpl.invokeMethod(MetaClassImpl.java:1024)
	at groovy.lang.MetaClassImpl.invokeMethod(MetaClassImpl.java:812)
	at groovy.lang.DelegatingMetaClass.invokeMethod(DelegatingMetaClass.java:144)
	at iOS.send_money_screen.invokeMethod(send_money_screen.groovy)
	at com.kms.katalon.core.main.CustomKeywordDelegatingMetaClass.invokeStaticMethod(CustomKeywordDelegatingMetaClass.java:46)
	at org.codehaus.groovy.runtime.callsite.StaticMetaClassSite.call(StaticMetaClassSite.java:53)
	at org.codehaus.groovy.runtime.callsite.CallSiteArray.defaultCall(CallSiteArray.java:48)
	at org.codehaus.groovy.runtime.callsite.AbstractCallSite.call(AbstractCallSite.java:113)
	at org.codehaus.groovy.runtime.callsite.AbstractCallSite.call(AbstractCallSite.java:117)
	at Script1542017317599.run(Script1542017317599.groovy:7)
	at com.kms.katalon.core.main.ScriptEngine.run(ScriptEngine.java:183)
	at com.kms.katalon.core.main.ScriptEngine.runScriptAsRawText(ScriptEngine.java:108)
	at com.kms.katalon.core.main.TestCaseExecutor.runScript(TestCaseExecutor.java:294)
	at com.kms.katalon.core.main.TestCaseExecutor.doExecute(TestCaseExecutor.java:285)
	at com.kms.katalon.core.main.TestCaseExecutor.processExecutionPhase(TestCaseExecutor.java:264)
	at com.kms.katalon.core.main.TestCaseExecutor.accessMainPhase(TestCaseExecutor.java:256)
	at com.kms.katalon.core.main.TestCaseExecutor.execute(TestCaseExecutor.java:200)
	at com.kms.katalon.core.main.TestSuiteExecutor.accessTestCaseMainPhase(TestSuiteExecutor.java:129)
	at com.kms.katalon.core.main.TestSuiteExecutor.accessTestSuiteMainPhase(TestSuiteExecutor.java:112)
	at com.kms.katalon.core.main.TestSuiteExecutor.execute(TestSuiteExecutor.java:81)
	at com.kms.katalon.core.main.TestCaseMain.startTestSuite(TestCaseMain.java:142)
	at com.kms.katalon.core.main.TestCaseMain$startTestSuite$0.call(Unknown Source)
	at org.codehaus.groovy.runtime.callsite.CallSiteArray.defaultCall(CallSiteArray.java:48)
	at org.codehaus.groovy.runtime.callsite.AbstractCallSite.call(AbstractCallSite.java:113)
	at org.codehaus.groovy.runtime.callsite.AbstractCallSite.call(AbstractCallSite.java:141)
	at TempTestSuite1542367705665.run(TempTestSuite1542367705665.groovy:36)
	at groovy.lang.GroovyShell.runScriptOrMainOrTestOrRunnable(GroovyShell.java:263)
	at groovy.lang.GroovyShell.run(GroovyShell.java:518)
	at groovy.lang.GroovyShell.run(GroovyShell.java:507)
	at groovy.ui.GroovyMain.processOnce(GroovyMain.java:653)
	at groovy.ui.GroovyMain.run(GroovyMain.java:384)
	at groovy.ui.GroovyMain.process(GroovyMain.java:370)
	at groovy.ui.GroovyMain.processArgs(GroovyMain.java:129)
	at groovy.ui.GroovyMain.main(GroovyMain.java:109)
	at sun.reflect.NativeMethodAccessorImpl.invoke0(Native Method)
	at sun.reflect.NativeMethodAccessorImpl.invoke(NativeMethodAccessorImpl.java:62)
	at sun.reflect.DelegatingMethodAccessorImpl.invoke(DelegatingMethodAccessorImpl.java:43)
	at java.lang.reflect.Method.invoke(Method.java:498)
	at org.codehaus.groovy.tools.GroovyStarter.rootLoader(GroovyStarter.java:109)
	at org.codehaus.groovy.tools.GroovyStarter.main(GroovyStarter.java:131)
)"/>
         <system-out><![CDATA[2018-11-16 20:12:49 - [TEST_CASE][FAILED] - Test Cases/iOS/Send Money Branch/SMB_35: Test Cases/iOS/Send Money Branch/SMB_35 FAILED because (of) (Stack trace: com.kms.katalon.core.exception.StepFailedException: Failed to tap on element 'Object Repository/iOS/Send Money screen/Next button' (Root cause: Object Object Repository/iOS/Send Money screen/Next button not found)
	at com.kms.katalon.core.keyword.internal.KeywordMain.stepFailed(KeywordMain.groovy:36)
	at com.kms.katalon.core.mobile.keyword.internal.MobileKeywordMain.stepFailed(MobileKeywordMain.groovy:40)
	at com.kms.katalon.core.mobile.keyword.internal.MobileKeywordMain.runKeyword(MobileKeywordMain.groovy:23)
	at com.kms.katalon.core.mobile.keyword.builtin.TapKeyword.tap(TapKeyword.groovy:83)
	at com.kms.katalon.core.mobile.keyword.builtin.TapKeyword.execute(TapKeyword.groovy:66)
	at com.kms.katalon.core.keyword.internal.KeywordExecutor.executeKeywordForPlatform(KeywordExecutor.groovy:53)
	at com.kms.katalon.core.mobile.keyword.MobileBuiltInKeywords.tap(MobileBuiltInKeywords.groovy:471)
	at com.kms.katalon.core.mobile.keyword.MobileBuiltInKeywords$tap$0.call(Unknown Source)
	at global.object.tap(object.groovy:22)
	at global.object$tap.call(Unknown Source)
	at iOS.send_money_screen.tap(send_money_screen.groovy:208)
	at sun.reflect.GeneratedMethodAccessor18.invoke(Unknown Source)
	at sun.reflect.DelegatingMethodAccessorImpl.invoke(DelegatingMethodAccessorImpl.java:43)
	at java.lang.reflect.Method.invoke(Method.java:498)
	at org.codehaus.groovy.reflection.CachedMethod.invoke(CachedMethod.java:93)
	at groovy.lang.MetaMethod.doMethodInvoke(MetaMethod.java:325)
	at groovy.lang.MetaClassImpl.invokeMethod(MetaClassImpl.java:1215)
	at groovy.lang.MetaClassImpl.invokeMethod(MetaClassImpl.java:1024)
	at groovy.lang.DelegatingMetaClass.invokeMethod(DelegatingMetaClass.java:151)
	at org.codehaus.groovy.runtime.callsite.PogoMetaClassSite.callCurrent(PogoMetaClassSite.java:69)
	at org.codehaus.groovy.runtime.callsite.AbstractCallSite.callCurrent(AbstractCallSite.java:166)
	at iOS.send_money_screen.tapNext(send_money_screen.groovy:175)
	at sun.reflect.NativeMethodAccessorImpl.invoke0(Native Method)
	at sun.reflect.NativeMethodAccessorImpl.invoke(NativeMethodAccessorImpl.java:62)
	at sun.reflect.DelegatingMethodAccessorImpl.invoke(DelegatingMethodAccessorImpl.java:43)
	at java.lang.reflect.Method.invoke(Method.java:498)
	at org.codehaus.groovy.reflection.CachedMethod.invoke(CachedMethod.java:93)
	at groovy.lang.MetaMethod.doMethodInvoke(MetaMethod.java:325)
	at groovy.lang.MetaClassImpl.invokeMethod(MetaClassImpl.java:1215)
	at groovy.lang.MetaClassImpl.invokeMethod(MetaClassImpl.java:1024)
	at groovy.lang.MetaClassImpl.invokeMethod(MetaClassImpl.java:812)
	at groovy.lang.DelegatingMetaClass.invokeMethod(DelegatingMetaClass.java:144)
	at iOS.send_money_screen.invokeMethod(send_money_screen.groovy)
	at com.kms.katalon.core.main.CustomKeywordDelegatingMetaClass.invokeStaticMethod(CustomKeywordDelegatingMetaClass.java:46)
	at org.codehaus.groovy.runtime.callsite.StaticMetaClassSite.call(StaticMetaClassSite.java:53)
	at org.codehaus.groovy.runtime.callsite.CallSiteArray.defaultCall(CallSiteArray.java:48)
	at org.codehaus.groovy.runtime.callsite.AbstractCallSite.call(AbstractCallSite.java:113)
	at org.codehaus.groovy.runtime.callsite.AbstractCallSite.call(AbstractCallSite.java:117)
	at Script1542017317599.run(Script1542017317599.groovy:7)
	at com.kms.katalon.core.main.ScriptEngine.run(ScriptEngine.java:183)
	at com.kms.katalon.core.main.ScriptEngine.runScriptAsRawText(ScriptEngine.java:108)
	at com.kms.katalon.core.main.TestCaseExecutor.runScript(TestCaseExecutor.java:294)
	at com.kms.katalon.core.main.TestCaseExecutor.doExecute(TestCaseExecutor.java:285)
	at com.kms.katalon.core.main.TestCaseExecutor.processExecutionPhase(TestCaseExecutor.java:264)
	at com.kms.katalon.core.main.TestCaseExecutor.accessMainPhase(TestCaseExecutor.java:256)
	at com.kms.katalon.core.main.TestCaseExecutor.execute(TestCaseExecutor.java:200)
	at com.kms.katalon.core.main.TestSuiteExecutor.accessTestCaseMainPhase(TestSuiteExecutor.java:129)
	at com.kms.katalon.core.main.TestSuiteExecutor.accessTestSuiteMainPhase(TestSuiteExecutor.java:112)
	at com.kms.katalon.core.main.TestSuiteExecutor.execute(TestSuiteExecutor.java:81)
	at com.kms.katalon.core.main.TestCaseMain.startTestSuite(TestCaseMain.java:142)
	at com.kms.katalon.core.main.TestCaseMain$startTestSuite$0.call(Unknown Source)
	at org.codehaus.groovy.runtime.callsite.CallSiteArray.defaultCall(CallSiteArray.java:48)
	at org.codehaus.groovy.runtime.callsite.AbstractCallSite.call(AbstractCallSite.java:113)
	at org.codehaus.groovy.runtime.callsite.AbstractCallSite.call(AbstractCallSite.java:141)
	at TempTestSuite1542367705665.run(TempTestSuite1542367705665.groovy:36)
	at groovy.lang.GroovyShell.runScriptOrMainOrTestOrRunnable(GroovyShell.java:263)
	at groovy.lang.GroovyShell.run(GroovyShell.java:518)
	at groovy.lang.GroovyShell.run(GroovyShell.java:507)
	at groovy.ui.GroovyMain.processOnce(GroovyMain.java:653)
	at groovy.ui.GroovyMain.run(GroovyMain.java:384)
	at groovy.ui.GroovyMain.process(GroovyMain.java:370)
	at groovy.ui.GroovyMain.processArgs(GroovyMain.java:129)
	at groovy.ui.GroovyMain.main(GroovyMain.java:109)
	at sun.reflect.NativeMethodAccessorImpl.invoke0(Native Method)
	at sun.reflect.NativeMethodAccessorImpl.invoke(NativeMethodAccessorImpl.java:62)
	at sun.reflect.DelegatingMethodAccessorImpl.invoke(DelegatingMethodAccessorImpl.java:43)
	at java.lang.reflect.Method.invoke(Method.java:498)
	at org.codehaus.groovy.tools.GroovyStarter.rootLoader(GroovyStarter.java:109)
	at org.codehaus.groovy.tools.GroovyStarter.main(GroovyStarter.java:131)
)

2018-11-16 20:12:49 - [TEST_STEP][PASSED] - Statement - Promo_Description = com.kms.katalon.core.testobject.ObjectRepository.findTestObject(iOS/Send Money screen/Generic text, [label:PHP 250.00 Half base off You have PHP 250.00 off on your Service Fee]): Finding Test Object with id 'Object Repository/iOS/Send Money screen/Generic text'

2018-11-16 20:12:49 - [TEST_STEP][FAILED] - iOS.send_money_screen.tapNext: Failed to tap on element 'Object Repository/iOS/Send Money screen/Next button' (Root cause: Object Object Repository/iOS/Send Money screen/Next button not found)

2018-11-16 20:12:55 - [MESSAGE][FAILED] - Object Object Repository/iOS/Send Money screen/Next button not found
[[ATTACHMENT|/Users/buenaanda/Documents/mobile-automation-katalon/Reports/iOS/PERA Hub Test Suite/20181116_192825/1542370375583.png]]

2018-11-16 20:12:55 - [MESSAGE][FAILED] - Failed to tap on element 'Object Repository/iOS/Send Money screen/Next button' (Root cause: Object Object Repository/iOS/Send Money screen/Next button not found)
[[ATTACHMENT|/Users/buenaanda/Documents/mobile-automation-katalon/Reports/iOS/PERA Hub Test Suite/20181116_192825/1542370375727.png]]

2018-11-16 20:12:55 - [MESSAGE][FAILED] - Failed to tap on element 'Object Repository/iOS/Send Money screen/Next button' (Root cause: Object Object Repository/iOS/Send Money screen/Next button not found)]]></system-out>
         <system-err><![CDATA[2018-11-16 20:12:49 - [TEST_CASE][FAILED] - Test Cases/iOS/Send Money Branch/SMB_35: Test Cases/iOS/Send Money Branch/SMB_35 FAILED because (of) (Stack trace: com.kms.katalon.core.exception.StepFailedException: Failed to tap on element 'Object Repository/iOS/Send Money screen/Next button' (Root cause: Object Object Repository/iOS/Send Money screen/Next button not found)
	at com.kms.katalon.core.keyword.internal.KeywordMain.stepFailed(KeywordMain.groovy:36)
	at com.kms.katalon.core.mobile.keyword.internal.MobileKeywordMain.stepFailed(MobileKeywordMain.groovy:40)
	at com.kms.katalon.core.mobile.keyword.internal.MobileKeywordMain.runKeyword(MobileKeywordMain.groovy:23)
	at com.kms.katalon.core.mobile.keyword.builtin.TapKeyword.tap(TapKeyword.groovy:83)
	at com.kms.katalon.core.mobile.keyword.builtin.TapKeyword.execute(TapKeyword.groovy:66)
	at com.kms.katalon.core.keyword.internal.KeywordExecutor.executeKeywordForPlatform(KeywordExecutor.groovy:53)
	at com.kms.katalon.core.mobile.keyword.MobileBuiltInKeywords.tap(MobileBuiltInKeywords.groovy:471)
	at com.kms.katalon.core.mobile.keyword.MobileBuiltInKeywords$tap$0.call(Unknown Source)
	at global.object.tap(object.groovy:22)
	at global.object$tap.call(Unknown Source)
	at iOS.send_money_screen.tap(send_money_screen.groovy:208)
	at sun.reflect.GeneratedMethodAccessor18.invoke(Unknown Source)
	at sun.reflect.DelegatingMethodAccessorImpl.invoke(DelegatingMethodAccessorImpl.java:43)
	at java.lang.reflect.Method.invoke(Method.java:498)
	at org.codehaus.groovy.reflection.CachedMethod.invoke(CachedMethod.java:93)
	at groovy.lang.MetaMethod.doMethodInvoke(MetaMethod.java:325)
	at groovy.lang.MetaClassImpl.invokeMethod(MetaClassImpl.java:1215)
	at groovy.lang.MetaClassImpl.invokeMethod(MetaClassImpl.java:1024)
	at groovy.lang.DelegatingMetaClass.invokeMethod(DelegatingMetaClass.java:151)
	at org.codehaus.groovy.runtime.callsite.PogoMetaClassSite.callCurrent(PogoMetaClassSite.java:69)
	at org.codehaus.groovy.runtime.callsite.AbstractCallSite.callCurrent(AbstractCallSite.java:166)
	at iOS.send_money_screen.tapNext(send_money_screen.groovy:175)
	at sun.reflect.NativeMethodAccessorImpl.invoke0(Native Method)
	at sun.reflect.NativeMethodAccessorImpl.invoke(NativeMethodAccessorImpl.java:62)
	at sun.reflect.DelegatingMethodAccessorImpl.invoke(DelegatingMethodAccessorImpl.java:43)
	at java.lang.reflect.Method.invoke(Method.java:498)
	at org.codehaus.groovy.reflection.CachedMethod.invoke(CachedMethod.java:93)
	at groovy.lang.MetaMethod.doMethodInvoke(MetaMethod.java:325)
	at groovy.lang.MetaClassImpl.invokeMethod(MetaClassImpl.java:1215)
	at groovy.lang.MetaClassImpl.invokeMethod(MetaClassImpl.java:1024)
	at groovy.lang.MetaClassImpl.invokeMethod(MetaClassImpl.java:812)
	at groovy.lang.DelegatingMetaClass.invokeMethod(DelegatingMetaClass.java:144)
	at iOS.send_money_screen.invokeMethod(send_money_screen.groovy)
	at com.kms.katalon.core.main.CustomKeywordDelegatingMetaClass.invokeStaticMethod(CustomKeywordDelegatingMetaClass.java:46)
	at org.codehaus.groovy.runtime.callsite.StaticMetaClassSite.call(StaticMetaClassSite.java:53)
	at org.codehaus.groovy.runtime.callsite.CallSiteArray.defaultCall(CallSiteArray.java:48)
	at org.codehaus.groovy.runtime.callsite.AbstractCallSite.call(AbstractCallSite.java:113)
	at org.codehaus.groovy.runtime.callsite.AbstractCallSite.call(AbstractCallSite.java:117)
	at Script1542017317599.run(Script1542017317599.groovy:7)
	at com.kms.katalon.core.main.ScriptEngine.run(ScriptEngine.java:183)
	at com.kms.katalon.core.main.ScriptEngine.runScriptAsRawText(ScriptEngine.java:108)
	at com.kms.katalon.core.main.TestCaseExecutor.runScript(TestCaseExecutor.java:294)
	at com.kms.katalon.core.main.TestCaseExecutor.doExecute(TestCaseExecutor.java:285)
	at com.kms.katalon.core.main.TestCaseExecutor.processExecutionPhase(TestCaseExecutor.java:264)
	at com.kms.katalon.core.main.TestCaseExecutor.accessMainPhase(TestCaseExecutor.java:256)
	at com.kms.katalon.core.main.TestCaseExecutor.execute(TestCaseExecutor.java:200)
	at com.kms.katalon.core.main.TestSuiteExecutor.accessTestCaseMainPhase(TestSuiteExecutor.java:129)
	at com.kms.katalon.core.main.TestSuiteExecutor.accessTestSuiteMainPhase(TestSuiteExecutor.java:112)
	at com.kms.katalon.core.main.TestSuiteExecutor.execute(TestSuiteExecutor.java:81)
	at com.kms.katalon.core.main.TestCaseMain.startTestSuite(TestCaseMain.java:142)
	at com.kms.katalon.core.main.TestCaseMain$startTestSuite$0.call(Unknown Source)
	at org.codehaus.groovy.runtime.callsite.CallSiteArray.defaultCall(CallSiteArray.java:48)
	at org.codehaus.groovy.runtime.callsite.AbstractCallSite.call(AbstractCallSite.java:113)
	at org.codehaus.groovy.runtime.callsite.AbstractCallSite.call(AbstractCallSite.java:141)
	at TempTestSuite1542367705665.run(TempTestSuite1542367705665.groovy:36)
	at groovy.lang.GroovyShell.runScriptOrMainOrTestOrRunnable(GroovyShell.java:263)
	at groovy.lang.GroovyShell.run(GroovyShell.java:518)
	at groovy.lang.GroovyShell.run(GroovyShell.java:507)
	at groovy.ui.GroovyMain.processOnce(GroovyMain.java:653)
	at groovy.ui.GroovyMain.run(GroovyMain.java:384)
	at groovy.ui.GroovyMain.process(GroovyMain.java:370)
	at groovy.ui.GroovyMain.processArgs(GroovyMain.java:129)
	at groovy.ui.GroovyMain.main(GroovyMain.java:109)
	at sun.reflect.NativeMethodAccessorImpl.invoke0(Native Method)
	at sun.reflect.NativeMethodAccessorImpl.invoke(NativeMethodAccessorImpl.java:62)
	at sun.reflect.DelegatingMethodAccessorImpl.invoke(DelegatingMethodAccessorImpl.java:43)
	at java.lang.reflect.Method.invoke(Method.java:498)
	at org.codehaus.groovy.tools.GroovyStarter.rootLoader(GroovyStarter.java:109)
	at org.codehaus.groovy.tools.GroovyStarter.main(GroovyStarter.java:131)
)]]></system-err>
      </testcase>
      <testcase name="Test Cases/iOS/Send Money Branch/SMB_36" classname="Test Cases/iOS/Send Money Branch/SMB_36" status="FAILED">
         <failure type="FAILED" message="(Stack trace: com.kms.katalon.core.exception.StepFailedException: Element 'Object Repository/iOS/Send Money screen/Generic text' not found
	at com.kms.katalon.core.keyword.internal.KeywordMain.stepFailed(KeywordMain.groovy:32)
	at com.kms.katalon.core.mobile.keyword.internal.MobileKeywordMain.stepFailed(MobileKeywordMain.groovy:40)
	at com.kms.katalon.core.mobile.keyword.builtin.VerifyElementExistKeyword$_verifyElementExist_closure1.doCall(VerifyElementExistKeyword.groovy:77)
	at com.kms.katalon.core.mobile.keyword.builtin.VerifyElementExistKeyword$_verifyElementExist_closure1.call(VerifyElementExistKeyword.groovy)
	at com.kms.katalon.core.mobile.keyword.internal.MobileKeywordMain.runKeyword(MobileKeywordMain.groovy:21)
	at com.kms.katalon.core.mobile.keyword.builtin.VerifyElementExistKeyword.verifyElementExist(VerifyElementExistKeyword.groovy:80)
	at com.kms.katalon.core.mobile.keyword.builtin.VerifyElementExistKeyword.execute(VerifyElementExistKeyword.groovy:64)
	at com.kms.katalon.core.keyword.internal.KeywordExecutor.executeKeywordForPlatform(KeywordExecutor.groovy:53)
	at com.kms.katalon.core.mobile.keyword.MobileBuiltInKeywords.verifyElementExist(MobileBuiltInKeywords.groovy:605)
	at com.kms.katalon.core.mobile.keyword.MobileBuiltInKeywords$verifyElementExist$1.call(Unknown Source)
	at global.verify_element.exist(verify_element.groovy:38)
	at sun.reflect.GeneratedMethodAccessor8.invoke(Unknown Source)
	at sun.reflect.DelegatingMethodAccessorImpl.invoke(DelegatingMethodAccessorImpl.java:43)
	at java.lang.reflect.Method.invoke(Method.java:498)
	at org.codehaus.groovy.reflection.CachedMethod.invoke(CachedMethod.java:93)
	at groovy.lang.MetaMethod.doMethodInvoke(MetaMethod.java:325)
	at groovy.lang.MetaClassImpl.invokeMethod(MetaClassImpl.java:1215)
	at groovy.lang.MetaClassImpl.invokeMethod(MetaClassImpl.java:1024)
	at groovy.lang.MetaClassImpl.invokeMethod(MetaClassImpl.java:812)
	at groovy.lang.DelegatingMetaClass.invokeMethod(DelegatingMetaClass.java:144)
	at global.verify_element.invokeMethod(verify_element.groovy)
	at com.kms.katalon.core.main.CustomKeywordDelegatingMetaClass.invokeStaticMethod(CustomKeywordDelegatingMetaClass.java:46)
	at org.codehaus.groovy.runtime.callsite.StaticMetaClassSite.call(StaticMetaClassSite.java:53)
	at org.codehaus.groovy.runtime.callsite.CallSiteArray.defaultCall(CallSiteArray.java:48)
	at org.codehaus.groovy.runtime.callsite.AbstractCallSite.call(AbstractCallSite.java:113)
	at org.codehaus.groovy.runtime.callsite.AbstractCallSite.call(AbstractCallSite.java:125)
	at Script1542017927344.run(Script1542017927344.groovy:11)
	at com.kms.katalon.core.main.ScriptEngine.run(ScriptEngine.java:183)
	at com.kms.katalon.core.main.ScriptEngine.runScriptAsRawText(ScriptEngine.java:108)
	at com.kms.katalon.core.main.TestCaseExecutor.runScript(TestCaseExecutor.java:294)
	at com.kms.katalon.core.main.TestCaseExecutor.doExecute(TestCaseExecutor.java:285)
	at com.kms.katalon.core.main.TestCaseExecutor.processExecutionPhase(TestCaseExecutor.java:264)
	at com.kms.katalon.core.main.TestCaseExecutor.accessMainPhase(TestCaseExecutor.java:256)
	at com.kms.katalon.core.main.TestCaseExecutor.execute(TestCaseExecutor.java:200)
	at com.kms.katalon.core.main.TestSuiteExecutor.accessTestCaseMainPhase(TestSuiteExecutor.java:129)
	at com.kms.katalon.core.main.TestSuiteExecutor.accessTestSuiteMainPhase(TestSuiteExecutor.java:112)
	at com.kms.katalon.core.main.TestSuiteExecutor.execute(TestSuiteExecutor.java:81)
	at com.kms.katalon.core.main.TestCaseMain.startTestSuite(TestCaseMain.java:142)
	at com.kms.katalon.core.main.TestCaseMain$startTestSuite$0.call(Unknown Source)
	at org.codehaus.groovy.runtime.callsite.CallSiteArray.defaultCall(CallSiteArray.java:48)
	at org.codehaus.groovy.runtime.callsite.AbstractCallSite.call(AbstractCallSite.java:113)
	at org.codehaus.groovy.runtime.callsite.AbstractCallSite.call(AbstractCallSite.java:141)
	at TempTestSuite1542367705665.run(TempTestSuite1542367705665.groovy:36)
	at groovy.lang.GroovyShell.runScriptOrMainOrTestOrRunnable(GroovyShell.java:263)
	at groovy.lang.GroovyShell.run(GroovyShell.java:518)
	at groovy.lang.GroovyShell.run(GroovyShell.java:507)
	at groovy.ui.GroovyMain.processOnce(GroovyMain.java:653)
	at groovy.ui.GroovyMain.run(GroovyMain.java:384)
	at groovy.ui.GroovyMain.process(GroovyMain.java:370)
	at groovy.ui.GroovyMain.processArgs(GroovyMain.java:129)
	at groovy.ui.GroovyMain.main(GroovyMain.java:109)
	at sun.reflect.NativeMethodAccessorImpl.invoke0(Native Method)
	at sun.reflect.NativeMethodAccessorImpl.invoke(NativeMethodAccessorImpl.java:62)
	at sun.reflect.DelegatingMethodAccessorImpl.invoke(DelegatingMethodAccessorImpl.java:43)
	at java.lang.reflect.Method.invoke(Method.java:498)
	at org.codehaus.groovy.tools.GroovyStarter.rootLoader(GroovyStarter.java:109)
	at org.codehaus.groovy.tools.GroovyStarter.main(GroovyStarter.java:131)
)"/>
         <system-out><![CDATA[2018-11-16 20:12:55 - [TEST_CASE][FAILED] - Test Cases/iOS/Send Money Branch/SMB_36: Test Cases/iOS/Send Money Branch/SMB_36 FAILED because (of) (Stack trace: com.kms.katalon.core.exception.StepFailedException: Element 'Object Repository/iOS/Send Money screen/Generic text' not found
	at com.kms.katalon.core.keyword.internal.KeywordMain.stepFailed(KeywordMain.groovy:32)
	at com.kms.katalon.core.mobile.keyword.internal.MobileKeywordMain.stepFailed(MobileKeywordMain.groovy:40)
	at com.kms.katalon.core.mobile.keyword.builtin.VerifyElementExistKeyword$_verifyElementExist_closure1.doCall(VerifyElementExistKeyword.groovy:77)
	at com.kms.katalon.core.mobile.keyword.builtin.VerifyElementExistKeyword$_verifyElementExist_closure1.call(VerifyElementExistKeyword.groovy)
	at com.kms.katalon.core.mobile.keyword.internal.MobileKeywordMain.runKeyword(MobileKeywordMain.groovy:21)
	at com.kms.katalon.core.mobile.keyword.builtin.VerifyElementExistKeyword.verifyElementExist(VerifyElementExistKeyword.groovy:80)
	at com.kms.katalon.core.mobile.keyword.builtin.VerifyElementExistKeyword.execute(VerifyElementExistKeyword.groovy:64)
	at com.kms.katalon.core.keyword.internal.KeywordExecutor.executeKeywordForPlatform(KeywordExecutor.groovy:53)
	at com.kms.katalon.core.mobile.keyword.MobileBuiltInKeywords.verifyElementExist(MobileBuiltInKeywords.groovy:605)
	at com.kms.katalon.core.mobile.keyword.MobileBuiltInKeywords$verifyElementExist$1.call(Unknown Source)
	at global.verify_element.exist(verify_element.groovy:38)
	at sun.reflect.GeneratedMethodAccessor8.invoke(Unknown Source)
	at sun.reflect.DelegatingMethodAccessorImpl.invoke(DelegatingMethodAccessorImpl.java:43)
	at java.lang.reflect.Method.invoke(Method.java:498)
	at org.codehaus.groovy.reflection.CachedMethod.invoke(CachedMethod.java:93)
	at groovy.lang.MetaMethod.doMethodInvoke(MetaMethod.java:325)
	at groovy.lang.MetaClassImpl.invokeMethod(MetaClassImpl.java:1215)
	at groovy.lang.MetaClassImpl.invokeMethod(MetaClassImpl.java:1024)
	at groovy.lang.MetaClassImpl.invokeMethod(MetaClassImpl.java:812)
	at groovy.lang.DelegatingMetaClass.invokeMethod(DelegatingMetaClass.java:144)
	at global.verify_element.invokeMethod(verify_element.groovy)
	at com.kms.katalon.core.main.CustomKeywordDelegatingMetaClass.invokeStaticMethod(CustomKeywordDelegatingMetaClass.java:46)
	at org.codehaus.groovy.runtime.callsite.StaticMetaClassSite.call(StaticMetaClassSite.java:53)
	at org.codehaus.groovy.runtime.callsite.CallSiteArray.defaultCall(CallSiteArray.java:48)
	at org.codehaus.groovy.runtime.callsite.AbstractCallSite.call(AbstractCallSite.java:113)
	at org.codehaus.groovy.runtime.callsite.AbstractCallSite.call(AbstractCallSite.java:125)
	at Script1542017927344.run(Script1542017927344.groovy:11)
	at com.kms.katalon.core.main.ScriptEngine.run(ScriptEngine.java:183)
	at com.kms.katalon.core.main.ScriptEngine.runScriptAsRawText(ScriptEngine.java:108)
	at com.kms.katalon.core.main.TestCaseExecutor.runScript(TestCaseExecutor.java:294)
	at com.kms.katalon.core.main.TestCaseExecutor.doExecute(TestCaseExecutor.java:285)
	at com.kms.katalon.core.main.TestCaseExecutor.processExecutionPhase(TestCaseExecutor.java:264)
	at com.kms.katalon.core.main.TestCaseExecutor.accessMainPhase(TestCaseExecutor.java:256)
	at com.kms.katalon.core.main.TestCaseExecutor.execute(TestCaseExecutor.java:200)
	at com.kms.katalon.core.main.TestSuiteExecutor.accessTestCaseMainPhase(TestSuiteExecutor.java:129)
	at com.kms.katalon.core.main.TestSuiteExecutor.accessTestSuiteMainPhase(TestSuiteExecutor.java:112)
	at com.kms.katalon.core.main.TestSuiteExecutor.execute(TestSuiteExecutor.java:81)
	at com.kms.katalon.core.main.TestCaseMain.startTestSuite(TestCaseMain.java:142)
	at com.kms.katalon.core.main.TestCaseMain$startTestSuite$0.call(Unknown Source)
	at org.codehaus.groovy.runtime.callsite.CallSiteArray.defaultCall(CallSiteArray.java:48)
	at org.codehaus.groovy.runtime.callsite.AbstractCallSite.call(AbstractCallSite.java:113)
	at org.codehaus.groovy.runtime.callsite.AbstractCallSite.call(AbstractCallSite.java:141)
	at TempTestSuite1542367705665.run(TempTestSuite1542367705665.groovy:36)
	at groovy.lang.GroovyShell.runScriptOrMainOrTestOrRunnable(GroovyShell.java:263)
	at groovy.lang.GroovyShell.run(GroovyShell.java:518)
	at groovy.lang.GroovyShell.run(GroovyShell.java:507)
	at groovy.ui.GroovyMain.processOnce(GroovyMain.java:653)
	at groovy.ui.GroovyMain.run(GroovyMain.java:384)
	at groovy.ui.GroovyMain.process(GroovyMain.java:370)
	at groovy.ui.GroovyMain.processArgs(GroovyMain.java:129)
	at groovy.ui.GroovyMain.main(GroovyMain.java:109)
	at sun.reflect.NativeMethodAccessorImpl.invoke0(Native Method)
	at sun.reflect.NativeMethodAccessorImpl.invoke(NativeMethodAccessorImpl.java:62)
	at sun.reflect.DelegatingMethodAccessorImpl.invoke(DelegatingMethodAccessorImpl.java:43)
	at java.lang.reflect.Method.invoke(Method.java:498)
	at org.codehaus.groovy.tools.GroovyStarter.rootLoader(GroovyStarter.java:109)
	at org.codehaus.groovy.tools.GroovyStarter.main(GroovyStarter.java:131)
)

2018-11-16 20:12:55 - [TEST_STEP][PASSED] - Statement - Message = com.kms.katalon.core.testobject.ObjectRepository.findTestObject(iOS/Send Money screen/Generic text, [label:internal.GlobalVariable.randomSentence]): Finding Test Object with id 'Object Repository/iOS/Send Money screen/Generic text'

2018-11-16 20:12:55 - [TEST_STEP][PASSED] - Statement - Message_Charge = com.kms.katalon.core.testobject.ObjectRepository.findTestObject(iOS/Send Money screen/Generic text, [label:PHP 50.00]): Finding Test Object with id 'Object Repository/iOS/Send Money screen/Generic text'

2018-11-16 20:12:55 - [TEST_STEP][PASSED] - Statement - Message_Charge_2 = com.kms.katalon.core.testobject.ObjectRepository.findTestObject(iOS/Send Money screen/Generic text, [label:50.00 PHP]): Finding Test Object with id 'Object Repository/iOS/Send Money screen/Generic text'

2018-11-16 20:12:55 - [TEST_STEP][PASSED] - Statement - Service_Charge = com.kms.katalon.core.testobject.ObjectRepository.findTestObject(iOS/Send Money screen/Generic text, [label:250.00 PHP]): Finding Test Object with id 'Object Repository/iOS/Send Money screen/Generic text'

2018-11-16 20:12:55 - [TEST_STEP][PASSED] - Statement - Personal_Message_label = com.kms.katalon.core.testobject.ObjectRepository.findTestObject(iOS/Send Money screen/Generic text, [label:Personal Message]): Finding Test Object with id 'Object Repository/iOS/Send Money screen/Generic text'

2018-11-16 20:12:55 - [TEST_STEP][FAILED] - global.verify_element.exist: Element 'Object Repository/iOS/Send Money screen/Generic text' not found

2018-11-16 20:13:02 - [MESSAGE][FAILED] - Element 'Object Repository/iOS/Send Money screen/Generic text' not found
[[ATTACHMENT|/Users/buenaanda/Documents/mobile-automation-katalon/Reports/iOS/PERA Hub Test Suite/20181116_192825/1542370381969.png]]

2018-11-16 20:13:02 - [MESSAGE][FAILED] - Element 'Object Repository/iOS/Send Money screen/Generic text' not found

2018-11-16 20:13:02 - [TEST_STEP][FAILED] - global.verify_element.exist: Element 'Object Repository/iOS/Send Money screen/Generic text' not found

2018-11-16 20:13:08 - [MESSAGE][FAILED] - Element 'Object Repository/iOS/Send Money screen/Generic text' not found
[[ATTACHMENT|/Users/buenaanda/Documents/mobile-automation-katalon/Reports/iOS/PERA Hub Test Suite/20181116_192825/1542370388108.png]]

2018-11-16 20:13:08 - [MESSAGE][FAILED] - Element 'Object Repository/iOS/Send Money screen/Generic text' not found

2018-11-16 20:13:08 - [TEST_STEP][FAILED] - iOS.send_money_screen.checkTermsAndAgreement: Failed to get attribute 'Object Repository/iOS/Send Money screen/Terms and Agreement checkbox' on element 'visible' (Root cause: Object Object Repository/iOS/Send Money screen/Terms and Agreement checkbox not found)

2018-11-16 20:13:14 - [MESSAGE][FAILED] - Object Object Repository/iOS/Send Money screen/Terms and Agreement checkbox not found
[[ATTACHMENT|/Users/buenaanda/Documents/mobile-automation-katalon/Reports/iOS/PERA Hub Test Suite/20181116_192825/1542370394221.png]]

2018-11-16 20:13:14 - [MESSAGE][FAILED] - Failed to get attribute 'Object Repository/iOS/Send Money screen/Terms and Agreement checkbox' on element 'visible' (Root cause: Object Object Repository/iOS/Send Money screen/Terms and Agreement checkbox not found)
[[ATTACHMENT|/Users/buenaanda/Documents/mobile-automation-katalon/Reports/iOS/PERA Hub Test Suite/20181116_192825/1542370394374.png]]

2018-11-16 20:13:14 - [MESSAGE][FAILED] - Failed to get attribute 'Object Repository/iOS/Send Money screen/Terms and Agreement checkbox' on element 'visible' (Root cause: Object Object Repository/iOS/Send Money screen/Terms and Agreement checkbox not found)]]></system-out>
         <system-err><![CDATA[2018-11-16 20:12:55 - [TEST_CASE][FAILED] - Test Cases/iOS/Send Money Branch/SMB_36: Test Cases/iOS/Send Money Branch/SMB_36 FAILED because (of) (Stack trace: com.kms.katalon.core.exception.StepFailedException: Element 'Object Repository/iOS/Send Money screen/Generic text' not found
	at com.kms.katalon.core.keyword.internal.KeywordMain.stepFailed(KeywordMain.groovy:32)
	at com.kms.katalon.core.mobile.keyword.internal.MobileKeywordMain.stepFailed(MobileKeywordMain.groovy:40)
	at com.kms.katalon.core.mobile.keyword.builtin.VerifyElementExistKeyword$_verifyElementExist_closure1.doCall(VerifyElementExistKeyword.groovy:77)
	at com.kms.katalon.core.mobile.keyword.builtin.VerifyElementExistKeyword$_verifyElementExist_closure1.call(VerifyElementExistKeyword.groovy)
	at com.kms.katalon.core.mobile.keyword.internal.MobileKeywordMain.runKeyword(MobileKeywordMain.groovy:21)
	at com.kms.katalon.core.mobile.keyword.builtin.VerifyElementExistKeyword.verifyElementExist(VerifyElementExistKeyword.groovy:80)
	at com.kms.katalon.core.mobile.keyword.builtin.VerifyElementExistKeyword.execute(VerifyElementExistKeyword.groovy:64)
	at com.kms.katalon.core.keyword.internal.KeywordExecutor.executeKeywordForPlatform(KeywordExecutor.groovy:53)
	at com.kms.katalon.core.mobile.keyword.MobileBuiltInKeywords.verifyElementExist(MobileBuiltInKeywords.groovy:605)
	at com.kms.katalon.core.mobile.keyword.MobileBuiltInKeywords$verifyElementExist$1.call(Unknown Source)
	at global.verify_element.exist(verify_element.groovy:38)
	at sun.reflect.GeneratedMethodAccessor8.invoke(Unknown Source)
	at sun.reflect.DelegatingMethodAccessorImpl.invoke(DelegatingMethodAccessorImpl.java:43)
	at java.lang.reflect.Method.invoke(Method.java:498)
	at org.codehaus.groovy.reflection.CachedMethod.invoke(CachedMethod.java:93)
	at groovy.lang.MetaMethod.doMethodInvoke(MetaMethod.java:325)
	at groovy.lang.MetaClassImpl.invokeMethod(MetaClassImpl.java:1215)
	at groovy.lang.MetaClassImpl.invokeMethod(MetaClassImpl.java:1024)
	at groovy.lang.MetaClassImpl.invokeMethod(MetaClassImpl.java:812)
	at groovy.lang.DelegatingMetaClass.invokeMethod(DelegatingMetaClass.java:144)
	at global.verify_element.invokeMethod(verify_element.groovy)
	at com.kms.katalon.core.main.CustomKeywordDelegatingMetaClass.invokeStaticMethod(CustomKeywordDelegatingMetaClass.java:46)
	at org.codehaus.groovy.runtime.callsite.StaticMetaClassSite.call(StaticMetaClassSite.java:53)
	at org.codehaus.groovy.runtime.callsite.CallSiteArray.defaultCall(CallSiteArray.java:48)
	at org.codehaus.groovy.runtime.callsite.AbstractCallSite.call(AbstractCallSite.java:113)
	at org.codehaus.groovy.runtime.callsite.AbstractCallSite.call(AbstractCallSite.java:125)
	at Script1542017927344.run(Script1542017927344.groovy:11)
	at com.kms.katalon.core.main.ScriptEngine.run(ScriptEngine.java:183)
	at com.kms.katalon.core.main.ScriptEngine.runScriptAsRawText(ScriptEngine.java:108)
	at com.kms.katalon.core.main.TestCaseExecutor.runScript(TestCaseExecutor.java:294)
	at com.kms.katalon.core.main.TestCaseExecutor.doExecute(TestCaseExecutor.java:285)
	at com.kms.katalon.core.main.TestCaseExecutor.processExecutionPhase(TestCaseExecutor.java:264)
	at com.kms.katalon.core.main.TestCaseExecutor.accessMainPhase(TestCaseExecutor.java:256)
	at com.kms.katalon.core.main.TestCaseExecutor.execute(TestCaseExecutor.java:200)
	at com.kms.katalon.core.main.TestSuiteExecutor.accessTestCaseMainPhase(TestSuiteExecutor.java:129)
	at com.kms.katalon.core.main.TestSuiteExecutor.accessTestSuiteMainPhase(TestSuiteExecutor.java:112)
	at com.kms.katalon.core.main.TestSuiteExecutor.execute(TestSuiteExecutor.java:81)
	at com.kms.katalon.core.main.TestCaseMain.startTestSuite(TestCaseMain.java:142)
	at com.kms.katalon.core.main.TestCaseMain$startTestSuite$0.call(Unknown Source)
	at org.codehaus.groovy.runtime.callsite.CallSiteArray.defaultCall(CallSiteArray.java:48)
	at org.codehaus.groovy.runtime.callsite.AbstractCallSite.call(AbstractCallSite.java:113)
	at org.codehaus.groovy.runtime.callsite.AbstractCallSite.call(AbstractCallSite.java:141)
	at TempTestSuite1542367705665.run(TempTestSuite1542367705665.groovy:36)
	at groovy.lang.GroovyShell.runScriptOrMainOrTestOrRunnable(GroovyShell.java:263)
	at groovy.lang.GroovyShell.run(GroovyShell.java:518)
	at groovy.lang.GroovyShell.run(GroovyShell.java:507)
	at groovy.ui.GroovyMain.processOnce(GroovyMain.java:653)
	at groovy.ui.GroovyMain.run(GroovyMain.java:384)
	at groovy.ui.GroovyMain.process(GroovyMain.java:370)
	at groovy.ui.GroovyMain.processArgs(GroovyMain.java:129)
	at groovy.ui.GroovyMain.main(GroovyMain.java:109)
	at sun.reflect.NativeMethodAccessorImpl.invoke0(Native Method)
	at sun.reflect.NativeMethodAccessorImpl.invoke(NativeMethodAccessorImpl.java:62)
	at sun.reflect.DelegatingMethodAccessorImpl.invoke(DelegatingMethodAccessorImpl.java:43)
	at java.lang.reflect.Method.invoke(Method.java:498)
	at org.codehaus.groovy.tools.GroovyStarter.rootLoader(GroovyStarter.java:109)
	at org.codehaus.groovy.tools.GroovyStarter.main(GroovyStarter.java:131)
)]]></system-err>
      </testcase>
      <system-out><![CDATA[2018-11-16 19:28:27 - [TEST_SUITE][FAILED] - PERA Hub Test Suite: Test Cases/iOS/Registration/REG_02 FAILED because (of) (Stack trace: com.kms.katalon.core.exception.StepFailedException: Element 'Object Repository/iOS/Registration screen/Generic text' not found
	at com.kms.katalon.core.keyword.internal.KeywordMain.stepFailed(KeywordMain.groovy:32)
	at com.kms.katalon.core.mobile.keyword.internal.MobileKeywordMain.stepFailed(MobileKeywordMain.groovy:40)
	at com.kms.katalon.core.mobile.keyword.builtin.VerifyElementExistKeyword$_verifyElementExist_closure1.doCall(VerifyElementExistKeyword.groovy:77)
	at com.kms.katalon.core.mobile.keyword.builtin.VerifyElementExistKeyword$_verifyElementExist_closure1.call(VerifyElementExistKeyword.groovy)
	at com.kms.katalon.core.mobile.keyword.internal.MobileKeywordMain.runKeyword(MobileKeywordMain.groovy:21)
	at com.kms.katalon.core.mobile.keyword.builtin.VerifyElementExistKeyword.verifyElementExist(VerifyElementExistKeyword.groovy:80)
	at com.kms.katalon.core.mobile.keyword.builtin.VerifyElementExistKeyword.execute(VerifyElementExistKeyword.groovy:64)
	at com.kms.katalon.core.keyword.internal.KeywordExecutor.executeKeywordForPlatform(KeywordExecutor.groovy:53)
	at com.kms.katalon.core.mobile.keyword.MobileBuiltInKeywords.verifyElementExist(MobileBuiltInKeywords.groovy:605)
	at com.kms.katalon.core.mobile.keyword.MobileBuiltInKeywords$verifyElementExist$1.call(Unknown Source)
	at global.verify_element.exist(verify_element.groovy:38)
	at sun.reflect.NativeMethodAccessorImpl.invoke0(Native Method)
	at sun.reflect.NativeMethodAccessorImpl.invoke(NativeMethodAccessorImpl.java:62)
	at sun.reflect.DelegatingMethodAccessorImpl.invoke(DelegatingMethodAccessorImpl.java:43)
	at java.lang.reflect.Method.invoke(Method.java:498)
	at org.codehaus.groovy.reflection.CachedMethod.invoke(CachedMethod.java:93)
	at groovy.lang.MetaMethod.doMethodInvoke(MetaMethod.java:325)
	at groovy.lang.MetaClassImpl.invokeMethod(MetaClassImpl.java:1215)
	at groovy.lang.MetaClassImpl.invokeMethod(MetaClassImpl.java:1024)
	at groovy.lang.MetaClassImpl.invokeMethod(MetaClassImpl.java:812)
	at groovy.lang.DelegatingMetaClass.invokeMethod(DelegatingMetaClass.java:144)
	at global.verify_element.invokeMethod(verify_element.groovy)
	at com.kms.katalon.core.main.CustomKeywordDelegatingMetaClass.invokeStaticMethod(CustomKeywordDelegatingMetaClass.java:46)
	at org.codehaus.groovy.runtime.callsite.StaticMetaClassSite.call(StaticMetaClassSite.java:53)
	at org.codehaus.groovy.runtime.callsite.CallSiteArray.defaultCall(CallSiteArray.java:48)
	at org.codehaus.groovy.runtime.callsite.AbstractCallSite.call(AbstractCallSite.java:113)
	at org.codehaus.groovy.runtime.callsite.AbstractCallSite.call(AbstractCallSite.java:125)
	at Script1542257476342.run(Script1542257476342.groovy:15)
	at com.kms.katalon.core.main.ScriptEngine.run(ScriptEngine.java:183)
	at com.kms.katalon.core.main.ScriptEngine.runScriptAsRawText(ScriptEngine.java:108)
	at com.kms.katalon.core.main.TestCaseExecutor.runScript(TestCaseExecutor.java:294)
	at com.kms.katalon.core.main.TestCaseExecutor.doExecute(TestCaseExecutor.java:285)
	at com.kms.katalon.core.main.TestCaseExecutor.processExecutionPhase(TestCaseExecutor.java:264)
	at com.kms.katalon.core.main.TestCaseExecutor.accessMainPhase(TestCaseExecutor.java:256)
	at com.kms.katalon.core.main.TestCaseExecutor.execute(TestCaseExecutor.java:200)
	at com.kms.katalon.core.main.TestSuiteExecutor.accessTestCaseMainPhase(TestSuiteExecutor.java:129)
	at com.kms.katalon.core.main.TestSuiteExecutor.accessTestSuiteMainPhase(TestSuiteExecutor.java:112)
	at com.kms.katalon.core.main.TestSuiteExecutor.execute(TestSuiteExecutor.java:81)
	at com.kms.katalon.core.main.TestCaseMain.startTestSuite(TestCaseMain.java:142)
	at com.kms.katalon.core.main.TestCaseMain$startTestSuite$0.call(Unknown Source)
	at org.codehaus.groovy.runtime.callsite.CallSiteArray.defaultCall(CallSiteArray.java:48)
	at org.codehaus.groovy.runtime.callsite.AbstractCallSite.call(AbstractCallSite.java:113)
	at org.codehaus.groovy.runtime.callsite.AbstractCallSite.call(AbstractCallSite.java:141)
	at TempTestSuite1542367705665.run(TempTestSuite1542367705665.groovy:36)
	at groovy.lang.GroovyShell.runScriptOrMainOrTestOrRunnable(GroovyShell.java:263)
	at groovy.lang.GroovyShell.run(GroovyShell.java:518)
	at groovy.lang.GroovyShell.run(GroovyShell.java:507)
	at groovy.ui.GroovyMain.processOnce(GroovyMain.java:653)
	at groovy.ui.GroovyMain.run(GroovyMain.java:384)
	at groovy.ui.GroovyMain.process(GroovyMain.java:370)
	at groovy.ui.GroovyMain.processArgs(GroovyMain.java:129)
	at groovy.ui.GroovyMain.main(GroovyMain.java:109)
	at sun.reflect.NativeMethodAccessorImpl.invoke0(Native Method)
	at sun.reflect.NativeMethodAccessorImpl.invoke(NativeMethodAccessorImpl.java:62)
	at sun.reflect.DelegatingMethodAccessorImpl.invoke(DelegatingMethodAccessorImpl.java:43)
	at java.lang.reflect.Method.invoke(Method.java:498)
	at org.codehaus.groovy.tools.GroovyStarter.rootLoader(GroovyStarter.java:109)
	at org.codehaus.groovy.tools.GroovyStarter.main(GroovyStarter.java:131)
)]]></system-out>
      <system-err><![CDATA[2018-11-16 19:28:27 - [TEST_SUITE][FAILED] - PERA Hub Test Suite: Test Cases/iOS/Registration/REG_02 FAILED because (of) (Stack trace: com.kms.katalon.core.exception.StepFailedException: Element 'Object Repository/iOS/Registration screen/Generic text' not found
	at com.kms.katalon.core.keyword.internal.KeywordMain.stepFailed(KeywordMain.groovy:32)
	at com.kms.katalon.core.mobile.keyword.internal.MobileKeywordMain.stepFailed(MobileKeywordMain.groovy:40)
	at com.kms.katalon.core.mobile.keyword.builtin.VerifyElementExistKeyword$_verifyElementExist_closure1.doCall(VerifyElementExistKeyword.groovy:77)
	at com.kms.katalon.core.mobile.keyword.builtin.VerifyElementExistKeyword$_verifyElementExist_closure1.call(VerifyElementExistKeyword.groovy)
	at com.kms.katalon.core.mobile.keyword.internal.MobileKeywordMain.runKeyword(MobileKeywordMain.groovy:21)
	at com.kms.katalon.core.mobile.keyword.builtin.VerifyElementExistKeyword.verifyElementExist(VerifyElementExistKeyword.groovy:80)
	at com.kms.katalon.core.mobile.keyword.builtin.VerifyElementExistKeyword.execute(VerifyElementExistKeyword.groovy:64)
	at com.kms.katalon.core.keyword.internal.KeywordExecutor.executeKeywordForPlatform(KeywordExecutor.groovy:53)
	at com.kms.katalon.core.mobile.keyword.MobileBuiltInKeywords.verifyElementExist(MobileBuiltInKeywords.groovy:605)
	at com.kms.katalon.core.mobile.keyword.MobileBuiltInKeywords$verifyElementExist$1.call(Unknown Source)
	at global.verify_element.exist(verify_element.groovy:38)
	at sun.reflect.NativeMethodAccessorImpl.invoke0(Native Method)
	at sun.reflect.NativeMethodAccessorImpl.invoke(NativeMethodAccessorImpl.java:62)
	at sun.reflect.DelegatingMethodAccessorImpl.invoke(DelegatingMethodAccessorImpl.java:43)
	at java.lang.reflect.Method.invoke(Method.java:498)
	at org.codehaus.groovy.reflection.CachedMethod.invoke(CachedMethod.java:93)
	at groovy.lang.MetaMethod.doMethodInvoke(MetaMethod.java:325)
	at groovy.lang.MetaClassImpl.invokeMethod(MetaClassImpl.java:1215)
	at groovy.lang.MetaClassImpl.invokeMethod(MetaClassImpl.java:1024)
	at groovy.lang.MetaClassImpl.invokeMethod(MetaClassImpl.java:812)
	at groovy.lang.DelegatingMetaClass.invokeMethod(DelegatingMetaClass.java:144)
	at global.verify_element.invokeMethod(verify_element.groovy)
	at com.kms.katalon.core.main.CustomKeywordDelegatingMetaClass.invokeStaticMethod(CustomKeywordDelegatingMetaClass.java:46)
	at org.codehaus.groovy.runtime.callsite.StaticMetaClassSite.call(StaticMetaClassSite.java:53)
	at org.codehaus.groovy.runtime.callsite.CallSiteArray.defaultCall(CallSiteArray.java:48)
	at org.codehaus.groovy.runtime.callsite.AbstractCallSite.call(AbstractCallSite.java:113)
	at org.codehaus.groovy.runtime.callsite.AbstractCallSite.call(AbstractCallSite.java:125)
	at Script1542257476342.run(Script1542257476342.groovy:15)
	at com.kms.katalon.core.main.ScriptEngine.run(ScriptEngine.java:183)
	at com.kms.katalon.core.main.ScriptEngine.runScriptAsRawText(ScriptEngine.java:108)
	at com.kms.katalon.core.main.TestCaseExecutor.runScript(TestCaseExecutor.java:294)
	at com.kms.katalon.core.main.TestCaseExecutor.doExecute(TestCaseExecutor.java:285)
	at com.kms.katalon.core.main.TestCaseExecutor.processExecutionPhase(TestCaseExecutor.java:264)
	at com.kms.katalon.core.main.TestCaseExecutor.accessMainPhase(TestCaseExecutor.java:256)
	at com.kms.katalon.core.main.TestCaseExecutor.execute(TestCaseExecutor.java:200)
	at com.kms.katalon.core.main.TestSuiteExecutor.accessTestCaseMainPhase(TestSuiteExecutor.java:129)
	at com.kms.katalon.core.main.TestSuiteExecutor.accessTestSuiteMainPhase(TestSuiteExecutor.java:112)
	at com.kms.katalon.core.main.TestSuiteExecutor.execute(TestSuiteExecutor.java:81)
	at com.kms.katalon.core.main.TestCaseMain.startTestSuite(TestCaseMain.java:142)
	at com.kms.katalon.core.main.TestCaseMain$startTestSuite$0.call(Unknown Source)
	at org.codehaus.groovy.runtime.callsite.CallSiteArray.defaultCall(CallSiteArray.java:48)
	at org.codehaus.groovy.runtime.callsite.AbstractCallSite.call(AbstractCallSite.java:113)
	at org.codehaus.groovy.runtime.callsite.AbstractCallSite.call(AbstractCallSite.java:141)
	at TempTestSuite1542367705665.run(TempTestSuite1542367705665.groovy:36)
	at groovy.lang.GroovyShell.runScriptOrMainOrTestOrRunnable(GroovyShell.java:263)
	at groovy.lang.GroovyShell.run(GroovyShell.java:518)
	at groovy.lang.GroovyShell.run(GroovyShell.java:507)
	at groovy.ui.GroovyMain.processOnce(GroovyMain.java:653)
	at groovy.ui.GroovyMain.run(GroovyMain.java:384)
	at groovy.ui.GroovyMain.process(GroovyMain.java:370)
	at groovy.ui.GroovyMain.processArgs(GroovyMain.java:129)
	at groovy.ui.GroovyMain.main(GroovyMain.java:109)
	at sun.reflect.NativeMethodAccessorImpl.invoke0(Native Method)
	at sun.reflect.NativeMethodAccessorImpl.invoke(NativeMethodAccessorImpl.java:62)
	at sun.reflect.DelegatingMethodAccessorImpl.invoke(DelegatingMethodAccessorImpl.java:43)
	at java.lang.reflect.Method.invoke(Method.java:498)
	at org.codehaus.groovy.tools.GroovyStarter.rootLoader(GroovyStarter.java:109)
	at org.codehaus.groovy.tools.GroovyStarter.main(GroovyStarter.java:131)
)]]></system-err>
   </testsuite>
</testsuites>
